---------------------------------------------------------------
[ 2018-04-07T00:49:22+08:00 ] 172.26.33.75 123.125.71.58 GET /
[ info ] www.mo1120.com/ [运行时间：0.043035s][吞吐率：23.24req/s] [内存消耗：3,022.81kb] [文件加载：75]
[ info ] [ LANG ] /www/wwwroot/ent.mo1120.com/thinkphp/lang/zh-cn.php
[ info ] [ ROUTE ] array (
  'type' => 'module',
  'module' => 
  array (
    0 => '',
    1 => NULL,
    2 => NULL,
  ),
)
[ info ] [ HEADER ] array (
  'accept' => '*/*',
  'accept-encoding' => 'gzip',
  'if-none-match' => '"@NULL@"',
  'accept-language' => 'zh-cn,zh-tw',
  'user-agent' => 'Mozilla/5.0 (compatible; Baiduspider/2.0; +http://www.baidu.com/search/spider.html)',
  'connection' => 'close',
  'host' => 'www.mo1120.com',
  'content-type' => '',
  'content-length' => '',
)
[ info ] [ PARAM ] array (
)
[ info ] [ DB ] INIT mysql
[ info ] [ RUN ] app\index\controller\Index->index[ /www/wwwroot/ent.mo1120.com/application/index/controller/Index.php ]
[ info ] [ VIEW ] /www/wwwroot/ent.mo1120.com/public/../application/index/view/index/index.html [ array (
  0 => 'config',
  1 => 'a',
  2 => 'solu_cate ',
  3 => 'cust_img',
  4 => 'news',
  5 => 'img',
  6 => 'customer',
  7 => 'menu',
) ]
[ info ] [ LOG ] INIT File
[ sql ] [ DB ] CONNECT:[ UseTime:0.000330s ] mysql:dbname=tp5;host=127.0.0.1;port=3306;charset=utf8
[ sql ] [ SQL ] SHOW COLUMNS FROM `think_config` [ RunTime:0.000726s ]
[ sql ] [ SQL ] SELECT * FROM `think_config` [ RunTime:0.000146s ]
[ sql ] [ SQL ] SHOW COLUMNS FROM `think_counts` [ RunTime:0.000480s ]
[ sql ] [ SQL ] SELECT * FROM `think_counts` WHERE  `ip` = '123.125.71.58'  AND `add_time` BETWEEN 1523030400 AND 1523116800 LIMIT 1 [ RunTime:0.000323s ]
[ sql ] [ SQL ] INSERT INTO `think_counts` (`ip` , `add_time`) VALUES ('123.125.71.58' , 1523033362) [ RunTime:0.000209s ]
[ sql ] [ SQL ] SHOW COLUMNS FROM `think_customer` [ RunTime:0.000497s ]
[ sql ] [ SQL ] SELECT * FROM `think_customer` WHERE  `is_on` = 1 [ RunTime:0.000148s ]
[ sql ] [ SQL ] SHOW COLUMNS FROM `think_index_img` [ RunTime:0.000531s ]
[ sql ] [ SQL ] SELECT * FROM `think_index_img` WHERE  `is_on` = 1 [ RunTime:0.000126s ]
[ sql ] [ SQL ] SHOW COLUMNS FROM `think_news` [ RunTime:0.000593s ]
[ sql ] [ SQL ] SELECT * FROM `think_news` WHERE  `status` = 1 ORDER BY id desc LIMIT 2 [ RunTime:0.000146s ]
[ sql ] [ SQL ] SHOW COLUMNS FROM `think_cust_img` [ RunTime:0.000468s ]
[ sql ] [ SQL ] SELECT * FROM `think_cust_img` WHERE  `is_on` = 1 ORDER BY id desc [ RunTime:0.000158s ]
[ sql ] [ SQL ] SHOW COLUMNS FROM `think_solutions_cate` [ RunTime:0.000479s ]
[ sql ] [ SQL ] SELECT * FROM `think_solutions_cate` WHERE  `is_on` = 1 ORDER BY id desc [ RunTime:0.000164s ]
---------------------------------------------------------------
[ 2018-04-07T03:00:36+08:00 ] 172.26.33.75 120.229.89.231 GET /
[ info ] www.mo1120.com/ [运行时间：0.047220s][吞吐率：21.18req/s] [内存消耗：3,025.87kb] [文件加载：75]
[ info ] [ LANG ] /www/wwwroot/ent.mo1120.com/thinkphp/lang/zh-cn.php
[ info ] [ ROUTE ] array (
  'type' => 'module',
  'module' => 
  array (
    0 => '',
    1 => NULL,
    2 => NULL,
  ),
)
[ info ] [ HEADER ] array (
  'user-agent' => 'Mozilla/5.0 (Windows NT 5.1) AppleWebKit/537.36 (KHTML, like Gecko) Chrome/45.0.2454.101 Safari/537.36',
  'referer' => 'http://www.baidu.com/s?wd=%D3%F1%C1%D6%CA%D0+%BF%C6%BC%BC+%B9%AB%CB%BE&rn=10&pn=60&usm=1&rsv_page=1',
  'accept-language' => 'zh-cn,zh;q=0.8',
  'accept-encoding' => 'gzip, deflate, sdch, identity',
  'accept' => 'text/html,application/xhtml+xml,application/xml;q=0.9,*/*;q=0.8',
  'host' => 'www.mo1120.com',
  'cache-control' => 'max-age=0',
  'content-type' => 'application/x-www-form-urlencoded',
  'connection' => 'Keep-Alive',
  'content-length' => '',
)
[ info ] [ PARAM ] array (
)
[ info ] [ DB ] INIT mysql
[ info ] [ RUN ] app\index\controller\Index->index[ /www/wwwroot/ent.mo1120.com/application/index/controller/Index.php ]
[ info ] [ VIEW ] /www/wwwroot/ent.mo1120.com/public/../application/index/view/index/index.html [ array (
  0 => 'config',
  1 => 'a',
  2 => 'solu_cate ',
  3 => 'cust_img',
  4 => 'news',
  5 => 'img',
  6 => 'customer',
  7 => 'menu',
) ]
[ info ] [ LOG ] INIT File
[ sql ] [ DB ] CONNECT:[ UseTime:0.000371s ] mysql:dbname=tp5;host=127.0.0.1;port=3306;charset=utf8
[ sql ] [ SQL ] SHOW COLUMNS FROM `think_config` [ RunTime:0.000750s ]
[ sql ] [ SQL ] SELECT * FROM `think_config` [ RunTime:0.000193s ]
[ sql ] [ SQL ] SHOW COLUMNS FROM `think_counts` [ RunTime:0.000484s ]
[ sql ] [ SQL ] SELECT * FROM `think_counts` WHERE  `ip` = '120.229.89.231'  AND `add_time` BETWEEN 1523030400 AND 1523116800 LIMIT 1 [ RunTime:0.000337s ]
[ sql ] [ SQL ] INSERT INTO `think_counts` (`ip` , `add_time`) VALUES ('120.229.89.231' , 1523041236) [ RunTime:0.000214s ]
[ sql ] [ SQL ] SHOW COLUMNS FROM `think_customer` [ RunTime:0.000569s ]
[ sql ] [ SQL ] SELECT * FROM `think_customer` WHERE  `is_on` = 1 [ RunTime:0.000173s ]
[ sql ] [ SQL ] SHOW COLUMNS FROM `think_index_img` [ RunTime:0.000525s ]
[ sql ] [ SQL ] SELECT * FROM `think_index_img` WHERE  `is_on` = 1 [ RunTime:0.000132s ]
[ sql ] [ SQL ] SHOW COLUMNS FROM `think_news` [ RunTime:0.000582s ]
[ sql ] [ SQL ] SELECT * FROM `think_news` WHERE  `status` = 1 ORDER BY id desc LIMIT 2 [ RunTime:0.000152s ]
[ sql ] [ SQL ] SHOW COLUMNS FROM `think_cust_img` [ RunTime:0.000586s ]
[ sql ] [ SQL ] SELECT * FROM `think_cust_img` WHERE  `is_on` = 1 ORDER BY id desc [ RunTime:0.000180s ]
[ sql ] [ SQL ] SHOW COLUMNS FROM `think_solutions_cate` [ RunTime:0.000526s ]
[ sql ] [ SQL ] SELECT * FROM `think_solutions_cate` WHERE  `is_on` = 1 ORDER BY id desc [ RunTime:0.000185s ]
---------------------------------------------------------------
[ 2018-04-07T03:09:01+08:00 ] 172.26.33.75 120.229.89.231 GET /
[ info ] www.mo1120.com/ [运行时间：0.042314s][吞吐率：23.63req/s] [内存消耗：3,025.96kb] [文件加载：75]
[ info ] [ LANG ] /www/wwwroot/ent.mo1120.com/thinkphp/lang/zh-cn.php
[ info ] [ ROUTE ] array (
  'type' => 'module',
  'module' => 
  array (
    0 => '',
    1 => NULL,
    2 => NULL,
  ),
)
[ info ] [ HEADER ] array (
  'user-agent' => 'Mozilla/5.0 (Windows NT 5.1) AppleWebKit/537.36 (KHTML, like Gecko) Chrome/45.0.2454.101 Safari/537.36',
  'referer' => 'http://www.sogou.com/sogou?pid=sogou-netb-bd85282513da4089-8125&ie=utf-8&query=%E7%8E%89%E6%9E%97%E5%B8%82+%E7%A7%91%E6%8A%80+%E5%85%AC%E5%8F%B8+%E9%82%AE%E7%AE%B1%E5%9C%B0%E5%9D%80+21cn.com&page=34&num=10',
  'accept-language' => 'zh-cn,zh;q=0.8',
  'accept-encoding' => 'gzip, deflate, sdch, identity',
  'accept' => 'text/html,application/xhtml+xml,application/xml;q=0.9,*/*;q=0.8',
  'host' => 'www.mo1120.com',
  'cache-control' => 'max-age=0',
  'content-type' => 'application/x-www-form-urlencoded',
  'connection' => 'Keep-Alive',
  'content-length' => '',
)
[ info ] [ PARAM ] array (
)
[ info ] [ DB ] INIT mysql
[ info ] [ RUN ] app\index\controller\Index->index[ /www/wwwroot/ent.mo1120.com/application/index/controller/Index.php ]
[ info ] [ VIEW ] /www/wwwroot/ent.mo1120.com/public/../application/index/view/index/index.html [ array (
  0 => 'config',
  1 => 'a',
  2 => 'solu_cate ',
  3 => 'cust_img',
  4 => 'news',
  5 => 'img',
  6 => 'customer',
  7 => 'menu',
) ]
[ info ] [ LOG ] INIT File
[ sql ] [ DB ] CONNECT:[ UseTime:0.000330s ] mysql:dbname=tp5;host=127.0.0.1;port=3306;charset=utf8
[ sql ] [ SQL ] SHOW COLUMNS FROM `think_config` [ RunTime:0.000691s ]
[ sql ] [ SQL ] SELECT * FROM `think_config` [ RunTime:0.000138s ]
[ sql ] [ SQL ] SHOW COLUMNS FROM `think_counts` [ RunTime:0.000462s ]
[ sql ] [ SQL ] SELECT * FROM `think_counts` WHERE  `ip` = '120.229.89.231'  AND `add_time` BETWEEN 1523030400 AND 1523116800 LIMIT 1 [ RunTime:0.000358s ]
[ sql ] [ SQL ] SHOW COLUMNS FROM `think_customer` [ RunTime:0.000465s ]
[ sql ] [ SQL ] SELECT * FROM `think_customer` WHERE  `is_on` = 1 [ RunTime:0.000146s ]
[ sql ] [ SQL ] SHOW COLUMNS FROM `think_index_img` [ RunTime:0.000455s ]
[ sql ] [ SQL ] SELECT * FROM `think_index_img` WHERE  `is_on` = 1 [ RunTime:0.000144s ]
[ sql ] [ SQL ] SHOW COLUMNS FROM `think_news` [ RunTime:0.000563s ]
[ sql ] [ SQL ] SELECT * FROM `think_news` WHERE  `status` = 1 ORDER BY id desc LIMIT 2 [ RunTime:0.000165s ]
[ sql ] [ SQL ] SHOW COLUMNS FROM `think_cust_img` [ RunTime:0.000480s ]
[ sql ] [ SQL ] SELECT * FROM `think_cust_img` WHERE  `is_on` = 1 ORDER BY id desc [ RunTime:0.000130s ]
[ sql ] [ SQL ] SHOW COLUMNS FROM `think_solutions_cate` [ RunTime:0.000481s ]
[ sql ] [ SQL ] SELECT * FROM `think_solutions_cate` WHERE  `is_on` = 1 ORDER BY id desc [ RunTime:0.000153s ]
---------------------------------------------------------------
[ 2018-04-07T03:19:51+08:00 ] 172.26.33.75 120.229.89.231 GET /index/about/index.html
[ info ] www.mo1120.com/index/about/index.html [运行时间：0.077561s][吞吐率：12.89req/s] [内存消耗：2,981.86kb] [文件加载：75]
[ info ] [ LANG ] /www/wwwroot/ent.mo1120.com/thinkphp/lang/zh-cn.php
[ info ] [ ROUTE ] array (
  'type' => 'module',
  'module' => 
  array (
    0 => 'index',
    1 => 'about',
    2 => 'index',
  ),
)
[ info ] [ HEADER ] array (
  'user-agent' => 'Mozilla/5.0 (Windows NT 5.1) AppleWebKit/537.36 (KHTML, like Gecko) Chrome/45.0.2454.101 Safari/537.36',
  'referer' => 'http://www.sogou.com/sogou?pid=sogou-netb-bd85282513da4089-8125&ie=utf-8&query=%E7%8E%89%E6%9E%97%E5%B8%82+%E7%A7%91%E6%8A%80+%E5%85%AC%E5%8F%B8+%E9%82%AE%E7%AE%B1%E5%9C%B0%E5%9D%80+qq.com&page=10&num=10',
  'accept-language' => 'zh-cn,zh;q=0.8',
  'accept-encoding' => 'gzip, deflate, sdch, identity',
  'accept' => 'text/html,application/xhtml+xml,application/xml;q=0.9,*/*;q=0.8',
  'host' => 'www.mo1120.com',
  'cache-control' => 'max-age=0',
  'content-type' => 'application/x-www-form-urlencoded',
  'connection' => 'Keep-Alive',
  'content-length' => '',
)
[ info ] [ PARAM ] array (
)
[ info ] [ DB ] INIT mysql
[ info ] [ RUN ] app\index\controller\About->index[ /www/wwwroot/ent.mo1120.com/application/index/controller/About.php ]
[ info ] [ VIEW ] /www/wwwroot/ent.mo1120.com/public/../application/index/view/about/index.html [ array (
  0 => 'config',
  1 => 'img',
  2 => 'data',
  3 => 'menu',
) ]
[ info ] [ LOG ] INIT File
[ sql ] [ DB ] CONNECT:[ UseTime:0.000377s ] mysql:dbname=tp5;host=127.0.0.1;port=3306;charset=utf8
[ sql ] [ SQL ] SHOW COLUMNS FROM `think_config` [ RunTime:0.000680s ]
[ sql ] [ SQL ] SELECT * FROM `think_config` [ RunTime:0.000140s ]
[ sql ] [ SQL ] SHOW COLUMNS FROM `think_counts` [ RunTime:0.000483s ]
[ sql ] [ SQL ] SELECT * FROM `think_counts` WHERE  `ip` = '120.229.89.231'  AND `add_time` BETWEEN 1523030400 AND 1523116800 LIMIT 1 [ RunTime:0.000218s ]
[ sql ] [ SQL ] SHOW COLUMNS FROM `think_office` [ RunTime:0.015126s ]
[ sql ] [ SQL ] SELECT * FROM `think_office` WHERE  `status` = 1 [ RunTime:0.000221s ]
[ sql ] [ SQL ] SELECT * FROM `think_office` WHERE  `status` = 0 LIMIT 1 [ RunTime:0.000143s ]
---------------------------------------------------------------
[ 2018-04-07T05:38:51+08:00 ] 172.26.33.75 106.14.167.211 GET /index/solutions/info/id/10.html
[ info ] www.mo1120.com/index/solutions/info/id/10.html [运行时间：0.039568s][吞吐率：25.27req/s] [内存消耗：2,988.72kb] [文件加载：75]
[ info ] [ LANG ] /www/wwwroot/ent.mo1120.com/thinkphp/lang/zh-cn.php
[ info ] [ ROUTE ] array (
  'type' => 'module',
  'module' => 
  array (
    0 => 'index',
    1 => 'solutions',
    2 => 'info',
  ),
)
[ info ] [ HEADER ] array (
  'connection' => 'keep-alive',
  'accept' => 'text/html, image/gif, image/jpeg, *; q=.2, */*; q=.2',
  'host' => 'www.mo1120.com',
  'user-agent' => 'Mozilla/5.0 (X11; Ubuntu; Linux x86_64; rv:36.0) Gecko/20100101 Firefox/36.0',
  'content-type' => '',
  'content-length' => '',
)
[ info ] [ PARAM ] array (
  'id' => '10',
)
[ info ] [ DB ] INIT mysql
[ info ] [ RUN ] app\index\controller\Solutions->info[ /www/wwwroot/ent.mo1120.com/application/index/controller/Solutions.php ]
[ info ] [ VIEW ] /www/wwwroot/ent.mo1120.com/public/../application/index/view/solutions/info.html [ array (
  0 => 'config',
  1 => 'data',
  2 => 'menu',
) ]
[ info ] [ LOG ] INIT File
[ sql ] [ DB ] CONNECT:[ UseTime:0.000326s ] mysql:dbname=tp5;host=127.0.0.1;port=3306;charset=utf8
[ sql ] [ SQL ] SHOW COLUMNS FROM `think_config` [ RunTime:0.000690s ]
[ sql ] [ SQL ] SELECT * FROM `think_config` [ RunTime:0.000189s ]
[ sql ] [ SQL ] SHOW COLUMNS FROM `think_counts` [ RunTime:0.000481s ]
[ sql ] [ SQL ] SELECT * FROM `think_counts` WHERE  `ip` = '106.14.167.211'  AND `add_time` BETWEEN 1523030400 AND 1523116800 LIMIT 1 [ RunTime:0.000308s ]
[ sql ] [ SQL ] INSERT INTO `think_counts` (`ip` , `add_time`) VALUES ('106.14.167.211' , 1523050731) [ RunTime:0.000238s ]
[ sql ] [ SQL ] SHOW COLUMNS FROM `think_solutions` [ RunTime:0.000535s ]
[ sql ] [ SQL ] SELECT * FROM `think_solutions` WHERE  `is_on` = 1  AND `id` = 10 LIMIT 1 [ RunTime:0.000184s ]
---------------------------------------------------------------
[ 2018-04-07T08:00:20+08:00 ] 172.26.33.75 123.125.67.152 GET /
[ info ] www.mo1120.com/ [运行时间：0.042335s][吞吐率：23.62req/s] [内存消耗：3,022.01kb] [文件加载：75]
[ info ] [ LANG ] /www/wwwroot/ent.mo1120.com/thinkphp/lang/zh-cn.php
[ info ] [ ROUTE ] array (
  'type' => 'module',
  'module' => 
  array (
    0 => '',
    1 => NULL,
    2 => NULL,
  ),
)
[ info ] [ HEADER ] array (
  'accept' => '*/*',
  'accept-language' => 'zh-cn,zh-tw',
  'user-agent' => 'Mozilla/5.0 (iPhone; CPU iPhone OS 9_1 like Mac OS X) AppleWebKit/601.1.46 (KHTML, like Gecko) Version/9.0 Mobile/13B143 Safari/601.1',
  'host' => 'www.mo1120.com',
  'content-type' => '',
  'content-length' => '',
)
[ info ] [ PARAM ] array (
)
[ info ] [ DB ] INIT mysql
[ info ] [ RUN ] app\index\controller\Index->index[ /www/wwwroot/ent.mo1120.com/application/index/controller/Index.php ]
[ info ] [ VIEW ] /www/wwwroot/ent.mo1120.com/public/../application/index/view/index/index.html [ array (
  0 => 'config',
  1 => 'a',
  2 => 'solu_cate ',
  3 => 'cust_img',
  4 => 'news',
  5 => 'img',
  6 => 'customer',
  7 => 'menu',
) ]
[ info ] [ LOG ] INIT File
[ sql ] [ DB ] CONNECT:[ UseTime:0.000361s ] mysql:dbname=tp5;host=127.0.0.1;port=3306;charset=utf8
[ sql ] [ SQL ] SHOW COLUMNS FROM `think_config` [ RunTime:0.000704s ]
[ sql ] [ SQL ] SELECT * FROM `think_config` [ RunTime:0.000146s ]
[ sql ] [ SQL ] SHOW COLUMNS FROM `think_counts` [ RunTime:0.000581s ]
[ sql ] [ SQL ] SELECT * FROM `think_counts` WHERE  `ip` = '123.125.67.152'  AND `add_time` BETWEEN 1523030400 AND 1523116800 LIMIT 1 [ RunTime:0.000350s ]
[ sql ] [ SQL ] INSERT INTO `think_counts` (`ip` , `add_time`) VALUES ('123.125.67.152' , 1523059220) [ RunTime:0.000210s ]
[ sql ] [ SQL ] SHOW COLUMNS FROM `think_customer` [ RunTime:0.000480s ]
[ sql ] [ SQL ] SELECT * FROM `think_customer` WHERE  `is_on` = 1 [ RunTime:0.000153s ]
[ sql ] [ SQL ] SHOW COLUMNS FROM `think_index_img` [ RunTime:0.000450s ]
[ sql ] [ SQL ] SELECT * FROM `think_index_img` WHERE  `is_on` = 1 [ RunTime:0.000166s ]
[ sql ] [ SQL ] SHOW COLUMNS FROM `think_news` [ RunTime:0.000500s ]
[ sql ] [ SQL ] SELECT * FROM `think_news` WHERE  `status` = 1 ORDER BY id desc LIMIT 2 [ RunTime:0.000148s ]
[ sql ] [ SQL ] SHOW COLUMNS FROM `think_cust_img` [ RunTime:0.000467s ]
[ sql ] [ SQL ] SELECT * FROM `think_cust_img` WHERE  `is_on` = 1 ORDER BY id desc [ RunTime:0.000136s ]
[ sql ] [ SQL ] SHOW COLUMNS FROM `think_solutions_cate` [ RunTime:0.000511s ]
[ sql ] [ SQL ] SELECT * FROM `think_solutions_cate` WHERE  `is_on` = 1 ORDER BY id desc [ RunTime:0.000156s ]
---------------------------------------------------------------
[ 2018-04-07T08:50:34+08:00 ] 172.26.33.75 123.125.71.82 GET /
[ info ] www.mo1120.com/ [运行时间：0.042210s][吞吐率：23.69req/s] [内存消耗：3,022.81kb] [文件加载：75]
[ info ] [ LANG ] /www/wwwroot/ent.mo1120.com/thinkphp/lang/zh-cn.php
[ info ] [ ROUTE ] array (
  'type' => 'module',
  'module' => 
  array (
    0 => '',
    1 => NULL,
    2 => NULL,
  ),
)
[ info ] [ HEADER ] array (
  'accept' => '*/*',
  'accept-encoding' => 'gzip',
  'if-none-match' => '"@NULL@"',
  'accept-language' => 'zh-cn,zh-tw',
  'user-agent' => 'Mozilla/5.0 (compatible; Baiduspider/2.0; +http://www.baidu.com/search/spider.html)',
  'connection' => 'close',
  'host' => 'www.mo1120.com',
  'content-type' => '',
  'content-length' => '',
)
[ info ] [ PARAM ] array (
)
[ info ] [ DB ] INIT mysql
[ info ] [ RUN ] app\index\controller\Index->index[ /www/wwwroot/ent.mo1120.com/application/index/controller/Index.php ]
[ info ] [ VIEW ] /www/wwwroot/ent.mo1120.com/public/../application/index/view/index/index.html [ array (
  0 => 'config',
  1 => 'a',
  2 => 'solu_cate ',
  3 => 'cust_img',
  4 => 'news',
  5 => 'img',
  6 => 'customer',
  7 => 'menu',
) ]
[ info ] [ LOG ] INIT File
[ sql ] [ DB ] CONNECT:[ UseTime:0.000386s ] mysql:dbname=tp5;host=127.0.0.1;port=3306;charset=utf8
[ sql ] [ SQL ] SHOW COLUMNS FROM `think_config` [ RunTime:0.000658s ]
[ sql ] [ SQL ] SELECT * FROM `think_config` [ RunTime:0.000163s ]
[ sql ] [ SQL ] SHOW COLUMNS FROM `think_counts` [ RunTime:0.000467s ]
[ sql ] [ SQL ] SELECT * FROM `think_counts` WHERE  `ip` = '123.125.71.82'  AND `add_time` BETWEEN 1523030400 AND 1523116800 LIMIT 1 [ RunTime:0.000306s ]
[ sql ] [ SQL ] INSERT INTO `think_counts` (`ip` , `add_time`) VALUES ('123.125.71.82' , 1523062234) [ RunTime:0.000202s ]
[ sql ] [ SQL ] SHOW COLUMNS FROM `think_customer` [ RunTime:0.000491s ]
[ sql ] [ SQL ] SELECT * FROM `think_customer` WHERE  `is_on` = 1 [ RunTime:0.000145s ]
[ sql ] [ SQL ] SHOW COLUMNS FROM `think_index_img` [ RunTime:0.000507s ]
[ sql ] [ SQL ] SELECT * FROM `think_index_img` WHERE  `is_on` = 1 [ RunTime:0.000125s ]
[ sql ] [ SQL ] SHOW COLUMNS FROM `think_news` [ RunTime:0.000504s ]
[ sql ] [ SQL ] SELECT * FROM `think_news` WHERE  `status` = 1 ORDER BY id desc LIMIT 2 [ RunTime:0.000144s ]
[ sql ] [ SQL ] SHOW COLUMNS FROM `think_cust_img` [ RunTime:0.000458s ]
[ sql ] [ SQL ] SELECT * FROM `think_cust_img` WHERE  `is_on` = 1 ORDER BY id desc [ RunTime:0.000142s ]
[ sql ] [ SQL ] SHOW COLUMNS FROM `think_solutions_cate` [ RunTime:0.000439s ]
[ sql ] [ SQL ] SELECT * FROM `think_solutions_cate` WHERE  `is_on` = 1 ORDER BY id desc [ RunTime:0.000156s ]
---------------------------------------------------------------
[ 2018-04-07T09:52:42+08:00 ] 172.26.33.75 101.132.188.111 GET /index/solutions/info/id/14.html
[ info ] www.mo1120.com/index/solutions/info/id/14.html [运行时间：0.038540s][吞吐率：25.95req/s] [内存消耗：2,988.80kb] [文件加载：75]
[ info ] [ LANG ] /www/wwwroot/ent.mo1120.com/thinkphp/lang/zh-cn.php
[ info ] [ ROUTE ] array (
  'type' => 'module',
  'module' => 
  array (
    0 => 'index',
    1 => 'solutions',
    2 => 'info',
  ),
)
[ info ] [ HEADER ] array (
  'connection' => 'keep-alive',
  'accept' => 'text/html, image/gif, image/jpeg, *; q=.2, */*; q=.2',
  'host' => 'www.mo1120.com',
  'user-agent' => 'Mozilla/5.0 (X11; Ubuntu; Linux x86_64; rv:36.0) Gecko/20100101 Firefox/36.0',
  'content-type' => '',
  'content-length' => '',
)
[ info ] [ PARAM ] array (
  'id' => '14',
)
[ info ] [ DB ] INIT mysql
[ info ] [ RUN ] app\index\controller\Solutions->info[ /www/wwwroot/ent.mo1120.com/application/index/controller/Solutions.php ]
[ info ] [ VIEW ] /www/wwwroot/ent.mo1120.com/public/../application/index/view/solutions/info.html [ array (
  0 => 'config',
  1 => 'data',
  2 => 'menu',
) ]
[ info ] [ LOG ] INIT File
[ sql ] [ DB ] CONNECT:[ UseTime:0.000336s ] mysql:dbname=tp5;host=127.0.0.1;port=3306;charset=utf8
[ sql ] [ SQL ] SHOW COLUMNS FROM `think_config` [ RunTime:0.000675s ]
[ sql ] [ SQL ] SELECT * FROM `think_config` [ RunTime:0.000174s ]
[ sql ] [ SQL ] SHOW COLUMNS FROM `think_counts` [ RunTime:0.000458s ]
[ sql ] [ SQL ] SELECT * FROM `think_counts` WHERE  `ip` = '101.132.188.111'  AND `add_time` BETWEEN 1523030400 AND 1523116800 LIMIT 1 [ RunTime:0.000318s ]
[ sql ] [ SQL ] INSERT INTO `think_counts` (`ip` , `add_time`) VALUES ('101.132.188.111' , 1523065962) [ RunTime:0.000201s ]
[ sql ] [ SQL ] SHOW COLUMNS FROM `think_solutions` [ RunTime:0.000528s ]
[ sql ] [ SQL ] SELECT * FROM `think_solutions` WHERE  `is_on` = 1  AND `id` = 14 LIMIT 1 [ RunTime:0.000155s ]
---------------------------------------------------------------
[ 2018-04-07T10:38:27+08:00 ] 172.26.33.75 207.46.13.131 GET /
[ info ] www.mo1120.com/ [运行时间：0.042156s][吞吐率：23.72req/s] [内存消耗：3,024.32kb] [文件加载：75]
[ info ] [ LANG ] /www/wwwroot/ent.mo1120.com/thinkphp/lang/zh-cn.php
[ info ] [ ROUTE ] array (
  'type' => 'module',
  'module' => 
  array (
    0 => '',
    1 => NULL,
    2 => NULL,
  ),
)
[ info ] [ HEADER ] array (
  'user-agent' => 'Mozilla/5.0 (compatible; bingbot/2.0; +http://www.bing.com/bingbot.htm)',
  'host' => 'www.mo1120.com',
  'from' => 'bingbot(at)microsoft.com',
  'accept-encoding' => 'gzip, deflate',
  'accept' => '*/*',
  'pragma' => 'no-cache',
  'connection' => 'Keep-Alive',
  'cache-control' => 'no-cache',
  'content-type' => '',
  'content-length' => '',
)
[ info ] [ PARAM ] array (
)
[ info ] [ DB ] INIT mysql
[ info ] [ RUN ] app\index\controller\Index->index[ /www/wwwroot/ent.mo1120.com/application/index/controller/Index.php ]
[ info ] [ VIEW ] /www/wwwroot/ent.mo1120.com/public/../application/index/view/index/index.html [ array (
  0 => 'config',
  1 => 'a',
  2 => 'solu_cate ',
  3 => 'cust_img',
  4 => 'news',
  5 => 'img',
  6 => 'customer',
  7 => 'menu',
) ]
[ info ] [ LOG ] INIT File
[ sql ] [ DB ] CONNECT:[ UseTime:0.000323s ] mysql:dbname=tp5;host=127.0.0.1;port=3306;charset=utf8
[ sql ] [ SQL ] SHOW COLUMNS FROM `think_config` [ RunTime:0.000657s ]
[ sql ] [ SQL ] SELECT * FROM `think_config` [ RunTime:0.000140s ]
[ sql ] [ SQL ] SHOW COLUMNS FROM `think_counts` [ RunTime:0.000439s ]
[ sql ] [ SQL ] SELECT * FROM `think_counts` WHERE  `ip` = '207.46.13.131'  AND `add_time` BETWEEN 1523030400 AND 1523116800 LIMIT 1 [ RunTime:0.000349s ]
[ sql ] [ SQL ] INSERT INTO `think_counts` (`ip` , `add_time`) VALUES ('207.46.13.131' , 1523068707) [ RunTime:0.000202s ]
[ sql ] [ SQL ] SHOW COLUMNS FROM `think_customer` [ RunTime:0.000515s ]
[ sql ] [ SQL ] SELECT * FROM `think_customer` WHERE  `is_on` = 1 [ RunTime:0.000144s ]
[ sql ] [ SQL ] SHOW COLUMNS FROM `think_index_img` [ RunTime:0.000457s ]
[ sql ] [ SQL ] SELECT * FROM `think_index_img` WHERE  `is_on` = 1 [ RunTime:0.000148s ]
[ sql ] [ SQL ] SHOW COLUMNS FROM `think_news` [ RunTime:0.000461s ]
[ sql ] [ SQL ] SELECT * FROM `think_news` WHERE  `status` = 1 ORDER BY id desc LIMIT 2 [ RunTime:0.000160s ]
[ sql ] [ SQL ] SHOW COLUMNS FROM `think_cust_img` [ RunTime:0.000429s ]
[ sql ] [ SQL ] SELECT * FROM `think_cust_img` WHERE  `is_on` = 1 ORDER BY id desc [ RunTime:0.000128s ]
[ sql ] [ SQL ] SHOW COLUMNS FROM `think_solutions_cate` [ RunTime:0.000463s ]
[ sql ] [ SQL ] SELECT * FROM `think_solutions_cate` WHERE  `is_on` = 1 ORDER BY id desc [ RunTime:0.000130s ]
---------------------------------------------------------------
[ 2018-04-07T11:40:03+08:00 ] 172.26.33.75 47.92.98.236 GET /
[ info ] www.mo1120.com/ [运行时间：0.044194s][吞吐率：22.63req/s] [内存消耗：3,021.99kb] [文件加载：75]
[ info ] [ LANG ] /www/wwwroot/ent.mo1120.com/thinkphp/lang/zh-cn.php
[ info ] [ ROUTE ] array (
  'type' => 'module',
  'module' => 
  array (
    0 => '',
    1 => NULL,
    2 => NULL,
  ),
)
[ info ] [ HEADER ] array (
  'connection' => 'keep-alive',
  'accept' => 'text/html, image/gif, image/jpeg, *; q=.2, */*; q=.2',
  'host' => 'www.mo1120.com',
  'user-agent' => 'Mozilla/5.0 (X11; Ubuntu; Linux x86_64; rv:36.0) Gecko/20100101 Firefox/36.0',
  'content-type' => '',
  'content-length' => '',
)
[ info ] [ PARAM ] array (
)
[ info ] [ DB ] INIT mysql
[ info ] [ RUN ] app\index\controller\Index->index[ /www/wwwroot/ent.mo1120.com/application/index/controller/Index.php ]
[ info ] [ VIEW ] /www/wwwroot/ent.mo1120.com/public/../application/index/view/index/index.html [ array (
  0 => 'config',
  1 => 'a',
  2 => 'solu_cate ',
  3 => 'cust_img',
  4 => 'news',
  5 => 'img',
  6 => 'customer',
  7 => 'menu',
) ]
[ info ] [ LOG ] INIT File
[ sql ] [ DB ] CONNECT:[ UseTime:0.000317s ] mysql:dbname=tp5;host=127.0.0.1;port=3306;charset=utf8
[ sql ] [ SQL ] SHOW COLUMNS FROM `think_config` [ RunTime:0.000678s ]
[ sql ] [ SQL ] SELECT * FROM `think_config` [ RunTime:0.000161s ]
[ sql ] [ SQL ] SHOW COLUMNS FROM `think_counts` [ RunTime:0.000469s ]
[ sql ] [ SQL ] SELECT * FROM `think_counts` WHERE  `ip` = '47.92.98.236'  AND `add_time` BETWEEN 1523030400 AND 1523116800 LIMIT 1 [ RunTime:0.000298s ]
[ sql ] [ SQL ] INSERT INTO `think_counts` (`ip` , `add_time`) VALUES ('47.92.98.236' , 1523072403) [ RunTime:0.000201s ]
[ sql ] [ SQL ] SHOW COLUMNS FROM `think_customer` [ RunTime:0.000496s ]
[ sql ] [ SQL ] SELECT * FROM `think_customer` WHERE  `is_on` = 1 [ RunTime:0.000145s ]
[ sql ] [ SQL ] SHOW COLUMNS FROM `think_index_img` [ RunTime:0.000488s ]
[ sql ] [ SQL ] SELECT * FROM `think_index_img` WHERE  `is_on` = 1 [ RunTime:0.000122s ]
[ sql ] [ SQL ] SHOW COLUMNS FROM `think_news` [ RunTime:0.000518s ]
[ sql ] [ SQL ] SELECT * FROM `think_news` WHERE  `status` = 1 ORDER BY id desc LIMIT 2 [ RunTime:0.000141s ]
[ sql ] [ SQL ] SHOW COLUMNS FROM `think_cust_img` [ RunTime:0.000483s ]
[ sql ] [ SQL ] SELECT * FROM `think_cust_img` WHERE  `is_on` = 1 ORDER BY id desc [ RunTime:0.000152s ]
[ sql ] [ SQL ] SHOW COLUMNS FROM `think_solutions_cate` [ RunTime:0.000436s ]
[ sql ] [ SQL ] SELECT * FROM `think_solutions_cate` WHERE  `is_on` = 1 ORDER BY id desc [ RunTime:0.000243s ]
---------------------------------------------------------------
[ 2018-04-07T12:24:43+08:00 ] 172.26.33.75 47.92.2.67 GET /index/solutions/info/id/solutions.html
[ info ] www.mo1120.com/index/solutions/info/id/solutions.html [运行时间：0.038499s][吞吐率：25.97req/s] [内存消耗：2,982.21kb] [文件加载：75]
[ info ] [ LANG ] /www/wwwroot/ent.mo1120.com/thinkphp/lang/zh-cn.php
[ info ] [ ROUTE ] array (
  'type' => 'module',
  'module' => 
  array (
    0 => 'index',
    1 => 'solutions',
    2 => 'info',
  ),
)
[ info ] [ HEADER ] array (
  'connection' => 'keep-alive',
  'accept' => 'text/html, image/gif, image/jpeg, *; q=.2, */*; q=.2',
  'host' => 'www.mo1120.com',
  'user-agent' => 'Mozilla/5.0 (X11; Ubuntu; Linux x86_64; rv:36.0) Gecko/20100101 Firefox/36.0',
  'content-type' => '',
  'content-length' => '',
)
[ info ] [ PARAM ] array (
  'id' => 'solutions',
)
[ info ] [ DB ] INIT mysql
[ info ] [ RUN ] app\index\controller\Solutions->info[ /www/wwwroot/ent.mo1120.com/application/index/controller/Solutions.php ]
[ info ] [ VIEW ] /www/wwwroot/ent.mo1120.com/public/../application/index/view/solutions/info.html [ array (
  0 => 'config',
  1 => 'data',
  2 => 'menu',
) ]
[ info ] [ LOG ] INIT File
[ sql ] [ DB ] CONNECT:[ UseTime:0.000320s ] mysql:dbname=tp5;host=127.0.0.1;port=3306;charset=utf8
[ sql ] [ SQL ] SHOW COLUMNS FROM `think_config` [ RunTime:0.000731s ]
[ sql ] [ SQL ] SELECT * FROM `think_config` [ RunTime:0.000156s ]
[ sql ] [ SQL ] SHOW COLUMNS FROM `think_counts` [ RunTime:0.000459s ]
[ sql ] [ SQL ] SELECT * FROM `think_counts` WHERE  `ip` = '47.92.2.67'  AND `add_time` BETWEEN 1523030400 AND 1523116800 LIMIT 1 [ RunTime:0.000332s ]
[ sql ] [ SQL ] INSERT INTO `think_counts` (`ip` , `add_time`) VALUES ('47.92.2.67' , 1523075083) [ RunTime:0.000209s ]
[ sql ] [ SQL ] SHOW COLUMNS FROM `think_solutions` [ RunTime:0.000544s ]
[ sql ] [ SQL ] SELECT * FROM `think_solutions` WHERE  `is_on` = 1  AND `id` = 0 LIMIT 1 [ RunTime:0.000154s ]
---------------------------------------------------------------
[ 2018-04-07T16:45:39+08:00 ] 172.26.33.75 123.125.71.100 GET /
[ info ] www.mo1120.com/ [运行时间：0.060697s][吞吐率：16.48req/s] [内存消耗：3,022.81kb] [文件加载：75]
[ info ] [ LANG ] /www/wwwroot/ent.mo1120.com/thinkphp/lang/zh-cn.php
[ info ] [ ROUTE ] array (
  'type' => 'module',
  'module' => 
  array (
    0 => '',
    1 => NULL,
    2 => NULL,
  ),
)
[ info ] [ HEADER ] array (
  'accept' => '*/*',
  'accept-encoding' => 'gzip',
  'if-none-match' => '"@NULL@"',
  'accept-language' => 'zh-cn,zh-tw',
  'user-agent' => 'Mozilla/5.0 (compatible; Baiduspider/2.0; +http://www.baidu.com/search/spider.html)',
  'connection' => 'close',
  'host' => 'www.mo1120.com',
  'content-type' => '',
  'content-length' => '',
)
[ info ] [ PARAM ] array (
)
[ info ] [ DB ] INIT mysql
[ info ] [ RUN ] app\index\controller\Index->index[ /www/wwwroot/ent.mo1120.com/application/index/controller/Index.php ]
[ info ] [ VIEW ] /www/wwwroot/ent.mo1120.com/public/../application/index/view/index/index.html [ array (
  0 => 'config',
  1 => 'a',
  2 => 'solu_cate ',
  3 => 'cust_img',
  4 => 'news',
  5 => 'img',
  6 => 'customer',
  7 => 'menu',
) ]
[ info ] [ LOG ] INIT File
[ sql ] [ DB ] CONNECT:[ UseTime:0.000328s ] mysql:dbname=tp5;host=127.0.0.1;port=3306;charset=utf8
[ sql ] [ SQL ] SHOW COLUMNS FROM `think_config` [ RunTime:0.000763s ]
[ sql ] [ SQL ] SELECT * FROM `think_config` [ RunTime:0.000151s ]
[ sql ] [ SQL ] SHOW COLUMNS FROM `think_counts` [ RunTime:0.000506s ]
[ sql ] [ SQL ] SELECT * FROM `think_counts` WHERE  `ip` = '123.125.71.100'  AND `add_time` BETWEEN 1523030400 AND 1523116800 LIMIT 1 [ RunTime:0.000316s ]
[ sql ] [ SQL ] INSERT INTO `think_counts` (`ip` , `add_time`) VALUES ('123.125.71.100' , 1523090739) [ RunTime:0.000238s ]
[ sql ] [ SQL ] SHOW COLUMNS FROM `think_customer` [ RunTime:0.000493s ]
[ sql ] [ SQL ] SELECT * FROM `think_customer` WHERE  `is_on` = 1 [ RunTime:0.000203s ]
[ sql ] [ SQL ] SHOW COLUMNS FROM `think_index_img` [ RunTime:0.000461s ]
[ sql ] [ SQL ] SELECT * FROM `think_index_img` WHERE  `is_on` = 1 [ RunTime:0.000129s ]
[ sql ] [ SQL ] SHOW COLUMNS FROM `think_news` [ RunTime:0.000508s ]
[ sql ] [ SQL ] SELECT * FROM `think_news` WHERE  `status` = 1 ORDER BY id desc LIMIT 2 [ RunTime:0.000148s ]
[ sql ] [ SQL ] SHOW COLUMNS FROM `think_cust_img` [ RunTime:0.000489s ]
[ sql ] [ SQL ] SELECT * FROM `think_cust_img` WHERE  `is_on` = 1 ORDER BY id desc [ RunTime:0.000155s ]
[ sql ] [ SQL ] SHOW COLUMNS FROM `think_solutions_cate` [ RunTime:0.000565s ]
[ sql ] [ SQL ] SELECT * FROM `think_solutions_cate` WHERE  `is_on` = 1 ORDER BY id desc [ RunTime:0.000156s ]
---------------------------------------------------------------
[ 2018-04-07T19:09:15+08:00 ] 172.26.33.75 171.109.27.123 GET /admin
[ info ] www.mo1120.com/admin [运行时间：0.026365s][吞吐率：37.93req/s] [内存消耗：2,068.32kb] [文件加载：68]
[ info ] [ LANG ] /www/wwwroot/ent.mo1120.com/thinkphp/lang/zh-cn.php
[ info ] [ ROUTE ] array (
  'type' => 'module',
  'module' => 
  array (
    0 => 'admin',
    1 => NULL,
    2 => NULL,
  ),
)
[ info ] [ HEADER ] array (
  'upgrade-insecure-requests' => '1',
  'connection' => 'keep-alive',
  'cookie' => 'serverType=nginx; order=id%20desc; one=0.06; five=0.01; fifteen=0; conterError=; memRealUsed=238; mem-before=238/996%20%28MB%29; memSize=996; upNet=0.09; downNet=0.15; apacheVersion=; phpVersion=0; softType=3; backup_path=/www/backup',
  'accept-encoding' => 'gzip, deflate',
  'accept-language' => 'zh-CN,zh;q=0.8,zh-TW;q=0.7,zh-HK;q=0.5,en-US;q=0.3,en;q=0.2',
  'accept' => 'text/html,application/xhtml+xml,application/xml;q=0.9,*/*;q=0.8',
  'user-agent' => 'Mozilla/5.0 (Windows NT 10.0; Win64; x64; rv:59.0) Gecko/20100101 Firefox/59.0',
  'host' => 'www.mo1120.com',
  'content-type' => '',
  'content-length' => '',
)
[ info ] [ PARAM ] array (
)
[ info ] [ SESSION ] INIT array (
  'id' => '',
  'var_session_id' => '',
  'prefix' => 'think',
  'type' => '',
  'auto_start' => true,
)
[ info ] [ LOG ] INIT File
---------------------------------------------------------------
[ 2018-04-07T19:09:15+08:00 ] 172.26.33.75 171.109.27.123 GET /admin/login/index.html
[ info ] www.mo1120.com/admin/login/index.html [运行时间：0.027488s][吞吐率：36.38req/s] [内存消耗：2,066.36kb] [文件加载：66]
[ info ] [ LANG ] /www/wwwroot/ent.mo1120.com/thinkphp/lang/zh-cn.php
[ info ] [ ROUTE ] array (
  'type' => 'module',
  'module' => 
  array (
    0 => 'admin',
    1 => 'login',
    2 => 'index',
  ),
)
[ info ] [ HEADER ] array (
  'upgrade-insecure-requests' => '1',
  'connection' => 'keep-alive',
  'cookie' => 'serverType=nginx; order=id%20desc; one=0.06; five=0.01; fifteen=0; conterError=; memRealUsed=238; mem-before=238/996%20%28MB%29; memSize=996; upNet=0.09; downNet=0.15; apacheVersion=; phpVersion=0; softType=3; backup_path=/www/backup; PHPSESSID=pn3orduegthddtv4jv6cq5t9po',
  'accept-encoding' => 'gzip, deflate',
  'accept-language' => 'zh-CN,zh;q=0.8,zh-TW;q=0.7,zh-HK;q=0.5,en-US;q=0.3,en;q=0.2',
  'accept' => 'text/html,application/xhtml+xml,application/xml;q=0.9,*/*;q=0.8',
  'user-agent' => 'Mozilla/5.0 (Windows NT 10.0; Win64; x64; rv:59.0) Gecko/20100101 Firefox/59.0',
  'host' => 'www.mo1120.com',
  'content-type' => '',
  'content-length' => '',
)
[ info ] [ PARAM ] array (
)
[ info ] [ RUN ] app\admin\controller\Login->index[ /www/wwwroot/ent.mo1120.com/application/admin/controller/Login.php ]
[ info ] [ VIEW ] /www/wwwroot/ent.mo1120.com/public/../application/admin/view/login.html [ array (
) ]
[ info ] [ LOG ] INIT File
---------------------------------------------------------------
[ 2018-04-07T19:09:16+08:00 ] 172.26.33.75 171.109.27.123 GET /admin/login/checkverify.html
[ info ] www.mo1120.com/admin/login/checkverify.html [运行时间：0.057427s][吞吐率：17.41req/s] [内存消耗：2,064.51kb] [文件加载：65]
[ info ] [ LANG ] /www/wwwroot/ent.mo1120.com/thinkphp/lang/zh-cn.php
[ info ] [ ROUTE ] array (
  'type' => 'module',
  'module' => 
  array (
    0 => 'admin',
    1 => 'login',
    2 => 'checkverify',
  ),
)
[ info ] [ HEADER ] array (
  'connection' => 'keep-alive',
  'cookie' => 'serverType=nginx; order=id%20desc; one=0.06; five=0.01; fifteen=0; conterError=; memRealUsed=238; mem-before=238/996%20%28MB%29; memSize=996; upNet=0.09; downNet=0.15; apacheVersion=; phpVersion=0; softType=3; backup_path=/www/backup; PHPSESSID=pn3orduegthddtv4jv6cq5t9po',
  'referer' => 'http://www.mo1120.com/admin/login/index.html',
  'accept-encoding' => 'gzip, deflate',
  'accept-language' => 'zh-CN,zh;q=0.8,zh-TW;q=0.7,zh-HK;q=0.5,en-US;q=0.3,en;q=0.2',
  'accept' => '*/*',
  'user-agent' => 'Mozilla/5.0 (Windows NT 10.0; Win64; x64; rv:59.0) Gecko/20100101 Firefox/59.0',
  'host' => 'www.mo1120.com',
  'content-type' => '',
  'content-length' => '',
)
[ info ] [ PARAM ] array (
)
[ info ] [ RUN ] app\admin\controller\Login->checkVerify[ /www/wwwroot/ent.mo1120.com/application/admin/controller/Login.php ]
[ info ] [ SESSION ] INIT array (
  'id' => '',
  'var_session_id' => '',
  'prefix' => 'think',
  'type' => '',
  'auto_start' => true,
)
[ info ] [ LOG ] INIT File
---------------------------------------------------------------
[ 2018-04-07T19:09:16+08:00 ] 172.26.33.75 171.109.27.123 GET /Admin/login/getverify/t/1523099355.html
[ info ] www.mo1120.com/Admin/login/getverify/t/1523099355.html [运行时间：0.160115s][吞吐率：6.25req/s] [内存消耗：2,050.13kb] [文件加载：65]
[ info ] [ LANG ] /www/wwwroot/ent.mo1120.com/thinkphp/lang/zh-cn.php
[ info ] [ ROUTE ] array (
  'type' => 'module',
  'module' => 
  array (
    0 => 'Admin',
    1 => 'login',
    2 => 'getverify',
  ),
)
[ info ] [ HEADER ] array (
  'connection' => 'keep-alive',
  'cookie' => 'serverType=nginx; order=id%20desc; one=0.06; five=0.01; fifteen=0; conterError=; memRealUsed=238; mem-before=238/996%20%28MB%29; memSize=996; upNet=0.09; downNet=0.15; apacheVersion=; phpVersion=0; softType=3; backup_path=/www/backup; PHPSESSID=pn3orduegthddtv4jv6cq5t9po',
  'x-requested-with' => 'XMLHttpRequest',
  'referer' => 'http://www.mo1120.com/admin/login/index.html',
  'accept-encoding' => 'gzip, deflate',
  'accept-language' => 'zh-CN,zh;q=0.8,zh-TW;q=0.7,zh-HK;q=0.5,en-US;q=0.3,en;q=0.2',
  'accept' => 'application/json, text/javascript, */*; q=0.01',
  'user-agent' => 'Mozilla/5.0 (Windows NT 10.0; Win64; x64; rv:59.0) Gecko/20100101 Firefox/59.0',
  'host' => 'www.mo1120.com',
  'content-type' => '',
  'content-length' => '',
)
[ info ] [ PARAM ] array (
  't' => '1523099355',
)
[ info ] [ RUN ] app\admin\controller\Login->getVerify[ /www/wwwroot/ent.mo1120.com/application/admin/controller/Login.php ]
[ info ] [ SESSION ] INIT array (
  'id' => '',
  'var_session_id' => '',
  'prefix' => 'think',
  'type' => '',
  'auto_start' => true,
)
[ info ] [ LOG ] INIT File
---------------------------------------------------------------
[ 2018-04-07T19:09:23+08:00 ] 172.26.33.75 171.109.27.123 POST /admin/login/dologin.html
[ info ] www.mo1120.com/admin/login/dologin.html [运行时间：0.083892s][吞吐率：11.92req/s] [内存消耗：3,309.26kb] [文件加载：81]
[ info ] [ LANG ] /www/wwwroot/ent.mo1120.com/thinkphp/lang/zh-cn.php
[ info ] [ ROUTE ] array (
  'type' => 'module',
  'module' => 
  array (
    0 => 'admin',
    1 => 'login',
    2 => 'dologin',
  ),
)
[ info ] [ HEADER ] array (
  'connection' => 'keep-alive',
  'cookie' => 'serverType=nginx; order=id%20desc; one=0.06; five=0.01; fifteen=0; conterError=; memRealUsed=238; mem-before=238/996%20%28MB%29; memSize=996; upNet=0.09; downNet=0.15; apacheVersion=; phpVersion=0; softType=3; backup_path=/www/backup; PHPSESSID=pn3orduegthddtv4jv6cq5t9po',
  'content-length' => '43',
  'x-requested-with' => 'XMLHttpRequest',
  'content-type' => 'application/x-www-form-urlencoded; charset=UTF-8',
  'referer' => 'http://www.mo1120.com/admin/login/index.html',
  'accept-encoding' => 'gzip, deflate',
  'accept-language' => 'zh-CN,zh;q=0.8,zh-TW;q=0.7,zh-HK;q=0.5,en-US;q=0.3,en;q=0.2',
  'accept' => 'application/json, text/javascript, */*; q=0.01',
  'user-agent' => 'Mozilla/5.0 (Windows NT 10.0; Win64; x64; rv:59.0) Gecko/20100101 Firefox/59.0',
  'host' => 'www.mo1120.com',
)
[ info ] [ PARAM ] array (
  'username' => 'admin',
  'password' => 'q20031120',
  'code' => '8448',
)
[ info ] [ RUN ] app\admin\controller\Login->doLogin[ /www/wwwroot/ent.mo1120.com/application/admin/controller/Login.php ]
[ info ] [ SESSION ] INIT array (
  'id' => '',
  'var_session_id' => '',
  'prefix' => 'think',
  'type' => '',
  'auto_start' => true,
)
[ info ] [ DB ] INIT mysql
[ info ] [ CACHE ] INIT file
[ info ] [ LOG ] INIT File
[ sql ] [ DB ] CONNECT:[ UseTime:0.000313s ] mysql:dbname=tp5;host=127.0.0.1;port=3306;charset=utf8
[ sql ] [ SQL ] SHOW COLUMNS FROM `think_admin` [ RunTime:0.019404s ]
[ sql ] [ SQL ] SELECT * FROM `think_admin` WHERE  `username` = 'admin' LIMIT 1 [ RunTime:0.001024s ]
[ sql ] [ SQL ] SHOW COLUMNS FROM `think_auth_group` [ RunTime:0.000860s ]
[ sql ] [ SQL ] SELECT * FROM `think_auth_group` WHERE  `id` = 1 LIMIT 1 [ RunTime:0.000163s ]
[ sql ] [ SQL ] SHOW COLUMNS FROM `think_auth_rule` [ RunTime:0.001303s ]
[ sql ] [ SQL ] SELECT `name` FROM `think_auth_rule` [ RunTime:0.000148s ]
[ sql ] [ SQL ] UPDATE `think_admin`  SET `loginnum`=318,`last_login_ip`='171.109.27.123',`last_login_time`=1523099363,`token`='e8e36733a56b6cd1ca3209d009d01a98'  WHERE  `id` = 1 [ RunTime:0.000260s ]
[ sql ] [ SQL ] SHOW COLUMNS FROM `think_log` [ RunTime:0.001158s ]
[ sql ] [ SQL ] INSERT INTO `think_log` (`admin_id` , `admin_name` , `description` , `status` , `ip` , `add_time`) VALUES (1 , 'admin' , '用户【admin】登录成功' , 1 , '171.109.27.123' , 1523099363) [ RunTime:0.018630s ]
---------------------------------------------------------------
[ 2018-04-07T19:09:25+08:00 ] 172.26.33.75 171.109.27.123 GET /admin/index/index.html
[ info ] www.mo1120.com/admin/index/index.html [运行时间：0.043128s][吞吐率：23.19req/s] [内存消耗：3,172.62kb] [文件加载：80]
[ info ] [ LANG ] /www/wwwroot/ent.mo1120.com/thinkphp/lang/zh-cn.php
[ info ] [ ROUTE ] array (
  'type' => 'module',
  'module' => 
  array (
    0 => 'admin',
    1 => 'index',
    2 => 'index',
  ),
)
[ info ] [ HEADER ] array (
  'upgrade-insecure-requests' => '1',
  'connection' => 'keep-alive',
  'cookie' => 'serverType=nginx; order=id%20desc; one=0.06; five=0.01; fifteen=0; conterError=; memRealUsed=238; mem-before=238/996%20%28MB%29; memSize=996; upNet=0.09; downNet=0.15; apacheVersion=; phpVersion=0; softType=3; backup_path=/www/backup; PHPSESSID=pn3orduegthddtv4jv6cq5t9po',
  'referer' => 'http://www.mo1120.com/admin/login/index.html',
  'accept-encoding' => 'gzip, deflate',
  'accept-language' => 'zh-CN,zh;q=0.8,zh-TW;q=0.7,zh-HK;q=0.5,en-US;q=0.3,en;q=0.2',
  'accept' => 'text/html,application/xhtml+xml,application/xml;q=0.9,*/*;q=0.8',
  'user-agent' => 'Mozilla/5.0 (Windows NT 10.0; Win64; x64; rv:59.0) Gecko/20100101 Firefox/59.0',
  'host' => 'www.mo1120.com',
  'content-type' => '',
  'content-length' => '',
)
[ info ] [ PARAM ] array (
)
[ info ] [ SESSION ] INIT array (
  'id' => '',
  'var_session_id' => '',
  'prefix' => 'think',
  'type' => '',
  'auto_start' => true,
)
[ info ] [ DB ] INIT mysql
[ info ] [ CACHE ] INIT file
[ info ] [ RUN ] app\admin\controller\Index->index[ /www/wwwroot/ent.mo1120.com/application/admin/controller/Index.php ]
[ info ] [ VIEW ] /www/wwwroot/ent.mo1120.com/public/../application/admin/view/index.html [ array (
  0 => 'username',
  1 => 'portrait',
  2 => 'rolename',
  3 => 'menu',
) ]
[ info ] [ LOG ] INIT File
[ sql ] [ DB ] CONNECT:[ UseTime:0.000369s ] mysql:dbname=tp5;host=127.0.0.1;port=3306;charset=utf8
[ sql ] [ SQL ] SHOW COLUMNS FROM `think_auth_rule` [ RunTime:0.000824s ]
[ sql ] [ SQL ] SELECT * FROM `think_auth_rule` WHERE  (  status = 1 ) ORDER BY `sort` [ RunTime:0.000279s ]
---------------------------------------------------------------
[ 2018-04-07T19:09:26+08:00 ] 172.26.33.75 171.109.27.123 GET /admin/index/indexpage.html
[ info ] www.mo1120.com/admin/index/indexpage.html [运行时间：0.061944s][吞吐率：16.14req/s] [内存消耗：3,140.81kb] [文件加载：80]
[ info ] [ LANG ] /www/wwwroot/ent.mo1120.com/thinkphp/lang/zh-cn.php
[ info ] [ ROUTE ] array (
  'type' => 'module',
  'module' => 
  array (
    0 => 'admin',
    1 => 'index',
    2 => 'indexpage',
  ),
)
[ info ] [ HEADER ] array (
  'upgrade-insecure-requests' => '1',
  'connection' => 'keep-alive',
  'cookie' => 'serverType=nginx; order=id%20desc; one=0.06; five=0.01; fifteen=0; conterError=; memRealUsed=238; mem-before=238/996%20%28MB%29; memSize=996; upNet=0.09; downNet=0.15; apacheVersion=; phpVersion=0; softType=3; backup_path=/www/backup; PHPSESSID=pn3orduegthddtv4jv6cq5t9po',
  'referer' => 'http://www.mo1120.com/admin/index/index.html',
  'accept-encoding' => 'gzip, deflate',
  'accept-language' => 'zh-CN,zh;q=0.8,zh-TW;q=0.7,zh-HK;q=0.5,en-US;q=0.3,en;q=0.2',
  'accept' => 'text/html,application/xhtml+xml,application/xml;q=0.9,*/*;q=0.8',
  'user-agent' => 'Mozilla/5.0 (Windows NT 10.0; Win64; x64; rv:59.0) Gecko/20100101 Firefox/59.0',
  'host' => 'www.mo1120.com',
  'content-type' => '',
  'content-length' => '',
)
[ info ] [ PARAM ] array (
)
[ info ] [ SESSION ] INIT array (
  'id' => '',
  'var_session_id' => '',
  'prefix' => 'think',
  'type' => '',
  'auto_start' => true,
)
[ info ] [ DB ] INIT mysql
[ info ] [ CACHE ] INIT file
[ info ] [ RUN ] app\admin\controller\Index->indexPage[ /www/wwwroot/ent.mo1120.com/application/admin/controller/Index.php ]
[ info ] [ VIEW ] /www/wwwroot/ent.mo1120.com/public/../application/admin/view/index/index.html [ array (
  0 => 'username',
  1 => 'portrait',
  2 => 'rolename',
  3 => 'menu',
  4 => 'day',
  5 => 'week',
  6 => 'month',
  7 => 'info',
) ]
[ info ] [ LOG ] INIT File
[ sql ] [ DB ] CONNECT:[ UseTime:0.000342s ] mysql:dbname=tp5;host=127.0.0.1;port=3306;charset=utf8
[ sql ] [ SQL ] SHOW COLUMNS FROM `think_auth_rule` [ RunTime:0.000722s ]
[ sql ] [ SQL ] SELECT * FROM `think_auth_rule` WHERE  (  status = 1 ) ORDER BY `sort` [ RunTime:0.000262s ]
[ sql ] [ SQL ] SHOW COLUMNS FROM `think_counts` [ RunTime:0.000471s ]
[ sql ] [ SQL ] SELECT COUNT(*) AS tp_count FROM `think_counts` WHERE  `add_time` >= 1523030400 LIMIT 1 [ RunTime:0.000602s ]
[ sql ] [ SQL ] SELECT COUNT(*) AS tp_count FROM `think_counts` WHERE  `add_time` >= 1522598400 LIMIT 1 [ RunTime:0.000426s ]
[ sql ] [ SQL ] SELECT COUNT(*) AS tp_count FROM `think_counts` WHERE  `add_time` >= 1522512000 LIMIT 1 [ RunTime:0.000266s ]
---------------------------------------------------------------
[ 2018-04-07T19:09:26+08:00 ] 172.26.33.75 171.109.27.123 GET /static/admin/js/layer/skin/extend/layer.ext.js,skin/moon/style.css
[ info ] www.mo1120.com/static/admin/js/layer/skin/extend/layer.ext.js,skin/moon/style.css [运行时间：0.023290s][吞吐率：42.94req/s] [内存消耗：1,729.79kb] [文件加载：56]
[ info ] [ LANG ] /www/wwwroot/ent.mo1120.com/thinkphp/lang/zh-cn.php
[ info ] [ ROUTE ] array (
  'type' => 'module',
  'module' => 
  array (
    0 => '404',
    1 => NULL,
    2 => NULL,
  ),
)
[ info ] [ HEADER ] array (
  'connection' => 'keep-alive',
  'cookie' => 'serverType=nginx; order=id%20desc; one=0.06; five=0.01; fifteen=0; conterError=; memRealUsed=238; mem-before=238/996%20%28MB%29; memSize=996; upNet=0.09; downNet=0.15; apacheVersion=; phpVersion=0; softType=3; backup_path=/www/backup; PHPSESSID=pn3orduegthddtv4jv6cq5t9po',
  'referer' => 'http://www.mo1120.com/admin/index/index.html',
  'accept-encoding' => 'gzip, deflate',
  'accept-language' => 'zh-CN,zh;q=0.8,zh-TW;q=0.7,zh-HK;q=0.5,en-US;q=0.3,en;q=0.2',
  'accept' => 'text/css,*/*;q=0.1',
  'user-agent' => 'Mozilla/5.0 (Windows NT 10.0; Win64; x64; rv:59.0) Gecko/20100101 Firefox/59.0',
  'host' => 'www.mo1120.com',
  'content-type' => '',
  'content-length' => '',
)
[ info ] [ PARAM ] array (
)
[ info ] [ LOG ] INIT File
---------------------------------------------------------------
[ 2018-04-07T19:09:47+08:00 ] 172.26.33.75 171.109.27.123 GET /admin/counts/index.html
[ info ] www.mo1120.com/admin/counts/index.html [运行时间：0.073147s][吞吐率：13.67req/s] [内存消耗：3,168.93kb] [文件加载：81]
[ info ] [ LANG ] /www/wwwroot/ent.mo1120.com/thinkphp/lang/zh-cn.php
[ info ] [ ROUTE ] array (
  'type' => 'module',
  'module' => 
  array (
    0 => 'admin',
    1 => 'counts',
    2 => 'index',
  ),
)
[ info ] [ HEADER ] array (
  'upgrade-insecure-requests' => '1',
  'connection' => 'keep-alive',
  'cookie' => 'serverType=nginx; order=id%20desc; one=0.06; five=0.01; fifteen=0; conterError=; memRealUsed=238; mem-before=238/996%20%28MB%29; memSize=996; upNet=0.09; downNet=0.15; apacheVersion=; phpVersion=0; softType=3; backup_path=/www/backup; PHPSESSID=pn3orduegthddtv4jv6cq5t9po',
  'referer' => 'http://www.mo1120.com/admin/index/index.html',
  'accept-encoding' => 'gzip, deflate',
  'accept-language' => 'zh-CN,zh;q=0.8,zh-TW;q=0.7,zh-HK;q=0.5,en-US;q=0.3,en;q=0.2',
  'accept' => 'text/html,application/xhtml+xml,application/xml;q=0.9,*/*;q=0.8',
  'user-agent' => 'Mozilla/5.0 (Windows NT 10.0; Win64; x64; rv:59.0) Gecko/20100101 Firefox/59.0',
  'host' => 'www.mo1120.com',
  'content-type' => '',
  'content-length' => '',
)
[ info ] [ PARAM ] array (
)
[ info ] [ SESSION ] INIT array (
  'id' => '',
  'var_session_id' => '',
  'prefix' => 'think',
  'type' => '',
  'auto_start' => true,
)
[ info ] [ DB ] INIT mysql
[ info ] [ CACHE ] INIT file
[ info ] [ RUN ] app\admin\controller\Counts->index[ /www/wwwroot/ent.mo1120.com/application/admin/controller/Counts.php ]
[ info ] [ VIEW ] /www/wwwroot/ent.mo1120.com/public/../application/admin/view/counts/index.html [ array (
  0 => 'username',
  1 => 'portrait',
  2 => 'rolename',
  3 => 'menu',
  4 => 'Nowpage',
  5 => 'allpage',
  6 => 'count',
  7 => 'search_user',
  8 => 'start_time',
  9 => 'end_time',
) ]
[ info ] [ LOG ] INIT File
[ sql ] [ DB ] CONNECT:[ UseTime:0.000303s ] mysql:dbname=tp5;host=127.0.0.1;port=3306;charset=utf8
[ sql ] [ SQL ] SHOW COLUMNS FROM `think_auth_rule` [ RunTime:0.000672s ]
[ sql ] [ SQL ] SELECT * FROM `think_auth_rule` WHERE  (  status = 1 ) ORDER BY `sort` [ RunTime:0.000291s ]
[ sql ] [ SQL ] SHOW COLUMNS FROM `think_admin` [ RunTime:0.000561s ]
[ sql ] [ SQL ] SELECT `id`,`username` FROM `think_admin` [ RunTime:0.000169s ]
[ sql ] [ SQL ] SHOW COLUMNS FROM `think_counts` [ RunTime:0.000489s ]
[ sql ] [ SQL ] SELECT COUNT(*) AS tp_count FROM `think_counts` LIMIT 1 [ RunTime:0.000139s ]
[ sql ] [ SQL ] SELECT * FROM `think_counts` ORDER BY add_time desc LIMIT 0,10 [ RunTime:0.000782s ]
---------------------------------------------------------------
[ 2018-04-07T19:09:47+08:00 ] 172.26.33.75 171.109.27.123 GET /admin/counts/index.html?page=1&start_time=&end_time=
[ info ] www.mo1120.com/admin/counts/index.html?page=1&start_time=&end_time= [运行时间：0.042835s][吞吐率：23.35req/s] [内存消耗：3,163.70kb] [文件加载：81]
[ info ] [ LANG ] /www/wwwroot/ent.mo1120.com/thinkphp/lang/zh-cn.php
[ info ] [ ROUTE ] array (
  'type' => 'module',
  'module' => 
  array (
    0 => 'admin',
    1 => 'counts',
    2 => 'index',
  ),
)
[ info ] [ HEADER ] array (
  'connection' => 'keep-alive',
  'cookie' => 'serverType=nginx; order=id%20desc; one=0.06; five=0.01; fifteen=0; conterError=; memRealUsed=238; mem-before=238/996%20%28MB%29; memSize=996; upNet=0.09; downNet=0.15; apacheVersion=; phpVersion=0; softType=3; backup_path=/www/backup; PHPSESSID=pn3orduegthddtv4jv6cq5t9po',
  'x-requested-with' => 'XMLHttpRequest',
  'referer' => 'http://www.mo1120.com/admin/counts/index.html',
  'accept-encoding' => 'gzip, deflate',
  'accept-language' => 'zh-CN,zh;q=0.8,zh-TW;q=0.7,zh-HK;q=0.5,en-US;q=0.3,en;q=0.2',
  'accept' => 'application/json, text/javascript, */*; q=0.01',
  'user-agent' => 'Mozilla/5.0 (Windows NT 10.0; Win64; x64; rv:59.0) Gecko/20100101 Firefox/59.0',
  'host' => 'www.mo1120.com',
  'content-type' => '',
  'content-length' => '',
)
[ info ] [ PARAM ] array (
  'page' => '1',
  'start_time' => '',
  'end_time' => '',
)
[ info ] [ SESSION ] INIT array (
  'id' => '',
  'var_session_id' => '',
  'prefix' => 'think',
  'type' => '',
  'auto_start' => true,
)
[ info ] [ DB ] INIT mysql
[ info ] [ CACHE ] INIT file
[ info ] [ RUN ] app\admin\controller\Counts->index[ /www/wwwroot/ent.mo1120.com/application/admin/controller/Counts.php ]
[ info ] [ LOG ] INIT File
[ sql ] [ DB ] CONNECT:[ UseTime:0.000332s ] mysql:dbname=tp5;host=127.0.0.1;port=3306;charset=utf8
[ sql ] [ SQL ] SHOW COLUMNS FROM `think_auth_rule` [ RunTime:0.000748s ]
[ sql ] [ SQL ] SELECT * FROM `think_auth_rule` WHERE  (  status = 1 ) ORDER BY `sort` [ RunTime:0.000268s ]
[ sql ] [ SQL ] SHOW COLUMNS FROM `think_admin` [ RunTime:0.000577s ]
[ sql ] [ SQL ] SELECT `id`,`username` FROM `think_admin` [ RunTime:0.000114s ]
[ sql ] [ SQL ] SHOW COLUMNS FROM `think_counts` [ RunTime:0.000438s ]
[ sql ] [ SQL ] SELECT COUNT(*) AS tp_count FROM `think_counts` LIMIT 1 [ RunTime:0.000126s ]
[ sql ] [ SQL ] SELECT * FROM `think_counts` ORDER BY add_time desc LIMIT 0,10 [ RunTime:0.000123s ]
---------------------------------------------------------------
[ 2018-04-07T19:09:57+08:00 ] 172.26.33.75 171.109.27.123 GET /admin/counts/index.html?page=2&start_time=&end_time=
[ info ] www.mo1120.com/admin/counts/index.html?page=2&start_time=&end_time= [运行时间：0.059142s][吞吐率：16.91req/s] [内存消耗：3,163.70kb] [文件加载：81]
[ info ] [ LANG ] /www/wwwroot/ent.mo1120.com/thinkphp/lang/zh-cn.php
[ info ] [ ROUTE ] array (
  'type' => 'module',
  'module' => 
  array (
    0 => 'admin',
    1 => 'counts',
    2 => 'index',
  ),
)
[ info ] [ HEADER ] array (
  'connection' => 'keep-alive',
  'cookie' => 'serverType=nginx; order=id%20desc; one=0.06; five=0.01; fifteen=0; conterError=; memRealUsed=238; mem-before=238/996%20%28MB%29; memSize=996; upNet=0.09; downNet=0.15; apacheVersion=; phpVersion=0; softType=3; backup_path=/www/backup; PHPSESSID=pn3orduegthddtv4jv6cq5t9po',
  'x-requested-with' => 'XMLHttpRequest',
  'referer' => 'http://www.mo1120.com/admin/counts/index.html',
  'accept-encoding' => 'gzip, deflate',
  'accept-language' => 'zh-CN,zh;q=0.8,zh-TW;q=0.7,zh-HK;q=0.5,en-US;q=0.3,en;q=0.2',
  'accept' => 'application/json, text/javascript, */*; q=0.01',
  'user-agent' => 'Mozilla/5.0 (Windows NT 10.0; Win64; x64; rv:59.0) Gecko/20100101 Firefox/59.0',
  'host' => 'www.mo1120.com',
  'content-type' => '',
  'content-length' => '',
)
[ info ] [ PARAM ] array (
  'page' => '2',
  'start_time' => '',
  'end_time' => '',
)
[ info ] [ SESSION ] INIT array (
  'id' => '',
  'var_session_id' => '',
  'prefix' => 'think',
  'type' => '',
  'auto_start' => true,
)
[ info ] [ DB ] INIT mysql
[ info ] [ CACHE ] INIT file
[ info ] [ RUN ] app\admin\controller\Counts->index[ /www/wwwroot/ent.mo1120.com/application/admin/controller/Counts.php ]
[ info ] [ LOG ] INIT File
[ sql ] [ DB ] CONNECT:[ UseTime:0.000292s ] mysql:dbname=tp5;host=127.0.0.1;port=3306;charset=utf8
[ sql ] [ SQL ] SHOW COLUMNS FROM `think_auth_rule` [ RunTime:0.000717s ]
[ sql ] [ SQL ] SELECT * FROM `think_auth_rule` WHERE  (  status = 1 ) ORDER BY `sort` [ RunTime:0.000314s ]
[ sql ] [ SQL ] SHOW COLUMNS FROM `think_admin` [ RunTime:0.000616s ]
[ sql ] [ SQL ] SELECT `id`,`username` FROM `think_admin` [ RunTime:0.000110s ]
[ sql ] [ SQL ] SHOW COLUMNS FROM `think_counts` [ RunTime:0.000492s ]
[ sql ] [ SQL ] SELECT COUNT(*) AS tp_count FROM `think_counts` LIMIT 1 [ RunTime:0.000107s ]
[ sql ] [ SQL ] SELECT * FROM `think_counts` ORDER BY add_time desc LIMIT 10,10 [ RunTime:0.000291s ]
---------------------------------------------------------------
[ 2018-04-07T19:10:01+08:00 ] 172.26.33.75 171.109.27.123 GET /admin/counts/index.html?page=3&start_time=&end_time=
[ info ] www.mo1120.com/admin/counts/index.html?page=3&start_time=&end_time= [运行时间：0.044550s][吞吐率：22.45req/s] [内存消耗：3,163.70kb] [文件加载：81]
[ info ] [ LANG ] /www/wwwroot/ent.mo1120.com/thinkphp/lang/zh-cn.php
[ info ] [ ROUTE ] array (
  'type' => 'module',
  'module' => 
  array (
    0 => 'admin',
    1 => 'counts',
    2 => 'index',
  ),
)
[ info ] [ HEADER ] array (
  'connection' => 'keep-alive',
  'cookie' => 'serverType=nginx; order=id%20desc; one=0.06; five=0.01; fifteen=0; conterError=; memRealUsed=238; mem-before=238/996%20%28MB%29; memSize=996; upNet=0.09; downNet=0.15; apacheVersion=; phpVersion=0; softType=3; backup_path=/www/backup; PHPSESSID=pn3orduegthddtv4jv6cq5t9po',
  'x-requested-with' => 'XMLHttpRequest',
  'referer' => 'http://www.mo1120.com/admin/counts/index.html',
  'accept-encoding' => 'gzip, deflate',
  'accept-language' => 'zh-CN,zh;q=0.8,zh-TW;q=0.7,zh-HK;q=0.5,en-US;q=0.3,en;q=0.2',
  'accept' => 'application/json, text/javascript, */*; q=0.01',
  'user-agent' => 'Mozilla/5.0 (Windows NT 10.0; Win64; x64; rv:59.0) Gecko/20100101 Firefox/59.0',
  'host' => 'www.mo1120.com',
  'content-type' => '',
  'content-length' => '',
)
[ info ] [ PARAM ] array (
  'page' => '3',
  'start_time' => '',
  'end_time' => '',
)
[ info ] [ SESSION ] INIT array (
  'id' => '',
  'var_session_id' => '',
  'prefix' => 'think',
  'type' => '',
  'auto_start' => true,
)
[ info ] [ DB ] INIT mysql
[ info ] [ CACHE ] INIT file
[ info ] [ RUN ] app\admin\controller\Counts->index[ /www/wwwroot/ent.mo1120.com/application/admin/controller/Counts.php ]
[ info ] [ LOG ] INIT File
[ sql ] [ DB ] CONNECT:[ UseTime:0.000341s ] mysql:dbname=tp5;host=127.0.0.1;port=3306;charset=utf8
[ sql ] [ SQL ] SHOW COLUMNS FROM `think_auth_rule` [ RunTime:0.000780s ]
[ sql ] [ SQL ] SELECT * FROM `think_auth_rule` WHERE  (  status = 1 ) ORDER BY `sort` [ RunTime:0.000288s ]
[ sql ] [ SQL ] SHOW COLUMNS FROM `think_admin` [ RunTime:0.000558s ]
[ sql ] [ SQL ] SELECT `id`,`username` FROM `think_admin` [ RunTime:0.000136s ]
[ sql ] [ SQL ] SHOW COLUMNS FROM `think_counts` [ RunTime:0.000463s ]
[ sql ] [ SQL ] SELECT COUNT(*) AS tp_count FROM `think_counts` LIMIT 1 [ RunTime:0.000134s ]
[ sql ] [ SQL ] SELECT * FROM `think_counts` ORDER BY add_time desc LIMIT 20,10 [ RunTime:0.000293s ]
---------------------------------------------------------------
[ 2018-04-07T19:10:05+08:00 ] 172.26.33.75 171.109.27.123 GET /admin/counts/index.html?page=4&start_time=&end_time=
[ info ] www.mo1120.com/admin/counts/index.html?page=4&start_time=&end_time= [运行时间：0.043804s][吞吐率：22.83req/s] [内存消耗：3,163.70kb] [文件加载：81]
[ info ] [ LANG ] /www/wwwroot/ent.mo1120.com/thinkphp/lang/zh-cn.php
[ info ] [ ROUTE ] array (
  'type' => 'module',
  'module' => 
  array (
    0 => 'admin',
    1 => 'counts',
    2 => 'index',
  ),
)
[ info ] [ HEADER ] array (
  'connection' => 'keep-alive',
  'cookie' => 'serverType=nginx; order=id%20desc; one=0.06; five=0.01; fifteen=0; conterError=; memRealUsed=238; mem-before=238/996%20%28MB%29; memSize=996; upNet=0.09; downNet=0.15; apacheVersion=; phpVersion=0; softType=3; backup_path=/www/backup; PHPSESSID=pn3orduegthddtv4jv6cq5t9po',
  'x-requested-with' => 'XMLHttpRequest',
  'referer' => 'http://www.mo1120.com/admin/counts/index.html',
  'accept-encoding' => 'gzip, deflate',
  'accept-language' => 'zh-CN,zh;q=0.8,zh-TW;q=0.7,zh-HK;q=0.5,en-US;q=0.3,en;q=0.2',
  'accept' => 'application/json, text/javascript, */*; q=0.01',
  'user-agent' => 'Mozilla/5.0 (Windows NT 10.0; Win64; x64; rv:59.0) Gecko/20100101 Firefox/59.0',
  'host' => 'www.mo1120.com',
  'content-type' => '',
  'content-length' => '',
)
[ info ] [ PARAM ] array (
  'page' => '4',
  'start_time' => '',
  'end_time' => '',
)
[ info ] [ SESSION ] INIT array (
  'id' => '',
  'var_session_id' => '',
  'prefix' => 'think',
  'type' => '',
  'auto_start' => true,
)
[ info ] [ DB ] INIT mysql
[ info ] [ CACHE ] INIT file
[ info ] [ RUN ] app\admin\controller\Counts->index[ /www/wwwroot/ent.mo1120.com/application/admin/controller/Counts.php ]
[ info ] [ LOG ] INIT File
[ sql ] [ DB ] CONNECT:[ UseTime:0.000314s ] mysql:dbname=tp5;host=127.0.0.1;port=3306;charset=utf8
[ sql ] [ SQL ] SHOW COLUMNS FROM `think_auth_rule` [ RunTime:0.000715s ]
[ sql ] [ SQL ] SELECT * FROM `think_auth_rule` WHERE  (  status = 1 ) ORDER BY `sort` [ RunTime:0.000287s ]
[ sql ] [ SQL ] SHOW COLUMNS FROM `think_admin` [ RunTime:0.000547s ]
[ sql ] [ SQL ] SELECT `id`,`username` FROM `think_admin` [ RunTime:0.000110s ]
[ sql ] [ SQL ] SHOW COLUMNS FROM `think_counts` [ RunTime:0.000504s ]
[ sql ] [ SQL ] SELECT COUNT(*) AS tp_count FROM `think_counts` LIMIT 1 [ RunTime:0.000107s ]
[ sql ] [ SQL ] SELECT * FROM `think_counts` ORDER BY add_time desc LIMIT 30,10 [ RunTime:0.000350s ]
---------------------------------------------------------------
[ 2018-04-07T19:10:07+08:00 ] 172.26.33.75 171.109.27.123 GET /admin/counts/index.html?page=5&start_time=&end_time=
[ info ] www.mo1120.com/admin/counts/index.html?page=5&start_time=&end_time= [运行时间：0.047103s][吞吐率：21.23req/s] [内存消耗：3,163.70kb] [文件加载：81]
[ info ] [ LANG ] /www/wwwroot/ent.mo1120.com/thinkphp/lang/zh-cn.php
[ info ] [ ROUTE ] array (
  'type' => 'module',
  'module' => 
  array (
    0 => 'admin',
    1 => 'counts',
    2 => 'index',
  ),
)
[ info ] [ HEADER ] array (
  'connection' => 'keep-alive',
  'cookie' => 'serverType=nginx; order=id%20desc; one=0.06; five=0.01; fifteen=0; conterError=; memRealUsed=238; mem-before=238/996%20%28MB%29; memSize=996; upNet=0.09; downNet=0.15; apacheVersion=; phpVersion=0; softType=3; backup_path=/www/backup; PHPSESSID=pn3orduegthddtv4jv6cq5t9po',
  'x-requested-with' => 'XMLHttpRequest',
  'referer' => 'http://www.mo1120.com/admin/counts/index.html',
  'accept-encoding' => 'gzip, deflate',
  'accept-language' => 'zh-CN,zh;q=0.8,zh-TW;q=0.7,zh-HK;q=0.5,en-US;q=0.3,en;q=0.2',
  'accept' => 'application/json, text/javascript, */*; q=0.01',
  'user-agent' => 'Mozilla/5.0 (Windows NT 10.0; Win64; x64; rv:59.0) Gecko/20100101 Firefox/59.0',
  'host' => 'www.mo1120.com',
  'content-type' => '',
  'content-length' => '',
)
[ info ] [ PARAM ] array (
  'page' => '5',
  'start_time' => '',
  'end_time' => '',
)
[ info ] [ SESSION ] INIT array (
  'id' => '',
  'var_session_id' => '',
  'prefix' => 'think',
  'type' => '',
  'auto_start' => true,
)
[ info ] [ DB ] INIT mysql
[ info ] [ CACHE ] INIT file
[ info ] [ RUN ] app\admin\controller\Counts->index[ /www/wwwroot/ent.mo1120.com/application/admin/controller/Counts.php ]
[ info ] [ LOG ] INIT File
[ sql ] [ DB ] CONNECT:[ UseTime:0.000304s ] mysql:dbname=tp5;host=127.0.0.1;port=3306;charset=utf8
[ sql ] [ SQL ] SHOW COLUMNS FROM `think_auth_rule` [ RunTime:0.000728s ]
[ sql ] [ SQL ] SELECT * FROM `think_auth_rule` WHERE  (  status = 1 ) ORDER BY `sort` [ RunTime:0.000287s ]
[ sql ] [ SQL ] SHOW COLUMNS FROM `think_admin` [ RunTime:0.000551s ]
[ sql ] [ SQL ] SELECT `id`,`username` FROM `think_admin` [ RunTime:0.000112s ]
[ sql ] [ SQL ] SHOW COLUMNS FROM `think_counts` [ RunTime:0.000457s ]
[ sql ] [ SQL ] SELECT COUNT(*) AS tp_count FROM `think_counts` LIMIT 1 [ RunTime:0.000137s ]
[ sql ] [ SQL ] SELECT * FROM `think_counts` ORDER BY add_time desc LIMIT 40,10 [ RunTime:0.000344s ]
---------------------------------------------------------------
[ 2018-04-07T19:10:09+08:00 ] 172.26.33.75 171.109.27.123 GET /admin/counts/index.html?page=6&start_time=&end_time=
[ info ] www.mo1120.com/admin/counts/index.html?page=6&start_time=&end_time= [运行时间：0.045733s][吞吐率：21.87req/s] [内存消耗：3,163.70kb] [文件加载：81]
[ info ] [ LANG ] /www/wwwroot/ent.mo1120.com/thinkphp/lang/zh-cn.php
[ info ] [ ROUTE ] array (
  'type' => 'module',
  'module' => 
  array (
    0 => 'admin',
    1 => 'counts',
    2 => 'index',
  ),
)
[ info ] [ HEADER ] array (
  'connection' => 'keep-alive',
  'cookie' => 'serverType=nginx; order=id%20desc; one=0.06; five=0.01; fifteen=0; conterError=; memRealUsed=238; mem-before=238/996%20%28MB%29; memSize=996; upNet=0.09; downNet=0.15; apacheVersion=; phpVersion=0; softType=3; backup_path=/www/backup; PHPSESSID=pn3orduegthddtv4jv6cq5t9po',
  'x-requested-with' => 'XMLHttpRequest',
  'referer' => 'http://www.mo1120.com/admin/counts/index.html',
  'accept-encoding' => 'gzip, deflate',
  'accept-language' => 'zh-CN,zh;q=0.8,zh-TW;q=0.7,zh-HK;q=0.5,en-US;q=0.3,en;q=0.2',
  'accept' => 'application/json, text/javascript, */*; q=0.01',
  'user-agent' => 'Mozilla/5.0 (Windows NT 10.0; Win64; x64; rv:59.0) Gecko/20100101 Firefox/59.0',
  'host' => 'www.mo1120.com',
  'content-type' => '',
  'content-length' => '',
)
[ info ] [ PARAM ] array (
  'page' => '6',
  'start_time' => '',
  'end_time' => '',
)
[ info ] [ SESSION ] INIT array (
  'id' => '',
  'var_session_id' => '',
  'prefix' => 'think',
  'type' => '',
  'auto_start' => true,
)
[ info ] [ DB ] INIT mysql
[ info ] [ CACHE ] INIT file
[ info ] [ RUN ] app\admin\controller\Counts->index[ /www/wwwroot/ent.mo1120.com/application/admin/controller/Counts.php ]
[ info ] [ LOG ] INIT File
[ sql ] [ DB ] CONNECT:[ UseTime:0.000354s ] mysql:dbname=tp5;host=127.0.0.1;port=3306;charset=utf8
[ sql ] [ SQL ] SHOW COLUMNS FROM `think_auth_rule` [ RunTime:0.000775s ]
[ sql ] [ SQL ] SELECT * FROM `think_auth_rule` WHERE  (  status = 1 ) ORDER BY `sort` [ RunTime:0.000279s ]
[ sql ] [ SQL ] SHOW COLUMNS FROM `think_admin` [ RunTime:0.000672s ]
[ sql ] [ SQL ] SELECT `id`,`username` FROM `think_admin` [ RunTime:0.000119s ]
[ sql ] [ SQL ] SHOW COLUMNS FROM `think_counts` [ RunTime:0.000538s ]
[ sql ] [ SQL ] SELECT COUNT(*) AS tp_count FROM `think_counts` LIMIT 1 [ RunTime:0.000114s ]
[ sql ] [ SQL ] SELECT * FROM `think_counts` ORDER BY add_time desc LIMIT 50,10 [ RunTime:0.000316s ]
---------------------------------------------------------------
[ 2018-04-07T19:10:12+08:00 ] 172.26.33.75 171.109.27.123 GET /admin/counts/index.html?page=5&start_time=&end_time=
[ info ] www.mo1120.com/admin/counts/index.html?page=5&start_time=&end_time= [运行时间：0.042169s][吞吐率：23.71req/s] [内存消耗：3,163.70kb] [文件加载：81]
[ info ] [ LANG ] /www/wwwroot/ent.mo1120.com/thinkphp/lang/zh-cn.php
[ info ] [ ROUTE ] array (
  'type' => 'module',
  'module' => 
  array (
    0 => 'admin',
    1 => 'counts',
    2 => 'index',
  ),
)
[ info ] [ HEADER ] array (
  'connection' => 'keep-alive',
  'cookie' => 'serverType=nginx; order=id%20desc; one=0.06; five=0.01; fifteen=0; conterError=; memRealUsed=238; mem-before=238/996%20%28MB%29; memSize=996; upNet=0.09; downNet=0.15; apacheVersion=; phpVersion=0; softType=3; backup_path=/www/backup; PHPSESSID=pn3orduegthddtv4jv6cq5t9po',
  'x-requested-with' => 'XMLHttpRequest',
  'referer' => 'http://www.mo1120.com/admin/counts/index.html',
  'accept-encoding' => 'gzip, deflate',
  'accept-language' => 'zh-CN,zh;q=0.8,zh-TW;q=0.7,zh-HK;q=0.5,en-US;q=0.3,en;q=0.2',
  'accept' => 'application/json, text/javascript, */*; q=0.01',
  'user-agent' => 'Mozilla/5.0 (Windows NT 10.0; Win64; x64; rv:59.0) Gecko/20100101 Firefox/59.0',
  'host' => 'www.mo1120.com',
  'content-type' => '',
  'content-length' => '',
)
[ info ] [ PARAM ] array (
  'page' => '5',
  'start_time' => '',
  'end_time' => '',
)
[ info ] [ SESSION ] INIT array (
  'id' => '',
  'var_session_id' => '',
  'prefix' => 'think',
  'type' => '',
  'auto_start' => true,
)
[ info ] [ DB ] INIT mysql
[ info ] [ CACHE ] INIT file
[ info ] [ RUN ] app\admin\controller\Counts->index[ /www/wwwroot/ent.mo1120.com/application/admin/controller/Counts.php ]
[ info ] [ LOG ] INIT File
[ sql ] [ DB ] CONNECT:[ UseTime:0.000362s ] mysql:dbname=tp5;host=127.0.0.1;port=3306;charset=utf8
[ sql ] [ SQL ] SHOW COLUMNS FROM `think_auth_rule` [ RunTime:0.000745s ]
[ sql ] [ SQL ] SELECT * FROM `think_auth_rule` WHERE  (  status = 1 ) ORDER BY `sort` [ RunTime:0.000266s ]
[ sql ] [ SQL ] SHOW COLUMNS FROM `think_admin` [ RunTime:0.000542s ]
[ sql ] [ SQL ] SELECT `id`,`username` FROM `think_admin` [ RunTime:0.000163s ]
[ sql ] [ SQL ] SHOW COLUMNS FROM `think_counts` [ RunTime:0.000437s ]
[ sql ] [ SQL ] SELECT COUNT(*) AS tp_count FROM `think_counts` LIMIT 1 [ RunTime:0.000110s ]
[ sql ] [ SQL ] SELECT * FROM `think_counts` ORDER BY add_time desc LIMIT 40,10 [ RunTime:0.000137s ]
---------------------------------------------------------------
[ 2018-04-07T19:10:12+08:00 ] 172.26.33.75 171.109.27.123 GET /admin/counts/index.html?page=1&start_time=&end_time=
[ info ] www.mo1120.com/admin/counts/index.html?page=1&start_time=&end_time= [运行时间：0.046307s][吞吐率：21.59req/s] [内存消耗：3,163.70kb] [文件加载：81]
[ info ] [ LANG ] /www/wwwroot/ent.mo1120.com/thinkphp/lang/zh-cn.php
[ info ] [ ROUTE ] array (
  'type' => 'module',
  'module' => 
  array (
    0 => 'admin',
    1 => 'counts',
    2 => 'index',
  ),
)
[ info ] [ HEADER ] array (
  'connection' => 'keep-alive',
  'cookie' => 'serverType=nginx; order=id%20desc; one=0.06; five=0.01; fifteen=0; conterError=; memRealUsed=238; mem-before=238/996%20%28MB%29; memSize=996; upNet=0.09; downNet=0.15; apacheVersion=; phpVersion=0; softType=3; backup_path=/www/backup; PHPSESSID=pn3orduegthddtv4jv6cq5t9po',
  'x-requested-with' => 'XMLHttpRequest',
  'referer' => 'http://www.mo1120.com/admin/counts/index.html',
  'accept-encoding' => 'gzip, deflate',
  'accept-language' => 'zh-CN,zh;q=0.8,zh-TW;q=0.7,zh-HK;q=0.5,en-US;q=0.3,en;q=0.2',
  'accept' => 'application/json, text/javascript, */*; q=0.01',
  'user-agent' => 'Mozilla/5.0 (Windows NT 10.0; Win64; x64; rv:59.0) Gecko/20100101 Firefox/59.0',
  'host' => 'www.mo1120.com',
  'content-type' => '',
  'content-length' => '',
)
[ info ] [ PARAM ] array (
  'page' => '1',
  'start_time' => '',
  'end_time' => '',
)
[ info ] [ SESSION ] INIT array (
  'id' => '',
  'var_session_id' => '',
  'prefix' => 'think',
  'type' => '',
  'auto_start' => true,
)
[ info ] [ DB ] INIT mysql
[ info ] [ CACHE ] INIT file
[ info ] [ RUN ] app\admin\controller\Counts->index[ /www/wwwroot/ent.mo1120.com/application/admin/controller/Counts.php ]
[ info ] [ LOG ] INIT File
[ sql ] [ DB ] CONNECT:[ UseTime:0.000359s ] mysql:dbname=tp5;host=127.0.0.1;port=3306;charset=utf8
[ sql ] [ SQL ] SHOW COLUMNS FROM `think_auth_rule` [ RunTime:0.000775s ]
[ sql ] [ SQL ] SELECT * FROM `think_auth_rule` WHERE  (  status = 1 ) ORDER BY `sort` [ RunTime:0.000303s ]
[ sql ] [ SQL ] SHOW COLUMNS FROM `think_admin` [ RunTime:0.000588s ]
[ sql ] [ SQL ] SELECT `id`,`username` FROM `think_admin` [ RunTime:0.000145s ]
[ sql ] [ SQL ] SHOW COLUMNS FROM `think_counts` [ RunTime:0.000500s ]
[ sql ] [ SQL ] SELECT COUNT(*) AS tp_count FROM `think_counts` LIMIT 1 [ RunTime:0.000113s ]
[ sql ] [ SQL ] SELECT * FROM `think_counts` ORDER BY add_time desc LIMIT 0,10 [ RunTime:0.000131s ]
---------------------------------------------------------------
[ 2018-04-07T19:10:15+08:00 ] 172.26.33.75 171.109.27.123 GET /admin/counts/index.html?page=2&start_time=&end_time=
[ info ] www.mo1120.com/admin/counts/index.html?page=2&start_time=&end_time= [运行时间：0.043952s][吞吐率：22.75req/s] [内存消耗：3,163.70kb] [文件加载：81]
[ info ] [ LANG ] /www/wwwroot/ent.mo1120.com/thinkphp/lang/zh-cn.php
[ info ] [ ROUTE ] array (
  'type' => 'module',
  'module' => 
  array (
    0 => 'admin',
    1 => 'counts',
    2 => 'index',
  ),
)
[ info ] [ HEADER ] array (
  'connection' => 'keep-alive',
  'cookie' => 'serverType=nginx; order=id%20desc; one=0.06; five=0.01; fifteen=0; conterError=; memRealUsed=238; mem-before=238/996%20%28MB%29; memSize=996; upNet=0.09; downNet=0.15; apacheVersion=; phpVersion=0; softType=3; backup_path=/www/backup; PHPSESSID=pn3orduegthddtv4jv6cq5t9po',
  'x-requested-with' => 'XMLHttpRequest',
  'referer' => 'http://www.mo1120.com/admin/counts/index.html',
  'accept-encoding' => 'gzip, deflate',
  'accept-language' => 'zh-CN,zh;q=0.8,zh-TW;q=0.7,zh-HK;q=0.5,en-US;q=0.3,en;q=0.2',
  'accept' => 'application/json, text/javascript, */*; q=0.01',
  'user-agent' => 'Mozilla/5.0 (Windows NT 10.0; Win64; x64; rv:59.0) Gecko/20100101 Firefox/59.0',
  'host' => 'www.mo1120.com',
  'content-type' => '',
  'content-length' => '',
)
[ info ] [ PARAM ] array (
  'page' => '2',
  'start_time' => '',
  'end_time' => '',
)
[ info ] [ SESSION ] INIT array (
  'id' => '',
  'var_session_id' => '',
  'prefix' => 'think',
  'type' => '',
  'auto_start' => true,
)
[ info ] [ DB ] INIT mysql
[ info ] [ CACHE ] INIT file
[ info ] [ RUN ] app\admin\controller\Counts->index[ /www/wwwroot/ent.mo1120.com/application/admin/controller/Counts.php ]
[ info ] [ LOG ] INIT File
[ sql ] [ DB ] CONNECT:[ UseTime:0.000303s ] mysql:dbname=tp5;host=127.0.0.1;port=3306;charset=utf8
[ sql ] [ SQL ] SHOW COLUMNS FROM `think_auth_rule` [ RunTime:0.000722s ]
[ sql ] [ SQL ] SELECT * FROM `think_auth_rule` WHERE  (  status = 1 ) ORDER BY `sort` [ RunTime:0.000345s ]
[ sql ] [ SQL ] SHOW COLUMNS FROM `think_admin` [ RunTime:0.000612s ]
[ sql ] [ SQL ] SELECT `id`,`username` FROM `think_admin` [ RunTime:0.000113s ]
[ sql ] [ SQL ] SHOW COLUMNS FROM `think_counts` [ RunTime:0.000539s ]
[ sql ] [ SQL ] SELECT COUNT(*) AS tp_count FROM `think_counts` LIMIT 1 [ RunTime:0.000112s ]
[ sql ] [ SQL ] SELECT * FROM `think_counts` ORDER BY add_time desc LIMIT 10,10 [ RunTime:0.000121s ]
---------------------------------------------------------------
[ 2018-04-07T19:10:16+08:00 ] 172.26.33.75 171.109.27.123 GET /admin/counts/index.html?page=27&start_time=&end_time=
[ info ] www.mo1120.com/admin/counts/index.html?page=27&start_time=&end_time= [运行时间：0.042437s][吞吐率：23.56req/s] [内存消耗：3,162.61kb] [文件加载：81]
[ info ] [ LANG ] /www/wwwroot/ent.mo1120.com/thinkphp/lang/zh-cn.php
[ info ] [ ROUTE ] array (
  'type' => 'module',
  'module' => 
  array (
    0 => 'admin',
    1 => 'counts',
    2 => 'index',
  ),
)
[ info ] [ HEADER ] array (
  'connection' => 'keep-alive',
  'cookie' => 'serverType=nginx; order=id%20desc; one=0.06; five=0.01; fifteen=0; conterError=; memRealUsed=238; mem-before=238/996%20%28MB%29; memSize=996; upNet=0.09; downNet=0.15; apacheVersion=; phpVersion=0; softType=3; backup_path=/www/backup; PHPSESSID=pn3orduegthddtv4jv6cq5t9po',
  'x-requested-with' => 'XMLHttpRequest',
  'referer' => 'http://www.mo1120.com/admin/counts/index.html',
  'accept-encoding' => 'gzip, deflate',
  'accept-language' => 'zh-CN,zh;q=0.8,zh-TW;q=0.7,zh-HK;q=0.5,en-US;q=0.3,en;q=0.2',
  'accept' => 'application/json, text/javascript, */*; q=0.01',
  'user-agent' => 'Mozilla/5.0 (Windows NT 10.0; Win64; x64; rv:59.0) Gecko/20100101 Firefox/59.0',
  'host' => 'www.mo1120.com',
  'content-type' => '',
  'content-length' => '',
)
[ info ] [ PARAM ] array (
  'page' => '27',
  'start_time' => '',
  'end_time' => '',
)
[ info ] [ SESSION ] INIT array (
  'id' => '',
  'var_session_id' => '',
  'prefix' => 'think',
  'type' => '',
  'auto_start' => true,
)
[ info ] [ DB ] INIT mysql
[ info ] [ CACHE ] INIT file
[ info ] [ RUN ] app\admin\controller\Counts->index[ /www/wwwroot/ent.mo1120.com/application/admin/controller/Counts.php ]
[ info ] [ LOG ] INIT File
[ sql ] [ DB ] CONNECT:[ UseTime:0.000344s ] mysql:dbname=tp5;host=127.0.0.1;port=3306;charset=utf8
[ sql ] [ SQL ] SHOW COLUMNS FROM `think_auth_rule` [ RunTime:0.000729s ]
[ sql ] [ SQL ] SELECT * FROM `think_auth_rule` WHERE  (  status = 1 ) ORDER BY `sort` [ RunTime:0.000267s ]
[ sql ] [ SQL ] SHOW COLUMNS FROM `think_admin` [ RunTime:0.000586s ]
[ sql ] [ SQL ] SELECT `id`,`username` FROM `think_admin` [ RunTime:0.000145s ]
[ sql ] [ SQL ] SHOW COLUMNS FROM `think_counts` [ RunTime:0.000460s ]
[ sql ] [ SQL ] SELECT COUNT(*) AS tp_count FROM `think_counts` LIMIT 1 [ RunTime:0.000111s ]
[ sql ] [ SQL ] SELECT * FROM `think_counts` ORDER BY add_time desc LIMIT 260,10 [ RunTime:0.000413s ]
---------------------------------------------------------------
[ 2018-04-07T19:10:19+08:00 ] 172.26.33.75 171.109.27.123 GET /admin/counts/index.html?page=1&start_time=&end_time=
[ info ] www.mo1120.com/admin/counts/index.html?page=1&start_time=&end_time= [运行时间：0.043153s][吞吐率：23.17req/s] [内存消耗：3,163.70kb] [文件加载：81]
[ info ] [ LANG ] /www/wwwroot/ent.mo1120.com/thinkphp/lang/zh-cn.php
[ info ] [ ROUTE ] array (
  'type' => 'module',
  'module' => 
  array (
    0 => 'admin',
    1 => 'counts',
    2 => 'index',
  ),
)
[ info ] [ HEADER ] array (
  'connection' => 'keep-alive',
  'cookie' => 'serverType=nginx; order=id%20desc; one=0.06; five=0.01; fifteen=0; conterError=; memRealUsed=238; mem-before=238/996%20%28MB%29; memSize=996; upNet=0.09; downNet=0.15; apacheVersion=; phpVersion=0; softType=3; backup_path=/www/backup; PHPSESSID=pn3orduegthddtv4jv6cq5t9po',
  'x-requested-with' => 'XMLHttpRequest',
  'referer' => 'http://www.mo1120.com/admin/counts/index.html',
  'accept-encoding' => 'gzip, deflate',
  'accept-language' => 'zh-CN,zh;q=0.8,zh-TW;q=0.7,zh-HK;q=0.5,en-US;q=0.3,en;q=0.2',
  'accept' => 'application/json, text/javascript, */*; q=0.01',
  'user-agent' => 'Mozilla/5.0 (Windows NT 10.0; Win64; x64; rv:59.0) Gecko/20100101 Firefox/59.0',
  'host' => 'www.mo1120.com',
  'content-type' => '',
  'content-length' => '',
)
[ info ] [ PARAM ] array (
  'page' => '1',
  'start_time' => '',
  'end_time' => '',
)
[ info ] [ SESSION ] INIT array (
  'id' => '',
  'var_session_id' => '',
  'prefix' => 'think',
  'type' => '',
  'auto_start' => true,
)
[ info ] [ DB ] INIT mysql
[ info ] [ CACHE ] INIT file
[ info ] [ RUN ] app\admin\controller\Counts->index[ /www/wwwroot/ent.mo1120.com/application/admin/controller/Counts.php ]
[ info ] [ LOG ] INIT File
[ sql ] [ DB ] CONNECT:[ UseTime:0.000336s ] mysql:dbname=tp5;host=127.0.0.1;port=3306;charset=utf8
[ sql ] [ SQL ] SHOW COLUMNS FROM `think_auth_rule` [ RunTime:0.000761s ]
[ sql ] [ SQL ] SELECT * FROM `think_auth_rule` WHERE  (  status = 1 ) ORDER BY `sort` [ RunTime:0.000297s ]
[ sql ] [ SQL ] SHOW COLUMNS FROM `think_admin` [ RunTime:0.000592s ]
[ sql ] [ SQL ] SELECT `id`,`username` FROM `think_admin` [ RunTime:0.000119s ]
[ sql ] [ SQL ] SHOW COLUMNS FROM `think_counts` [ RunTime:0.000491s ]
[ sql ] [ SQL ] SELECT COUNT(*) AS tp_count FROM `think_counts` LIMIT 1 [ RunTime:0.000118s ]
[ sql ] [ SQL ] SELECT * FROM `think_counts` ORDER BY add_time desc LIMIT 0,10 [ RunTime:0.000124s ]
---------------------------------------------------------------
[ 2018-04-07T19:10:28+08:00 ] 172.26.33.75 171.109.27.123 GET /
[ info ] www.mo1120.com/ [运行时间：0.042128s][吞吐率：23.74req/s] [内存消耗：3,026.08kb] [文件加载：75]
[ info ] [ LANG ] /www/wwwroot/ent.mo1120.com/thinkphp/lang/zh-cn.php
[ info ] [ ROUTE ] array (
  'type' => 'module',
  'module' => 
  array (
    0 => '',
    1 => NULL,
    2 => NULL,
  ),
)
[ info ] [ HEADER ] array (
  'upgrade-insecure-requests' => '1',
  'connection' => 'keep-alive',
  'cookie' => 'serverType=nginx; order=id%20desc; one=0.06; five=0.01; fifteen=0; conterError=; memRealUsed=238; mem-before=238/996%20%28MB%29; memSize=996; upNet=0.09; downNet=0.15; apacheVersion=; phpVersion=0; softType=3; backup_path=/www/backup; PHPSESSID=pn3orduegthddtv4jv6cq5t9po',
  'accept-encoding' => 'gzip, deflate',
  'accept-language' => 'zh-CN,zh;q=0.8,zh-TW;q=0.7,zh-HK;q=0.5,en-US;q=0.3,en;q=0.2',
  'accept' => 'text/html,application/xhtml+xml,application/xml;q=0.9,*/*;q=0.8',
  'user-agent' => 'Mozilla/5.0 (Windows NT 10.0; Win64; x64; rv:59.0) Gecko/20100101 Firefox/59.0',
  'host' => 'www.mo1120.com',
  'content-type' => '',
  'content-length' => '',
)
[ info ] [ PARAM ] array (
)
[ info ] [ DB ] INIT mysql
[ info ] [ RUN ] app\index\controller\Index->index[ /www/wwwroot/ent.mo1120.com/application/index/controller/Index.php ]
[ info ] [ VIEW ] /www/wwwroot/ent.mo1120.com/public/../application/index/view/index/index.html [ array (
  0 => 'config',
  1 => 'a',
  2 => 'solu_cate ',
  3 => 'cust_img',
  4 => 'news',
  5 => 'img',
  6 => 'customer',
  7 => 'menu',
) ]
[ info ] [ LOG ] INIT File
[ sql ] [ DB ] CONNECT:[ UseTime:0.000317s ] mysql:dbname=tp5;host=127.0.0.1;port=3306;charset=utf8
[ sql ] [ SQL ] SHOW COLUMNS FROM `think_config` [ RunTime:0.000628s ]
[ sql ] [ SQL ] SELECT * FROM `think_config` [ RunTime:0.000172s ]
[ sql ] [ SQL ] SHOW COLUMNS FROM `think_counts` [ RunTime:0.000437s ]
[ sql ] [ SQL ] SELECT * FROM `think_counts` WHERE  `ip` = '171.109.27.123'  AND `add_time` BETWEEN 1523030400 AND 1523116800 LIMIT 1 [ RunTime:0.000317s ]
[ sql ] [ SQL ] INSERT INTO `think_counts` (`ip` , `add_time`) VALUES ('171.109.27.123' , 1523099428) [ RunTime:0.000233s ]
[ sql ] [ SQL ] SHOW COLUMNS FROM `think_customer` [ RunTime:0.000513s ]
[ sql ] [ SQL ] SELECT * FROM `think_customer` WHERE  `is_on` = 1 [ RunTime:0.000145s ]
[ sql ] [ SQL ] SHOW COLUMNS FROM `think_index_img` [ RunTime:0.000488s ]
[ sql ] [ SQL ] SELECT * FROM `think_index_img` WHERE  `is_on` = 1 [ RunTime:0.000124s ]
[ sql ] [ SQL ] SHOW COLUMNS FROM `think_news` [ RunTime:0.000498s ]
[ sql ] [ SQL ] SELECT * FROM `think_news` WHERE  `status` = 1 ORDER BY id desc LIMIT 2 [ RunTime:0.000144s ]
[ sql ] [ SQL ] SHOW COLUMNS FROM `think_cust_img` [ RunTime:0.000447s ]
[ sql ] [ SQL ] SELECT * FROM `think_cust_img` WHERE  `is_on` = 1 ORDER BY id desc [ RunTime:0.000155s ]
[ sql ] [ SQL ] SHOW COLUMNS FROM `think_solutions_cate` [ RunTime:0.000436s ]
[ sql ] [ SQL ] SELECT * FROM `think_solutions_cate` WHERE  `is_on` = 1 ORDER BY id desc [ RunTime:0.000185s ]
---------------------------------------------------------------
[ 2018-04-07T19:10:34+08:00 ] 172.26.33.75 171.109.27.123 GET /admin/counts/index.html
[ info ] www.mo1120.com/admin/counts/index.html [运行时间：0.049728s][吞吐率：20.11req/s] [内存消耗：3,169.14kb] [文件加载：81]
[ info ] [ LANG ] /www/wwwroot/ent.mo1120.com/thinkphp/lang/zh-cn.php
[ info ] [ ROUTE ] array (
  'type' => 'module',
  'module' => 
  array (
    0 => 'admin',
    1 => 'counts',
    2 => 'index',
  ),
)
[ info ] [ HEADER ] array (
  'cache-control' => 'max-age=0',
  'upgrade-insecure-requests' => '1',
  'connection' => 'keep-alive',
  'cookie' => 'serverType=nginx; order=id%20desc; one=0.06; five=0.01; fifteen=0; conterError=; memRealUsed=238; mem-before=238/996%20%28MB%29; memSize=996; upNet=0.09; downNet=0.15; apacheVersion=; phpVersion=0; softType=3; backup_path=/www/backup; PHPSESSID=pn3orduegthddtv4jv6cq5t9po',
  'referer' => 'http://www.mo1120.com/admin/index/index.html',
  'accept-encoding' => 'gzip, deflate',
  'accept-language' => 'zh-CN,zh;q=0.8,zh-TW;q=0.7,zh-HK;q=0.5,en-US;q=0.3,en;q=0.2',
  'accept' => 'text/html,application/xhtml+xml,application/xml;q=0.9,*/*;q=0.8',
  'user-agent' => 'Mozilla/5.0 (Windows NT 10.0; Win64; x64; rv:59.0) Gecko/20100101 Firefox/59.0',
  'host' => 'www.mo1120.com',
  'content-type' => '',
  'content-length' => '',
)
[ info ] [ PARAM ] array (
)
[ info ] [ SESSION ] INIT array (
  'id' => '',
  'var_session_id' => '',
  'prefix' => 'think',
  'type' => '',
  'auto_start' => true,
)
[ info ] [ DB ] INIT mysql
[ info ] [ CACHE ] INIT file
[ info ] [ RUN ] app\admin\controller\Counts->index[ /www/wwwroot/ent.mo1120.com/application/admin/controller/Counts.php ]
[ info ] [ VIEW ] /www/wwwroot/ent.mo1120.com/public/../application/admin/view/counts/index.html [ array (
  0 => 'username',
  1 => 'portrait',
  2 => 'rolename',
  3 => 'menu',
  4 => 'Nowpage',
  5 => 'allpage',
  6 => 'count',
  7 => 'search_user',
  8 => 'start_time',
  9 => 'end_time',
) ]
[ info ] [ LOG ] INIT File
[ sql ] [ DB ] CONNECT:[ UseTime:0.000320s ] mysql:dbname=tp5;host=127.0.0.1;port=3306;charset=utf8
[ sql ] [ SQL ] SHOW COLUMNS FROM `think_auth_rule` [ RunTime:0.000746s ]
[ sql ] [ SQL ] SELECT * FROM `think_auth_rule` WHERE  (  status = 1 ) ORDER BY `sort` [ RunTime:0.000269s ]
[ sql ] [ SQL ] SHOW COLUMNS FROM `think_admin` [ RunTime:0.000559s ]
[ sql ] [ SQL ] SELECT `id`,`username` FROM `think_admin` [ RunTime:0.000110s ]
[ sql ] [ SQL ] SHOW COLUMNS FROM `think_counts` [ RunTime:0.000458s ]
[ sql ] [ SQL ] SELECT COUNT(*) AS tp_count FROM `think_counts` LIMIT 1 [ RunTime:0.000234s ]
[ sql ] [ SQL ] SELECT * FROM `think_counts` ORDER BY add_time desc LIMIT 0,10 [ RunTime:0.000298s ]
---------------------------------------------------------------
[ 2018-04-07T19:10:36+08:00 ] 172.26.33.75 171.109.27.123 GET /admin/counts/index.html?page=1&start_time=&end_time=
[ info ] www.mo1120.com/admin/counts/index.html?page=1&start_time=&end_time= [运行时间：0.044124s][吞吐率：22.66req/s] [内存消耗：3,163.91kb] [文件加载：81]
[ info ] [ LANG ] /www/wwwroot/ent.mo1120.com/thinkphp/lang/zh-cn.php
[ info ] [ ROUTE ] array (
  'type' => 'module',
  'module' => 
  array (
    0 => 'admin',
    1 => 'counts',
    2 => 'index',
  ),
)
[ info ] [ HEADER ] array (
  'cache-control' => 'max-age=0',
  'connection' => 'keep-alive',
  'cookie' => 'serverType=nginx; order=id%20desc; one=0.06; five=0.01; fifteen=0; conterError=; memRealUsed=238; mem-before=238/996%20%28MB%29; memSize=996; upNet=0.09; downNet=0.15; apacheVersion=; phpVersion=0; softType=3; backup_path=/www/backup; PHPSESSID=pn3orduegthddtv4jv6cq5t9po',
  'x-requested-with' => 'XMLHttpRequest',
  'referer' => 'http://www.mo1120.com/admin/counts/index.html',
  'accept-encoding' => 'gzip, deflate',
  'accept-language' => 'zh-CN,zh;q=0.8,zh-TW;q=0.7,zh-HK;q=0.5,en-US;q=0.3,en;q=0.2',
  'accept' => 'application/json, text/javascript, */*; q=0.01',
  'user-agent' => 'Mozilla/5.0 (Windows NT 10.0; Win64; x64; rv:59.0) Gecko/20100101 Firefox/59.0',
  'host' => 'www.mo1120.com',
  'content-type' => '',
  'content-length' => '',
)
[ info ] [ PARAM ] array (
  'page' => '1',
  'start_time' => '',
  'end_time' => '',
)
[ info ] [ SESSION ] INIT array (
  'id' => '',
  'var_session_id' => '',
  'prefix' => 'think',
  'type' => '',
  'auto_start' => true,
)
[ info ] [ DB ] INIT mysql
[ info ] [ CACHE ] INIT file
[ info ] [ RUN ] app\admin\controller\Counts->index[ /www/wwwroot/ent.mo1120.com/application/admin/controller/Counts.php ]
[ info ] [ LOG ] INIT File
[ sql ] [ DB ] CONNECT:[ UseTime:0.000320s ] mysql:dbname=tp5;host=127.0.0.1;port=3306;charset=utf8
[ sql ] [ SQL ] SHOW COLUMNS FROM `think_auth_rule` [ RunTime:0.000836s ]
[ sql ] [ SQL ] SELECT * FROM `think_auth_rule` WHERE  (  status = 1 ) ORDER BY `sort` [ RunTime:0.000262s ]
[ sql ] [ SQL ] SHOW COLUMNS FROM `think_admin` [ RunTime:0.000551s ]
[ sql ] [ SQL ] SELECT `id`,`username` FROM `think_admin` [ RunTime:0.000113s ]
[ sql ] [ SQL ] SHOW COLUMNS FROM `think_counts` [ RunTime:0.000438s ]
[ sql ] [ SQL ] SELECT COUNT(*) AS tp_count FROM `think_counts` LIMIT 1 [ RunTime:0.000135s ]
[ sql ] [ SQL ] SELECT * FROM `think_counts` ORDER BY add_time desc LIMIT 0,10 [ RunTime:0.000127s ]
---------------------------------------------------------------
[ 2018-04-07T19:23:26+08:00 ] 172.26.33.75 220.181.125.138 GET /
[ info ] www.mo1120.com/ [运行时间：0.042029s][吞吐率：23.79req/s] [内存消耗：3,022.88kb] [文件加载：75]
[ info ] [ LANG ] /www/wwwroot/ent.mo1120.com/thinkphp/lang/zh-cn.php
[ info ] [ ROUTE ] array (
  'type' => 'module',
  'module' => 
  array (
    0 => '',
    1 => NULL,
    2 => NULL,
  ),
)
[ info ] [ HEADER ] array (
  'if-modified-since' => 'Thu, 15 Mar 2018 11:03:11 GMT',
  'connection' => 'close',
  'user-agent' => 'Sogou web spider/4.0(+http://www.sogou.com/docs/help/webmasters.htm#07)',
  'accept-encoding' => 'gzip,deflate',
  'accept-language' => 'zh-cn',
  'accept' => '*/*',
  'host' => 'www.mo1120.com',
  'content-type' => '',
  'content-length' => '',
)
[ info ] [ PARAM ] array (
)
[ info ] [ DB ] INIT mysql
[ info ] [ RUN ] app\index\controller\Index->index[ /www/wwwroot/ent.mo1120.com/application/index/controller/Index.php ]
[ info ] [ VIEW ] /www/wwwroot/ent.mo1120.com/public/../application/index/view/index/index.html [ array (
  0 => 'config',
  1 => 'a',
  2 => 'solu_cate ',
  3 => 'cust_img',
  4 => 'news',
  5 => 'img',
  6 => 'customer',
  7 => 'menu',
) ]
[ info ] [ LOG ] INIT File
[ sql ] [ DB ] CONNECT:[ UseTime:0.000321s ] mysql:dbname=tp5;host=127.0.0.1;port=3306;charset=utf8
[ sql ] [ SQL ] SHOW COLUMNS FROM `think_config` [ RunTime:0.000669s ]
[ sql ] [ SQL ] SELECT * FROM `think_config` [ RunTime:0.000142s ]
[ sql ] [ SQL ] SHOW COLUMNS FROM `think_counts` [ RunTime:0.000437s ]
[ sql ] [ SQL ] SELECT * FROM `think_counts` WHERE  `ip` = '220.181.125.138'  AND `add_time` BETWEEN 1523030400 AND 1523116800 LIMIT 1 [ RunTime:0.000348s ]
[ sql ] [ SQL ] INSERT INTO `think_counts` (`ip` , `add_time`) VALUES ('220.181.125.138' , 1523100206) [ RunTime:0.000210s ]
[ sql ] [ SQL ] SHOW COLUMNS FROM `think_customer` [ RunTime:0.000495s ]
[ sql ] [ SQL ] SELECT * FROM `think_customer` WHERE  `is_on` = 1 [ RunTime:0.000146s ]
[ sql ] [ SQL ] SHOW COLUMNS FROM `think_index_img` [ RunTime:0.000453s ]
[ sql ] [ SQL ] SELECT * FROM `think_index_img` WHERE  `is_on` = 1 [ RunTime:0.000149s ]
[ sql ] [ SQL ] SHOW COLUMNS FROM `think_news` [ RunTime:0.000518s ]
[ sql ] [ SQL ] SELECT * FROM `think_news` WHERE  `status` = 1 ORDER BY id desc LIMIT 2 [ RunTime:0.000169s ]
[ sql ] [ SQL ] SHOW COLUMNS FROM `think_cust_img` [ RunTime:0.000419s ]
[ sql ] [ SQL ] SELECT * FROM `think_cust_img` WHERE  `is_on` = 1 ORDER BY id desc [ RunTime:0.000200s ]
[ sql ] [ SQL ] SHOW COLUMNS FROM `think_solutions_cate` [ RunTime:0.000448s ]
[ sql ] [ SQL ] SELECT * FROM `think_solutions_cate` WHERE  `is_on` = 1 ORDER BY id desc [ RunTime:0.000151s ]
---------------------------------------------------------------
[ 2018-04-07T23:08:55+08:00 ] 172.26.33.75 171.109.27.123 GET /admin/counts/index.html
[ info ] www.mo1120.com/admin/counts/index.html [运行时间：0.044417s][吞吐率：22.51req/s] [内存消耗：3,168.93kb] [文件加载：81]
[ info ] [ LANG ] /www/wwwroot/ent.mo1120.com/thinkphp/lang/zh-cn.php
[ info ] [ ROUTE ] array (
  'type' => 'module',
  'module' => 
  array (
    0 => 'admin',
    1 => 'counts',
    2 => 'index',
  ),
)
[ info ] [ HEADER ] array (
  'upgrade-insecure-requests' => '1',
  'connection' => 'keep-alive',
  'cookie' => 'serverType=nginx; order=id%20desc; one=0.06; five=0.01; fifteen=0; conterError=; memRealUsed=238; mem-before=238/996%20%28MB%29; memSize=996; upNet=0.09; downNet=0.15; apacheVersion=; phpVersion=0; softType=3; backup_path=/www/backup; PHPSESSID=pn3orduegthddtv4jv6cq5t9po',
  'referer' => 'http://www.mo1120.com/admin/index/index.html',
  'accept-encoding' => 'gzip, deflate',
  'accept-language' => 'zh-CN,zh;q=0.8,zh-TW;q=0.7,zh-HK;q=0.5,en-US;q=0.3,en;q=0.2',
  'accept' => 'text/html,application/xhtml+xml,application/xml;q=0.9,*/*;q=0.8',
  'user-agent' => 'Mozilla/5.0 (Windows NT 10.0; Win64; x64; rv:59.0) Gecko/20100101 Firefox/59.0',
  'host' => 'www.mo1120.com',
  'content-type' => '',
  'content-length' => '',
)
[ info ] [ PARAM ] array (
)
[ info ] [ SESSION ] INIT array (
  'id' => '',
  'var_session_id' => '',
  'prefix' => 'think',
  'type' => '',
  'auto_start' => true,
)
[ info ] [ DB ] INIT mysql
[ info ] [ CACHE ] INIT file
[ info ] [ RUN ] app\admin\controller\Counts->index[ /www/wwwroot/ent.mo1120.com/application/admin/controller/Counts.php ]
[ info ] [ VIEW ] /www/wwwroot/ent.mo1120.com/public/../application/admin/view/counts/index.html [ array (
  0 => 'username',
  1 => 'portrait',
  2 => 'rolename',
  3 => 'menu',
  4 => 'Nowpage',
  5 => 'allpage',
  6 => 'count',
  7 => 'search_user',
  8 => 'start_time',
  9 => 'end_time',
) ]
[ info ] [ LOG ] INIT File
[ sql ] [ DB ] CONNECT:[ UseTime:0.000367s ] mysql:dbname=tp5;host=127.0.0.1;port=3306;charset=utf8
[ sql ] [ SQL ] SHOW COLUMNS FROM `think_auth_rule` [ RunTime:0.000780s ]
[ sql ] [ SQL ] SELECT * FROM `think_auth_rule` WHERE  (  status = 1 ) ORDER BY `sort` [ RunTime:0.000292s ]
[ sql ] [ SQL ] SHOW COLUMNS FROM `think_admin` [ RunTime:0.000550s ]
[ sql ] [ SQL ] SELECT `id`,`username` FROM `think_admin` [ RunTime:0.000125s ]
[ sql ] [ SQL ] SHOW COLUMNS FROM `think_counts` [ RunTime:0.000474s ]
[ sql ] [ SQL ] SELECT COUNT(*) AS tp_count FROM `think_counts` LIMIT 1 [ RunTime:0.000172s ]
[ sql ] [ SQL ] SELECT * FROM `think_counts` ORDER BY add_time desc LIMIT 0,10 [ RunTime:0.000313s ]
---------------------------------------------------------------
[ 2018-04-07T23:08:56+08:00 ] 172.26.33.75 171.109.27.123 GET /admin/counts/index.html?page=1&start_time=&end_time=
[ info ] www.mo1120.com/admin/counts/index.html?page=1&start_time=&end_time= [运行时间：0.042108s][吞吐率：23.75req/s] [内存消耗：3,163.70kb] [文件加载：81]
[ info ] [ LANG ] /www/wwwroot/ent.mo1120.com/thinkphp/lang/zh-cn.php
[ info ] [ ROUTE ] array (
  'type' => 'module',
  'module' => 
  array (
    0 => 'admin',
    1 => 'counts',
    2 => 'index',
  ),
)
[ info ] [ HEADER ] array (
  'connection' => 'keep-alive',
  'cookie' => 'serverType=nginx; order=id%20desc; one=0.06; five=0.01; fifteen=0; conterError=; memRealUsed=238; mem-before=238/996%20%28MB%29; memSize=996; upNet=0.09; downNet=0.15; apacheVersion=; phpVersion=0; softType=3; backup_path=/www/backup; PHPSESSID=pn3orduegthddtv4jv6cq5t9po',
  'x-requested-with' => 'XMLHttpRequest',
  'referer' => 'http://www.mo1120.com/admin/counts/index.html',
  'accept-encoding' => 'gzip, deflate',
  'accept-language' => 'zh-CN,zh;q=0.8,zh-TW;q=0.7,zh-HK;q=0.5,en-US;q=0.3,en;q=0.2',
  'accept' => 'application/json, text/javascript, */*; q=0.01',
  'user-agent' => 'Mozilla/5.0 (Windows NT 10.0; Win64; x64; rv:59.0) Gecko/20100101 Firefox/59.0',
  'host' => 'www.mo1120.com',
  'content-type' => '',
  'content-length' => '',
)
[ info ] [ PARAM ] array (
  'page' => '1',
  'start_time' => '',
  'end_time' => '',
)
[ info ] [ SESSION ] INIT array (
  'id' => '',
  'var_session_id' => '',
  'prefix' => 'think',
  'type' => '',
  'auto_start' => true,
)
[ info ] [ DB ] INIT mysql
[ info ] [ CACHE ] INIT file
[ info ] [ RUN ] app\admin\controller\Counts->index[ /www/wwwroot/ent.mo1120.com/application/admin/controller/Counts.php ]
[ info ] [ LOG ] INIT File
[ sql ] [ DB ] CONNECT:[ UseTime:0.000289s ] mysql:dbname=tp5;host=127.0.0.1;port=3306;charset=utf8
[ sql ] [ SQL ] SHOW COLUMNS FROM `think_auth_rule` [ RunTime:0.000720s ]
[ sql ] [ SQL ] SELECT * FROM `think_auth_rule` WHERE  (  status = 1 ) ORDER BY `sort` [ RunTime:0.000286s ]
[ sql ] [ SQL ] SHOW COLUMNS FROM `think_admin` [ RunTime:0.000567s ]
[ sql ] [ SQL ] SELECT `id`,`username` FROM `think_admin` [ RunTime:0.000110s ]
[ sql ] [ SQL ] SHOW COLUMNS FROM `think_counts` [ RunTime:0.000469s ]
[ sql ] [ SQL ] SELECT COUNT(*) AS tp_count FROM `think_counts` LIMIT 1 [ RunTime:0.000109s ]
[ sql ] [ SQL ] SELECT * FROM `think_counts` ORDER BY add_time desc LIMIT 0,10 [ RunTime:0.000116s ]
