---------------------------------------------------------------
[ 2018-04-13T00:50:13+08:00 ] 172.26.33.75 220.181.108.83 GET /
[ info ] www.mo1120.com/ [运行时间：0.041651s][吞吐率：24.01req/s] [内存消耗：3,022.81kb] [文件加载：75]
[ info ] [ LANG ] /www/wwwroot/ent.mo1120.com/thinkphp/lang/zh-cn.php
[ info ] [ ROUTE ] array (
  'type' => 'module',
  'module' => 
  array (
    0 => '',
    1 => NULL,
    2 => NULL,
  ),
)
[ info ] [ HEADER ] array (
  'accept' => '*/*',
  'accept-encoding' => 'gzip',
  'if-none-match' => '"@NULL@"',
  'accept-language' => 'zh-cn,zh-tw',
  'user-agent' => 'Mozilla/5.0 (compatible; Baiduspider/2.0; +http://www.baidu.com/search/spider.html)',
  'connection' => 'close',
  'host' => 'www.mo1120.com',
  'content-type' => '',
  'content-length' => '',
)
[ info ] [ PARAM ] array (
)
[ info ] [ DB ] INIT mysql
[ info ] [ RUN ] app\index\controller\Index->index[ /www/wwwroot/ent.mo1120.com/application/index/controller/Index.php ]
[ info ] [ VIEW ] /www/wwwroot/ent.mo1120.com/public/../application/index/view/index/index.html [ array (
  0 => 'config',
  1 => 'a',
  2 => 'solu_cate ',
  3 => 'cust_img',
  4 => 'news',
  5 => 'img',
  6 => 'customer',
  7 => 'menu',
) ]
[ info ] [ LOG ] INIT File
[ sql ] [ DB ] CONNECT:[ UseTime:0.000346s ] mysql:dbname=tp5;host=127.0.0.1;port=3306;charset=utf8
[ sql ] [ SQL ] SHOW COLUMNS FROM `think_config` [ RunTime:0.000689s ]
[ sql ] [ SQL ] SELECT * FROM `think_config` [ RunTime:0.000140s ]
[ sql ] [ SQL ] SHOW COLUMNS FROM `think_counts` [ RunTime:0.000468s ]
[ sql ] [ SQL ] SELECT * FROM `think_counts` WHERE  `ip` = '220.181.108.83'  AND `add_time` BETWEEN 1523548800 AND 1523635200 LIMIT 1 [ RunTime:0.000337s ]
[ sql ] [ SQL ] INSERT INTO `think_counts` (`ip` , `add_time`) VALUES ('220.181.108.83' , 1523551813) [ RunTime:0.000233s ]
[ sql ] [ SQL ] SHOW COLUMNS FROM `think_customer` [ RunTime:0.000643s ]
[ sql ] [ SQL ] SELECT * FROM `think_customer` WHERE  `is_on` = 1 [ RunTime:0.000148s ]
[ sql ] [ SQL ] SHOW COLUMNS FROM `think_index_img` [ RunTime:0.000462s ]
[ sql ] [ SQL ] SELECT * FROM `think_index_img` WHERE  `is_on` = 1 [ RunTime:0.000149s ]
[ sql ] [ SQL ] SHOW COLUMNS FROM `think_news` [ RunTime:0.000461s ]
[ sql ] [ SQL ] SELECT * FROM `think_news` WHERE  `status` = 1 ORDER BY id desc LIMIT 2 [ RunTime:0.000144s ]
[ sql ] [ SQL ] SHOW COLUMNS FROM `think_cust_img` [ RunTime:0.000431s ]
[ sql ] [ SQL ] SELECT * FROM `think_cust_img` WHERE  `is_on` = 1 ORDER BY id desc [ RunTime:0.000155s ]
[ sql ] [ SQL ] SHOW COLUMNS FROM `think_solutions_cate` [ RunTime:0.000468s ]
[ sql ] [ SQL ] SELECT * FROM `think_solutions_cate` WHERE  `is_on` = 1 ORDER BY id desc [ RunTime:0.000149s ]
---------------------------------------------------------------
[ 2018-04-13T08:19:07+08:00 ] 172.26.33.75 123.125.71.40 GET /index/news/index.html
[ info ] www.mo1120.com/index/news/index.html [运行时间：0.065381s][吞吐率：15.29req/s] [内存消耗：3,064.13kb] [文件加载：78]
[ info ] [ LANG ] /www/wwwroot/ent.mo1120.com/thinkphp/lang/zh-cn.php
[ info ] [ ROUTE ] array (
  'type' => 'module',
  'module' => 
  array (
    0 => 'index',
    1 => 'news',
    2 => 'index',
  ),
)
[ info ] [ HEADER ] array (
  'accept' => '*/*',
  'accept-language' => 'zh-cn,zh-tw',
  'accept-encoding' => 'gzip',
  'user-agent' => 'Mozilla/5.0 (compatible; Baiduspider/2.0; +http://www.baidu.com/search/spider.html)',
  'connection' => 'close',
  'host' => 'www.mo1120.com',
  'content-type' => '',
  'content-length' => '',
)
[ info ] [ PARAM ] array (
)
[ info ] [ DB ] INIT mysql
[ info ] [ RUN ] app\index\controller\News->index[ /www/wwwroot/ent.mo1120.com/application/index/controller/News.php ]
[ info ] [ VIEW ] /www/wwwroot/ent.mo1120.com/public/../application/index/view/news/index.html [ array (
  0 => 'config',
  1 => 'hot',
  2 => 'data',
  3 => 'menu',
) ]
[ info ] [ LOG ] INIT File
[ sql ] [ DB ] CONNECT:[ UseTime:0.000318s ] mysql:dbname=tp5;host=127.0.0.1;port=3306;charset=utf8
[ sql ] [ SQL ] SHOW COLUMNS FROM `think_config` [ RunTime:0.000667s ]
[ sql ] [ SQL ] SELECT * FROM `think_config` [ RunTime:0.000139s ]
[ sql ] [ SQL ] SHOW COLUMNS FROM `think_counts` [ RunTime:0.000470s ]
[ sql ] [ SQL ] SELECT * FROM `think_counts` WHERE  `ip` = '123.125.71.40'  AND `add_time` BETWEEN 1523548800 AND 1523635200 LIMIT 1 [ RunTime:0.000340s ]
[ sql ] [ SQL ] INSERT INTO `think_counts` (`ip` , `add_time`) VALUES ('123.125.71.40' , 1523578747) [ RunTime:0.000224s ]
[ sql ] [ SQL ] SHOW COLUMNS FROM `think_news` [ RunTime:0.000741s ]
[ sql ] [ SQL ] SELECT COUNT(*) AS tp_count FROM `think_news` INNER JOIN `think_news_cate` `think_news_cate` ON `think_news`.`cate_id`=`think_news_cate`.`id` WHERE  `think_news`.`status` = 1 LIMIT 1 [ RunTime:0.000577s ]
[ sql ] [ SQL ] SELECT `think_news`.*,`name` FROM `think_news` INNER JOIN `think_news_cate` `think_news_cate` ON `think_news`.`cate_id`=`think_news_cate`.`id` WHERE  `think_news`.`status` = 1 ORDER BY id desc LIMIT 0,6 [ RunTime:0.000449s ]
[ sql ] [ SQL ] SELECT * FROM `think_news` ORDER BY views desc LIMIT 5 [ RunTime:0.000220s ]
---------------------------------------------------------------
[ 2018-04-13T08:19:07+08:00 ] 172.26.33.75 123.125.71.105 GET /index/news/
[ info ] www.mo1120.com/index/news/ [运行时间：0.039580s][吞吐率：25.27req/s] [内存消耗：3,063.84kb] [文件加载：78]
[ info ] [ LANG ] /www/wwwroot/ent.mo1120.com/thinkphp/lang/zh-cn.php
[ info ] [ ROUTE ] array (
  'type' => 'module',
  'module' => 
  array (
    0 => 'index',
    1 => 'news',
    2 => NULL,
  ),
)
[ info ] [ HEADER ] array (
  'accept-encoding' => 'gzip',
  'user-agent' => 'Mozilla/5.0 (compatible; Baiduspider/2.0; +http://www.baidu.com/search/spider.html)',
  'accept-language' => 'zh-cn,zh-tw',
  'connection' => 'close',
  'host' => 'www.mo1120.com',
  'content-type' => '',
  'content-length' => '',
)
[ info ] [ PARAM ] array (
)
[ info ] [ DB ] INIT mysql
[ info ] [ RUN ] app\index\controller\News->index[ /www/wwwroot/ent.mo1120.com/application/index/controller/News.php ]
[ info ] [ VIEW ] /www/wwwroot/ent.mo1120.com/public/../application/index/view/news/index.html [ array (
  0 => 'config',
  1 => 'hot',
  2 => 'data',
  3 => 'menu',
) ]
[ info ] [ LOG ] INIT File
[ sql ] [ DB ] CONNECT:[ UseTime:0.000317s ] mysql:dbname=tp5;host=127.0.0.1;port=3306;charset=utf8
[ sql ] [ SQL ] SHOW COLUMNS FROM `think_config` [ RunTime:0.000680s ]
[ sql ] [ SQL ] SELECT * FROM `think_config` [ RunTime:0.000141s ]
[ sql ] [ SQL ] SHOW COLUMNS FROM `think_counts` [ RunTime:0.000467s ]
[ sql ] [ SQL ] SELECT * FROM `think_counts` WHERE  `ip` = '123.125.71.105'  AND `add_time` BETWEEN 1523548800 AND 1523635200 LIMIT 1 [ RunTime:0.000339s ]
[ sql ] [ SQL ] INSERT INTO `think_counts` (`ip` , `add_time`) VALUES ('123.125.71.105' , 1523578747) [ RunTime:0.000222s ]
[ sql ] [ SQL ] SHOW COLUMNS FROM `think_news` [ RunTime:0.000508s ]
[ sql ] [ SQL ] SELECT COUNT(*) AS tp_count FROM `think_news` INNER JOIN `think_news_cate` `think_news_cate` ON `think_news`.`cate_id`=`think_news_cate`.`id` WHERE  `think_news`.`status` = 1 LIMIT 1 [ RunTime:0.000169s ]
[ sql ] [ SQL ] SELECT `think_news`.*,`name` FROM `think_news` INNER JOIN `think_news_cate` `think_news_cate` ON `think_news`.`cate_id`=`think_news_cate`.`id` WHERE  `think_news`.`status` = 1 ORDER BY id desc LIMIT 0,6 [ RunTime:0.000165s ]
[ sql ] [ SQL ] SELECT * FROM `think_news` ORDER BY views desc LIMIT 5 [ RunTime:0.000164s ]
---------------------------------------------------------------
[ 2018-04-13T08:52:27+08:00 ] 172.26.33.75 123.125.71.101 GET /
[ info ] www.mo1120.com/ [运行时间：0.047322s][吞吐率：21.13req/s] [内存消耗：3,022.81kb] [文件加载：75]
[ info ] [ LANG ] /www/wwwroot/ent.mo1120.com/thinkphp/lang/zh-cn.php
[ info ] [ ROUTE ] array (
  'type' => 'module',
  'module' => 
  array (
    0 => '',
    1 => NULL,
    2 => NULL,
  ),
)
[ info ] [ HEADER ] array (
  'accept' => '*/*',
  'accept-encoding' => 'gzip',
  'if-none-match' => '"@NULL@"',
  'accept-language' => 'zh-cn,zh-tw',
  'user-agent' => 'Mozilla/5.0 (compatible; Baiduspider/2.0; +http://www.baidu.com/search/spider.html)',
  'connection' => 'close',
  'host' => 'www.mo1120.com',
  'content-type' => '',
  'content-length' => '',
)
[ info ] [ PARAM ] array (
)
[ info ] [ DB ] INIT mysql
[ info ] [ RUN ] app\index\controller\Index->index[ /www/wwwroot/ent.mo1120.com/application/index/controller/Index.php ]
[ info ] [ VIEW ] /www/wwwroot/ent.mo1120.com/public/../application/index/view/index/index.html [ array (
  0 => 'config',
  1 => 'a',
  2 => 'solu_cate ',
  3 => 'cust_img',
  4 => 'news',
  5 => 'img',
  6 => 'customer',
  7 => 'menu',
) ]
[ info ] [ LOG ] INIT File
[ sql ] [ DB ] CONNECT:[ UseTime:0.000420s ] mysql:dbname=tp5;host=127.0.0.1;port=3306;charset=utf8
[ sql ] [ SQL ] SHOW COLUMNS FROM `think_config` [ RunTime:0.000944s ]
[ sql ] [ SQL ] SELECT * FROM `think_config` [ RunTime:0.000186s ]
[ sql ] [ SQL ] SHOW COLUMNS FROM `think_counts` [ RunTime:0.000699s ]
[ sql ] [ SQL ] SELECT * FROM `think_counts` WHERE  `ip` = '123.125.71.101'  AND `add_time` BETWEEN 1523548800 AND 1523635200 LIMIT 1 [ RunTime:0.000487s ]
[ sql ] [ SQL ] INSERT INTO `think_counts` (`ip` , `add_time`) VALUES ('123.125.71.101' , 1523580747) [ RunTime:0.000266s ]
[ sql ] [ SQL ] SHOW COLUMNS FROM `think_customer` [ RunTime:0.000719s ]
[ sql ] [ SQL ] SELECT * FROM `think_customer` WHERE  `is_on` = 1 [ RunTime:0.000229s ]
[ sql ] [ SQL ] SHOW COLUMNS FROM `think_index_img` [ RunTime:0.000522s ]
[ sql ] [ SQL ] SELECT * FROM `think_index_img` WHERE  `is_on` = 1 [ RunTime:0.000145s ]
[ sql ] [ SQL ] SHOW COLUMNS FROM `think_news` [ RunTime:0.000585s ]
[ sql ] [ SQL ] SELECT * FROM `think_news` WHERE  `status` = 1 ORDER BY id desc LIMIT 2 [ RunTime:0.000161s ]
[ sql ] [ SQL ] SHOW COLUMNS FROM `think_cust_img` [ RunTime:0.000538s ]
[ sql ] [ SQL ] SELECT * FROM `think_cust_img` WHERE  `is_on` = 1 ORDER BY id desc [ RunTime:0.000149s ]
[ sql ] [ SQL ] SHOW COLUMNS FROM `think_solutions_cate` [ RunTime:0.000581s ]
[ sql ] [ SQL ] SELECT * FROM `think_solutions_cate` WHERE  `is_on` = 1 ORDER BY id desc [ RunTime:0.000212s ]
---------------------------------------------------------------
[ 2018-04-13T09:53:19+08:00 ] 172.26.33.75 139.224.15.159 GET /
[ info ] www.mo1120.com/ [运行时间：0.042050s][吞吐率：23.78req/s] [内存消耗：3,021.99kb] [文件加载：75]
[ info ] [ LANG ] /www/wwwroot/ent.mo1120.com/thinkphp/lang/zh-cn.php
[ info ] [ ROUTE ] array (
  'type' => 'module',
  'module' => 
  array (
    0 => '',
    1 => NULL,
    2 => NULL,
  ),
)
[ info ] [ HEADER ] array (
  'connection' => 'keep-alive',
  'accept' => 'text/html, image/gif, image/jpeg, *; q=.2, */*; q=.2',
  'host' => 'www.mo1120.com',
  'user-agent' => 'Mozilla/5.0 (X11; Ubuntu; Linux x86_64; rv:36.0) Gecko/20100101 Firefox/36.0',
  'content-type' => '',
  'content-length' => '',
)
[ info ] [ PARAM ] array (
)
[ info ] [ DB ] INIT mysql
[ info ] [ RUN ] app\index\controller\Index->index[ /www/wwwroot/ent.mo1120.com/application/index/controller/Index.php ]
[ info ] [ VIEW ] /www/wwwroot/ent.mo1120.com/public/../application/index/view/index/index.html [ array (
  0 => 'config',
  1 => 'a',
  2 => 'solu_cate ',
  3 => 'cust_img',
  4 => 'news',
  5 => 'img',
  6 => 'customer',
  7 => 'menu',
) ]
[ info ] [ LOG ] INIT File
[ sql ] [ DB ] CONNECT:[ UseTime:0.000315s ] mysql:dbname=tp5;host=127.0.0.1;port=3306;charset=utf8
[ sql ] [ SQL ] SHOW COLUMNS FROM `think_config` [ RunTime:0.000642s ]
[ sql ] [ SQL ] SELECT * FROM `think_config` [ RunTime:0.000163s ]
[ sql ] [ SQL ] SHOW COLUMNS FROM `think_counts` [ RunTime:0.000436s ]
[ sql ] [ SQL ] SELECT * FROM `think_counts` WHERE  `ip` = '139.224.15.159'  AND `add_time` BETWEEN 1523548800 AND 1523635200 LIMIT 1 [ RunTime:0.000339s ]
[ sql ] [ SQL ] INSERT INTO `think_counts` (`ip` , `add_time`) VALUES ('139.224.15.159' , 1523584399) [ RunTime:0.000201s ]
[ sql ] [ SQL ] SHOW COLUMNS FROM `think_customer` [ RunTime:0.000518s ]
[ sql ] [ SQL ] SELECT * FROM `think_customer` WHERE  `is_on` = 1 [ RunTime:0.000145s ]
[ sql ] [ SQL ] SHOW COLUMNS FROM `think_index_img` [ RunTime:0.000471s ]
[ sql ] [ SQL ] SELECT * FROM `think_index_img` WHERE  `is_on` = 1 [ RunTime:0.000124s ]
[ sql ] [ SQL ] SHOW COLUMNS FROM `think_news` [ RunTime:0.000491s ]
[ sql ] [ SQL ] SELECT * FROM `think_news` WHERE  `status` = 1 ORDER BY id desc LIMIT 2 [ RunTime:0.000145s ]
[ sql ] [ SQL ] SHOW COLUMNS FROM `think_cust_img` [ RunTime:0.000422s ]
[ sql ] [ SQL ] SELECT * FROM `think_cust_img` WHERE  `is_on` = 1 ORDER BY id desc [ RunTime:0.000132s ]
[ sql ] [ SQL ] SHOW COLUMNS FROM `think_solutions_cate` [ RunTime:0.000439s ]
[ sql ] [ SQL ] SELECT * FROM `think_solutions_cate` WHERE  `is_on` = 1 ORDER BY id desc [ RunTime:0.000150s ]
---------------------------------------------------------------
[ 2018-04-13T10:34:47+08:00 ] 172.26.33.75 220.181.51.110 GET /
[ info ] www.mo1120.com/ [运行时间：0.042590s][吞吐率：23.48req/s] [内存消耗：3,022.01kb] [文件加载：75]
[ info ] [ LANG ] /www/wwwroot/ent.mo1120.com/thinkphp/lang/zh-cn.php
[ info ] [ ROUTE ] array (
  'type' => 'module',
  'module' => 
  array (
    0 => '',
    1 => NULL,
    2 => NULL,
  ),
)
[ info ] [ HEADER ] array (
  'accept' => '*/*',
  'accept-language' => 'zh-cn,zh-tw',
  'user-agent' => 'Mozilla/5.0 (iPhone; CPU iPhone OS 9_1 like Mac OS X) AppleWebKit/601.1.46 (KHTML, like Gecko) Version/9.0 Mobile/13B143 Safari/601.1',
  'host' => 'www.mo1120.com',
  'content-type' => '',
  'content-length' => '',
)
[ info ] [ PARAM ] array (
)
[ info ] [ DB ] INIT mysql
[ info ] [ RUN ] app\index\controller\Index->index[ /www/wwwroot/ent.mo1120.com/application/index/controller/Index.php ]
[ info ] [ VIEW ] /www/wwwroot/ent.mo1120.com/public/../application/index/view/index/index.html [ array (
  0 => 'config',
  1 => 'a',
  2 => 'solu_cate ',
  3 => 'cust_img',
  4 => 'news',
  5 => 'img',
  6 => 'customer',
  7 => 'menu',
) ]
[ info ] [ LOG ] INIT File
[ sql ] [ DB ] CONNECT:[ UseTime:0.000309s ] mysql:dbname=tp5;host=127.0.0.1;port=3306;charset=utf8
[ sql ] [ SQL ] SHOW COLUMNS FROM `think_config` [ RunTime:0.000687s ]
[ sql ] [ SQL ] SELECT * FROM `think_config` [ RunTime:0.000163s ]
[ sql ] [ SQL ] SHOW COLUMNS FROM `think_counts` [ RunTime:0.000472s ]
[ sql ] [ SQL ] SELECT * FROM `think_counts` WHERE  `ip` = '220.181.51.110'  AND `add_time` BETWEEN 1523548800 AND 1523635200 LIMIT 1 [ RunTime:0.000345s ]
[ sql ] [ SQL ] INSERT INTO `think_counts` (`ip` , `add_time`) VALUES ('220.181.51.110' , 1523586887) [ RunTime:0.000314s ]
[ sql ] [ SQL ] SHOW COLUMNS FROM `think_customer` [ RunTime:0.000497s ]
[ sql ] [ SQL ] SELECT * FROM `think_customer` WHERE  `is_on` = 1 [ RunTime:0.000167s ]
[ sql ] [ SQL ] SHOW COLUMNS FROM `think_index_img` [ RunTime:0.000468s ]
[ sql ] [ SQL ] SELECT * FROM `think_index_img` WHERE  `is_on` = 1 [ RunTime:0.000127s ]
[ sql ] [ SQL ] SHOW COLUMNS FROM `think_news` [ RunTime:0.000600s ]
[ sql ] [ SQL ] SELECT * FROM `think_news` WHERE  `status` = 1 ORDER BY id desc LIMIT 2 [ RunTime:0.000141s ]
[ sql ] [ SQL ] SHOW COLUMNS FROM `think_cust_img` [ RunTime:0.000479s ]
[ sql ] [ SQL ] SELECT * FROM `think_cust_img` WHERE  `is_on` = 1 ORDER BY id desc [ RunTime:0.000168s ]
[ sql ] [ SQL ] SHOW COLUMNS FROM `think_solutions_cate` [ RunTime:0.000488s ]
[ sql ] [ SQL ] SELECT * FROM `think_solutions_cate` WHERE  `is_on` = 1 ORDER BY id desc [ RunTime:0.000160s ]
---------------------------------------------------------------
[ 2018-04-13T11:30:33+08:00 ] 172.26.33.75 220.181.125.138 GET /
[ info ] www.mo1120.com/ [运行时间：0.043516s][吞吐率：22.98req/s] [内存消耗：3,022.88kb] [文件加载：75]
[ info ] [ LANG ] /www/wwwroot/ent.mo1120.com/thinkphp/lang/zh-cn.php
[ info ] [ ROUTE ] array (
  'type' => 'module',
  'module' => 
  array (
    0 => '',
    1 => NULL,
    2 => NULL,
  ),
)
[ info ] [ HEADER ] array (
  'if-modified-since' => 'Thu, 15 Mar 2018 11:03:11 GMT',
  'connection' => 'close',
  'user-agent' => 'Sogou web spider/4.0(+http://www.sogou.com/docs/help/webmasters.htm#07)',
  'accept-encoding' => 'gzip,deflate',
  'accept-language' => 'zh-cn',
  'accept' => '*/*',
  'host' => 'www.mo1120.com',
  'content-type' => '',
  'content-length' => '',
)
[ info ] [ PARAM ] array (
)
[ info ] [ DB ] INIT mysql
[ info ] [ RUN ] app\index\controller\Index->index[ /www/wwwroot/ent.mo1120.com/application/index/controller/Index.php ]
[ info ] [ VIEW ] /www/wwwroot/ent.mo1120.com/public/../application/index/view/index/index.html [ array (
  0 => 'config',
  1 => 'a',
  2 => 'solu_cate ',
  3 => 'cust_img',
  4 => 'news',
  5 => 'img',
  6 => 'customer',
  7 => 'menu',
) ]
[ info ] [ LOG ] INIT File
[ sql ] [ DB ] CONNECT:[ UseTime:0.000326s ] mysql:dbname=tp5;host=127.0.0.1;port=3306;charset=utf8
[ sql ] [ SQL ] SHOW COLUMNS FROM `think_config` [ RunTime:0.000686s ]
[ sql ] [ SQL ] SELECT * FROM `think_config` [ RunTime:0.000144s ]
[ sql ] [ SQL ] SHOW COLUMNS FROM `think_counts` [ RunTime:0.000465s ]
[ sql ] [ SQL ] SELECT * FROM `think_counts` WHERE  `ip` = '220.181.125.138'  AND `add_time` BETWEEN 1523548800 AND 1523635200 LIMIT 1 [ RunTime:0.000345s ]
[ sql ] [ SQL ] INSERT INTO `think_counts` (`ip` , `add_time`) VALUES ('220.181.125.138' , 1523590233) [ RunTime:0.000233s ]
[ sql ] [ SQL ] SHOW COLUMNS FROM `think_customer` [ RunTime:0.000540s ]
[ sql ] [ SQL ] SELECT * FROM `think_customer` WHERE  `is_on` = 1 [ RunTime:0.000166s ]
[ sql ] [ SQL ] SHOW COLUMNS FROM `think_index_img` [ RunTime:0.000478s ]
[ sql ] [ SQL ] SELECT * FROM `think_index_img` WHERE  `is_on` = 1 [ RunTime:0.000125s ]
[ sql ] [ SQL ] SHOW COLUMNS FROM `think_news` [ RunTime:0.000506s ]
[ sql ] [ SQL ] SELECT * FROM `think_news` WHERE  `status` = 1 ORDER BY id desc LIMIT 2 [ RunTime:0.000144s ]
[ sql ] [ SQL ] SHOW COLUMNS FROM `think_cust_img` [ RunTime:0.000440s ]
[ sql ] [ SQL ] SELECT * FROM `think_cust_img` WHERE  `is_on` = 1 ORDER BY id desc [ RunTime:0.000158s ]
[ sql ] [ SQL ] SHOW COLUMNS FROM `think_solutions_cate` [ RunTime:0.000466s ]
[ sql ] [ SQL ] SELECT * FROM `think_solutions_cate` WHERE  `is_on` = 1 ORDER BY id desc [ RunTime:0.000167s ]
---------------------------------------------------------------
[ 2018-04-13T12:59:21+08:00 ] 172.26.33.75 47.92.6.234 GET /index/customer/info.html
[ info ] www.mo1120.com/index/customer/info.html [运行时间：0.042138s][吞吐率：23.73req/s] [内存消耗：2,975.65kb] [文件加载：75]
[ info ] [ LANG ] /www/wwwroot/ent.mo1120.com/thinkphp/lang/zh-cn.php
[ info ] [ ROUTE ] array (
  'type' => 'module',
  'module' => 
  array (
    0 => 'index',
    1 => 'customer',
    2 => 'info',
  ),
)
[ info ] [ HEADER ] array (
  'connection' => 'keep-alive',
  'accept' => 'text/html, image/gif, image/jpeg, *; q=.2, */*; q=.2',
  'host' => 'www.mo1120.com',
  'user-agent' => 'Mozilla/5.0 (X11; Ubuntu; Linux x86_64; rv:36.0) Gecko/20100101 Firefox/36.0',
  'content-type' => '',
  'content-length' => '',
)
[ info ] [ PARAM ] array (
)
[ info ] [ DB ] INIT mysql
[ info ] [ RUN ] app\index\controller\Customer->info[ /www/wwwroot/ent.mo1120.com/application/index/controller/Customer.php ]
[ info ] [ VIEW ] /www/wwwroot/ent.mo1120.com/public/../application/index/view/customer/info.html [ array (
  0 => 'config',
  1 => 'data',
  2 => 'menu',
) ]
[ info ] [ LOG ] INIT File
[ sql ] [ DB ] CONNECT:[ UseTime:0.000342s ] mysql:dbname=tp5;host=127.0.0.1;port=3306;charset=utf8
[ sql ] [ SQL ] SHOW COLUMNS FROM `think_config` [ RunTime:0.000742s ]
[ sql ] [ SQL ] SELECT * FROM `think_config` [ RunTime:0.000170s ]
[ sql ] [ SQL ] SHOW COLUMNS FROM `think_counts` [ RunTime:0.000481s ]
[ sql ] [ SQL ] SELECT * FROM `think_counts` WHERE  `ip` = '47.92.6.234'  AND `add_time` BETWEEN 1523548800 AND 1523635200 LIMIT 1 [ RunTime:0.000375s ]
[ sql ] [ SQL ] INSERT INTO `think_counts` (`ip` , `add_time`) VALUES ('47.92.6.234' , 1523595561) [ RunTime:0.000243s ]
[ sql ] [ SQL ] SHOW COLUMNS FROM `think_customer` [ RunTime:0.000546s ]
[ sql ] [ SQL ] SELECT * FROM `think_customer` WHERE  `is_on` = 1  AND `id` IS NULL LIMIT 1 [ RunTime:0.000148s ]
---------------------------------------------------------------
[ 2018-04-13T14:31:24+08:00 ] 172.26.33.75 113.66.110.182 GET /
[ info ] www.mo1120.com/ [运行时间：0.044319s][吞吐率：22.56req/s] [内存消耗：3,025.55kb] [文件加载：75]
[ info ] [ LANG ] /www/wwwroot/ent.mo1120.com/thinkphp/lang/zh-cn.php
[ info ] [ ROUTE ] array (
  'type' => 'module',
  'module' => 
  array (
    0 => '',
    1 => NULL,
    2 => NULL,
  ),
)
[ info ] [ HEADER ] array (
  'accept-language' => 'zh-CN,zh;q=0.8',
  'accept-encoding' => 'gzip, deflate, sdch',
  'referer' => 'https://www.baidu.com/link?url=l1d4k6p-Y90E7p9M-vq_ursCkT2SvLFLckeOYq8wl1i&wd=&eqid=8f4cf8300002e713000000065ad04e61',
  'accept' => 'text/html,application/xhtml+xml,application/xml;q=0.9,image/webp,*/*;q=0.8',
  'user-agent' => 'Mozilla/5.0 (Windows NT 6.1; WOW64) AppleWebKit/537.36 (KHTML, like Gecko) Chrome/55.0.2883.87 Safari/537.36',
  'upgrade-insecure-requests' => '1',
  'connection' => 'keep-alive',
  'host' => 'www.mo1120.com',
  'content-type' => '',
  'content-length' => '',
)
[ info ] [ PARAM ] array (
)
[ info ] [ DB ] INIT mysql
[ info ] [ RUN ] app\index\controller\Index->index[ /www/wwwroot/ent.mo1120.com/application/index/controller/Index.php ]
[ info ] [ VIEW ] /www/wwwroot/ent.mo1120.com/public/../application/index/view/index/index.html [ array (
  0 => 'config',
  1 => 'a',
  2 => 'solu_cate ',
  3 => 'cust_img',
  4 => 'news',
  5 => 'img',
  6 => 'customer',
  7 => 'menu',
) ]
[ info ] [ LOG ] INIT File
[ sql ] [ DB ] CONNECT:[ UseTime:0.000361s ] mysql:dbname=tp5;host=127.0.0.1;port=3306;charset=utf8
[ sql ] [ SQL ] SHOW COLUMNS FROM `think_config` [ RunTime:0.000738s ]
[ sql ] [ SQL ] SELECT * FROM `think_config` [ RunTime:0.000144s ]
[ sql ] [ SQL ] SHOW COLUMNS FROM `think_counts` [ RunTime:0.000523s ]
[ sql ] [ SQL ] SELECT * FROM `think_counts` WHERE  `ip` = '113.66.110.182'  AND `add_time` BETWEEN 1523548800 AND 1523635200 LIMIT 1 [ RunTime:0.000348s ]
[ sql ] [ SQL ] INSERT INTO `think_counts` (`ip` , `add_time`) VALUES ('113.66.110.182' , 1523601084) [ RunTime:0.000246s ]
[ sql ] [ SQL ] SHOW COLUMNS FROM `think_customer` [ RunTime:0.000513s ]
[ sql ] [ SQL ] SELECT * FROM `think_customer` WHERE  `is_on` = 1 [ RunTime:0.000170s ]
[ sql ] [ SQL ] SHOW COLUMNS FROM `think_index_img` [ RunTime:0.000479s ]
[ sql ] [ SQL ] SELECT * FROM `think_index_img` WHERE  `is_on` = 1 [ RunTime:0.000132s ]
[ sql ] [ SQL ] SHOW COLUMNS FROM `think_news` [ RunTime:0.000551s ]
[ sql ] [ SQL ] SELECT * FROM `think_news` WHERE  `status` = 1 ORDER BY id desc LIMIT 2 [ RunTime:0.000172s ]
[ sql ] [ SQL ] SHOW COLUMNS FROM `think_cust_img` [ RunTime:0.000484s ]
[ sql ] [ SQL ] SELECT * FROM `think_cust_img` WHERE  `is_on` = 1 ORDER BY id desc [ RunTime:0.000184s ]
[ sql ] [ SQL ] SHOW COLUMNS FROM `think_solutions_cate` [ RunTime:0.000501s ]
[ sql ] [ SQL ] SELECT * FROM `think_solutions_cate` WHERE  `is_on` = 1 ORDER BY id desc [ RunTime:0.000173s ]
---------------------------------------------------------------
[ 2018-04-13T16:42:50+08:00 ] 172.26.33.75 123.125.71.53 GET /
[ info ] www.mo1120.com/ [运行时间：0.045838s][吞吐率：21.82req/s] [内存消耗：3,022.81kb] [文件加载：75]
[ info ] [ LANG ] /www/wwwroot/ent.mo1120.com/thinkphp/lang/zh-cn.php
[ info ] [ ROUTE ] array (
  'type' => 'module',
  'module' => 
  array (
    0 => '',
    1 => NULL,
    2 => NULL,
  ),
)
[ info ] [ HEADER ] array (
  'accept' => '*/*',
  'accept-encoding' => 'gzip',
  'if-none-match' => '"@NULL@"',
  'accept-language' => 'zh-cn,zh-tw',
  'user-agent' => 'Mozilla/5.0 (compatible; Baiduspider/2.0; +http://www.baidu.com/search/spider.html)',
  'connection' => 'close',
  'host' => 'www.mo1120.com',
  'content-type' => '',
  'content-length' => '',
)
[ info ] [ PARAM ] array (
)
[ info ] [ DB ] INIT mysql
[ info ] [ RUN ] app\index\controller\Index->index[ /www/wwwroot/ent.mo1120.com/application/index/controller/Index.php ]
[ info ] [ VIEW ] /www/wwwroot/ent.mo1120.com/public/../application/index/view/index/index.html [ array (
  0 => 'config',
  1 => 'a',
  2 => 'solu_cate ',
  3 => 'cust_img',
  4 => 'news',
  5 => 'img',
  6 => 'customer',
  7 => 'menu',
) ]
[ info ] [ LOG ] INIT File
[ sql ] [ DB ] CONNECT:[ UseTime:0.000431s ] mysql:dbname=tp5;host=127.0.0.1;port=3306;charset=utf8
[ sql ] [ SQL ] SHOW COLUMNS FROM `think_config` [ RunTime:0.000757s ]
[ sql ] [ SQL ] SELECT * FROM `think_config` [ RunTime:0.000146s ]
[ sql ] [ SQL ] SHOW COLUMNS FROM `think_counts` [ RunTime:0.000527s ]
[ sql ] [ SQL ] SELECT * FROM `think_counts` WHERE  `ip` = '123.125.71.53'  AND `add_time` BETWEEN 1523548800 AND 1523635200 LIMIT 1 [ RunTime:0.000419s ]
[ sql ] [ SQL ] INSERT INTO `think_counts` (`ip` , `add_time`) VALUES ('123.125.71.53' , 1523608970) [ RunTime:0.000209s ]
[ sql ] [ SQL ] SHOW COLUMNS FROM `think_customer` [ RunTime:0.000578s ]
[ sql ] [ SQL ] SELECT * FROM `think_customer` WHERE  `is_on` = 1 [ RunTime:0.000150s ]
[ sql ] [ SQL ] SHOW COLUMNS FROM `think_index_img` [ RunTime:0.000533s ]
[ sql ] [ SQL ] SELECT * FROM `think_index_img` WHERE  `is_on` = 1 [ RunTime:0.000132s ]
[ sql ] [ SQL ] SHOW COLUMNS FROM `think_news` [ RunTime:0.000533s ]
[ sql ] [ SQL ] SELECT * FROM `think_news` WHERE  `status` = 1 ORDER BY id desc LIMIT 2 [ RunTime:0.000179s ]
[ sql ] [ SQL ] SHOW COLUMNS FROM `think_cust_img` [ RunTime:0.000454s ]
[ sql ] [ SQL ] SELECT * FROM `think_cust_img` WHERE  `is_on` = 1 ORDER BY id desc [ RunTime:0.000217s ]
[ sql ] [ SQL ] SHOW COLUMNS FROM `think_solutions_cate` [ RunTime:0.000459s ]
[ sql ] [ SQL ] SELECT * FROM `think_solutions_cate` WHERE  `is_on` = 1 ORDER BY id desc [ RunTime:0.000235s ]
---------------------------------------------------------------
[ 2018-04-13T21:13:04+08:00 ] 172.26.33.75 158.85.81.125 GET /
[ info ] www.mo1120.com/ [运行时间：0.041241s][吞吐率：24.25req/s] [内存消耗：3,020.95kb] [文件加载：75]
[ info ] [ LANG ] /www/wwwroot/ent.mo1120.com/thinkphp/lang/zh-cn.php
[ info ] [ ROUTE ] array (
  'type' => 'module',
  'module' => 
  array (
    0 => '',
    1 => NULL,
    2 => NULL,
  ),
)
[ info ] [ HEADER ] array (
  'host' => 'www.mo1120.com',
  'content-type' => '',
  'content-length' => '',
)
[ info ] [ PARAM ] array (
)
[ info ] [ DB ] INIT mysql
[ info ] [ RUN ] app\index\controller\Index->index[ /www/wwwroot/ent.mo1120.com/application/index/controller/Index.php ]
[ info ] [ VIEW ] /www/wwwroot/ent.mo1120.com/public/../application/index/view/index/index.html [ array (
  0 => 'config',
  1 => 'a',
  2 => 'solu_cate ',
  3 => 'cust_img',
  4 => 'news',
  5 => 'img',
  6 => 'customer',
  7 => 'menu',
) ]
[ info ] [ LOG ] INIT File
[ sql ] [ DB ] CONNECT:[ UseTime:0.000326s ] mysql:dbname=tp5;host=127.0.0.1;port=3306;charset=utf8
[ sql ] [ SQL ] SHOW COLUMNS FROM `think_config` [ RunTime:0.000684s ]
[ sql ] [ SQL ] SELECT * FROM `think_config` [ RunTime:0.000138s ]
[ sql ] [ SQL ] SHOW COLUMNS FROM `think_counts` [ RunTime:0.000489s ]
[ sql ] [ SQL ] SELECT * FROM `think_counts` WHERE  `ip` = '158.85.81.125'  AND `add_time` BETWEEN 1523548800 AND 1523635200 LIMIT 1 [ RunTime:0.000312s ]
[ sql ] [ SQL ] INSERT INTO `think_counts` (`ip` , `add_time`) VALUES ('158.85.81.125' , 1523625183) [ RunTime:0.000233s ]
[ sql ] [ SQL ] SHOW COLUMNS FROM `think_customer` [ RunTime:0.000469s ]
[ sql ] [ SQL ] SELECT * FROM `think_customer` WHERE  `is_on` = 1 [ RunTime:0.000178s ]
[ sql ] [ SQL ] SHOW COLUMNS FROM `think_index_img` [ RunTime:0.000456s ]
[ sql ] [ SQL ] SELECT * FROM `think_index_img` WHERE  `is_on` = 1 [ RunTime:0.000124s ]
[ sql ] [ SQL ] SHOW COLUMNS FROM `think_news` [ RunTime:0.000510s ]
[ sql ] [ SQL ] SELECT * FROM `think_news` WHERE  `status` = 1 ORDER BY id desc LIMIT 2 [ RunTime:0.000142s ]
[ sql ] [ SQL ] SHOW COLUMNS FROM `think_cust_img` [ RunTime:0.000476s ]
[ sql ] [ SQL ] SELECT * FROM `think_cust_img` WHERE  `is_on` = 1 ORDER BY id desc [ RunTime:0.000148s ]
[ sql ] [ SQL ] SHOW COLUMNS FROM `think_solutions_cate` [ RunTime:0.000472s ]
[ sql ] [ SQL ] SELECT * FROM `think_solutions_cate` WHERE  `is_on` = 1 ORDER BY id desc [ RunTime:0.000174s ]
