---------------------------------------------------------------
[ 2018-03-25T00:48:37+08:00 ] 172.26.33.75 123.125.71.31 GET /
[ info ] www.mo1120.com/ [运行时间：0.044144s][吞吐率：22.65req/s] [内存消耗：3,022.81kb] [文件加载：75]
[ info ] [ LANG ] /www/wwwroot/ent.mo1120.com/thinkphp/lang/zh-cn.php
[ info ] [ ROUTE ] array (
  'type' => 'module',
  'module' => 
  array (
    0 => '',
    1 => NULL,
    2 => NULL,
  ),
)
[ info ] [ HEADER ] array (
  'accept' => '*/*',
  'accept-encoding' => 'gzip',
  'if-none-match' => '"@NULL@"',
  'accept-language' => 'zh-cn,zh-tw',
  'user-agent' => 'Mozilla/5.0 (compatible; Baiduspider/2.0; +http://www.baidu.com/search/spider.html)',
  'connection' => 'close',
  'host' => 'www.mo1120.com',
  'content-type' => '',
  'content-length' => '',
)
[ info ] [ PARAM ] array (
)
[ info ] [ DB ] INIT mysql
[ info ] [ RUN ] app\index\controller\Index->index[ /www/wwwroot/ent.mo1120.com/application/index/controller/Index.php ]
[ info ] [ VIEW ] /www/wwwroot/ent.mo1120.com/public/../application/index/view/index/index.html [ array (
  0 => 'config',
  1 => 'a',
  2 => 'solu_cate ',
  3 => 'cust_img',
  4 => 'news',
  5 => 'img',
  6 => 'customer',
  7 => 'menu',
) ]
[ info ] [ LOG ] INIT File
[ sql ] [ DB ] CONNECT:[ UseTime:0.000315s ] mysql:dbname=tp5;host=127.0.0.1;port=3306;charset=utf8
[ sql ] [ SQL ] SHOW COLUMNS FROM `think_config` [ RunTime:0.000670s ]
[ sql ] [ SQL ] SELECT * FROM `think_config` [ RunTime:0.000139s ]
[ sql ] [ SQL ] SHOW COLUMNS FROM `think_counts` [ RunTime:0.000441s ]
[ sql ] [ SQL ] SELECT * FROM `think_counts` WHERE  `ip` = '123.125.71.31'  AND `add_time` BETWEEN 1521907200 AND 1521993600 LIMIT 1 [ RunTime:0.000284s ]
[ sql ] [ SQL ] INSERT INTO `think_counts` (`ip` , `add_time`) VALUES ('123.125.71.31' , 1521910117) [ RunTime:0.000201s ]
[ sql ] [ SQL ] SHOW COLUMNS FROM `think_customer` [ RunTime:0.000516s ]
[ sql ] [ SQL ] SELECT * FROM `think_customer` WHERE  `is_on` = 1 [ RunTime:0.000147s ]
[ sql ] [ SQL ] SHOW COLUMNS FROM `think_index_img` [ RunTime:0.000427s ]
[ sql ] [ SQL ] SELECT * FROM `think_index_img` WHERE  `is_on` = 1 [ RunTime:0.000159s ]
[ sql ] [ SQL ] SHOW COLUMNS FROM `think_news` [ RunTime:0.000457s ]
[ sql ] [ SQL ] SELECT * FROM `think_news` WHERE  `status` = 1 ORDER BY id desc LIMIT 2 [ RunTime:0.000167s ]
[ sql ] [ SQL ] SHOW COLUMNS FROM `think_cust_img` [ RunTime:0.000458s ]
[ sql ] [ SQL ] SELECT * FROM `think_cust_img` WHERE  `is_on` = 1 ORDER BY id desc [ RunTime:0.000130s ]
[ sql ] [ SQL ] SHOW COLUMNS FROM `think_solutions_cate` [ RunTime:0.000487s ]
[ sql ] [ SQL ] SELECT * FROM `think_solutions_cate` WHERE  `is_on` = 1 ORDER BY id desc [ RunTime:0.000152s ]
---------------------------------------------------------------
[ 2018-03-25T08:46:44+08:00 ] 172.26.33.75 220.181.108.170 GET /
[ info ] www.mo1120.com/ [运行时间：0.045106s][吞吐率：22.17req/s] [内存消耗：3,022.81kb] [文件加载：75]
[ info ] [ LANG ] /www/wwwroot/ent.mo1120.com/thinkphp/lang/zh-cn.php
[ info ] [ ROUTE ] array (
  'type' => 'module',
  'module' => 
  array (
    0 => '',
    1 => NULL,
    2 => NULL,
  ),
)
[ info ] [ HEADER ] array (
  'accept' => '*/*',
  'accept-encoding' => 'gzip',
  'if-none-match' => '"@NULL@"',
  'accept-language' => 'zh-cn,zh-tw',
  'user-agent' => 'Mozilla/5.0 (compatible; Baiduspider/2.0; +http://www.baidu.com/search/spider.html)',
  'connection' => 'close',
  'host' => 'www.mo1120.com',
  'content-type' => '',
  'content-length' => '',
)
[ info ] [ PARAM ] array (
)
[ info ] [ DB ] INIT mysql
[ info ] [ RUN ] app\index\controller\Index->index[ /www/wwwroot/ent.mo1120.com/application/index/controller/Index.php ]
[ info ] [ VIEW ] /www/wwwroot/ent.mo1120.com/public/../application/index/view/index/index.html [ array (
  0 => 'config',
  1 => 'a',
  2 => 'solu_cate ',
  3 => 'cust_img',
  4 => 'news',
  5 => 'img',
  6 => 'customer',
  7 => 'menu',
) ]
[ info ] [ LOG ] INIT File
[ sql ] [ DB ] CONNECT:[ UseTime:0.000349s ] mysql:dbname=tp5;host=127.0.0.1;port=3306;charset=utf8
[ sql ] [ SQL ] SHOW COLUMNS FROM `think_config` [ RunTime:0.000690s ]
[ sql ] [ SQL ] SELECT * FROM `think_config` [ RunTime:0.000147s ]
[ sql ] [ SQL ] SHOW COLUMNS FROM `think_counts` [ RunTime:0.000479s ]
[ sql ] [ SQL ] SELECT * FROM `think_counts` WHERE  `ip` = '220.181.108.170'  AND `add_time` BETWEEN 1521907200 AND 1521993600 LIMIT 1 [ RunTime:0.000323s ]
[ sql ] [ SQL ] INSERT INTO `think_counts` (`ip` , `add_time`) VALUES ('220.181.108.170' , 1521938804) [ RunTime:0.000234s ]
[ sql ] [ SQL ] SHOW COLUMNS FROM `think_customer` [ RunTime:0.000532s ]
[ sql ] [ SQL ] SELECT * FROM `think_customer` WHERE  `is_on` = 1 [ RunTime:0.000175s ]
[ sql ] [ SQL ] SHOW COLUMNS FROM `think_index_img` [ RunTime:0.000467s ]
[ sql ] [ SQL ] SELECT * FROM `think_index_img` WHERE  `is_on` = 1 [ RunTime:0.000131s ]
[ sql ] [ SQL ] SHOW COLUMNS FROM `think_news` [ RunTime:0.000502s ]
[ sql ] [ SQL ] SELECT * FROM `think_news` WHERE  `status` = 1 ORDER BY id desc LIMIT 2 [ RunTime:0.000151s ]
[ sql ] [ SQL ] SHOW COLUMNS FROM `think_cust_img` [ RunTime:0.000442s ]
[ sql ] [ SQL ] SELECT * FROM `think_cust_img` WHERE  `is_on` = 1 ORDER BY id desc [ RunTime:0.000171s ]
[ sql ] [ SQL ] SHOW COLUMNS FROM `think_solutions_cate` [ RunTime:0.000475s ]
[ sql ] [ SQL ] SELECT * FROM `think_solutions_cate` WHERE  `is_on` = 1 ORDER BY id desc [ RunTime:0.000160s ]
---------------------------------------------------------------
[ 2018-03-25T11:13:11+08:00 ] 172.26.33.75 220.181.125.138 GET /
[ info ] www.mo1120.com/ [运行时间：0.041733s][吞吐率：23.96req/s] [内存消耗：3,022.88kb] [文件加载：75]
[ info ] [ LANG ] /www/wwwroot/ent.mo1120.com/thinkphp/lang/zh-cn.php
[ info ] [ ROUTE ] array (
  'type' => 'module',
  'module' => 
  array (
    0 => '',
    1 => NULL,
    2 => NULL,
  ),
)
[ info ] [ HEADER ] array (
  'if-modified-since' => 'Thu, 15 Mar 2018 11:03:11 GMT',
  'connection' => 'close',
  'user-agent' => 'Sogou web spider/4.0(+http://www.sogou.com/docs/help/webmasters.htm#07)',
  'accept-encoding' => 'gzip,deflate',
  'accept-language' => 'zh-cn',
  'accept' => '*/*',
  'host' => 'www.mo1120.com',
  'content-type' => '',
  'content-length' => '',
)
[ info ] [ PARAM ] array (
)
[ info ] [ DB ] INIT mysql
[ info ] [ RUN ] app\index\controller\Index->index[ /www/wwwroot/ent.mo1120.com/application/index/controller/Index.php ]
[ info ] [ VIEW ] /www/wwwroot/ent.mo1120.com/public/../application/index/view/index/index.html [ array (
  0 => 'config',
  1 => 'a',
  2 => 'solu_cate ',
  3 => 'cust_img',
  4 => 'news',
  5 => 'img',
  6 => 'customer',
  7 => 'menu',
) ]
[ info ] [ LOG ] INIT File
[ sql ] [ DB ] CONNECT:[ UseTime:0.000319s ] mysql:dbname=tp5;host=127.0.0.1;port=3306;charset=utf8
[ sql ] [ SQL ] SHOW COLUMNS FROM `think_config` [ RunTime:0.000635s ]
[ sql ] [ SQL ] SELECT * FROM `think_config` [ RunTime:0.000248s ]
[ sql ] [ SQL ] SHOW COLUMNS FROM `think_counts` [ RunTime:0.000441s ]
[ sql ] [ SQL ] SELECT * FROM `think_counts` WHERE  `ip` = '220.181.125.138'  AND `add_time` BETWEEN 1521907200 AND 1521993600 LIMIT 1 [ RunTime:0.000292s ]
[ sql ] [ SQL ] INSERT INTO `think_counts` (`ip` , `add_time`) VALUES ('220.181.125.138' , 1521947591) [ RunTime:0.000202s ]
[ sql ] [ SQL ] SHOW COLUMNS FROM `think_customer` [ RunTime:0.000522s ]
[ sql ] [ SQL ] SELECT * FROM `think_customer` WHERE  `is_on` = 1 [ RunTime:0.000145s ]
[ sql ] [ SQL ] SHOW COLUMNS FROM `think_index_img` [ RunTime:0.000476s ]
[ sql ] [ SQL ] SELECT * FROM `think_index_img` WHERE  `is_on` = 1 [ RunTime:0.000123s ]
[ sql ] [ SQL ] SHOW COLUMNS FROM `think_news` [ RunTime:0.000460s ]
[ sql ] [ SQL ] SELECT * FROM `think_news` WHERE  `status` = 1 ORDER BY id desc LIMIT 2 [ RunTime:0.000146s ]
[ sql ] [ SQL ] SHOW COLUMNS FROM `think_cust_img` [ RunTime:0.000421s ]
[ sql ] [ SQL ] SELECT * FROM `think_cust_img` WHERE  `is_on` = 1 ORDER BY id desc [ RunTime:0.000179s ]
[ sql ] [ SQL ] SHOW COLUMNS FROM `think_solutions_cate` [ RunTime:0.000437s ]
[ sql ] [ SQL ] SELECT * FROM `think_solutions_cate` WHERE  `is_on` = 1 ORDER BY id desc [ RunTime:0.000154s ]
---------------------------------------------------------------
[ 2018-03-25T11:13:21+08:00 ] 172.26.33.75 220.181.125.138 GET /index/solutions/info/id/9.html
[ info ] www.mo1120.com/index/solutions/info/id/9.html [运行时间：0.040925s][吞吐率：24.43req/s] [内存消耗：2,983.77kb] [文件加载：75]
[ info ] [ LANG ] /www/wwwroot/ent.mo1120.com/thinkphp/lang/zh-cn.php
[ info ] [ ROUTE ] array (
  'type' => 'module',
  'module' => 
  array (
    0 => 'index',
    1 => 'solutions',
    2 => 'info',
  ),
)
[ info ] [ HEADER ] array (
  'if-modified-since' => 'Fri, 16 Mar 2018 03:20:48 GMT',
  'connection' => 'close',
  'user-agent' => 'Sogou web spider/4.0(+http://www.sogou.com/docs/help/webmasters.htm#07)',
  'accept-encoding' => 'gzip,deflate',
  'accept-language' => 'zh-cn',
  'accept' => '*/*',
  'host' => 'www.mo1120.com',
  'content-type' => '',
  'content-length' => '',
)
[ info ] [ PARAM ] array (
  'id' => '9',
)
[ info ] [ DB ] INIT mysql
[ info ] [ RUN ] app\index\controller\Solutions->info[ /www/wwwroot/ent.mo1120.com/application/index/controller/Solutions.php ]
[ info ] [ VIEW ] /www/wwwroot/ent.mo1120.com/public/../application/index/view/solutions/info.html [ array (
  0 => 'config',
  1 => 'data',
  2 => 'menu',
) ]
[ info ] [ LOG ] INIT File
[ sql ] [ DB ] CONNECT:[ UseTime:0.000302s ] mysql:dbname=tp5;host=127.0.0.1;port=3306;charset=utf8
[ sql ] [ SQL ] SHOW COLUMNS FROM `think_config` [ RunTime:0.000710s ]
[ sql ] [ SQL ] SELECT * FROM `think_config` [ RunTime:0.000147s ]
[ sql ] [ SQL ] SHOW COLUMNS FROM `think_counts` [ RunTime:0.000479s ]
[ sql ] [ SQL ] SELECT * FROM `think_counts` WHERE  `ip` = '220.181.125.138'  AND `add_time` BETWEEN 1521907200 AND 1521993600 LIMIT 1 [ RunTime:0.000379s ]
[ sql ] [ SQL ] SHOW COLUMNS FROM `think_solutions` [ RunTime:0.000571s ]
[ sql ] [ SQL ] SELECT * FROM `think_solutions` WHERE  `is_on` = 1  AND `id` = 9 LIMIT 1 [ RunTime:0.000154s ]
---------------------------------------------------------------
[ 2018-03-25T11:13:31+08:00 ] 172.26.33.75 220.181.125.138 GET /index/customer/info/id/5.html
[ info ] www.mo1120.com/index/customer/info/id/5.html [运行时间：0.061636s][吞吐率：16.22req/s] [内存消耗：2,981.71kb] [文件加载：75]
[ info ] [ LANG ] /www/wwwroot/ent.mo1120.com/thinkphp/lang/zh-cn.php
[ info ] [ ROUTE ] array (
  'type' => 'module',
  'module' => 
  array (
    0 => 'index',
    1 => 'customer',
    2 => 'info',
  ),
)
[ info ] [ HEADER ] array (
  'if-modified-since' => 'Wed, 28 Feb 2018 17:50:09 GMT',
  'connection' => 'close',
  'user-agent' => 'Sogou web spider/4.0(+http://www.sogou.com/docs/help/webmasters.htm#07)',
  'accept-encoding' => 'gzip,deflate',
  'accept-language' => 'zh-cn',
  'accept' => '*/*',
  'host' => 'www.mo1120.com',
  'content-type' => '',
  'content-length' => '',
)
[ info ] [ PARAM ] array (
  'id' => '5',
)
[ info ] [ DB ] INIT mysql
[ info ] [ RUN ] app\index\controller\Customer->info[ /www/wwwroot/ent.mo1120.com/application/index/controller/Customer.php ]
[ info ] [ VIEW ] /www/wwwroot/ent.mo1120.com/public/../application/index/view/customer/info.html [ array (
  0 => 'config',
  1 => 'data',
  2 => 'menu',
) ]
[ info ] [ LOG ] INIT File
[ sql ] [ DB ] CONNECT:[ UseTime:0.000306s ] mysql:dbname=tp5;host=127.0.0.1;port=3306;charset=utf8
[ sql ] [ SQL ] SHOW COLUMNS FROM `think_config` [ RunTime:0.000673s ]
[ sql ] [ SQL ] SELECT * FROM `think_config` [ RunTime:0.000142s ]
[ sql ] [ SQL ] SHOW COLUMNS FROM `think_counts` [ RunTime:0.000492s ]
[ sql ] [ SQL ] SELECT * FROM `think_counts` WHERE  `ip` = '220.181.125.138'  AND `add_time` BETWEEN 1521907200 AND 1521993600 LIMIT 1 [ RunTime:0.000163s ]
[ sql ] [ SQL ] SHOW COLUMNS FROM `think_customer` [ RunTime:0.000512s ]
[ sql ] [ SQL ] SELECT * FROM `think_customer` WHERE  `is_on` = 1  AND `id` = 5 LIMIT 1 [ RunTime:0.000145s ]
---------------------------------------------------------------
[ 2018-03-25T13:26:38+08:00 ] 172.26.33.75 101.132.31.125 GET /
[ info ] www.mo1120.com/ [运行时间：0.043450s][吞吐率：23.01req/s] [内存消耗：3,022.39kb] [文件加载：75]
[ info ] [ LANG ] /www/wwwroot/ent.mo1120.com/thinkphp/lang/zh-cn.php
[ info ] [ ROUTE ] array (
  'type' => 'module',
  'module' => 
  array (
    0 => '',
    1 => NULL,
    2 => NULL,
  ),
)
[ info ] [ HEADER ] array (
  'connection' => 'keep-alive',
  'accept' => 'text/html, image/gif, image/jpeg, *; q=.2, */*; q=.2',
  'host' => 'www.mo1120.com',
  'pragma' => 'no-cache',
  'cache-control' => 'no-cache',
  'user-agent' => 'Mozilla/5.0 (X11; Ubuntu; Linux x86_64; rv:36.0) Gecko/20100101 Firefox/36.0',
  'content-type' => '',
  'content-length' => '',
)
[ info ] [ PARAM ] array (
)
[ info ] [ DB ] INIT mysql
[ info ] [ RUN ] app\index\controller\Index->index[ /www/wwwroot/ent.mo1120.com/application/index/controller/Index.php ]
[ info ] [ VIEW ] /www/wwwroot/ent.mo1120.com/public/../application/index/view/index/index.html [ array (
  0 => 'config',
  1 => 'a',
  2 => 'solu_cate ',
  3 => 'cust_img',
  4 => 'news',
  5 => 'img',
  6 => 'customer',
  7 => 'menu',
) ]
[ info ] [ LOG ] INIT File
[ sql ] [ DB ] CONNECT:[ UseTime:0.000322s ] mysql:dbname=tp5;host=127.0.0.1;port=3306;charset=utf8
[ sql ] [ SQL ] SHOW COLUMNS FROM `think_config` [ RunTime:0.000656s ]
[ sql ] [ SQL ] SELECT * FROM `think_config` [ RunTime:0.000177s ]
[ sql ] [ SQL ] SHOW COLUMNS FROM `think_counts` [ RunTime:0.000439s ]
[ sql ] [ SQL ] SELECT * FROM `think_counts` WHERE  `ip` = '101.132.31.125'  AND `add_time` BETWEEN 1521907200 AND 1521993600 LIMIT 1 [ RunTime:0.000312s ]
[ sql ] [ SQL ] INSERT INTO `think_counts` (`ip` , `add_time`) VALUES ('101.132.31.125' , 1521955598) [ RunTime:0.000207s ]
[ sql ] [ SQL ] SHOW COLUMNS FROM `think_customer` [ RunTime:0.000551s ]
[ sql ] [ SQL ] SELECT * FROM `think_customer` WHERE  `is_on` = 1 [ RunTime:0.000142s ]
[ sql ] [ SQL ] SHOW COLUMNS FROM `think_index_img` [ RunTime:0.000460s ]
[ sql ] [ SQL ] SELECT * FROM `think_index_img` WHERE  `is_on` = 1 [ RunTime:0.000123s ]
[ sql ] [ SQL ] SHOW COLUMNS FROM `think_news` [ RunTime:0.000493s ]
[ sql ] [ SQL ] SELECT * FROM `think_news` WHERE  `status` = 1 ORDER BY id desc LIMIT 2 [ RunTime:0.000195s ]
[ sql ] [ SQL ] SHOW COLUMNS FROM `think_cust_img` [ RunTime:0.000422s ]
[ sql ] [ SQL ] SELECT * FROM `think_cust_img` WHERE  `is_on` = 1 ORDER BY id desc [ RunTime:0.000130s ]
[ sql ] [ SQL ] SHOW COLUMNS FROM `think_solutions_cate` [ RunTime:0.000475s ]
[ sql ] [ SQL ] SELECT * FROM `think_solutions_cate` WHERE  `is_on` = 1 ORDER BY id desc [ RunTime:0.000182s ]
---------------------------------------------------------------
[ 2018-03-25T14:36:38+08:00 ] 172.26.33.75 171.106.36.44 GET /admin
[ info ] www.mo1120.com/admin [运行时间：0.029784s][吞吐率：33.58req/s] [内存消耗：2,069.32kb] [文件加载：68]
[ info ] [ LANG ] /www/wwwroot/ent.mo1120.com/thinkphp/lang/zh-cn.php
[ info ] [ ROUTE ] array (
  'type' => 'module',
  'module' => 
  array (
    0 => 'admin',
    1 => NULL,
    2 => NULL,
  ),
)
[ info ] [ HEADER ] array (
  'upgrade-insecure-requests' => '1',
  'connection' => 'keep-alive',
  'cookie' => 'serverType=nginx; order=id%20desc; memRealUsed=368; mem-before=368/996%20%28MB%29; memSize=996; upNet=0.2; downNet=0.31; backup_path=/www/backup; uploadSize=1073741824; rank=a; Path=/www/wwwroot/bull.mo1120.com/workerman; Hm_lvt_e516c3ad1720889c6ee5226d86e0bc20=1521360681; apacheVersion=; phpVersion=0; softType=0; safeMsg=1; one=0; five=0; fifteen=0; conterError=; vcodesum=10; copyFileName=null; cutFileName=null',
  'accept-encoding' => 'gzip, deflate',
  'accept-language' => 'zh-CN,zh;q=0.8,zh-TW;q=0.7,zh-HK;q=0.5,en-US;q=0.3,en;q=0.2',
  'accept' => 'text/html,application/xhtml+xml,application/xml;q=0.9,*/*;q=0.8',
  'user-agent' => 'Mozilla/5.0 (Windows NT 10.0; Win64; x64; rv:59.0) Gecko/20100101 Firefox/59.0',
  'host' => 'www.mo1120.com',
  'content-type' => '',
  'content-length' => '',
)
[ info ] [ PARAM ] array (
)
[ info ] [ SESSION ] INIT array (
  'id' => '',
  'var_session_id' => '',
  'prefix' => 'think',
  'type' => '',
  'auto_start' => true,
)
[ info ] [ LOG ] INIT File
---------------------------------------------------------------
[ 2018-03-25T14:36:38+08:00 ] 172.26.33.75 171.106.36.44 GET /admin/login/index.html
[ info ] www.mo1120.com/admin/login/index.html [运行时间：0.025993s][吞吐率：38.47req/s] [内存消耗：2,066.86kb] [文件加载：66]
[ info ] [ LANG ] /www/wwwroot/ent.mo1120.com/thinkphp/lang/zh-cn.php
[ info ] [ ROUTE ] array (
  'type' => 'module',
  'module' => 
  array (
    0 => 'admin',
    1 => 'login',
    2 => 'index',
  ),
)
[ info ] [ HEADER ] array (
  'upgrade-insecure-requests' => '1',
  'connection' => 'keep-alive',
  'cookie' => 'serverType=nginx; order=id%20desc; memRealUsed=368; mem-before=368/996%20%28MB%29; memSize=996; upNet=0.2; downNet=0.31; backup_path=/www/backup; uploadSize=1073741824; rank=a; Path=/www/wwwroot/bull.mo1120.com/workerman; Hm_lvt_e516c3ad1720889c6ee5226d86e0bc20=1521360681; apacheVersion=; phpVersion=0; softType=0; safeMsg=1; one=0; five=0; fifteen=0; conterError=; vcodesum=10; copyFileName=null; cutFileName=null; PHPSESSID=f4h364lpcs05v6511n9kjo7r30',
  'accept-encoding' => 'gzip, deflate',
  'accept-language' => 'zh-CN,zh;q=0.8,zh-TW;q=0.7,zh-HK;q=0.5,en-US;q=0.3,en;q=0.2',
  'accept' => 'text/html,application/xhtml+xml,application/xml;q=0.9,*/*;q=0.8',
  'user-agent' => 'Mozilla/5.0 (Windows NT 10.0; Win64; x64; rv:59.0) Gecko/20100101 Firefox/59.0',
  'host' => 'www.mo1120.com',
  'content-type' => '',
  'content-length' => '',
)
[ info ] [ PARAM ] array (
)
[ info ] [ RUN ] app\admin\controller\Login->index[ /www/wwwroot/ent.mo1120.com/application/admin/controller/Login.php ]
[ info ] [ VIEW ] /www/wwwroot/ent.mo1120.com/public/../application/admin/view/login.html [ array (
) ]
[ info ] [ LOG ] INIT File
---------------------------------------------------------------
[ 2018-03-25T14:36:39+08:00 ] 172.26.33.75 171.106.36.44 GET /admin/login/checkverify.html
[ info ] www.mo1120.com/admin/login/checkverify.html [运行时间：0.026763s][吞吐率：37.37req/s] [内存消耗：2,065.13kb] [文件加载：65]
[ info ] [ LANG ] /www/wwwroot/ent.mo1120.com/thinkphp/lang/zh-cn.php
[ info ] [ ROUTE ] array (
  'type' => 'module',
  'module' => 
  array (
    0 => 'admin',
    1 => 'login',
    2 => 'checkverify',
  ),
)
[ info ] [ HEADER ] array (
  'connection' => 'keep-alive',
  'cookie' => 'serverType=nginx; order=id%20desc; memRealUsed=368; mem-before=368/996%20%28MB%29; memSize=996; upNet=0.2; downNet=0.31; backup_path=/www/backup; uploadSize=1073741824; rank=a; Path=/www/wwwroot/bull.mo1120.com/workerman; Hm_lvt_e516c3ad1720889c6ee5226d86e0bc20=1521360681; apacheVersion=; phpVersion=0; softType=0; safeMsg=1; one=0; five=0; fifteen=0; conterError=; vcodesum=10; copyFileName=null; cutFileName=null; PHPSESSID=f4h364lpcs05v6511n9kjo7r30',
  'referer' => 'http://www.mo1120.com/admin/login/index.html',
  'accept-encoding' => 'gzip, deflate',
  'accept-language' => 'zh-CN,zh;q=0.8,zh-TW;q=0.7,zh-HK;q=0.5,en-US;q=0.3,en;q=0.2',
  'accept' => '*/*',
  'user-agent' => 'Mozilla/5.0 (Windows NT 10.0; Win64; x64; rv:59.0) Gecko/20100101 Firefox/59.0',
  'host' => 'www.mo1120.com',
  'content-type' => '',
  'content-length' => '',
)
[ info ] [ PARAM ] array (
)
[ info ] [ RUN ] app\admin\controller\Login->checkVerify[ /www/wwwroot/ent.mo1120.com/application/admin/controller/Login.php ]
[ info ] [ SESSION ] INIT array (
  'id' => '',
  'var_session_id' => '',
  'prefix' => 'think',
  'type' => '',
  'auto_start' => true,
)
[ info ] [ LOG ] INIT File
---------------------------------------------------------------
[ 2018-03-25T14:36:39+08:00 ] 172.26.33.75 171.106.36.44 GET /Admin/login/getverify/t/1521959798.html
[ info ] www.mo1120.com/Admin/login/getverify/t/1521959798.html [运行时间：0.118676s][吞吐率：8.43req/s] [内存消耗：2,051.13kb] [文件加载：65]
[ info ] [ LANG ] /www/wwwroot/ent.mo1120.com/thinkphp/lang/zh-cn.php
[ info ] [ ROUTE ] array (
  'type' => 'module',
  'module' => 
  array (
    0 => 'Admin',
    1 => 'login',
    2 => 'getverify',
  ),
)
[ info ] [ HEADER ] array (
  'connection' => 'keep-alive',
  'cookie' => 'serverType=nginx; order=id%20desc; memRealUsed=368; mem-before=368/996%20%28MB%29; memSize=996; upNet=0.2; downNet=0.31; backup_path=/www/backup; uploadSize=1073741824; rank=a; Path=/www/wwwroot/bull.mo1120.com/workerman; Hm_lvt_e516c3ad1720889c6ee5226d86e0bc20=1521360681; apacheVersion=; phpVersion=0; softType=0; safeMsg=1; one=0; five=0; fifteen=0; conterError=; vcodesum=10; copyFileName=null; cutFileName=null; PHPSESSID=f4h364lpcs05v6511n9kjo7r30',
  'x-requested-with' => 'XMLHttpRequest',
  'referer' => 'http://www.mo1120.com/admin/login/index.html',
  'accept-encoding' => 'gzip, deflate',
  'accept-language' => 'zh-CN,zh;q=0.8,zh-TW;q=0.7,zh-HK;q=0.5,en-US;q=0.3,en;q=0.2',
  'accept' => 'application/json, text/javascript, */*; q=0.01',
  'user-agent' => 'Mozilla/5.0 (Windows NT 10.0; Win64; x64; rv:59.0) Gecko/20100101 Firefox/59.0',
  'host' => 'www.mo1120.com',
  'content-type' => '',
  'content-length' => '',
)
[ info ] [ PARAM ] array (
  't' => '1521959798',
)
[ info ] [ RUN ] app\admin\controller\Login->getVerify[ /www/wwwroot/ent.mo1120.com/application/admin/controller/Login.php ]
[ info ] [ SESSION ] INIT array (
  'id' => '',
  'var_session_id' => '',
  'prefix' => 'think',
  'type' => '',
  'auto_start' => true,
)
[ info ] [ LOG ] INIT File
---------------------------------------------------------------
[ 2018-03-25T14:36:42+08:00 ] 172.26.33.75 171.106.36.44 GET /admin/login/checkverify.html?tm=0.7599234736147833
[ info ] www.mo1120.com/admin/login/checkverify.html?tm=0.7599234736147833 [运行时间：0.027093s][吞吐率：36.91req/s] [内存消耗：2,065.92kb] [文件加载：65]
[ info ] [ LANG ] /www/wwwroot/ent.mo1120.com/thinkphp/lang/zh-cn.php
[ info ] [ ROUTE ] array (
  'type' => 'module',
  'module' => 
  array (
    0 => 'admin',
    1 => 'login',
    2 => 'checkverify',
  ),
)
[ info ] [ HEADER ] array (
  'connection' => 'keep-alive',
  'cookie' => 'serverType=nginx; order=id%20desc; memRealUsed=368; mem-before=368/996%20%28MB%29; memSize=996; upNet=0.2; downNet=0.31; backup_path=/www/backup; uploadSize=1073741824; rank=a; Path=/www/wwwroot/bull.mo1120.com/workerman; Hm_lvt_e516c3ad1720889c6ee5226d86e0bc20=1521360681; apacheVersion=; phpVersion=0; softType=0; safeMsg=1; one=0; five=0; fifteen=0; conterError=; vcodesum=10; copyFileName=null; cutFileName=null; PHPSESSID=f4h364lpcs05v6511n9kjo7r30',
  'referer' => 'http://www.mo1120.com/admin/login/index.html',
  'accept-encoding' => 'gzip, deflate',
  'accept-language' => 'zh-CN,zh;q=0.8,zh-TW;q=0.7,zh-HK;q=0.5,en-US;q=0.3,en;q=0.2',
  'accept' => '*/*',
  'user-agent' => 'Mozilla/5.0 (Windows NT 10.0; Win64; x64; rv:59.0) Gecko/20100101 Firefox/59.0',
  'host' => 'www.mo1120.com',
  'content-type' => '',
  'content-length' => '',
)
[ info ] [ PARAM ] array (
  'tm' => '0.7599234736147833',
)
[ info ] [ RUN ] app\admin\controller\Login->checkVerify[ /www/wwwroot/ent.mo1120.com/application/admin/controller/Login.php ]
[ info ] [ SESSION ] INIT array (
  'id' => '',
  'var_session_id' => '',
  'prefix' => 'think',
  'type' => '',
  'auto_start' => true,
)
[ info ] [ LOG ] INIT File
---------------------------------------------------------------
[ 2018-03-25T14:36:48+08:00 ] 172.26.33.75 171.106.36.44 POST /admin/login/dologin.html
[ info ] www.mo1120.com/admin/login/dologin.html [运行时间：0.056215s][吞吐率：17.79req/s] [内存消耗：3,310.01kb] [文件加载：81]
[ info ] [ LANG ] /www/wwwroot/ent.mo1120.com/thinkphp/lang/zh-cn.php
[ info ] [ ROUTE ] array (
  'type' => 'module',
  'module' => 
  array (
    0 => 'admin',
    1 => 'login',
    2 => 'dologin',
  ),
)
[ info ] [ HEADER ] array (
  'connection' => 'keep-alive',
  'cookie' => 'serverType=nginx; order=id%20desc; memRealUsed=368; mem-before=368/996%20%28MB%29; memSize=996; upNet=0.2; downNet=0.31; backup_path=/www/backup; uploadSize=1073741824; rank=a; Path=/www/wwwroot/bull.mo1120.com/workerman; Hm_lvt_e516c3ad1720889c6ee5226d86e0bc20=1521360681; apacheVersion=; phpVersion=0; softType=0; safeMsg=1; one=0; five=0; fifteen=0; conterError=; vcodesum=10; copyFileName=null; cutFileName=null; PHPSESSID=f4h364lpcs05v6511n9kjo7r30',
  'content-length' => '43',
  'x-requested-with' => 'XMLHttpRequest',
  'content-type' => 'application/x-www-form-urlencoded; charset=UTF-8',
  'referer' => 'http://www.mo1120.com/admin/login/index.html',
  'accept-encoding' => 'gzip, deflate',
  'accept-language' => 'zh-CN,zh;q=0.8,zh-TW;q=0.7,zh-HK;q=0.5,en-US;q=0.3,en;q=0.2',
  'accept' => 'application/json, text/javascript, */*; q=0.01',
  'user-agent' => 'Mozilla/5.0 (Windows NT 10.0; Win64; x64; rv:59.0) Gecko/20100101 Firefox/59.0',
  'host' => 'www.mo1120.com',
)
[ info ] [ PARAM ] array (
  'username' => 'admin',
  'password' => 'q20031120',
  'code' => '5834',
)
[ info ] [ RUN ] app\admin\controller\Login->doLogin[ /www/wwwroot/ent.mo1120.com/application/admin/controller/Login.php ]
[ info ] [ SESSION ] INIT array (
  'id' => '',
  'var_session_id' => '',
  'prefix' => 'think',
  'type' => '',
  'auto_start' => true,
)
[ info ] [ DB ] INIT mysql
[ info ] [ CACHE ] INIT file
[ info ] [ LOG ] INIT File
[ sql ] [ DB ] CONNECT:[ UseTime:0.000307s ] mysql:dbname=tp5;host=127.0.0.1;port=3306;charset=utf8
[ sql ] [ SQL ] SHOW COLUMNS FROM `think_admin` [ RunTime:0.000765s ]
[ sql ] [ SQL ] SELECT * FROM `think_admin` WHERE  `username` = 'admin' LIMIT 1 [ RunTime:0.000333s ]
[ sql ] [ SQL ] SHOW COLUMNS FROM `think_auth_group` [ RunTime:0.000495s ]
[ sql ] [ SQL ] SELECT * FROM `think_auth_group` WHERE  `id` = 1 LIMIT 1 [ RunTime:0.000144s ]
[ sql ] [ SQL ] SHOW COLUMNS FROM `think_auth_rule` [ RunTime:0.000524s ]
[ sql ] [ SQL ] SELECT `name` FROM `think_auth_rule` [ RunTime:0.000132s ]
[ sql ] [ SQL ] UPDATE `think_admin`  SET `loginnum`=317,`last_login_ip`='171.106.36.44',`last_login_time`=1521959808,`token`='e8e36733a56b6cd1ca3209d009d01a98'  WHERE  `id` = 1 [ RunTime:0.000297s ]
[ sql ] [ SQL ] SHOW COLUMNS FROM `think_log` [ RunTime:0.000505s ]
[ sql ] [ SQL ] INSERT INTO `think_log` (`admin_id` , `admin_name` , `description` , `status` , `ip` , `add_time`) VALUES (1 , 'admin' , '用户【admin】登录成功' , 1 , '171.106.36.44' , 1521959808) [ RunTime:0.000222s ]
---------------------------------------------------------------
[ 2018-03-25T14:36:50+08:00 ] 172.26.33.75 171.106.36.44 GET /admin/index/index.html
[ info ] www.mo1120.com/admin/index/index.html [运行时间：0.091653s][吞吐率：10.91req/s] [内存消耗：3,173.87kb] [文件加载：80]
[ info ] [ LANG ] /www/wwwroot/ent.mo1120.com/thinkphp/lang/zh-cn.php
[ info ] [ ROUTE ] array (
  'type' => 'module',
  'module' => 
  array (
    0 => 'admin',
    1 => 'index',
    2 => 'index',
  ),
)
[ info ] [ HEADER ] array (
  'upgrade-insecure-requests' => '1',
  'connection' => 'keep-alive',
  'cookie' => 'serverType=nginx; order=id%20desc; memRealUsed=368; mem-before=368/996%20%28MB%29; memSize=996; upNet=0.2; downNet=0.31; backup_path=/www/backup; uploadSize=1073741824; rank=a; Path=/www/wwwroot/bull.mo1120.com/workerman; Hm_lvt_e516c3ad1720889c6ee5226d86e0bc20=1521360681; apacheVersion=; phpVersion=0; softType=0; safeMsg=1; one=0; five=0; fifteen=0; conterError=; vcodesum=10; copyFileName=null; cutFileName=null; PHPSESSID=f4h364lpcs05v6511n9kjo7r30',
  'referer' => 'http://www.mo1120.com/admin/login/index.html',
  'accept-encoding' => 'gzip, deflate',
  'accept-language' => 'zh-CN,zh;q=0.8,zh-TW;q=0.7,zh-HK;q=0.5,en-US;q=0.3,en;q=0.2',
  'accept' => 'text/html,application/xhtml+xml,application/xml;q=0.9,*/*;q=0.8',
  'user-agent' => 'Mozilla/5.0 (Windows NT 10.0; Win64; x64; rv:59.0) Gecko/20100101 Firefox/59.0',
  'host' => 'www.mo1120.com',
  'content-type' => '',
  'content-length' => '',
)
[ info ] [ PARAM ] array (
)
[ info ] [ SESSION ] INIT array (
  'id' => '',
  'var_session_id' => '',
  'prefix' => 'think',
  'type' => '',
  'auto_start' => true,
)
[ info ] [ DB ] INIT mysql
[ info ] [ CACHE ] INIT file
[ info ] [ RUN ] app\admin\controller\Index->index[ /www/wwwroot/ent.mo1120.com/application/admin/controller/Index.php ]
[ info ] [ VIEW ] /www/wwwroot/ent.mo1120.com/public/../application/admin/view/index.html [ array (
  0 => 'username',
  1 => 'portrait',
  2 => 'rolename',
  3 => 'menu',
) ]
[ info ] [ LOG ] INIT File
[ sql ] [ DB ] CONNECT:[ UseTime:0.000384s ] mysql:dbname=tp5;host=127.0.0.1;port=3306;charset=utf8
[ sql ] [ SQL ] SHOW COLUMNS FROM `think_auth_rule` [ RunTime:0.000741s ]
[ sql ] [ SQL ] SELECT * FROM `think_auth_rule` WHERE  (  status = 1 ) ORDER BY `sort` [ RunTime:0.000266s ]
---------------------------------------------------------------
[ 2018-03-25T14:36:50+08:00 ] 172.26.33.75 171.106.36.44 GET /admin/index/indexpage.html
[ info ] www.mo1120.com/admin/index/indexpage.html [运行时间：0.057778s][吞吐率：17.31req/s] [内存消耗：3,142.06kb] [文件加载：80]
[ info ] [ LANG ] /www/wwwroot/ent.mo1120.com/thinkphp/lang/zh-cn.php
[ info ] [ ROUTE ] array (
  'type' => 'module',
  'module' => 
  array (
    0 => 'admin',
    1 => 'index',
    2 => 'indexpage',
  ),
)
[ info ] [ HEADER ] array (
  'upgrade-insecure-requests' => '1',
  'connection' => 'keep-alive',
  'cookie' => 'serverType=nginx; order=id%20desc; memRealUsed=368; mem-before=368/996%20%28MB%29; memSize=996; upNet=0.2; downNet=0.31; backup_path=/www/backup; uploadSize=1073741824; rank=a; Path=/www/wwwroot/bull.mo1120.com/workerman; Hm_lvt_e516c3ad1720889c6ee5226d86e0bc20=1521360681; apacheVersion=; phpVersion=0; softType=0; safeMsg=1; one=0; five=0; fifteen=0; conterError=; vcodesum=10; copyFileName=null; cutFileName=null; PHPSESSID=f4h364lpcs05v6511n9kjo7r30',
  'referer' => 'http://www.mo1120.com/admin/index/index.html',
  'accept-encoding' => 'gzip, deflate',
  'accept-language' => 'zh-CN,zh;q=0.8,zh-TW;q=0.7,zh-HK;q=0.5,en-US;q=0.3,en;q=0.2',
  'accept' => 'text/html,application/xhtml+xml,application/xml;q=0.9,*/*;q=0.8',
  'user-agent' => 'Mozilla/5.0 (Windows NT 10.0; Win64; x64; rv:59.0) Gecko/20100101 Firefox/59.0',
  'host' => 'www.mo1120.com',
  'content-type' => '',
  'content-length' => '',
)
[ info ] [ PARAM ] array (
)
[ info ] [ SESSION ] INIT array (
  'id' => '',
  'var_session_id' => '',
  'prefix' => 'think',
  'type' => '',
  'auto_start' => true,
)
[ info ] [ DB ] INIT mysql
[ info ] [ CACHE ] INIT file
[ info ] [ RUN ] app\admin\controller\Index->indexPage[ /www/wwwroot/ent.mo1120.com/application/admin/controller/Index.php ]
[ info ] [ VIEW ] /www/wwwroot/ent.mo1120.com/public/../application/admin/view/index/index.html [ array (
  0 => 'username',
  1 => 'portrait',
  2 => 'rolename',
  3 => 'menu',
  4 => 'day',
  5 => 'week',
  6 => 'month',
  7 => 'info',
) ]
[ info ] [ LOG ] INIT File
[ sql ] [ DB ] CONNECT:[ UseTime:0.000317s ] mysql:dbname=tp5;host=127.0.0.1;port=3306;charset=utf8
[ sql ] [ SQL ] SHOW COLUMNS FROM `think_auth_rule` [ RunTime:0.000711s ]
[ sql ] [ SQL ] SELECT * FROM `think_auth_rule` WHERE  (  status = 1 ) ORDER BY `sort` [ RunTime:0.000263s ]
[ sql ] [ SQL ] SHOW COLUMNS FROM `think_counts` [ RunTime:0.000487s ]
[ sql ] [ SQL ] SELECT COUNT(*) AS tp_count FROM `think_counts` WHERE  `add_time` >= 1521907200 LIMIT 1 [ RunTime:0.000260s ]
[ sql ] [ SQL ] SELECT COUNT(*) AS tp_count FROM `think_counts` WHERE  `add_time` >= 1521388800 LIMIT 1 [ RunTime:0.000223s ]
[ sql ] [ SQL ] SELECT COUNT(*) AS tp_count FROM `think_counts` WHERE  `add_time` >= 1519833600 LIMIT 1 [ RunTime:0.000197s ]
---------------------------------------------------------------
[ 2018-03-25T14:36:50+08:00 ] 172.26.33.75 171.106.36.44 GET /static/admin/js/layer/skin/extend/layer.ext.js,skin/moon/style.css
[ info ] www.mo1120.com/static/admin/js/layer/skin/extend/layer.ext.js,skin/moon/style.css [运行时间：0.067844s][吞吐率：14.74req/s] [内存消耗：1,730.29kb] [文件加载：56]
[ info ] [ LANG ] /www/wwwroot/ent.mo1120.com/thinkphp/lang/zh-cn.php
[ info ] [ ROUTE ] array (
  'type' => 'module',
  'module' => 
  array (
    0 => '404',
    1 => NULL,
    2 => NULL,
  ),
)
[ info ] [ HEADER ] array (
  'connection' => 'keep-alive',
  'cookie' => 'serverType=nginx; order=id%20desc; memRealUsed=368; mem-before=368/996%20%28MB%29; memSize=996; upNet=0.2; downNet=0.31; backup_path=/www/backup; uploadSize=1073741824; rank=a; Path=/www/wwwroot/bull.mo1120.com/workerman; Hm_lvt_e516c3ad1720889c6ee5226d86e0bc20=1521360681; apacheVersion=; phpVersion=0; softType=0; safeMsg=1; one=0; five=0; fifteen=0; conterError=; vcodesum=10; copyFileName=null; cutFileName=null; PHPSESSID=f4h364lpcs05v6511n9kjo7r30',
  'referer' => 'http://www.mo1120.com/admin/index/index.html',
  'accept-encoding' => 'gzip, deflate',
  'accept-language' => 'zh-CN,zh;q=0.8,zh-TW;q=0.7,zh-HK;q=0.5,en-US;q=0.3,en;q=0.2',
  'accept' => 'text/css,*/*;q=0.1',
  'user-agent' => 'Mozilla/5.0 (Windows NT 10.0; Win64; x64; rv:59.0) Gecko/20100101 Firefox/59.0',
  'host' => 'www.mo1120.com',
  'content-type' => '',
  'content-length' => '',
)
[ info ] [ PARAM ] array (
)
[ info ] [ LOG ] INIT File
---------------------------------------------------------------
[ 2018-03-25T14:37:00+08:00 ] 172.26.33.75 171.106.36.44 GET /admin/counts/index.html
[ info ] www.mo1120.com/admin/counts/index.html [运行时间：0.110162s][吞吐率：9.08req/s] [内存消耗：3,170.18kb] [文件加载：81]
[ info ] [ LANG ] /www/wwwroot/ent.mo1120.com/thinkphp/lang/zh-cn.php
[ info ] [ ROUTE ] array (
  'type' => 'module',
  'module' => 
  array (
    0 => 'admin',
    1 => 'counts',
    2 => 'index',
  ),
)
[ info ] [ HEADER ] array (
  'upgrade-insecure-requests' => '1',
  'connection' => 'keep-alive',
  'cookie' => 'serverType=nginx; order=id%20desc; memRealUsed=368; mem-before=368/996%20%28MB%29; memSize=996; upNet=0.2; downNet=0.31; backup_path=/www/backup; uploadSize=1073741824; rank=a; Path=/www/wwwroot/bull.mo1120.com/workerman; Hm_lvt_e516c3ad1720889c6ee5226d86e0bc20=1521360681; apacheVersion=; phpVersion=0; softType=0; safeMsg=1; one=0; five=0; fifteen=0; conterError=; vcodesum=10; copyFileName=null; cutFileName=null; PHPSESSID=f4h364lpcs05v6511n9kjo7r30',
  'referer' => 'http://www.mo1120.com/admin/index/index.html',
  'accept-encoding' => 'gzip, deflate',
  'accept-language' => 'zh-CN,zh;q=0.8,zh-TW;q=0.7,zh-HK;q=0.5,en-US;q=0.3,en;q=0.2',
  'accept' => 'text/html,application/xhtml+xml,application/xml;q=0.9,*/*;q=0.8',
  'user-agent' => 'Mozilla/5.0 (Windows NT 10.0; Win64; x64; rv:59.0) Gecko/20100101 Firefox/59.0',
  'host' => 'www.mo1120.com',
  'content-type' => '',
  'content-length' => '',
)
[ info ] [ PARAM ] array (
)
[ info ] [ SESSION ] INIT array (
  'id' => '',
  'var_session_id' => '',
  'prefix' => 'think',
  'type' => '',
  'auto_start' => true,
)
[ info ] [ DB ] INIT mysql
[ info ] [ CACHE ] INIT file
[ info ] [ RUN ] app\admin\controller\Counts->index[ /www/wwwroot/ent.mo1120.com/application/admin/controller/Counts.php ]
[ info ] [ VIEW ] /www/wwwroot/ent.mo1120.com/public/../application/admin/view/counts/index.html [ array (
  0 => 'username',
  1 => 'portrait',
  2 => 'rolename',
  3 => 'menu',
  4 => 'Nowpage',
  5 => 'allpage',
  6 => 'count',
  7 => 'search_user',
  8 => 'start_time',
  9 => 'end_time',
) ]
[ info ] [ LOG ] INIT File
[ sql ] [ DB ] CONNECT:[ UseTime:0.000291s ] mysql:dbname=tp5;host=127.0.0.1;port=3306;charset=utf8
[ sql ] [ SQL ] SHOW COLUMNS FROM `think_auth_rule` [ RunTime:0.000694s ]
[ sql ] [ SQL ] SELECT * FROM `think_auth_rule` WHERE  (  status = 1 ) ORDER BY `sort` [ RunTime:0.000282s ]
[ sql ] [ SQL ] SHOW COLUMNS FROM `think_admin` [ RunTime:0.000535s ]
[ sql ] [ SQL ] SELECT `id`,`username` FROM `think_admin` [ RunTime:0.000167s ]
[ sql ] [ SQL ] SHOW COLUMNS FROM `think_counts` [ RunTime:0.000467s ]
[ sql ] [ SQL ] SELECT COUNT(*) AS tp_count FROM `think_counts` LIMIT 1 [ RunTime:0.000216s ]
[ sql ] [ SQL ] SELECT * FROM `think_counts` ORDER BY add_time desc LIMIT 0,10 [ RunTime:0.000217s ]
---------------------------------------------------------------
[ 2018-03-25T14:37:00+08:00 ] 172.26.33.75 171.106.36.44 GET /admin/counts/index.html?page=1&start_time=&end_time=
[ info ] www.mo1120.com/admin/counts/index.html?page=1&start_time=&end_time= [运行时间：0.041994s][吞吐率：23.81req/s] [内存消耗：3,164.20kb] [文件加载：81]
[ info ] [ LANG ] /www/wwwroot/ent.mo1120.com/thinkphp/lang/zh-cn.php
[ info ] [ ROUTE ] array (
  'type' => 'module',
  'module' => 
  array (
    0 => 'admin',
    1 => 'counts',
    2 => 'index',
  ),
)
[ info ] [ HEADER ] array (
  'connection' => 'keep-alive',
  'cookie' => 'serverType=nginx; order=id%20desc; memRealUsed=368; mem-before=368/996%20%28MB%29; memSize=996; upNet=0.2; downNet=0.31; backup_path=/www/backup; uploadSize=1073741824; rank=a; Path=/www/wwwroot/bull.mo1120.com/workerman; Hm_lvt_e516c3ad1720889c6ee5226d86e0bc20=1521360681; apacheVersion=; phpVersion=0; softType=0; safeMsg=1; one=0; five=0; fifteen=0; conterError=; vcodesum=10; copyFileName=null; cutFileName=null; PHPSESSID=f4h364lpcs05v6511n9kjo7r30',
  'x-requested-with' => 'XMLHttpRequest',
  'referer' => 'http://www.mo1120.com/admin/counts/index.html',
  'accept-encoding' => 'gzip, deflate',
  'accept-language' => 'zh-CN,zh;q=0.8,zh-TW;q=0.7,zh-HK;q=0.5,en-US;q=0.3,en;q=0.2',
  'accept' => 'application/json, text/javascript, */*; q=0.01',
  'user-agent' => 'Mozilla/5.0 (Windows NT 10.0; Win64; x64; rv:59.0) Gecko/20100101 Firefox/59.0',
  'host' => 'www.mo1120.com',
  'content-type' => '',
  'content-length' => '',
)
[ info ] [ PARAM ] array (
  'page' => '1',
  'start_time' => '',
  'end_time' => '',
)
[ info ] [ SESSION ] INIT array (
  'id' => '',
  'var_session_id' => '',
  'prefix' => 'think',
  'type' => '',
  'auto_start' => true,
)
[ info ] [ DB ] INIT mysql
[ info ] [ CACHE ] INIT file
[ info ] [ RUN ] app\admin\controller\Counts->index[ /www/wwwroot/ent.mo1120.com/application/admin/controller/Counts.php ]
[ info ] [ LOG ] INIT File
[ sql ] [ DB ] CONNECT:[ UseTime:0.000304s ] mysql:dbname=tp5;host=127.0.0.1;port=3306;charset=utf8
[ sql ] [ SQL ] SHOW COLUMNS FROM `think_auth_rule` [ RunTime:0.000705s ]
[ sql ] [ SQL ] SELECT * FROM `think_auth_rule` WHERE  (  status = 1 ) ORDER BY `sort` [ RunTime:0.000288s ]
[ sql ] [ SQL ] SHOW COLUMNS FROM `think_admin` [ RunTime:0.000559s ]
[ sql ] [ SQL ] SELECT `id`,`username` FROM `think_admin` [ RunTime:0.000111s ]
[ sql ] [ SQL ] SHOW COLUMNS FROM `think_counts` [ RunTime:0.000510s ]
[ sql ] [ SQL ] SELECT COUNT(*) AS tp_count FROM `think_counts` LIMIT 1 [ RunTime:0.000109s ]
[ sql ] [ SQL ] SELECT * FROM `think_counts` ORDER BY add_time desc LIMIT 0,10 [ RunTime:0.000115s ]
---------------------------------------------------------------
[ 2018-03-25T16:43:57+08:00 ] 172.26.33.75 123.125.71.29 GET /
[ info ] www.mo1120.com/ [运行时间：0.042343s][吞吐率：23.62req/s] [内存消耗：3,022.81kb] [文件加载：75]
[ info ] [ LANG ] /www/wwwroot/ent.mo1120.com/thinkphp/lang/zh-cn.php
[ info ] [ ROUTE ] array (
  'type' => 'module',
  'module' => 
  array (
    0 => '',
    1 => NULL,
    2 => NULL,
  ),
)
[ info ] [ HEADER ] array (
  'accept' => '*/*',
  'accept-encoding' => 'gzip',
  'if-none-match' => '"@NULL@"',
  'accept-language' => 'zh-cn,zh-tw',
  'user-agent' => 'Mozilla/5.0 (compatible; Baiduspider/2.0; +http://www.baidu.com/search/spider.html)',
  'connection' => 'close',
  'host' => 'www.mo1120.com',
  'content-type' => '',
  'content-length' => '',
)
[ info ] [ PARAM ] array (
)
[ info ] [ DB ] INIT mysql
[ info ] [ RUN ] app\index\controller\Index->index[ /www/wwwroot/ent.mo1120.com/application/index/controller/Index.php ]
[ info ] [ VIEW ] /www/wwwroot/ent.mo1120.com/public/../application/index/view/index/index.html [ array (
  0 => 'config',
  1 => 'a',
  2 => 'solu_cate ',
  3 => 'cust_img',
  4 => 'news',
  5 => 'img',
  6 => 'customer',
  7 => 'menu',
) ]
[ info ] [ LOG ] INIT File
[ sql ] [ DB ] CONNECT:[ UseTime:0.000364s ] mysql:dbname=tp5;host=127.0.0.1;port=3306;charset=utf8
[ sql ] [ SQL ] SHOW COLUMNS FROM `think_config` [ RunTime:0.000690s ]
[ sql ] [ SQL ] SELECT * FROM `think_config` [ RunTime:0.000144s ]
[ sql ] [ SQL ] SHOW COLUMNS FROM `think_counts` [ RunTime:0.000499s ]
[ sql ] [ SQL ] SELECT * FROM `think_counts` WHERE  `ip` = '123.125.71.29'  AND `add_time` BETWEEN 1521907200 AND 1521993600 LIMIT 1 [ RunTime:0.000266s ]
[ sql ] [ SQL ] INSERT INTO `think_counts` (`ip` , `add_time`) VALUES ('123.125.71.29' , 1521967437) [ RunTime:0.000259s ]
[ sql ] [ SQL ] SHOW COLUMNS FROM `think_customer` [ RunTime:0.000477s ]
[ sql ] [ SQL ] SELECT * FROM `think_customer` WHERE  `is_on` = 1 [ RunTime:0.000182s ]
[ sql ] [ SQL ] SHOW COLUMNS FROM `think_index_img` [ RunTime:0.000457s ]
[ sql ] [ SQL ] SELECT * FROM `think_index_img` WHERE  `is_on` = 1 [ RunTime:0.000125s ]
[ sql ] [ SQL ] SHOW COLUMNS FROM `think_news` [ RunTime:0.000517s ]
[ sql ] [ SQL ] SELECT * FROM `think_news` WHERE  `status` = 1 ORDER BY id desc LIMIT 2 [ RunTime:0.000145s ]
[ sql ] [ SQL ] SHOW COLUMNS FROM `think_cust_img` [ RunTime:0.000493s ]
[ sql ] [ SQL ] SELECT * FROM `think_cust_img` WHERE  `is_on` = 1 ORDER BY id desc [ RunTime:0.000151s ]
[ sql ] [ SQL ] SHOW COLUMNS FROM `think_solutions_cate` [ RunTime:0.000488s ]
[ sql ] [ SQL ] SELECT * FROM `think_solutions_cate` WHERE  `is_on` = 1 ORDER BY id desc [ RunTime:0.000161s ]
---------------------------------------------------------------
[ 2018-03-25T16:59:11+08:00 ] 172.26.33.75 171.106.36.44 GET /admin
[ info ] www.mo1120.com/admin [运行时间：0.039136s][吞吐率：25.55req/s] [内存消耗：3,173.60kb] [文件加载：80]
[ info ] [ LANG ] /www/wwwroot/ent.mo1120.com/thinkphp/lang/zh-cn.php
[ info ] [ ROUTE ] array (
  'type' => 'module',
  'module' => 
  array (
    0 => 'admin',
    1 => NULL,
    2 => NULL,
  ),
)
[ info ] [ HEADER ] array (
  'upgrade-insecure-requests' => '1',
  'connection' => 'keep-alive',
  'cookie' => 'serverType=nginx; order=id%20desc; memRealUsed=227; mem-before=227/996%20%28MB%29; memSize=996; upNet=0.22; downNet=0.35; backup_path=/www/backup; uploadSize=1073741824; rank=a; Path=/www/wwwroot/bull.mo1120.com/workerman; Hm_lvt_e516c3ad1720889c6ee5226d86e0bc20=1521360681; apacheVersion=; phpVersion=0; softType=3; safeMsg=1; one=0.03; five=0.02; fifteen=0; conterError=; vcodesum=10; copyFileName=null; cutFileName=null; PHPSESSID=f4h364lpcs05v6511n9kjo7r30; BT_PANEL=b29e187f3274048190cc085e4987f40adf180cf4; letssl=0',
  'accept-encoding' => 'gzip, deflate',
  'accept-language' => 'zh-CN,zh;q=0.8,zh-TW;q=0.7,zh-HK;q=0.5,en-US;q=0.3,en;q=0.2',
  'accept' => 'text/html,application/xhtml+xml,application/xml;q=0.9,*/*;q=0.8',
  'user-agent' => 'Mozilla/5.0 (Windows NT 10.0; Win64; x64; rv:59.0) Gecko/20100101 Firefox/59.0',
  'host' => 'www.mo1120.com',
  'content-type' => '',
  'content-length' => '',
)
[ info ] [ PARAM ] array (
)
[ info ] [ SESSION ] INIT array (
  'id' => '',
  'var_session_id' => '',
  'prefix' => 'think',
  'type' => '',
  'auto_start' => true,
)
[ info ] [ DB ] INIT mysql
[ info ] [ CACHE ] INIT file
[ info ] [ RUN ] app\admin\controller\Index->index[ /www/wwwroot/ent.mo1120.com/application/admin/controller/Index.php ]
[ info ] [ VIEW ] /www/wwwroot/ent.mo1120.com/public/../application/admin/view/index.html [ array (
  0 => 'username',
  1 => 'portrait',
  2 => 'rolename',
  3 => 'menu',
) ]
[ info ] [ LOG ] INIT File
[ sql ] [ DB ] CONNECT:[ UseTime:0.000363s ] mysql:dbname=tp5;host=127.0.0.1;port=3306;charset=utf8
[ sql ] [ SQL ] SHOW COLUMNS FROM `think_auth_rule` [ RunTime:0.000726s ]
[ sql ] [ SQL ] SELECT * FROM `think_auth_rule` WHERE  (  status = 1 ) ORDER BY `sort` [ RunTime:0.000259s ]
---------------------------------------------------------------
[ 2018-03-25T16:59:12+08:00 ] 172.26.33.75 171.106.36.44 GET /admin/index/indexpage.html
[ info ] www.mo1120.com/admin/index/indexpage.html [运行时间：0.040796s][吞吐率：24.51req/s] [内存消耗：3,142.27kb] [文件加载：80]
[ info ] [ LANG ] /www/wwwroot/ent.mo1120.com/thinkphp/lang/zh-cn.php
[ info ] [ ROUTE ] array (
  'type' => 'module',
  'module' => 
  array (
    0 => 'admin',
    1 => 'index',
    2 => 'indexpage',
  ),
)
[ info ] [ HEADER ] array (
  'upgrade-insecure-requests' => '1',
  'connection' => 'keep-alive',
  'cookie' => 'serverType=nginx; order=id%20desc; memRealUsed=227; mem-before=227/996%20%28MB%29; memSize=996; upNet=0.22; downNet=0.35; backup_path=/www/backup; uploadSize=1073741824; rank=a; Path=/www/wwwroot/bull.mo1120.com/workerman; Hm_lvt_e516c3ad1720889c6ee5226d86e0bc20=1521360681; apacheVersion=; phpVersion=0; softType=3; safeMsg=1; one=0.03; five=0.02; fifteen=0; conterError=; vcodesum=10; copyFileName=null; cutFileName=null; PHPSESSID=f4h364lpcs05v6511n9kjo7r30; BT_PANEL=b29e187f3274048190cc085e4987f40adf180cf4; letssl=0',
  'referer' => 'http://www.mo1120.com/admin',
  'accept-encoding' => 'gzip, deflate',
  'accept-language' => 'zh-CN,zh;q=0.8,zh-TW;q=0.7,zh-HK;q=0.5,en-US;q=0.3,en;q=0.2',
  'accept' => 'text/html,application/xhtml+xml,application/xml;q=0.9,*/*;q=0.8',
  'user-agent' => 'Mozilla/5.0 (Windows NT 10.0; Win64; x64; rv:59.0) Gecko/20100101 Firefox/59.0',
  'host' => 'www.mo1120.com',
  'content-type' => '',
  'content-length' => '',
)
[ info ] [ PARAM ] array (
)
[ info ] [ SESSION ] INIT array (
  'id' => '',
  'var_session_id' => '',
  'prefix' => 'think',
  'type' => '',
  'auto_start' => true,
)
[ info ] [ DB ] INIT mysql
[ info ] [ CACHE ] INIT file
[ info ] [ RUN ] app\admin\controller\Index->indexPage[ /www/wwwroot/ent.mo1120.com/application/admin/controller/Index.php ]
[ info ] [ VIEW ] /www/wwwroot/ent.mo1120.com/public/../application/admin/view/index/index.html [ array (
  0 => 'username',
  1 => 'portrait',
  2 => 'rolename',
  3 => 'menu',
  4 => 'day',
  5 => 'week',
  6 => 'month',
  7 => 'info',
) ]
[ info ] [ LOG ] INIT File
[ sql ] [ DB ] CONNECT:[ UseTime:0.000288s ] mysql:dbname=tp5;host=127.0.0.1;port=3306;charset=utf8
[ sql ] [ SQL ] SHOW COLUMNS FROM `think_auth_rule` [ RunTime:0.000692s ]
[ sql ] [ SQL ] SELECT * FROM `think_auth_rule` WHERE  (  status = 1 ) ORDER BY `sort` [ RunTime:0.000292s ]
[ sql ] [ SQL ] SHOW COLUMNS FROM `think_counts` [ RunTime:0.000520s ]
[ sql ] [ SQL ] SELECT COUNT(*) AS tp_count FROM `think_counts` WHERE  `add_time` >= 1521907200 LIMIT 1 [ RunTime:0.000239s ]
[ sql ] [ SQL ] SELECT COUNT(*) AS tp_count FROM `think_counts` WHERE  `add_time` >= 1521388800 LIMIT 1 [ RunTime:0.000235s ]
[ sql ] [ SQL ] SELECT COUNT(*) AS tp_count FROM `think_counts` WHERE  `add_time` >= 1519833600 LIMIT 1 [ RunTime:0.000198s ]
---------------------------------------------------------------
[ 2018-03-25T16:59:12+08:00 ] 172.26.33.75 171.106.36.44 GET /static/admin/js/layer/skin/extend/layer.ext.js,skin/moon/style.css
[ info ] www.mo1120.com/static/admin/js/layer/skin/extend/layer.ext.js,skin/moon/style.css [运行时间：0.021053s][吞吐率：47.50req/s] [内存消耗：1,730.49kb] [文件加载：56]
[ info ] [ LANG ] /www/wwwroot/ent.mo1120.com/thinkphp/lang/zh-cn.php
[ info ] [ ROUTE ] array (
  'type' => 'module',
  'module' => 
  array (
    0 => '404',
    1 => NULL,
    2 => NULL,
  ),
)
[ info ] [ HEADER ] array (
  'connection' => 'keep-alive',
  'cookie' => 'serverType=nginx; order=id%20desc; memRealUsed=227; mem-before=227/996%20%28MB%29; memSize=996; upNet=0.22; downNet=0.35; backup_path=/www/backup; uploadSize=1073741824; rank=a; Path=/www/wwwroot/bull.mo1120.com/workerman; Hm_lvt_e516c3ad1720889c6ee5226d86e0bc20=1521360681; apacheVersion=; phpVersion=0; softType=3; safeMsg=1; one=0.03; five=0.02; fifteen=0; conterError=; vcodesum=10; copyFileName=null; cutFileName=null; PHPSESSID=f4h364lpcs05v6511n9kjo7r30; BT_PANEL=b29e187f3274048190cc085e4987f40adf180cf4; letssl=0',
  'referer' => 'http://www.mo1120.com/admin',
  'accept-encoding' => 'gzip, deflate',
  'accept-language' => 'zh-CN,zh;q=0.8,zh-TW;q=0.7,zh-HK;q=0.5,en-US;q=0.3,en;q=0.2',
  'accept' => 'text/css,*/*;q=0.1',
  'user-agent' => 'Mozilla/5.0 (Windows NT 10.0; Win64; x64; rv:59.0) Gecko/20100101 Firefox/59.0',
  'host' => 'www.mo1120.com',
  'content-type' => '',
  'content-length' => '',
)
[ info ] [ PARAM ] array (
)
[ info ] [ LOG ] INIT File
---------------------------------------------------------------
[ 2018-03-25T16:59:18+08:00 ] 172.26.33.75 171.106.36.44 GET /admin/counts/index.html
[ info ] www.mo1120.com/admin/counts/index.html [运行时间：0.046349s][吞吐率：21.58req/s] [内存消耗：3,170.38kb] [文件加载：81]
[ info ] [ LANG ] /www/wwwroot/ent.mo1120.com/thinkphp/lang/zh-cn.php
[ info ] [ ROUTE ] array (
  'type' => 'module',
  'module' => 
  array (
    0 => 'admin',
    1 => 'counts',
    2 => 'index',
  ),
)
[ info ] [ HEADER ] array (
  'upgrade-insecure-requests' => '1',
  'connection' => 'keep-alive',
  'cookie' => 'serverType=nginx; order=id%20desc; memRealUsed=227; mem-before=227/996%20%28MB%29; memSize=996; upNet=0.22; downNet=0.35; backup_path=/www/backup; uploadSize=1073741824; rank=a; Path=/www/wwwroot/bull.mo1120.com/workerman; Hm_lvt_e516c3ad1720889c6ee5226d86e0bc20=1521360681; apacheVersion=; phpVersion=0; softType=3; safeMsg=1; one=0.03; five=0.02; fifteen=0; conterError=; vcodesum=10; copyFileName=null; cutFileName=null; PHPSESSID=f4h364lpcs05v6511n9kjo7r30; BT_PANEL=b29e187f3274048190cc085e4987f40adf180cf4; letssl=0',
  'referer' => 'http://www.mo1120.com/admin',
  'accept-encoding' => 'gzip, deflate',
  'accept-language' => 'zh-CN,zh;q=0.8,zh-TW;q=0.7,zh-HK;q=0.5,en-US;q=0.3,en;q=0.2',
  'accept' => 'text/html,application/xhtml+xml,application/xml;q=0.9,*/*;q=0.8',
  'user-agent' => 'Mozilla/5.0 (Windows NT 10.0; Win64; x64; rv:59.0) Gecko/20100101 Firefox/59.0',
  'host' => 'www.mo1120.com',
  'content-type' => '',
  'content-length' => '',
)
[ info ] [ PARAM ] array (
)
[ info ] [ SESSION ] INIT array (
  'id' => '',
  'var_session_id' => '',
  'prefix' => 'think',
  'type' => '',
  'auto_start' => true,
)
[ info ] [ DB ] INIT mysql
[ info ] [ CACHE ] INIT file
[ info ] [ RUN ] app\admin\controller\Counts->index[ /www/wwwroot/ent.mo1120.com/application/admin/controller/Counts.php ]
[ info ] [ VIEW ] /www/wwwroot/ent.mo1120.com/public/../application/admin/view/counts/index.html [ array (
  0 => 'username',
  1 => 'portrait',
  2 => 'rolename',
  3 => 'menu',
  4 => 'Nowpage',
  5 => 'allpage',
  6 => 'count',
  7 => 'search_user',
  8 => 'start_time',
  9 => 'end_time',
) ]
[ info ] [ LOG ] INIT File
[ sql ] [ DB ] CONNECT:[ UseTime:0.000322s ] mysql:dbname=tp5;host=127.0.0.1;port=3306;charset=utf8
[ sql ] [ SQL ] SHOW COLUMNS FROM `think_auth_rule` [ RunTime:0.000732s ]
[ sql ] [ SQL ] SELECT * FROM `think_auth_rule` WHERE  (  status = 1 ) ORDER BY `sort` [ RunTime:0.000287s ]
[ sql ] [ SQL ] SHOW COLUMNS FROM `think_admin` [ RunTime:0.000606s ]
[ sql ] [ SQL ] SELECT `id`,`username` FROM `think_admin` [ RunTime:0.000142s ]
[ sql ] [ SQL ] SHOW COLUMNS FROM `think_counts` [ RunTime:0.000494s ]
[ sql ] [ SQL ] SELECT COUNT(*) AS tp_count FROM `think_counts` LIMIT 1 [ RunTime:0.000186s ]
[ sql ] [ SQL ] SELECT * FROM `think_counts` ORDER BY add_time desc LIMIT 0,10 [ RunTime:0.000246s ]
---------------------------------------------------------------
[ 2018-03-25T16:59:18+08:00 ] 172.26.33.75 171.106.36.44 GET /admin/counts/index.html?page=1&start_time=&end_time=
[ info ] www.mo1120.com/admin/counts/index.html?page=1&start_time=&end_time= [运行时间：0.042053s][吞吐率：23.78req/s] [内存消耗：3,164.70kb] [文件加载：81]
[ info ] [ LANG ] /www/wwwroot/ent.mo1120.com/thinkphp/lang/zh-cn.php
[ info ] [ ROUTE ] array (
  'type' => 'module',
  'module' => 
  array (
    0 => 'admin',
    1 => 'counts',
    2 => 'index',
  ),
)
[ info ] [ HEADER ] array (
  'connection' => 'keep-alive',
  'cookie' => 'serverType=nginx; order=id%20desc; memRealUsed=227; mem-before=227/996%20%28MB%29; memSize=996; upNet=0.22; downNet=0.35; backup_path=/www/backup; uploadSize=1073741824; rank=a; Path=/www/wwwroot/bull.mo1120.com/workerman; Hm_lvt_e516c3ad1720889c6ee5226d86e0bc20=1521360681; apacheVersion=; phpVersion=0; softType=3; safeMsg=1; one=0.03; five=0.02; fifteen=0; conterError=; vcodesum=10; copyFileName=null; cutFileName=null; PHPSESSID=f4h364lpcs05v6511n9kjo7r30; BT_PANEL=b29e187f3274048190cc085e4987f40adf180cf4; letssl=0',
  'x-requested-with' => 'XMLHttpRequest',
  'referer' => 'http://www.mo1120.com/admin/counts/index.html',
  'accept-encoding' => 'gzip, deflate',
  'accept-language' => 'zh-CN,zh;q=0.8,zh-TW;q=0.7,zh-HK;q=0.5,en-US;q=0.3,en;q=0.2',
  'accept' => 'application/json, text/javascript, */*; q=0.01',
  'user-agent' => 'Mozilla/5.0 (Windows NT 10.0; Win64; x64; rv:59.0) Gecko/20100101 Firefox/59.0',
  'host' => 'www.mo1120.com',
  'content-type' => '',
  'content-length' => '',
)
[ info ] [ PARAM ] array (
  'page' => '1',
  'start_time' => '',
  'end_time' => '',
)
[ info ] [ SESSION ] INIT array (
  'id' => '',
  'var_session_id' => '',
  'prefix' => 'think',
  'type' => '',
  'auto_start' => true,
)
[ info ] [ DB ] INIT mysql
[ info ] [ CACHE ] INIT file
[ info ] [ RUN ] app\admin\controller\Counts->index[ /www/wwwroot/ent.mo1120.com/application/admin/controller/Counts.php ]
[ info ] [ LOG ] INIT File
[ sql ] [ DB ] CONNECT:[ UseTime:0.000309s ] mysql:dbname=tp5;host=127.0.0.1;port=3306;charset=utf8
[ sql ] [ SQL ] SHOW COLUMNS FROM `think_auth_rule` [ RunTime:0.000688s ]
[ sql ] [ SQL ] SELECT * FROM `think_auth_rule` WHERE  (  status = 1 ) ORDER BY `sort` [ RunTime:0.000304s ]
[ sql ] [ SQL ] SHOW COLUMNS FROM `think_admin` [ RunTime:0.000575s ]
[ sql ] [ SQL ] SELECT `id`,`username` FROM `think_admin` [ RunTime:0.000111s ]
[ sql ] [ SQL ] SHOW COLUMNS FROM `think_counts` [ RunTime:0.000463s ]
[ sql ] [ SQL ] SELECT COUNT(*) AS tp_count FROM `think_counts` LIMIT 1 [ RunTime:0.000107s ]
[ sql ] [ SQL ] SELECT * FROM `think_counts` ORDER BY add_time desc LIMIT 0,10 [ RunTime:0.000116s ]
---------------------------------------------------------------
[ 2018-03-25T16:59:31+08:00 ] 172.26.33.75 171.106.36.44 GET /admin/counts/index.html?page=2&start_time=&end_time=
[ info ] www.mo1120.com/admin/counts/index.html?page=2&start_time=&end_time= [运行时间：0.047350s][吞吐率：21.12req/s] [内存消耗：3,164.70kb] [文件加载：81]
[ info ] [ LANG ] /www/wwwroot/ent.mo1120.com/thinkphp/lang/zh-cn.php
[ info ] [ ROUTE ] array (
  'type' => 'module',
  'module' => 
  array (
    0 => 'admin',
    1 => 'counts',
    2 => 'index',
  ),
)
[ info ] [ HEADER ] array (
  'connection' => 'keep-alive',
  'cookie' => 'serverType=nginx; order=id%20desc; memRealUsed=227; mem-before=227/996%20%28MB%29; memSize=996; upNet=0.22; downNet=0.35; backup_path=/www/backup; uploadSize=1073741824; rank=a; Path=/www/wwwroot/bull.mo1120.com/workerman; Hm_lvt_e516c3ad1720889c6ee5226d86e0bc20=1521360681; apacheVersion=; phpVersion=0; softType=3; safeMsg=1; one=0.03; five=0.02; fifteen=0; conterError=; vcodesum=10; copyFileName=null; cutFileName=null; PHPSESSID=f4h364lpcs05v6511n9kjo7r30; BT_PANEL=b29e187f3274048190cc085e4987f40adf180cf4; letssl=0',
  'x-requested-with' => 'XMLHttpRequest',
  'referer' => 'http://www.mo1120.com/admin/counts/index.html',
  'accept-encoding' => 'gzip, deflate',
  'accept-language' => 'zh-CN,zh;q=0.8,zh-TW;q=0.7,zh-HK;q=0.5,en-US;q=0.3,en;q=0.2',
  'accept' => 'application/json, text/javascript, */*; q=0.01',
  'user-agent' => 'Mozilla/5.0 (Windows NT 10.0; Win64; x64; rv:59.0) Gecko/20100101 Firefox/59.0',
  'host' => 'www.mo1120.com',
  'content-type' => '',
  'content-length' => '',
)
[ info ] [ PARAM ] array (
  'page' => '2',
  'start_time' => '',
  'end_time' => '',
)
[ info ] [ SESSION ] INIT array (
  'id' => '',
  'var_session_id' => '',
  'prefix' => 'think',
  'type' => '',
  'auto_start' => true,
)
[ info ] [ DB ] INIT mysql
[ info ] [ CACHE ] INIT file
[ info ] [ RUN ] app\admin\controller\Counts->index[ /www/wwwroot/ent.mo1120.com/application/admin/controller/Counts.php ]
[ info ] [ LOG ] INIT File
[ sql ] [ DB ] CONNECT:[ UseTime:0.000317s ] mysql:dbname=tp5;host=127.0.0.1;port=3306;charset=utf8
[ sql ] [ SQL ] SHOW COLUMNS FROM `think_auth_rule` [ RunTime:0.000710s ]
[ sql ] [ SQL ] SELECT * FROM `think_auth_rule` WHERE  (  status = 1 ) ORDER BY `sort` [ RunTime:0.000312s ]
[ sql ] [ SQL ] SHOW COLUMNS FROM `think_admin` [ RunTime:0.000571s ]
[ sql ] [ SQL ] SELECT `id`,`username` FROM `think_admin` [ RunTime:0.000114s ]
[ sql ] [ SQL ] SHOW COLUMNS FROM `think_counts` [ RunTime:0.000473s ]
[ sql ] [ SQL ] SELECT COUNT(*) AS tp_count FROM `think_counts` LIMIT 1 [ RunTime:0.000116s ]
[ sql ] [ SQL ] SELECT * FROM `think_counts` ORDER BY add_time desc LIMIT 10,10 [ RunTime:0.000251s ]
---------------------------------------------------------------
[ 2018-03-25T16:59:32+08:00 ] 172.26.33.75 171.106.36.44 GET /admin/counts/index.html?page=3&start_time=&end_time=
[ info ] www.mo1120.com/admin/counts/index.html?page=3&start_time=&end_time= [运行时间：0.045355s][吞吐率：22.05req/s] [内存消耗：3,164.70kb] [文件加载：81]
[ info ] [ LANG ] /www/wwwroot/ent.mo1120.com/thinkphp/lang/zh-cn.php
[ info ] [ ROUTE ] array (
  'type' => 'module',
  'module' => 
  array (
    0 => 'admin',
    1 => 'counts',
    2 => 'index',
  ),
)
[ info ] [ HEADER ] array (
  'connection' => 'keep-alive',
  'cookie' => 'serverType=nginx; order=id%20desc; memRealUsed=227; mem-before=227/996%20%28MB%29; memSize=996; upNet=0.22; downNet=0.35; backup_path=/www/backup; uploadSize=1073741824; rank=a; Path=/www/wwwroot/bull.mo1120.com/workerman; Hm_lvt_e516c3ad1720889c6ee5226d86e0bc20=1521360681; apacheVersion=; phpVersion=0; softType=3; safeMsg=1; one=0.03; five=0.02; fifteen=0; conterError=; vcodesum=10; copyFileName=null; cutFileName=null; PHPSESSID=f4h364lpcs05v6511n9kjo7r30; BT_PANEL=b29e187f3274048190cc085e4987f40adf180cf4; letssl=0',
  'x-requested-with' => 'XMLHttpRequest',
  'referer' => 'http://www.mo1120.com/admin/counts/index.html',
  'accept-encoding' => 'gzip, deflate',
  'accept-language' => 'zh-CN,zh;q=0.8,zh-TW;q=0.7,zh-HK;q=0.5,en-US;q=0.3,en;q=0.2',
  'accept' => 'application/json, text/javascript, */*; q=0.01',
  'user-agent' => 'Mozilla/5.0 (Windows NT 10.0; Win64; x64; rv:59.0) Gecko/20100101 Firefox/59.0',
  'host' => 'www.mo1120.com',
  'content-type' => '',
  'content-length' => '',
)
[ info ] [ PARAM ] array (
  'page' => '3',
  'start_time' => '',
  'end_time' => '',
)
[ info ] [ SESSION ] INIT array (
  'id' => '',
  'var_session_id' => '',
  'prefix' => 'think',
  'type' => '',
  'auto_start' => true,
)
[ info ] [ DB ] INIT mysql
[ info ] [ CACHE ] INIT file
[ info ] [ RUN ] app\admin\controller\Counts->index[ /www/wwwroot/ent.mo1120.com/application/admin/controller/Counts.php ]
[ info ] [ LOG ] INIT File
[ sql ] [ DB ] CONNECT:[ UseTime:0.000352s ] mysql:dbname=tp5;host=127.0.0.1;port=3306;charset=utf8
[ sql ] [ SQL ] SHOW COLUMNS FROM `think_auth_rule` [ RunTime:0.000739s ]
[ sql ] [ SQL ] SELECT * FROM `think_auth_rule` WHERE  (  status = 1 ) ORDER BY `sort` [ RunTime:0.000292s ]
[ sql ] [ SQL ] SHOW COLUMNS FROM `think_admin` [ RunTime:0.000548s ]
[ sql ] [ SQL ] SELECT `id`,`username` FROM `think_admin` [ RunTime:0.000178s ]
[ sql ] [ SQL ] SHOW COLUMNS FROM `think_counts` [ RunTime:0.000473s ]
[ sql ] [ SQL ] SELECT COUNT(*) AS tp_count FROM `think_counts` LIMIT 1 [ RunTime:0.000110s ]
[ sql ] [ SQL ] SELECT * FROM `think_counts` ORDER BY add_time desc LIMIT 20,10 [ RunTime:0.000342s ]
---------------------------------------------------------------
[ 2018-03-25T16:59:34+08:00 ] 172.26.33.75 171.106.36.44 GET /admin/counts/index.html?page=4&start_time=&end_time=
[ info ] www.mo1120.com/admin/counts/index.html?page=4&start_time=&end_time= [运行时间：0.045243s][吞吐率：22.10req/s] [内存消耗：3,164.70kb] [文件加载：81]
[ info ] [ LANG ] /www/wwwroot/ent.mo1120.com/thinkphp/lang/zh-cn.php
[ info ] [ ROUTE ] array (
  'type' => 'module',
  'module' => 
  array (
    0 => 'admin',
    1 => 'counts',
    2 => 'index',
  ),
)
[ info ] [ HEADER ] array (
  'connection' => 'keep-alive',
  'cookie' => 'serverType=nginx; order=id%20desc; memRealUsed=227; mem-before=227/996%20%28MB%29; memSize=996; upNet=0.22; downNet=0.35; backup_path=/www/backup; uploadSize=1073741824; rank=a; Path=/www/wwwroot/bull.mo1120.com/workerman; Hm_lvt_e516c3ad1720889c6ee5226d86e0bc20=1521360681; apacheVersion=; phpVersion=0; softType=3; safeMsg=1; one=0.03; five=0.02; fifteen=0; conterError=; vcodesum=10; copyFileName=null; cutFileName=null; PHPSESSID=f4h364lpcs05v6511n9kjo7r30; BT_PANEL=b29e187f3274048190cc085e4987f40adf180cf4; letssl=0',
  'x-requested-with' => 'XMLHttpRequest',
  'referer' => 'http://www.mo1120.com/admin/counts/index.html',
  'accept-encoding' => 'gzip, deflate',
  'accept-language' => 'zh-CN,zh;q=0.8,zh-TW;q=0.7,zh-HK;q=0.5,en-US;q=0.3,en;q=0.2',
  'accept' => 'application/json, text/javascript, */*; q=0.01',
  'user-agent' => 'Mozilla/5.0 (Windows NT 10.0; Win64; x64; rv:59.0) Gecko/20100101 Firefox/59.0',
  'host' => 'www.mo1120.com',
  'content-type' => '',
  'content-length' => '',
)
[ info ] [ PARAM ] array (
  'page' => '4',
  'start_time' => '',
  'end_time' => '',
)
[ info ] [ SESSION ] INIT array (
  'id' => '',
  'var_session_id' => '',
  'prefix' => 'think',
  'type' => '',
  'auto_start' => true,
)
[ info ] [ DB ] INIT mysql
[ info ] [ CACHE ] INIT file
[ info ] [ RUN ] app\admin\controller\Counts->index[ /www/wwwroot/ent.mo1120.com/application/admin/controller/Counts.php ]
[ info ] [ LOG ] INIT File
[ sql ] [ DB ] CONNECT:[ UseTime:0.000332s ] mysql:dbname=tp5;host=127.0.0.1;port=3306;charset=utf8
[ sql ] [ SQL ] SHOW COLUMNS FROM `think_auth_rule` [ RunTime:0.000782s ]
[ sql ] [ SQL ] SELECT * FROM `think_auth_rule` WHERE  (  status = 1 ) ORDER BY `sort` [ RunTime:0.000289s ]
[ sql ] [ SQL ] SHOW COLUMNS FROM `think_admin` [ RunTime:0.000551s ]
[ sql ] [ SQL ] SELECT `id`,`username` FROM `think_admin` [ RunTime:0.000175s ]
[ sql ] [ SQL ] SHOW COLUMNS FROM `think_counts` [ RunTime:0.000465s ]
[ sql ] [ SQL ] SELECT COUNT(*) AS tp_count FROM `think_counts` LIMIT 1 [ RunTime:0.000112s ]
[ sql ] [ SQL ] SELECT * FROM `think_counts` ORDER BY add_time desc LIMIT 30,10 [ RunTime:0.000308s ]
---------------------------------------------------------------
[ 2018-03-25T16:59:36+08:00 ] 172.26.33.75 171.106.36.44 GET /admin/counts/index.html?page=5&start_time=&end_time=
[ info ] www.mo1120.com/admin/counts/index.html?page=5&start_time=&end_time= [运行时间：0.047121s][吞吐率：21.22req/s] [内存消耗：3,164.70kb] [文件加载：81]
[ info ] [ LANG ] /www/wwwroot/ent.mo1120.com/thinkphp/lang/zh-cn.php
[ info ] [ ROUTE ] array (
  'type' => 'module',
  'module' => 
  array (
    0 => 'admin',
    1 => 'counts',
    2 => 'index',
  ),
)
[ info ] [ HEADER ] array (
  'connection' => 'keep-alive',
  'cookie' => 'serverType=nginx; order=id%20desc; memRealUsed=227; mem-before=227/996%20%28MB%29; memSize=996; upNet=0.22; downNet=0.35; backup_path=/www/backup; uploadSize=1073741824; rank=a; Path=/www/wwwroot/bull.mo1120.com/workerman; Hm_lvt_e516c3ad1720889c6ee5226d86e0bc20=1521360681; apacheVersion=; phpVersion=0; softType=3; safeMsg=1; one=0.03; five=0.02; fifteen=0; conterError=; vcodesum=10; copyFileName=null; cutFileName=null; PHPSESSID=f4h364lpcs05v6511n9kjo7r30; BT_PANEL=b29e187f3274048190cc085e4987f40adf180cf4; letssl=0',
  'x-requested-with' => 'XMLHttpRequest',
  'referer' => 'http://www.mo1120.com/admin/counts/index.html',
  'accept-encoding' => 'gzip, deflate',
  'accept-language' => 'zh-CN,zh;q=0.8,zh-TW;q=0.7,zh-HK;q=0.5,en-US;q=0.3,en;q=0.2',
  'accept' => 'application/json, text/javascript, */*; q=0.01',
  'user-agent' => 'Mozilla/5.0 (Windows NT 10.0; Win64; x64; rv:59.0) Gecko/20100101 Firefox/59.0',
  'host' => 'www.mo1120.com',
  'content-type' => '',
  'content-length' => '',
)
[ info ] [ PARAM ] array (
  'page' => '5',
  'start_time' => '',
  'end_time' => '',
)
[ info ] [ SESSION ] INIT array (
  'id' => '',
  'var_session_id' => '',
  'prefix' => 'think',
  'type' => '',
  'auto_start' => true,
)
[ info ] [ DB ] INIT mysql
[ info ] [ CACHE ] INIT file
[ info ] [ RUN ] app\admin\controller\Counts->index[ /www/wwwroot/ent.mo1120.com/application/admin/controller/Counts.php ]
[ info ] [ LOG ] INIT File
[ sql ] [ DB ] CONNECT:[ UseTime:0.000317s ] mysql:dbname=tp5;host=127.0.0.1;port=3306;charset=utf8
[ sql ] [ SQL ] SHOW COLUMNS FROM `think_auth_rule` [ RunTime:0.000717s ]
[ sql ] [ SQL ] SELECT * FROM `think_auth_rule` WHERE  (  status = 1 ) ORDER BY `sort` [ RunTime:0.000285s ]
[ sql ] [ SQL ] SHOW COLUMNS FROM `think_admin` [ RunTime:0.000549s ]
[ sql ] [ SQL ] SELECT `id`,`username` FROM `think_admin` [ RunTime:0.000137s ]
[ sql ] [ SQL ] SHOW COLUMNS FROM `think_counts` [ RunTime:0.000424s ]
[ sql ] [ SQL ] SELECT COUNT(*) AS tp_count FROM `think_counts` LIMIT 1 [ RunTime:0.000141s ]
[ sql ] [ SQL ] SELECT * FROM `think_counts` ORDER BY add_time desc LIMIT 40,10 [ RunTime:0.000281s ]
---------------------------------------------------------------
[ 2018-03-25T16:59:37+08:00 ] 172.26.33.75 171.106.36.44 GET /admin/counts/index.html?page=6&start_time=&end_time=
[ info ] www.mo1120.com/admin/counts/index.html?page=6&start_time=&end_time= [运行时间：0.045365s][吞吐率：22.04req/s] [内存消耗：3,164.70kb] [文件加载：81]
[ info ] [ LANG ] /www/wwwroot/ent.mo1120.com/thinkphp/lang/zh-cn.php
[ info ] [ ROUTE ] array (
  'type' => 'module',
  'module' => 
  array (
    0 => 'admin',
    1 => 'counts',
    2 => 'index',
  ),
)
[ info ] [ HEADER ] array (
  'connection' => 'keep-alive',
  'cookie' => 'serverType=nginx; order=id%20desc; memRealUsed=227; mem-before=227/996%20%28MB%29; memSize=996; upNet=0.22; downNet=0.35; backup_path=/www/backup; uploadSize=1073741824; rank=a; Path=/www/wwwroot/bull.mo1120.com/workerman; Hm_lvt_e516c3ad1720889c6ee5226d86e0bc20=1521360681; apacheVersion=; phpVersion=0; softType=3; safeMsg=1; one=0.03; five=0.02; fifteen=0; conterError=; vcodesum=10; copyFileName=null; cutFileName=null; PHPSESSID=f4h364lpcs05v6511n9kjo7r30; BT_PANEL=b29e187f3274048190cc085e4987f40adf180cf4; letssl=0',
  'x-requested-with' => 'XMLHttpRequest',
  'referer' => 'http://www.mo1120.com/admin/counts/index.html',
  'accept-encoding' => 'gzip, deflate',
  'accept-language' => 'zh-CN,zh;q=0.8,zh-TW;q=0.7,zh-HK;q=0.5,en-US;q=0.3,en;q=0.2',
  'accept' => 'application/json, text/javascript, */*; q=0.01',
  'user-agent' => 'Mozilla/5.0 (Windows NT 10.0; Win64; x64; rv:59.0) Gecko/20100101 Firefox/59.0',
  'host' => 'www.mo1120.com',
  'content-type' => '',
  'content-length' => '',
)
[ info ] [ PARAM ] array (
  'page' => '6',
  'start_time' => '',
  'end_time' => '',
)
[ info ] [ SESSION ] INIT array (
  'id' => '',
  'var_session_id' => '',
  'prefix' => 'think',
  'type' => '',
  'auto_start' => true,
)
[ info ] [ DB ] INIT mysql
[ info ] [ CACHE ] INIT file
[ info ] [ RUN ] app\admin\controller\Counts->index[ /www/wwwroot/ent.mo1120.com/application/admin/controller/Counts.php ]
[ info ] [ LOG ] INIT File
[ sql ] [ DB ] CONNECT:[ UseTime:0.000336s ] mysql:dbname=tp5;host=127.0.0.1;port=3306;charset=utf8
[ sql ] [ SQL ] SHOW COLUMNS FROM `think_auth_rule` [ RunTime:0.000708s ]
[ sql ] [ SQL ] SELECT * FROM `think_auth_rule` WHERE  (  status = 1 ) ORDER BY `sort` [ RunTime:0.000270s ]
[ sql ] [ SQL ] SHOW COLUMNS FROM `think_admin` [ RunTime:0.000534s ]
[ sql ] [ SQL ] SELECT `id`,`username` FROM `think_admin` [ RunTime:0.000108s ]
[ sql ] [ SQL ] SHOW COLUMNS FROM `think_counts` [ RunTime:0.000475s ]
[ sql ] [ SQL ] SELECT COUNT(*) AS tp_count FROM `think_counts` LIMIT 1 [ RunTime:0.000107s ]
[ sql ] [ SQL ] SELECT * FROM `think_counts` ORDER BY add_time desc LIMIT 50,10 [ RunTime:0.000237s ]
---------------------------------------------------------------
[ 2018-03-25T16:59:38+08:00 ] 172.26.33.75 171.106.36.44 GET /admin/counts/index.html?page=7&start_time=&end_time=
[ info ] www.mo1120.com/admin/counts/index.html?page=7&start_time=&end_time= [运行时间：0.046557s][吞吐率：21.48req/s] [内存消耗：3,164.70kb] [文件加载：81]
[ info ] [ LANG ] /www/wwwroot/ent.mo1120.com/thinkphp/lang/zh-cn.php
[ info ] [ ROUTE ] array (
  'type' => 'module',
  'module' => 
  array (
    0 => 'admin',
    1 => 'counts',
    2 => 'index',
  ),
)
[ info ] [ HEADER ] array (
  'connection' => 'keep-alive',
  'cookie' => 'serverType=nginx; order=id%20desc; memRealUsed=227; mem-before=227/996%20%28MB%29; memSize=996; upNet=0.22; downNet=0.35; backup_path=/www/backup; uploadSize=1073741824; rank=a; Path=/www/wwwroot/bull.mo1120.com/workerman; Hm_lvt_e516c3ad1720889c6ee5226d86e0bc20=1521360681; apacheVersion=; phpVersion=0; softType=3; safeMsg=1; one=0.03; five=0.02; fifteen=0; conterError=; vcodesum=10; copyFileName=null; cutFileName=null; PHPSESSID=f4h364lpcs05v6511n9kjo7r30; BT_PANEL=b29e187f3274048190cc085e4987f40adf180cf4; letssl=0',
  'x-requested-with' => 'XMLHttpRequest',
  'referer' => 'http://www.mo1120.com/admin/counts/index.html',
  'accept-encoding' => 'gzip, deflate',
  'accept-language' => 'zh-CN,zh;q=0.8,zh-TW;q=0.7,zh-HK;q=0.5,en-US;q=0.3,en;q=0.2',
  'accept' => 'application/json, text/javascript, */*; q=0.01',
  'user-agent' => 'Mozilla/5.0 (Windows NT 10.0; Win64; x64; rv:59.0) Gecko/20100101 Firefox/59.0',
  'host' => 'www.mo1120.com',
  'content-type' => '',
  'content-length' => '',
)
[ info ] [ PARAM ] array (
  'page' => '7',
  'start_time' => '',
  'end_time' => '',
)
[ info ] [ SESSION ] INIT array (
  'id' => '',
  'var_session_id' => '',
  'prefix' => 'think',
  'type' => '',
  'auto_start' => true,
)
[ info ] [ DB ] INIT mysql
[ info ] [ CACHE ] INIT file
[ info ] [ RUN ] app\admin\controller\Counts->index[ /www/wwwroot/ent.mo1120.com/application/admin/controller/Counts.php ]
[ info ] [ LOG ] INIT File
[ sql ] [ DB ] CONNECT:[ UseTime:0.000314s ] mysql:dbname=tp5;host=127.0.0.1;port=3306;charset=utf8
[ sql ] [ SQL ] SHOW COLUMNS FROM `think_auth_rule` [ RunTime:0.000704s ]
[ sql ] [ SQL ] SELECT * FROM `think_auth_rule` WHERE  (  status = 1 ) ORDER BY `sort` [ RunTime:0.000296s ]
[ sql ] [ SQL ] SHOW COLUMNS FROM `think_admin` [ RunTime:0.000562s ]
[ sql ] [ SQL ] SELECT `id`,`username` FROM `think_admin` [ RunTime:0.000112s ]
[ sql ] [ SQL ] SHOW COLUMNS FROM `think_counts` [ RunTime:0.000461s ]
[ sql ] [ SQL ] SELECT COUNT(*) AS tp_count FROM `think_counts` LIMIT 1 [ RunTime:0.000135s ]
[ sql ] [ SQL ] SELECT * FROM `think_counts` ORDER BY add_time desc LIMIT 60,10 [ RunTime:0.000252s ]
---------------------------------------------------------------
[ 2018-03-25T16:59:39+08:00 ] 172.26.33.75 171.106.36.44 GET /admin/counts/index.html?page=8&start_time=&end_time=
[ info ] www.mo1120.com/admin/counts/index.html?page=8&start_time=&end_time= [运行时间：0.044890s][吞吐率：22.28req/s] [内存消耗：3,164.70kb] [文件加载：81]
[ info ] [ LANG ] /www/wwwroot/ent.mo1120.com/thinkphp/lang/zh-cn.php
[ info ] [ ROUTE ] array (
  'type' => 'module',
  'module' => 
  array (
    0 => 'admin',
    1 => 'counts',
    2 => 'index',
  ),
)
[ info ] [ HEADER ] array (
  'connection' => 'keep-alive',
  'cookie' => 'serverType=nginx; order=id%20desc; memRealUsed=227; mem-before=227/996%20%28MB%29; memSize=996; upNet=0.22; downNet=0.35; backup_path=/www/backup; uploadSize=1073741824; rank=a; Path=/www/wwwroot/bull.mo1120.com/workerman; Hm_lvt_e516c3ad1720889c6ee5226d86e0bc20=1521360681; apacheVersion=; phpVersion=0; softType=3; safeMsg=1; one=0.03; five=0.02; fifteen=0; conterError=; vcodesum=10; copyFileName=null; cutFileName=null; PHPSESSID=f4h364lpcs05v6511n9kjo7r30; BT_PANEL=b29e187f3274048190cc085e4987f40adf180cf4; letssl=0',
  'x-requested-with' => 'XMLHttpRequest',
  'referer' => 'http://www.mo1120.com/admin/counts/index.html',
  'accept-encoding' => 'gzip, deflate',
  'accept-language' => 'zh-CN,zh;q=0.8,zh-TW;q=0.7,zh-HK;q=0.5,en-US;q=0.3,en;q=0.2',
  'accept' => 'application/json, text/javascript, */*; q=0.01',
  'user-agent' => 'Mozilla/5.0 (Windows NT 10.0; Win64; x64; rv:59.0) Gecko/20100101 Firefox/59.0',
  'host' => 'www.mo1120.com',
  'content-type' => '',
  'content-length' => '',
)
[ info ] [ PARAM ] array (
  'page' => '8',
  'start_time' => '',
  'end_time' => '',
)
[ info ] [ SESSION ] INIT array (
  'id' => '',
  'var_session_id' => '',
  'prefix' => 'think',
  'type' => '',
  'auto_start' => true,
)
[ info ] [ DB ] INIT mysql
[ info ] [ CACHE ] INIT file
[ info ] [ RUN ] app\admin\controller\Counts->index[ /www/wwwroot/ent.mo1120.com/application/admin/controller/Counts.php ]
[ info ] [ LOG ] INIT File
[ sql ] [ DB ] CONNECT:[ UseTime:0.000357s ] mysql:dbname=tp5;host=127.0.0.1;port=3306;charset=utf8
[ sql ] [ SQL ] SHOW COLUMNS FROM `think_auth_rule` [ RunTime:0.000758s ]
[ sql ] [ SQL ] SELECT * FROM `think_auth_rule` WHERE  (  status = 1 ) ORDER BY `sort` [ RunTime:0.000264s ]
[ sql ] [ SQL ] SHOW COLUMNS FROM `think_admin` [ RunTime:0.000517s ]
[ sql ] [ SQL ] SELECT `id`,`username` FROM `think_admin` [ RunTime:0.000112s ]
[ sql ] [ SQL ] SHOW COLUMNS FROM `think_counts` [ RunTime:0.000436s ]
[ sql ] [ SQL ] SELECT COUNT(*) AS tp_count FROM `think_counts` LIMIT 1 [ RunTime:0.000173s ]
[ sql ] [ SQL ] SELECT * FROM `think_counts` ORDER BY add_time desc LIMIT 70,10 [ RunTime:0.000281s ]
---------------------------------------------------------------
[ 2018-03-25T16:59:40+08:00 ] 172.26.33.75 171.106.36.44 GET /admin/counts/index.html?page=9&start_time=&end_time=
[ info ] www.mo1120.com/admin/counts/index.html?page=9&start_time=&end_time= [运行时间：0.041923s][吞吐率：23.85req/s] [内存消耗：3,164.70kb] [文件加载：81]
[ info ] [ LANG ] /www/wwwroot/ent.mo1120.com/thinkphp/lang/zh-cn.php
[ info ] [ ROUTE ] array (
  'type' => 'module',
  'module' => 
  array (
    0 => 'admin',
    1 => 'counts',
    2 => 'index',
  ),
)
[ info ] [ HEADER ] array (
  'connection' => 'keep-alive',
  'cookie' => 'serverType=nginx; order=id%20desc; memRealUsed=227; mem-before=227/996%20%28MB%29; memSize=996; upNet=0.22; downNet=0.35; backup_path=/www/backup; uploadSize=1073741824; rank=a; Path=/www/wwwroot/bull.mo1120.com/workerman; Hm_lvt_e516c3ad1720889c6ee5226d86e0bc20=1521360681; apacheVersion=; phpVersion=0; softType=3; safeMsg=1; one=0.03; five=0.02; fifteen=0; conterError=; vcodesum=10; copyFileName=null; cutFileName=null; PHPSESSID=f4h364lpcs05v6511n9kjo7r30; BT_PANEL=b29e187f3274048190cc085e4987f40adf180cf4; letssl=0',
  'x-requested-with' => 'XMLHttpRequest',
  'referer' => 'http://www.mo1120.com/admin/counts/index.html',
  'accept-encoding' => 'gzip, deflate',
  'accept-language' => 'zh-CN,zh;q=0.8,zh-TW;q=0.7,zh-HK;q=0.5,en-US;q=0.3,en;q=0.2',
  'accept' => 'application/json, text/javascript, */*; q=0.01',
  'user-agent' => 'Mozilla/5.0 (Windows NT 10.0; Win64; x64; rv:59.0) Gecko/20100101 Firefox/59.0',
  'host' => 'www.mo1120.com',
  'content-type' => '',
  'content-length' => '',
)
[ info ] [ PARAM ] array (
  'page' => '9',
  'start_time' => '',
  'end_time' => '',
)
[ info ] [ SESSION ] INIT array (
  'id' => '',
  'var_session_id' => '',
  'prefix' => 'think',
  'type' => '',
  'auto_start' => true,
)
[ info ] [ DB ] INIT mysql
[ info ] [ CACHE ] INIT file
[ info ] [ RUN ] app\admin\controller\Counts->index[ /www/wwwroot/ent.mo1120.com/application/admin/controller/Counts.php ]
[ info ] [ LOG ] INIT File
[ sql ] [ DB ] CONNECT:[ UseTime:0.000306s ] mysql:dbname=tp5;host=127.0.0.1;port=3306;charset=utf8
[ sql ] [ SQL ] SHOW COLUMNS FROM `think_auth_rule` [ RunTime:0.000716s ]
[ sql ] [ SQL ] SELECT * FROM `think_auth_rule` WHERE  (  status = 1 ) ORDER BY `sort` [ RunTime:0.000296s ]
[ sql ] [ SQL ] SHOW COLUMNS FROM `think_admin` [ RunTime:0.000545s ]
[ sql ] [ SQL ] SELECT `id`,`username` FROM `think_admin` [ RunTime:0.000112s ]
[ sql ] [ SQL ] SHOW COLUMNS FROM `think_counts` [ RunTime:0.000424s ]
[ sql ] [ SQL ] SELECT COUNT(*) AS tp_count FROM `think_counts` LIMIT 1 [ RunTime:0.000108s ]
[ sql ] [ SQL ] SELECT * FROM `think_counts` ORDER BY add_time desc LIMIT 80,10 [ RunTime:0.000252s ]
---------------------------------------------------------------
[ 2018-03-25T16:59:41+08:00 ] 172.26.33.75 171.106.36.44 GET /admin/counts/index.html?page=10&start_time=&end_time=
[ info ] www.mo1120.com/admin/counts/index.html?page=10&start_time=&end_time= [运行时间：0.042123s][吞吐率：23.74req/s] [内存消耗：3,164.70kb] [文件加载：81]
[ info ] [ LANG ] /www/wwwroot/ent.mo1120.com/thinkphp/lang/zh-cn.php
[ info ] [ ROUTE ] array (
  'type' => 'module',
  'module' => 
  array (
    0 => 'admin',
    1 => 'counts',
    2 => 'index',
  ),
)
[ info ] [ HEADER ] array (
  'connection' => 'keep-alive',
  'cookie' => 'serverType=nginx; order=id%20desc; memRealUsed=227; mem-before=227/996%20%28MB%29; memSize=996; upNet=0.22; downNet=0.35; backup_path=/www/backup; uploadSize=1073741824; rank=a; Path=/www/wwwroot/bull.mo1120.com/workerman; Hm_lvt_e516c3ad1720889c6ee5226d86e0bc20=1521360681; apacheVersion=; phpVersion=0; softType=3; safeMsg=1; one=0.03; five=0.02; fifteen=0; conterError=; vcodesum=10; copyFileName=null; cutFileName=null; PHPSESSID=f4h364lpcs05v6511n9kjo7r30; BT_PANEL=b29e187f3274048190cc085e4987f40adf180cf4; letssl=0',
  'x-requested-with' => 'XMLHttpRequest',
  'referer' => 'http://www.mo1120.com/admin/counts/index.html',
  'accept-encoding' => 'gzip, deflate',
  'accept-language' => 'zh-CN,zh;q=0.8,zh-TW;q=0.7,zh-HK;q=0.5,en-US;q=0.3,en;q=0.2',
  'accept' => 'application/json, text/javascript, */*; q=0.01',
  'user-agent' => 'Mozilla/5.0 (Windows NT 10.0; Win64; x64; rv:59.0) Gecko/20100101 Firefox/59.0',
  'host' => 'www.mo1120.com',
  'content-type' => '',
  'content-length' => '',
)
[ info ] [ PARAM ] array (
  'page' => '10',
  'start_time' => '',
  'end_time' => '',
)
[ info ] [ SESSION ] INIT array (
  'id' => '',
  'var_session_id' => '',
  'prefix' => 'think',
  'type' => '',
  'auto_start' => true,
)
[ info ] [ DB ] INIT mysql
[ info ] [ CACHE ] INIT file
[ info ] [ RUN ] app\admin\controller\Counts->index[ /www/wwwroot/ent.mo1120.com/application/admin/controller/Counts.php ]
[ info ] [ LOG ] INIT File
[ sql ] [ DB ] CONNECT:[ UseTime:0.000348s ] mysql:dbname=tp5;host=127.0.0.1;port=3306;charset=utf8
[ sql ] [ SQL ] SHOW COLUMNS FROM `think_auth_rule` [ RunTime:0.000734s ]
[ sql ] [ SQL ] SELECT * FROM `think_auth_rule` WHERE  (  status = 1 ) ORDER BY `sort` [ RunTime:0.000266s ]
[ sql ] [ SQL ] SHOW COLUMNS FROM `think_admin` [ RunTime:0.000520s ]
[ sql ] [ SQL ] SELECT `id`,`username` FROM `think_admin` [ RunTime:0.000114s ]
[ sql ] [ SQL ] SHOW COLUMNS FROM `think_counts` [ RunTime:0.000440s ]
[ sql ] [ SQL ] SELECT COUNT(*) AS tp_count FROM `think_counts` LIMIT 1 [ RunTime:0.000109s ]
[ sql ] [ SQL ] SELECT * FROM `think_counts` ORDER BY add_time desc LIMIT 90,10 [ RunTime:0.000269s ]
---------------------------------------------------------------
[ 2018-03-25T16:59:42+08:00 ] 172.26.33.75 171.106.36.44 GET /admin/counts/index.html?page=11&start_time=&end_time=
[ info ] www.mo1120.com/admin/counts/index.html?page=11&start_time=&end_time= [运行时间：0.045568s][吞吐率：21.95req/s] [内存消耗：3,164.70kb] [文件加载：81]
[ info ] [ LANG ] /www/wwwroot/ent.mo1120.com/thinkphp/lang/zh-cn.php
[ info ] [ ROUTE ] array (
  'type' => 'module',
  'module' => 
  array (
    0 => 'admin',
    1 => 'counts',
    2 => 'index',
  ),
)
[ info ] [ HEADER ] array (
  'connection' => 'keep-alive',
  'cookie' => 'serverType=nginx; order=id%20desc; memRealUsed=227; mem-before=227/996%20%28MB%29; memSize=996; upNet=0.22; downNet=0.35; backup_path=/www/backup; uploadSize=1073741824; rank=a; Path=/www/wwwroot/bull.mo1120.com/workerman; Hm_lvt_e516c3ad1720889c6ee5226d86e0bc20=1521360681; apacheVersion=; phpVersion=0; softType=3; safeMsg=1; one=0.03; five=0.02; fifteen=0; conterError=; vcodesum=10; copyFileName=null; cutFileName=null; PHPSESSID=f4h364lpcs05v6511n9kjo7r30; BT_PANEL=b29e187f3274048190cc085e4987f40adf180cf4; letssl=0',
  'x-requested-with' => 'XMLHttpRequest',
  'referer' => 'http://www.mo1120.com/admin/counts/index.html',
  'accept-encoding' => 'gzip, deflate',
  'accept-language' => 'zh-CN,zh;q=0.8,zh-TW;q=0.7,zh-HK;q=0.5,en-US;q=0.3,en;q=0.2',
  'accept' => 'application/json, text/javascript, */*; q=0.01',
  'user-agent' => 'Mozilla/5.0 (Windows NT 10.0; Win64; x64; rv:59.0) Gecko/20100101 Firefox/59.0',
  'host' => 'www.mo1120.com',
  'content-type' => '',
  'content-length' => '',
)
[ info ] [ PARAM ] array (
  'page' => '11',
  'start_time' => '',
  'end_time' => '',
)
[ info ] [ SESSION ] INIT array (
  'id' => '',
  'var_session_id' => '',
  'prefix' => 'think',
  'type' => '',
  'auto_start' => true,
)
[ info ] [ DB ] INIT mysql
[ info ] [ CACHE ] INIT file
[ info ] [ RUN ] app\admin\controller\Counts->index[ /www/wwwroot/ent.mo1120.com/application/admin/controller/Counts.php ]
[ info ] [ LOG ] INIT File
[ sql ] [ DB ] CONNECT:[ UseTime:0.000366s ] mysql:dbname=tp5;host=127.0.0.1;port=3306;charset=utf8
[ sql ] [ SQL ] SHOW COLUMNS FROM `think_auth_rule` [ RunTime:0.000754s ]
[ sql ] [ SQL ] SELECT * FROM `think_auth_rule` WHERE  (  status = 1 ) ORDER BY `sort` [ RunTime:0.000270s ]
[ sql ] [ SQL ] SHOW COLUMNS FROM `think_admin` [ RunTime:0.000534s ]
[ sql ] [ SQL ] SELECT `id`,`username` FROM `think_admin` [ RunTime:0.000119s ]
[ sql ] [ SQL ] SHOW COLUMNS FROM `think_counts` [ RunTime:0.000456s ]
[ sql ] [ SQL ] SELECT COUNT(*) AS tp_count FROM `think_counts` LIMIT 1 [ RunTime:0.000152s ]
[ sql ] [ SQL ] SELECT * FROM `think_counts` ORDER BY add_time desc LIMIT 100,10 [ RunTime:0.000312s ]
---------------------------------------------------------------
[ 2018-03-25T16:59:42+08:00 ] 172.26.33.75 171.106.36.44 GET /admin/counts/index.html?page=12&start_time=&end_time=
[ info ] www.mo1120.com/admin/counts/index.html?page=12&start_time=&end_time= [运行时间：0.044838s][吞吐率：22.30req/s] [内存消耗：3,164.70kb] [文件加载：81]
[ info ] [ LANG ] /www/wwwroot/ent.mo1120.com/thinkphp/lang/zh-cn.php
[ info ] [ ROUTE ] array (
  'type' => 'module',
  'module' => 
  array (
    0 => 'admin',
    1 => 'counts',
    2 => 'index',
  ),
)
[ info ] [ HEADER ] array (
  'connection' => 'keep-alive',
  'cookie' => 'serverType=nginx; order=id%20desc; memRealUsed=227; mem-before=227/996%20%28MB%29; memSize=996; upNet=0.22; downNet=0.35; backup_path=/www/backup; uploadSize=1073741824; rank=a; Path=/www/wwwroot/bull.mo1120.com/workerman; Hm_lvt_e516c3ad1720889c6ee5226d86e0bc20=1521360681; apacheVersion=; phpVersion=0; softType=3; safeMsg=1; one=0.03; five=0.02; fifteen=0; conterError=; vcodesum=10; copyFileName=null; cutFileName=null; PHPSESSID=f4h364lpcs05v6511n9kjo7r30; BT_PANEL=b29e187f3274048190cc085e4987f40adf180cf4; letssl=0',
  'x-requested-with' => 'XMLHttpRequest',
  'referer' => 'http://www.mo1120.com/admin/counts/index.html',
  'accept-encoding' => 'gzip, deflate',
  'accept-language' => 'zh-CN,zh;q=0.8,zh-TW;q=0.7,zh-HK;q=0.5,en-US;q=0.3,en;q=0.2',
  'accept' => 'application/json, text/javascript, */*; q=0.01',
  'user-agent' => 'Mozilla/5.0 (Windows NT 10.0; Win64; x64; rv:59.0) Gecko/20100101 Firefox/59.0',
  'host' => 'www.mo1120.com',
  'content-type' => '',
  'content-length' => '',
)
[ info ] [ PARAM ] array (
  'page' => '12',
  'start_time' => '',
  'end_time' => '',
)
[ info ] [ SESSION ] INIT array (
  'id' => '',
  'var_session_id' => '',
  'prefix' => 'think',
  'type' => '',
  'auto_start' => true,
)
[ info ] [ DB ] INIT mysql
[ info ] [ CACHE ] INIT file
[ info ] [ RUN ] app\admin\controller\Counts->index[ /www/wwwroot/ent.mo1120.com/application/admin/controller/Counts.php ]
[ info ] [ LOG ] INIT File
[ sql ] [ DB ] CONNECT:[ UseTime:0.000357s ] mysql:dbname=tp5;host=127.0.0.1;port=3306;charset=utf8
[ sql ] [ SQL ] SHOW COLUMNS FROM `think_auth_rule` [ RunTime:0.000742s ]
[ sql ] [ SQL ] SELECT * FROM `think_auth_rule` WHERE  (  status = 1 ) ORDER BY `sort` [ RunTime:0.000268s ]
[ sql ] [ SQL ] SHOW COLUMNS FROM `think_admin` [ RunTime:0.000536s ]
[ sql ] [ SQL ] SELECT `id`,`username` FROM `think_admin` [ RunTime:0.000118s ]
[ sql ] [ SQL ] SHOW COLUMNS FROM `think_counts` [ RunTime:0.000454s ]
[ sql ] [ SQL ] SELECT COUNT(*) AS tp_count FROM `think_counts` LIMIT 1 [ RunTime:0.000113s ]
[ sql ] [ SQL ] SELECT * FROM `think_counts` ORDER BY add_time desc LIMIT 110,10 [ RunTime:0.000268s ]
---------------------------------------------------------------
[ 2018-03-25T16:59:44+08:00 ] 172.26.33.75 171.106.36.44 GET /admin/counts/index.html?page=13&start_time=&end_time=
[ info ] www.mo1120.com/admin/counts/index.html?page=13&start_time=&end_time= [运行时间：0.041465s][吞吐率：24.12req/s] [内存消耗：3,163.73kb] [文件加载：81]
[ info ] [ LANG ] /www/wwwroot/ent.mo1120.com/thinkphp/lang/zh-cn.php
[ info ] [ ROUTE ] array (
  'type' => 'module',
  'module' => 
  array (
    0 => 'admin',
    1 => 'counts',
    2 => 'index',
  ),
)
[ info ] [ HEADER ] array (
  'connection' => 'keep-alive',
  'cookie' => 'serverType=nginx; order=id%20desc; memRealUsed=227; mem-before=227/996%20%28MB%29; memSize=996; upNet=0.22; downNet=0.35; backup_path=/www/backup; uploadSize=1073741824; rank=a; Path=/www/wwwroot/bull.mo1120.com/workerman; Hm_lvt_e516c3ad1720889c6ee5226d86e0bc20=1521360681; apacheVersion=; phpVersion=0; softType=3; safeMsg=1; one=0.03; five=0.02; fifteen=0; conterError=; vcodesum=10; copyFileName=null; cutFileName=null; PHPSESSID=f4h364lpcs05v6511n9kjo7r30; BT_PANEL=b29e187f3274048190cc085e4987f40adf180cf4; letssl=0',
  'x-requested-with' => 'XMLHttpRequest',
  'referer' => 'http://www.mo1120.com/admin/counts/index.html',
  'accept-encoding' => 'gzip, deflate',
  'accept-language' => 'zh-CN,zh;q=0.8,zh-TW;q=0.7,zh-HK;q=0.5,en-US;q=0.3,en;q=0.2',
  'accept' => 'application/json, text/javascript, */*; q=0.01',
  'user-agent' => 'Mozilla/5.0 (Windows NT 10.0; Win64; x64; rv:59.0) Gecko/20100101 Firefox/59.0',
  'host' => 'www.mo1120.com',
  'content-type' => '',
  'content-length' => '',
)
[ info ] [ PARAM ] array (
  'page' => '13',
  'start_time' => '',
  'end_time' => '',
)
[ info ] [ SESSION ] INIT array (
  'id' => '',
  'var_session_id' => '',
  'prefix' => 'think',
  'type' => '',
  'auto_start' => true,
)
[ info ] [ DB ] INIT mysql
[ info ] [ CACHE ] INIT file
[ info ] [ RUN ] app\admin\controller\Counts->index[ /www/wwwroot/ent.mo1120.com/application/admin/controller/Counts.php ]
[ info ] [ LOG ] INIT File
[ sql ] [ DB ] CONNECT:[ UseTime:0.000340s ] mysql:dbname=tp5;host=127.0.0.1;port=3306;charset=utf8
[ sql ] [ SQL ] SHOW COLUMNS FROM `think_auth_rule` [ RunTime:0.000708s ]
[ sql ] [ SQL ] SELECT * FROM `think_auth_rule` WHERE  (  status = 1 ) ORDER BY `sort` [ RunTime:0.000266s ]
[ sql ] [ SQL ] SHOW COLUMNS FROM `think_admin` [ RunTime:0.000558s ]
[ sql ] [ SQL ] SELECT `id`,`username` FROM `think_admin` [ RunTime:0.000111s ]
[ sql ] [ SQL ] SHOW COLUMNS FROM `think_counts` [ RunTime:0.000460s ]
[ sql ] [ SQL ] SELECT COUNT(*) AS tp_count FROM `think_counts` LIMIT 1 [ RunTime:0.000106s ]
[ sql ] [ SQL ] SELECT * FROM `think_counts` ORDER BY add_time desc LIMIT 120,10 [ RunTime:0.000274s ]
---------------------------------------------------------------
[ 2018-03-25T18:33:53+08:00 ] 172.26.33.75 42.236.99.37 GET /
[ info ] www.mo1120.com/ [运行时间：0.041804s][吞吐率：23.92req/s] [内存消耗：3,024.93kb] [文件加载：75]
[ info ] [ LANG ] /www/wwwroot/ent.mo1120.com/thinkphp/lang/zh-cn.php
[ info ] [ ROUTE ] array (
  'type' => 'module',
  'module' => 
  array (
    0 => '',
    1 => NULL,
    2 => NULL,
  ),
)
[ info ] [ HEADER ] array (
  'user-agent' => 'Mozilla/5.0 (Windows NT 6.1; WOW64) AppleWebKit/537.36 (KHTML, like Gecko) Chrome/50.0.2661.102 Safari/537.36; 360Spider',
  'connection' => 'Keep-Alive',
  'accept-language' => 'zh-CN',
  'accept' => '*/*',
  'cookie' => '',
  'referer' => 'http://www.mo1120.com/',
  'accept-encoding' => 'deflate, gzip',
  'host' => 'www.mo1120.com',
  'content-type' => '',
  'content-length' => '',
)
[ info ] [ PARAM ] array (
)
[ info ] [ DB ] INIT mysql
[ info ] [ RUN ] app\index\controller\Index->index[ /www/wwwroot/ent.mo1120.com/application/index/controller/Index.php ]
[ info ] [ VIEW ] /www/wwwroot/ent.mo1120.com/public/../application/index/view/index/index.html [ array (
  0 => 'config',
  1 => 'a',
  2 => 'solu_cate ',
  3 => 'cust_img',
  4 => 'news',
  5 => 'img',
  6 => 'customer',
  7 => 'menu',
) ]
[ info ] [ LOG ] INIT File
[ sql ] [ DB ] CONNECT:[ UseTime:0.000323s ] mysql:dbname=tp5;host=127.0.0.1;port=3306;charset=utf8
[ sql ] [ SQL ] SHOW COLUMNS FROM `think_config` [ RunTime:0.000643s ]
[ sql ] [ SQL ] SELECT * FROM `think_config` [ RunTime:0.000148s ]
[ sql ] [ SQL ] SHOW COLUMNS FROM `think_counts` [ RunTime:0.000435s ]
[ sql ] [ SQL ] SELECT * FROM `think_counts` WHERE  `ip` = '42.236.99.37'  AND `add_time` BETWEEN 1521907200 AND 1521993600 LIMIT 1 [ RunTime:0.000273s ]
[ sql ] [ SQL ] INSERT INTO `think_counts` (`ip` , `add_time`) VALUES ('42.236.99.37' , 1521974033) [ RunTime:0.000253s ]
[ sql ] [ SQL ] SHOW COLUMNS FROM `think_customer` [ RunTime:0.000508s ]
[ sql ] [ SQL ] SELECT * FROM `think_customer` WHERE  `is_on` = 1 [ RunTime:0.000143s ]
[ sql ] [ SQL ] SHOW COLUMNS FROM `think_index_img` [ RunTime:0.000464s ]
[ sql ] [ SQL ] SELECT * FROM `think_index_img` WHERE  `is_on` = 1 [ RunTime:0.000131s ]
[ sql ] [ SQL ] SHOW COLUMNS FROM `think_news` [ RunTime:0.000482s ]
[ sql ] [ SQL ] SELECT * FROM `think_news` WHERE  `status` = 1 ORDER BY id desc LIMIT 2 [ RunTime:0.000156s ]
[ sql ] [ SQL ] SHOW COLUMNS FROM `think_cust_img` [ RunTime:0.000424s ]
[ sql ] [ SQL ] SELECT * FROM `think_cust_img` WHERE  `is_on` = 1 ORDER BY id desc [ RunTime:0.000140s ]
[ sql ] [ SQL ] SHOW COLUMNS FROM `think_solutions_cate` [ RunTime:0.000456s ]
[ sql ] [ SQL ] SELECT * FROM `think_solutions_cate` WHERE  `is_on` = 1 ORDER BY id desc [ RunTime:0.000150s ]
---------------------------------------------------------------
[ 2018-03-25T20:06:36+08:00 ] 172.26.33.75 121.42.241.59 GET /index/news/info.html
[ info ] www.mo1120.com/index/news/info.html [运行时间：0.057881s][吞吐率：17.28req/s] [内存消耗：3,039.10kb] [文件加载：78]
[ info ] [ LANG ] /www/wwwroot/ent.mo1120.com/thinkphp/lang/zh-cn.php
[ info ] [ ROUTE ] array (
  'type' => 'module',
  'module' => 
  array (
    0 => 'index',
    1 => 'news',
    2 => 'info',
  ),
)
[ info ] [ HEADER ] array (
  'connection' => 'keep-alive',
  'accept' => 'text/html, image/gif, image/jpeg, *; q=.2, */*; q=.2',
  'host' => 'www.mo1120.com',
  'pragma' => 'no-cache',
  'cache-control' => 'no-cache',
  'user-agent' => 'Mozilla/5.0 (X11; Ubuntu; Linux x86_64; rv:36.0) Gecko/20100101 Firefox/36.0',
  'content-type' => '',
  'content-length' => '',
)
[ info ] [ PARAM ] array (
)
[ info ] [ DB ] INIT mysql
[ info ] [ RUN ] app\index\controller\News->info[ /www/wwwroot/ent.mo1120.com/application/index/controller/News.php ]
[ info ] [ CACHE ] INIT file
[ info ] [ VIEW ] /www/wwwroot/ent.mo1120.com/public/../application/index/view/news/info.html [ array (
  0 => 'config',
  1 => 'data',
  2 => 'menu',
) ]
[ info ] [ LOG ] INIT File
[ sql ] [ DB ] CONNECT:[ UseTime:0.000316s ] mysql:dbname=tp5;host=127.0.0.1;port=3306;charset=utf8
[ sql ] [ SQL ] SHOW COLUMNS FROM `think_config` [ RunTime:0.000641s ]
[ sql ] [ SQL ] SELECT * FROM `think_config` [ RunTime:0.000151s ]
[ sql ] [ SQL ] SHOW COLUMNS FROM `think_counts` [ RunTime:0.000450s ]
[ sql ] [ SQL ] SELECT * FROM `think_counts` WHERE  `ip` = '121.42.241.59'  AND `add_time` BETWEEN 1521907200 AND 1521993600 LIMIT 1 [ RunTime:0.000268s ]
[ sql ] [ SQL ] INSERT INTO `think_counts` (`ip` , `add_time`) VALUES ('121.42.241.59' , 1521979596) [ RunTime:0.000217s ]
[ sql ] [ SQL ] SHOW COLUMNS FROM `think_news` [ RunTime:0.000510s ]
[ sql ] [ SQL ] UPDATE `think_news`  SET `views`=views+1  WHERE  `id` IS NULL [ RunTime:0.000131s ]
[ sql ] [ SQL ] SELECT * FROM `think_news` WHERE  `status` = 1  AND `id` IS NULL LIMIT 1 [ RunTime:0.000150s ]
---------------------------------------------------------------
[ 2018-03-25T23:40:32+08:00 ] 172.26.33.75 220.181.125.138 GET /
[ info ] www.mo1120.com/ [运行时间：0.045439s][吞吐率：22.01req/s] [内存消耗：3,022.73kb] [文件加载：75]
[ info ] [ LANG ] /www/wwwroot/ent.mo1120.com/thinkphp/lang/zh-cn.php
[ info ] [ ROUTE ] array (
  'type' => 'module',
  'module' => 
  array (
    0 => '',
    1 => NULL,
    2 => NULL,
  ),
)
[ info ] [ HEADER ] array (
  'if-modified-since' => 'Thu, 15 Mar 2018 11:03:11 GMT',
  'connection' => 'close',
  'user-agent' => 'Sogou web spider/4.0(+http://www.sogou.com/docs/help/webmasters.htm#07)',
  'accept-encoding' => 'gzip,deflate',
  'accept-language' => 'zh-cn',
  'accept' => '*/*',
  'host' => 'www.mo1120.com',
  'content-type' => '',
  'content-length' => '',
)
[ info ] [ PARAM ] array (
)
[ info ] [ DB ] INIT mysql
[ info ] [ RUN ] app\index\controller\Index->index[ /www/wwwroot/ent.mo1120.com/application/index/controller/Index.php ]
[ info ] [ VIEW ] /www/wwwroot/ent.mo1120.com/public/../application/index/view/index/index.html [ array (
  0 => 'config',
  1 => 'a',
  2 => 'solu_cate ',
  3 => 'cust_img',
  4 => 'news',
  5 => 'img',
  6 => 'customer',
  7 => 'menu',
) ]
[ info ] [ LOG ] INIT File
[ sql ] [ DB ] CONNECT:[ UseTime:0.000339s ] mysql:dbname=tp5;host=127.0.0.1;port=3306;charset=utf8
[ sql ] [ SQL ] SHOW COLUMNS FROM `think_config` [ RunTime:0.000674s ]
[ sql ] [ SQL ] SELECT * FROM `think_config` [ RunTime:0.000206s ]
[ sql ] [ SQL ] SHOW COLUMNS FROM `think_counts` [ RunTime:0.000483s ]
[ sql ] [ SQL ] SELECT * FROM `think_counts` WHERE  `ip` = '220.181.125.138'  AND `add_time` BETWEEN 1521907200 AND 1521993600 LIMIT 1 [ RunTime:0.000302s ]
[ sql ] [ SQL ] SHOW COLUMNS FROM `think_customer` [ RunTime:0.000565s ]
[ sql ] [ SQL ] SELECT * FROM `think_customer` WHERE  `is_on` = 1 [ RunTime:0.000176s ]
[ sql ] [ SQL ] SHOW COLUMNS FROM `think_index_img` [ RunTime:0.000534s ]
[ sql ] [ SQL ] SELECT * FROM `think_index_img` WHERE  `is_on` = 1 [ RunTime:0.000130s ]
[ sql ] [ SQL ] SHOW COLUMNS FROM `think_news` [ RunTime:0.000550s ]
[ sql ] [ SQL ] SELECT * FROM `think_news` WHERE  `status` = 1 ORDER BY id desc LIMIT 2 [ RunTime:0.000149s ]
[ sql ] [ SQL ] SHOW COLUMNS FROM `think_cust_img` [ RunTime:0.000466s ]
[ sql ] [ SQL ] SELECT * FROM `think_cust_img` WHERE  `is_on` = 1 ORDER BY id desc [ RunTime:0.000137s ]
[ sql ] [ SQL ] SHOW COLUMNS FROM `think_solutions_cate` [ RunTime:0.000555s ]
[ sql ] [ SQL ] SELECT * FROM `think_solutions_cate` WHERE  `is_on` = 1 ORDER BY id desc [ RunTime:0.000162s ]
---------------------------------------------------------------
[ 2018-03-25T23:40:42+08:00 ] 172.26.33.75 220.181.125.138 GET /index/news/index.html
[ info ] www.mo1120.com/index/news/index.html [运行时间：0.043976s][吞吐率：22.74req/s] [内存消耗：3,065.00kb] [文件加载：78]
[ info ] [ LANG ] /www/wwwroot/ent.mo1120.com/thinkphp/lang/zh-cn.php
[ info ] [ ROUTE ] array (
  'type' => 'module',
  'module' => 
  array (
    0 => 'index',
    1 => 'news',
    2 => 'index',
  ),
)
[ info ] [ HEADER ] array (
  'if-modified-since' => 'Wed, 28 Feb 2018 17:50:19 GMT',
  'connection' => 'close',
  'user-agent' => 'Sogou web spider/4.0(+http://www.sogou.com/docs/help/webmasters.htm#07)',
  'accept-encoding' => 'gzip,deflate',
  'accept-language' => 'zh-cn',
  'accept' => '*/*',
  'host' => 'www.mo1120.com',
  'content-type' => '',
  'content-length' => '',
)
[ info ] [ PARAM ] array (
)
[ info ] [ DB ] INIT mysql
[ info ] [ RUN ] app\index\controller\News->index[ /www/wwwroot/ent.mo1120.com/application/index/controller/News.php ]
[ info ] [ VIEW ] /www/wwwroot/ent.mo1120.com/public/../application/index/view/news/index.html [ array (
  0 => 'config',
  1 => 'hot',
  2 => 'data',
  3 => 'menu',
) ]
[ info ] [ LOG ] INIT File
[ sql ] [ DB ] CONNECT:[ UseTime:0.000320s ] mysql:dbname=tp5;host=127.0.0.1;port=3306;charset=utf8
[ sql ] [ SQL ] SHOW COLUMNS FROM `think_config` [ RunTime:0.002346s ]
[ sql ] [ SQL ] SELECT * FROM `think_config` [ RunTime:0.000240s ]
[ sql ] [ SQL ] SHOW COLUMNS FROM `think_counts` [ RunTime:0.000465s ]
[ sql ] [ SQL ] SELECT * FROM `think_counts` WHERE  `ip` = '220.181.125.138'  AND `add_time` BETWEEN 1521907200 AND 1521993600 LIMIT 1 [ RunTime:0.000184s ]
[ sql ] [ SQL ] SHOW COLUMNS FROM `think_news` [ RunTime:0.000577s ]
[ sql ] [ SQL ] SELECT COUNT(*) AS tp_count FROM `think_news` INNER JOIN `think_news_cate` `think_news_cate` ON `think_news`.`cate_id`=`think_news_cate`.`id` WHERE  `think_news`.`status` = 1 LIMIT 1 [ RunTime:0.000262s ]
[ sql ] [ SQL ] SELECT `think_news`.*,`name` FROM `think_news` INNER JOIN `think_news_cate` `think_news_cate` ON `think_news`.`cate_id`=`think_news_cate`.`id` WHERE  `think_news`.`status` = 1 ORDER BY id desc LIMIT 0,6 [ RunTime:0.000278s ]
[ sql ] [ SQL ] SELECT * FROM `think_news` ORDER BY views desc LIMIT 5 [ RunTime:0.000226s ]
---------------------------------------------------------------
[ 2018-03-25T23:40:52+08:00 ] 172.26.33.75 220.181.125.138 GET /index/customer/index.html
[ info ] www.mo1120.com/index/customer/index.html [运行时间：0.058366s][吞吐率：17.13req/s] [内存消耗：2,995.70kb] [文件加载：75]
[ info ] [ LANG ] /www/wwwroot/ent.mo1120.com/thinkphp/lang/zh-cn.php
[ info ] [ ROUTE ] array (
  'type' => 'module',
  'module' => 
  array (
    0 => 'index',
    1 => 'customer',
    2 => 'index',
  ),
)
[ info ] [ HEADER ] array (
  'if-modified-since' => 'Wed, 21 Mar 2018 07:06:43 GMT',
  'connection' => 'close',
  'user-agent' => 'Sogou web spider/4.0(+http://www.sogou.com/docs/help/webmasters.htm#07)',
  'accept-encoding' => 'gzip,deflate',
  'accept-language' => 'zh-cn',
  'accept' => '*/*',
  'host' => 'www.mo1120.com',
  'content-type' => '',
  'content-length' => '',
)
[ info ] [ PARAM ] array (
)
[ info ] [ DB ] INIT mysql
[ info ] [ RUN ] app\index\controller\Customer->index[ /www/wwwroot/ent.mo1120.com/application/index/controller/Customer.php ]
[ info ] [ VIEW ] /www/wwwroot/ent.mo1120.com/public/../application/index/view/customer/index.html [ array (
  0 => 'config',
  1 => 'cust_img',
  2 => 'data',
  3 => 'menu',
) ]
[ info ] [ LOG ] INIT File
[ sql ] [ DB ] CONNECT:[ UseTime:0.000306s ] mysql:dbname=tp5;host=127.0.0.1;port=3306;charset=utf8
[ sql ] [ SQL ] SHOW COLUMNS FROM `think_config` [ RunTime:0.000653s ]
[ sql ] [ SQL ] SELECT * FROM `think_config` [ RunTime:0.000148s ]
[ sql ] [ SQL ] SHOW COLUMNS FROM `think_counts` [ RunTime:0.000451s ]
[ sql ] [ SQL ] SELECT * FROM `think_counts` WHERE  `ip` = '220.181.125.138'  AND `add_time` BETWEEN 1521907200 AND 1521993600 LIMIT 1 [ RunTime:0.000161s ]
[ sql ] [ SQL ] SHOW COLUMNS FROM `think_customer` [ RunTime:0.000480s ]
[ sql ] [ SQL ] SELECT * FROM `think_customer` WHERE  `is_on` = 1 [ RunTime:0.000148s ]
[ sql ] [ SQL ] SHOW COLUMNS FROM `think_cust_img` [ RunTime:0.000444s ]
[ sql ] [ SQL ] SELECT * FROM `think_cust_img` WHERE  `is_on` = 1 ORDER BY id desc [ RunTime:0.000129s ]
