---------------------------------------------------------------
[ 2018-03-29T00:47:33+08:00 ] 172.26.33.75 123.125.71.90 GET /
[ info ] www.mo1120.com/ [运行时间：0.045285s][吞吐率：22.08req/s] [内存消耗：3,022.81kb] [文件加载：75]
[ info ] [ LANG ] /www/wwwroot/ent.mo1120.com/thinkphp/lang/zh-cn.php
[ info ] [ ROUTE ] array (
  'type' => 'module',
  'module' => 
  array (
    0 => '',
    1 => NULL,
    2 => NULL,
  ),
)
[ info ] [ HEADER ] array (
  'accept' => '*/*',
  'accept-encoding' => 'gzip',
  'if-none-match' => '"@NULL@"',
  'accept-language' => 'zh-cn,zh-tw',
  'user-agent' => 'Mozilla/5.0 (compatible; Baiduspider/2.0; +http://www.baidu.com/search/spider.html)',
  'connection' => 'close',
  'host' => 'www.mo1120.com',
  'content-type' => '',
  'content-length' => '',
)
[ info ] [ PARAM ] array (
)
[ info ] [ DB ] INIT mysql
[ info ] [ RUN ] app\index\controller\Index->index[ /www/wwwroot/ent.mo1120.com/application/index/controller/Index.php ]
[ info ] [ VIEW ] /www/wwwroot/ent.mo1120.com/public/../application/index/view/index/index.html [ array (
  0 => 'config',
  1 => 'a',
  2 => 'solu_cate ',
  3 => 'cust_img',
  4 => 'news',
  5 => 'img',
  6 => 'customer',
  7 => 'menu',
) ]
[ info ] [ LOG ] INIT File
[ sql ] [ DB ] CONNECT:[ UseTime:0.000318s ] mysql:dbname=tp5;host=127.0.0.1;port=3306;charset=utf8
[ sql ] [ SQL ] SHOW COLUMNS FROM `think_config` [ RunTime:0.000694s ]
[ sql ] [ SQL ] SELECT * FROM `think_config` [ RunTime:0.000150s ]
[ sql ] [ SQL ] SHOW COLUMNS FROM `think_counts` [ RunTime:0.000471s ]
[ sql ] [ SQL ] SELECT * FROM `think_counts` WHERE  `ip` = '123.125.71.90'  AND `add_time` BETWEEN 1522252800 AND 1522339200 LIMIT 1 [ RunTime:0.000293s ]
[ sql ] [ SQL ] INSERT INTO `think_counts` (`ip` , `add_time`) VALUES ('123.125.71.90' , 1522255653) [ RunTime:0.000222s ]
[ sql ] [ SQL ] SHOW COLUMNS FROM `think_customer` [ RunTime:0.000508s ]
[ sql ] [ SQL ] SELECT * FROM `think_customer` WHERE  `is_on` = 1 [ RunTime:0.000177s ]
[ sql ] [ SQL ] SHOW COLUMNS FROM `think_index_img` [ RunTime:0.000465s ]
[ sql ] [ SQL ] SELECT * FROM `think_index_img` WHERE  `is_on` = 1 [ RunTime:0.000124s ]
[ sql ] [ SQL ] SHOW COLUMNS FROM `think_news` [ RunTime:0.000514s ]
[ sql ] [ SQL ] SELECT * FROM `think_news` WHERE  `status` = 1 ORDER BY id desc LIMIT 2 [ RunTime:0.000164s ]
[ sql ] [ SQL ] SHOW COLUMNS FROM `think_cust_img` [ RunTime:0.000505s ]
[ sql ] [ SQL ] SELECT * FROM `think_cust_img` WHERE  `is_on` = 1 ORDER BY id desc [ RunTime:0.000129s ]
[ sql ] [ SQL ] SHOW COLUMNS FROM `think_solutions_cate` [ RunTime:0.000589s ]
[ sql ] [ SQL ] SELECT * FROM `think_solutions_cate` WHERE  `is_on` = 1 ORDER BY id desc [ RunTime:0.000152s ]
---------------------------------------------------------------
[ 2018-03-29T01:25:29+08:00 ] 172.26.33.75 220.181.51.79 GET /
[ info ] www.mo1120.com/ [运行时间：0.041307s][吞吐率：24.21req/s] [内存消耗：3,022.01kb] [文件加载：75]
[ info ] [ LANG ] /www/wwwroot/ent.mo1120.com/thinkphp/lang/zh-cn.php
[ info ] [ ROUTE ] array (
  'type' => 'module',
  'module' => 
  array (
    0 => '',
    1 => NULL,
    2 => NULL,
  ),
)
[ info ] [ HEADER ] array (
  'accept' => '*/*',
  'accept-language' => 'zh-cn,zh-tw',
  'user-agent' => 'Mozilla/5.0 (iPhone; CPU iPhone OS 9_1 like Mac OS X) AppleWebKit/601.1.46 (KHTML, like Gecko) Version/9.0 Mobile/13B143 Safari/601.1',
  'host' => 'www.mo1120.com',
  'content-type' => '',
  'content-length' => '',
)
[ info ] [ PARAM ] array (
)
[ info ] [ DB ] INIT mysql
[ info ] [ RUN ] app\index\controller\Index->index[ /www/wwwroot/ent.mo1120.com/application/index/controller/Index.php ]
[ info ] [ VIEW ] /www/wwwroot/ent.mo1120.com/public/../application/index/view/index/index.html [ array (
  0 => 'config',
  1 => 'a',
  2 => 'solu_cate ',
  3 => 'cust_img',
  4 => 'news',
  5 => 'img',
  6 => 'customer',
  7 => 'menu',
) ]
[ info ] [ LOG ] INIT File
[ sql ] [ DB ] CONNECT:[ UseTime:0.000320s ] mysql:dbname=tp5;host=127.0.0.1;port=3306;charset=utf8
[ sql ] [ SQL ] SHOW COLUMNS FROM `think_config` [ RunTime:0.000651s ]
[ sql ] [ SQL ] SELECT * FROM `think_config` [ RunTime:0.000164s ]
[ sql ] [ SQL ] SHOW COLUMNS FROM `think_counts` [ RunTime:0.000464s ]
[ sql ] [ SQL ] SELECT * FROM `think_counts` WHERE  `ip` = '220.181.51.79'  AND `add_time` BETWEEN 1522252800 AND 1522339200 LIMIT 1 [ RunTime:0.000294s ]
[ sql ] [ SQL ] INSERT INTO `think_counts` (`ip` , `add_time`) VALUES ('220.181.51.79' , 1522257929) [ RunTime:0.000201s ]
[ sql ] [ SQL ] SHOW COLUMNS FROM `think_customer` [ RunTime:0.000489s ]
[ sql ] [ SQL ] SELECT * FROM `think_customer` WHERE  `is_on` = 1 [ RunTime:0.000142s ]
[ sql ] [ SQL ] SHOW COLUMNS FROM `think_index_img` [ RunTime:0.000471s ]
[ sql ] [ SQL ] SELECT * FROM `think_index_img` WHERE  `is_on` = 1 [ RunTime:0.000122s ]
[ sql ] [ SQL ] SHOW COLUMNS FROM `think_news` [ RunTime:0.000520s ]
[ sql ] [ SQL ] SELECT * FROM `think_news` WHERE  `status` = 1 ORDER BY id desc LIMIT 2 [ RunTime:0.000142s ]
[ sql ] [ SQL ] SHOW COLUMNS FROM `think_cust_img` [ RunTime:0.000456s ]
[ sql ] [ SQL ] SELECT * FROM `think_cust_img` WHERE  `is_on` = 1 ORDER BY id desc [ RunTime:0.000140s ]
[ sql ] [ SQL ] SHOW COLUMNS FROM `think_solutions_cate` [ RunTime:0.000438s ]
[ sql ] [ SQL ] SELECT * FROM `think_solutions_cate` WHERE  `is_on` = 1 ORDER BY id desc [ RunTime:0.000153s ]
---------------------------------------------------------------
[ 2018-03-29T01:58:09+08:00 ] 172.26.33.75 123.163.255.167 HEAD /admin/login.asp
[ info ] www.mo1120.com/admin/login.asp [运行时间：0.026319s][吞吐率：38.00req/s] [内存消耗：1,788.92kb] [文件加载：60]
[ info ] [ LANG ] /www/wwwroot/ent.mo1120.com/thinkphp/lang/zh-cn.php
[ info ] [ ROUTE ] array (
  'type' => 'module',
  'module' => 
  array (
    0 => 'admin',
    1 => 'login.asp',
    2 => NULL,
  ),
)
[ info ] [ HEADER ] array (
  'connection' => 'Keep-Alive',
  'host' => 'www.mo1120.com',
  'content-type' => '',
  'content-length' => '',
)
[ info ] [ PARAM ] array (
)
[ info ] [ LOG ] INIT File
---------------------------------------------------------------
[ 2018-03-29T01:58:09+08:00 ] 172.26.33.75 123.163.255.167 HEAD /admin/login.asp
[ info ] www.mo1120.com/admin/login.asp [运行时间：0.021878s][吞吐率：45.71req/s] [内存消耗：1,714.67kb] [文件加载：57]
[ info ] [ LANG ] /www/wwwroot/ent.mo1120.com/thinkphp/lang/zh-cn.php
[ info ] [ ROUTE ] array (
  'type' => 'module',
  'module' => 
  array (
    0 => '404',
    1 => NULL,
    2 => NULL,
  ),
)
[ info ] [ HEADER ] array (
  'connection' => 'Keep-Alive',
  'host' => 'www.mo1120.com',
  'content-type' => '',
  'content-length' => '',
)
[ info ] [ PARAM ] array (
)
[ info ] [ LOG ] INIT File
---------------------------------------------------------------
[ 2018-03-29T03:07:46+08:00 ] 172.26.33.75 5.188.9.80 HEAD /
[ info ] www.mo1120.com/ [运行时间：0.041338s][吞吐率：24.19req/s] [内存消耗：3,021.34kb] [文件加载：75]
[ info ] [ LANG ] /www/wwwroot/ent.mo1120.com/thinkphp/lang/zh-cn.php
[ info ] [ ROUTE ] array (
  'type' => 'module',
  'module' => 
  array (
    0 => '',
    1 => NULL,
    2 => NULL,
  ),
)
[ info ] [ HEADER ] array (
  'host' => 'www.mo1120.com',
  'user-agent' => 'NYU Internet Census (https://scan.lol; research@scan.lol)',
  'content-type' => '',
  'content-length' => '',
)
[ info ] [ PARAM ] array (
)
[ info ] [ DB ] INIT mysql
[ info ] [ RUN ] app\index\controller\Index->index[ /www/wwwroot/ent.mo1120.com/application/index/controller/Index.php ]
[ info ] [ VIEW ] /www/wwwroot/ent.mo1120.com/public/../application/index/view/index/index.html [ array (
  0 => 'config',
  1 => 'a',
  2 => 'solu_cate ',
  3 => 'cust_img',
  4 => 'news',
  5 => 'img',
  6 => 'customer',
  7 => 'menu',
) ]
[ info ] [ LOG ] INIT File
[ sql ] [ DB ] CONNECT:[ UseTime:0.000338s ] mysql:dbname=tp5;host=127.0.0.1;port=3306;charset=utf8
[ sql ] [ SQL ] SHOW COLUMNS FROM `think_config` [ RunTime:0.000737s ]
[ sql ] [ SQL ] SELECT * FROM `think_config` [ RunTime:0.000166s ]
[ sql ] [ SQL ] SHOW COLUMNS FROM `think_counts` [ RunTime:0.000466s ]
[ sql ] [ SQL ] SELECT * FROM `think_counts` WHERE  `ip` = '5.188.9.80'  AND `add_time` BETWEEN 1522252800 AND 1522339200 LIMIT 1 [ RunTime:0.000289s ]
[ sql ] [ SQL ] INSERT INTO `think_counts` (`ip` , `add_time`) VALUES ('5.188.9.80' , 1522264066) [ RunTime:0.000205s ]
[ sql ] [ SQL ] SHOW COLUMNS FROM `think_customer` [ RunTime:0.000485s ]
[ sql ] [ SQL ] SELECT * FROM `think_customer` WHERE  `is_on` = 1 [ RunTime:0.000143s ]
[ sql ] [ SQL ] SHOW COLUMNS FROM `think_index_img` [ RunTime:0.000522s ]
[ sql ] [ SQL ] SELECT * FROM `think_index_img` WHERE  `is_on` = 1 [ RunTime:0.000121s ]
[ sql ] [ SQL ] SHOW COLUMNS FROM `think_news` [ RunTime:0.000504s ]
[ sql ] [ SQL ] SELECT * FROM `think_news` WHERE  `status` = 1 ORDER BY id desc LIMIT 2 [ RunTime:0.000142s ]
[ sql ] [ SQL ] SHOW COLUMNS FROM `think_cust_img` [ RunTime:0.000447s ]
[ sql ] [ SQL ] SELECT * FROM `think_cust_img` WHERE  `is_on` = 1 ORDER BY id desc [ RunTime:0.000171s ]
[ sql ] [ SQL ] SHOW COLUMNS FROM `think_solutions_cate` [ RunTime:0.000431s ]
[ sql ] [ SQL ] SELECT * FROM `think_solutions_cate` WHERE  `is_on` = 1 ORDER BY id desc [ RunTime:0.000179s ]
---------------------------------------------------------------
[ 2018-03-29T07:25:23+08:00 ] 172.26.33.75 220.181.125.138 GET /
[ info ] www.mo1120.com/ [运行时间：0.042220s][吞吐率：23.69req/s] [内存消耗：3,022.88kb] [文件加载：75]
[ info ] [ LANG ] /www/wwwroot/ent.mo1120.com/thinkphp/lang/zh-cn.php
[ info ] [ ROUTE ] array (
  'type' => 'module',
  'module' => 
  array (
    0 => '',
    1 => NULL,
    2 => NULL,
  ),
)
[ info ] [ HEADER ] array (
  'if-modified-since' => 'Thu, 15 Mar 2018 11:03:11 GMT',
  'connection' => 'close',
  'user-agent' => 'Sogou web spider/4.0(+http://www.sogou.com/docs/help/webmasters.htm#07)',
  'accept-encoding' => 'gzip,deflate',
  'accept-language' => 'zh-cn',
  'accept' => '*/*',
  'host' => 'www.mo1120.com',
  'content-type' => '',
  'content-length' => '',
)
[ info ] [ PARAM ] array (
)
[ info ] [ DB ] INIT mysql
[ info ] [ RUN ] app\index\controller\Index->index[ /www/wwwroot/ent.mo1120.com/application/index/controller/Index.php ]
[ info ] [ VIEW ] /www/wwwroot/ent.mo1120.com/public/../application/index/view/index/index.html [ array (
  0 => 'config',
  1 => 'a',
  2 => 'solu_cate ',
  3 => 'cust_img',
  4 => 'news',
  5 => 'img',
  6 => 'customer',
  7 => 'menu',
) ]
[ info ] [ LOG ] INIT File
[ sql ] [ DB ] CONNECT:[ UseTime:0.000314s ] mysql:dbname=tp5;host=127.0.0.1;port=3306;charset=utf8
[ sql ] [ SQL ] SHOW COLUMNS FROM `think_config` [ RunTime:0.000663s ]
[ sql ] [ SQL ] SELECT * FROM `think_config` [ RunTime:0.000149s ]
[ sql ] [ SQL ] SHOW COLUMNS FROM `think_counts` [ RunTime:0.000453s ]
[ sql ] [ SQL ] SELECT * FROM `think_counts` WHERE  `ip` = '220.181.125.138'  AND `add_time` BETWEEN 1522252800 AND 1522339200 LIMIT 1 [ RunTime:0.000286s ]
[ sql ] [ SQL ] INSERT INTO `think_counts` (`ip` , `add_time`) VALUES ('220.181.125.138' , 1522279523) [ RunTime:0.000205s ]
[ sql ] [ SQL ] SHOW COLUMNS FROM `think_customer` [ RunTime:0.000514s ]
[ sql ] [ SQL ] SELECT * FROM `think_customer` WHERE  `is_on` = 1 [ RunTime:0.000151s ]
[ sql ] [ SQL ] SHOW COLUMNS FROM `think_index_img` [ RunTime:0.000483s ]
[ sql ] [ SQL ] SELECT * FROM `think_index_img` WHERE  `is_on` = 1 [ RunTime:0.000152s ]
[ sql ] [ SQL ] SHOW COLUMNS FROM `think_news` [ RunTime:0.000509s ]
[ sql ] [ SQL ] SELECT * FROM `think_news` WHERE  `status` = 1 ORDER BY id desc LIMIT 2 [ RunTime:0.000172s ]
[ sql ] [ SQL ] SHOW COLUMNS FROM `think_cust_img` [ RunTime:0.000469s ]
[ sql ] [ SQL ] SELECT * FROM `think_cust_img` WHERE  `is_on` = 1 ORDER BY id desc [ RunTime:0.000154s ]
[ sql ] [ SQL ] SHOW COLUMNS FROM `think_solutions_cate` [ RunTime:0.000475s ]
[ sql ] [ SQL ] SELECT * FROM `think_solutions_cate` WHERE  `is_on` = 1 ORDER BY id desc [ RunTime:0.000186s ]
---------------------------------------------------------------
[ 2018-03-29T07:25:38+08:00 ] 172.26.33.75 220.181.125.138 GET /index/solutions/info/id/7.html
[ info ] www.mo1120.com/index/solutions/info/id/7.html [运行时间：0.037886s][吞吐率：26.39req/s] [内存消耗：2,990.69kb] [文件加载：75]
[ info ] [ LANG ] /www/wwwroot/ent.mo1120.com/thinkphp/lang/zh-cn.php
[ info ] [ ROUTE ] array (
  'type' => 'module',
  'module' => 
  array (
    0 => 'index',
    1 => 'solutions',
    2 => 'info',
  ),
)
[ info ] [ HEADER ] array (
  'if-modified-since' => 'Mon, 19 Mar 2018 07:14:27 GMT',
  'connection' => 'close',
  'user-agent' => 'Sogou web spider/4.0(+http://www.sogou.com/docs/help/webmasters.htm#07)',
  'accept-encoding' => 'gzip,deflate',
  'accept-language' => 'zh-cn',
  'accept' => '*/*',
  'host' => 'www.mo1120.com',
  'content-type' => '',
  'content-length' => '',
)
[ info ] [ PARAM ] array (
  'id' => '7',
)
[ info ] [ DB ] INIT mysql
[ info ] [ RUN ] app\index\controller\Solutions->info[ /www/wwwroot/ent.mo1120.com/application/index/controller/Solutions.php ]
[ info ] [ VIEW ] /www/wwwroot/ent.mo1120.com/public/../application/index/view/solutions/info.html [ array (
  0 => 'config',
  1 => 'data',
  2 => 'menu',
) ]
[ info ] [ LOG ] INIT File
[ sql ] [ DB ] CONNECT:[ UseTime:0.000310s ] mysql:dbname=tp5;host=127.0.0.1;port=3306;charset=utf8
[ sql ] [ SQL ] SHOW COLUMNS FROM `think_config` [ RunTime:0.000656s ]
[ sql ] [ SQL ] SELECT * FROM `think_config` [ RunTime:0.000149s ]
[ sql ] [ SQL ] SHOW COLUMNS FROM `think_counts` [ RunTime:0.000451s ]
[ sql ] [ SQL ] SELECT * FROM `think_counts` WHERE  `ip` = '220.181.125.138'  AND `add_time` BETWEEN 1522252800 AND 1522339200 LIMIT 1 [ RunTime:0.000280s ]
[ sql ] [ SQL ] SHOW COLUMNS FROM `think_solutions` [ RunTime:0.000497s ]
[ sql ] [ SQL ] SELECT * FROM `think_solutions` WHERE  `is_on` = 1  AND `id` = 7 LIMIT 1 [ RunTime:0.000153s ]
---------------------------------------------------------------
[ 2018-03-29T07:25:55+08:00 ] 172.26.33.75 220.181.125.138 GET /index/solutions/info/id/11.html
[ info ] www.mo1120.com/index/solutions/info/id/11.html [运行时间：0.039519s][吞吐率：25.30req/s] [内存消耗：2,991.79kb] [文件加载：75]
[ info ] [ LANG ] /www/wwwroot/ent.mo1120.com/thinkphp/lang/zh-cn.php
[ info ] [ ROUTE ] array (
  'type' => 'module',
  'module' => 
  array (
    0 => 'index',
    1 => 'solutions',
    2 => 'info',
  ),
)
[ info ] [ HEADER ] array (
  'if-modified-since' => 'Tue, 20 Mar 2018 06:59:06 GMT',
  'connection' => 'close',
  'user-agent' => 'Sogou web spider/4.0(+http://www.sogou.com/docs/help/webmasters.htm#07)',
  'accept-encoding' => 'gzip,deflate',
  'accept-language' => 'zh-cn',
  'accept' => '*/*',
  'host' => 'www.mo1120.com',
  'content-type' => '',
  'content-length' => '',
)
[ info ] [ PARAM ] array (
  'id' => '11',
)
[ info ] [ DB ] INIT mysql
[ info ] [ RUN ] app\index\controller\Solutions->info[ /www/wwwroot/ent.mo1120.com/application/index/controller/Solutions.php ]
[ info ] [ VIEW ] /www/wwwroot/ent.mo1120.com/public/../application/index/view/solutions/info.html [ array (
  0 => 'config',
  1 => 'data',
  2 => 'menu',
) ]
[ info ] [ LOG ] INIT File
[ sql ] [ DB ] CONNECT:[ UseTime:0.000309s ] mysql:dbname=tp5;host=127.0.0.1;port=3306;charset=utf8
[ sql ] [ SQL ] SHOW COLUMNS FROM `think_config` [ RunTime:0.002232s ]
[ sql ] [ SQL ] SELECT * FROM `think_config` [ RunTime:0.000171s ]
[ sql ] [ SQL ] SHOW COLUMNS FROM `think_counts` [ RunTime:0.000471s ]
[ sql ] [ SQL ] SELECT * FROM `think_counts` WHERE  `ip` = '220.181.125.138'  AND `add_time` BETWEEN 1522252800 AND 1522339200 LIMIT 1 [ RunTime:0.000169s ]
[ sql ] [ SQL ] SHOW COLUMNS FROM `think_solutions` [ RunTime:0.000507s ]
[ sql ] [ SQL ] SELECT * FROM `think_solutions` WHERE  `is_on` = 1  AND `id` = 11 LIMIT 1 [ RunTime:0.000160s ]
---------------------------------------------------------------
[ 2018-03-29T08:47:32+08:00 ] 172.26.33.75 123.125.71.29 GET /
[ info ] www.mo1120.com/ [运行时间：0.053291s][吞吐率：18.76req/s] [内存消耗：3,022.81kb] [文件加载：75]
[ info ] [ LANG ] /www/wwwroot/ent.mo1120.com/thinkphp/lang/zh-cn.php
[ info ] [ ROUTE ] array (
  'type' => 'module',
  'module' => 
  array (
    0 => '',
    1 => NULL,
    2 => NULL,
  ),
)
[ info ] [ HEADER ] array (
  'accept' => '*/*',
  'accept-encoding' => 'gzip',
  'if-none-match' => '"@NULL@"',
  'accept-language' => 'zh-cn,zh-tw',
  'user-agent' => 'Mozilla/5.0 (compatible; Baiduspider/2.0; +http://www.baidu.com/search/spider.html)',
  'connection' => 'close',
  'host' => 'www.mo1120.com',
  'content-type' => '',
  'content-length' => '',
)
[ info ] [ PARAM ] array (
)
[ info ] [ DB ] INIT mysql
[ info ] [ RUN ] app\index\controller\Index->index[ /www/wwwroot/ent.mo1120.com/application/index/controller/Index.php ]
[ info ] [ VIEW ] /www/wwwroot/ent.mo1120.com/public/../application/index/view/index/index.html [ array (
  0 => 'config',
  1 => 'a',
  2 => 'solu_cate ',
  3 => 'cust_img',
  4 => 'news',
  5 => 'img',
  6 => 'customer',
  7 => 'menu',
) ]
[ info ] [ LOG ] INIT File
[ sql ] [ DB ] CONNECT:[ UseTime:0.000342s ] mysql:dbname=tp5;host=127.0.0.1;port=3306;charset=utf8
[ sql ] [ SQL ] SHOW COLUMNS FROM `think_config` [ RunTime:0.000703s ]
[ sql ] [ SQL ] SELECT * FROM `think_config` [ RunTime:0.000141s ]
[ sql ] [ SQL ] SHOW COLUMNS FROM `think_counts` [ RunTime:0.000458s ]
[ sql ] [ SQL ] SELECT * FROM `think_counts` WHERE  `ip` = '123.125.71.29'  AND `add_time` BETWEEN 1522252800 AND 1522339200 LIMIT 1 [ RunTime:0.000332s ]
[ sql ] [ SQL ] INSERT INTO `think_counts` (`ip` , `add_time`) VALUES ('123.125.71.29' , 1522284452) [ RunTime:0.000225s ]
[ sql ] [ SQL ] SHOW COLUMNS FROM `think_customer` [ RunTime:0.000514s ]
[ sql ] [ SQL ] SELECT * FROM `think_customer` WHERE  `is_on` = 1 [ RunTime:0.000157s ]
[ sql ] [ SQL ] SHOW COLUMNS FROM `think_index_img` [ RunTime:0.000469s ]
[ sql ] [ SQL ] SELECT * FROM `think_index_img` WHERE  `is_on` = 1 [ RunTime:0.000125s ]
[ sql ] [ SQL ] SHOW COLUMNS FROM `think_news` [ RunTime:0.000477s ]
[ sql ] [ SQL ] SELECT * FROM `think_news` WHERE  `status` = 1 ORDER BY id desc LIMIT 2 [ RunTime:0.000174s ]
[ sql ] [ SQL ] SHOW COLUMNS FROM `think_cust_img` [ RunTime:0.000451s ]
[ sql ] [ SQL ] SELECT * FROM `think_cust_img` WHERE  `is_on` = 1 ORDER BY id desc [ RunTime:0.000127s ]
[ sql ] [ SQL ] SHOW COLUMNS FROM `think_solutions_cate` [ RunTime:0.000542s ]
[ sql ] [ SQL ] SELECT * FROM `think_solutions_cate` WHERE  `is_on` = 1 ORDER BY id desc [ RunTime:0.000151s ]
---------------------------------------------------------------
[ 2018-03-29T13:38:49+08:00 ] 172.26.33.75 47.106.78.91 GET /
[ info ] www.mo1120.com/ [运行时间：0.044287s][吞吐率：22.58req/s] [内存消耗：3,021.99kb] [文件加载：75]
[ info ] [ LANG ] /www/wwwroot/ent.mo1120.com/thinkphp/lang/zh-cn.php
[ info ] [ ROUTE ] array (
  'type' => 'module',
  'module' => 
  array (
    0 => '',
    1 => NULL,
    2 => NULL,
  ),
)
[ info ] [ HEADER ] array (
  'connection' => 'keep-alive',
  'accept' => 'text/html, image/gif, image/jpeg, *; q=.2, */*; q=.2',
  'host' => 'www.mo1120.com',
  'user-agent' => 'Mozilla/5.0 (X11; Ubuntu; Linux x86_64; rv:36.0) Gecko/20100101 Firefox/36.0',
  'content-type' => '',
  'content-length' => '',
)
[ info ] [ PARAM ] array (
)
[ info ] [ DB ] INIT mysql
[ info ] [ RUN ] app\index\controller\Index->index[ /www/wwwroot/ent.mo1120.com/application/index/controller/Index.php ]
[ info ] [ VIEW ] /www/wwwroot/ent.mo1120.com/public/../application/index/view/index/index.html [ array (
  0 => 'config',
  1 => 'a',
  2 => 'solu_cate ',
  3 => 'cust_img',
  4 => 'news',
  5 => 'img',
  6 => 'customer',
  7 => 'menu',
) ]
[ info ] [ LOG ] INIT File
[ sql ] [ DB ] CONNECT:[ UseTime:0.000331s ] mysql:dbname=tp5;host=127.0.0.1;port=3306;charset=utf8
[ sql ] [ SQL ] SHOW COLUMNS FROM `think_config` [ RunTime:0.002267s ]
[ sql ] [ SQL ] SELECT * FROM `think_config` [ RunTime:0.000144s ]
[ sql ] [ SQL ] SHOW COLUMNS FROM `think_counts` [ RunTime:0.000485s ]
[ sql ] [ SQL ] SELECT * FROM `think_counts` WHERE  `ip` = '47.106.78.91'  AND `add_time` BETWEEN 1522252800 AND 1522339200 LIMIT 1 [ RunTime:0.000273s ]
[ sql ] [ SQL ] INSERT INTO `think_counts` (`ip` , `add_time`) VALUES ('47.106.78.91' , 1522301929) [ RunTime:0.000262s ]
[ sql ] [ SQL ] SHOW COLUMNS FROM `think_customer` [ RunTime:0.000467s ]
[ sql ] [ SQL ] SELECT * FROM `think_customer` WHERE  `is_on` = 1 [ RunTime:0.000169s ]
[ sql ] [ SQL ] SHOW COLUMNS FROM `think_index_img` [ RunTime:0.000431s ]
[ sql ] [ SQL ] SELECT * FROM `think_index_img` WHERE  `is_on` = 1 [ RunTime:0.000157s ]
[ sql ] [ SQL ] SHOW COLUMNS FROM `think_news` [ RunTime:0.000568s ]
[ sql ] [ SQL ] SELECT * FROM `think_news` WHERE  `status` = 1 ORDER BY id desc LIMIT 2 [ RunTime:0.000304s ]
[ sql ] [ SQL ] SHOW COLUMNS FROM `think_cust_img` [ RunTime:0.000516s ]
[ sql ] [ SQL ] SELECT * FROM `think_cust_img` WHERE  `is_on` = 1 ORDER BY id desc [ RunTime:0.000182s ]
[ sql ] [ SQL ] SHOW COLUMNS FROM `think_solutions_cate` [ RunTime:0.000455s ]
[ sql ] [ SQL ] SELECT * FROM `think_solutions_cate` WHERE  `is_on` = 1 ORDER BY id desc [ RunTime:0.000148s ]
---------------------------------------------------------------
[ 2018-03-29T14:51:04+08:00 ] 172.26.33.75 5.188.203.40 GET /vendor/phpunit/phpunit/src/Util/PHP/eval-stdin.php
[ info ] www.mo1120.com/vendor/phpunit/phpunit/src/Util/PHP/eval-stdin.php [运行时间：0.022018s][吞吐率：45.42req/s] [内存消耗：1,715.73kb] [文件加载：56]
[ info ] [ LANG ] /www/wwwroot/ent.mo1120.com/thinkphp/lang/zh-cn.php
[ info ] [ ROUTE ] array (
  'type' => 'module',
  'module' => 
  array (
    0 => '404',
    1 => NULL,
    2 => NULL,
  ),
)
[ info ] [ HEADER ] array (
  'content-length' => '133',
  'content-type' => 'application/x-www-form-urlencoded',
  'host' => 'www.mo1120.com',
  'user-agent' => 'NYU Internet Census (https://scan.lol; research@scan.lol)',
)
[ info ] [ PARAM ] array (
)
[ info ] [ LOG ] INIT File
---------------------------------------------------------------
[ 2018-03-29T16:44:25+08:00 ] 172.26.33.75 123.125.71.89 GET /
[ info ] www.mo1120.com/ [运行时间：0.044068s][吞吐率：22.69req/s] [内存消耗：3,022.81kb] [文件加载：75]
[ info ] [ LANG ] /www/wwwroot/ent.mo1120.com/thinkphp/lang/zh-cn.php
[ info ] [ ROUTE ] array (
  'type' => 'module',
  'module' => 
  array (
    0 => '',
    1 => NULL,
    2 => NULL,
  ),
)
[ info ] [ HEADER ] array (
  'accept' => '*/*',
  'accept-encoding' => 'gzip',
  'if-none-match' => '"@NULL@"',
  'accept-language' => 'zh-cn,zh-tw',
  'user-agent' => 'Mozilla/5.0 (compatible; Baiduspider/2.0; +http://www.baidu.com/search/spider.html)',
  'connection' => 'close',
  'host' => 'www.mo1120.com',
  'content-type' => '',
  'content-length' => '',
)
[ info ] [ PARAM ] array (
)
[ info ] [ DB ] INIT mysql
[ info ] [ RUN ] app\index\controller\Index->index[ /www/wwwroot/ent.mo1120.com/application/index/controller/Index.php ]
[ info ] [ VIEW ] /www/wwwroot/ent.mo1120.com/public/../application/index/view/index/index.html [ array (
  0 => 'config',
  1 => 'a',
  2 => 'solu_cate ',
  3 => 'cust_img',
  4 => 'news',
  5 => 'img',
  6 => 'customer',
  7 => 'menu',
) ]
[ info ] [ LOG ] INIT File
[ sql ] [ DB ] CONNECT:[ UseTime:0.000338s ] mysql:dbname=tp5;host=127.0.0.1;port=3306;charset=utf8
[ sql ] [ SQL ] SHOW COLUMNS FROM `think_config` [ RunTime:0.000681s ]
[ sql ] [ SQL ] SELECT * FROM `think_config` [ RunTime:0.000159s ]
[ sql ] [ SQL ] SHOW COLUMNS FROM `think_counts` [ RunTime:0.000496s ]
[ sql ] [ SQL ] SELECT * FROM `think_counts` WHERE  `ip` = '123.125.71.89'  AND `add_time` BETWEEN 1522252800 AND 1522339200 LIMIT 1 [ RunTime:0.000283s ]
[ sql ] [ SQL ] INSERT INTO `think_counts` (`ip` , `add_time`) VALUES ('123.125.71.89' , 1522313065) [ RunTime:0.000242s ]
[ sql ] [ SQL ] SHOW COLUMNS FROM `think_customer` [ RunTime:0.000532s ]
[ sql ] [ SQL ] SELECT * FROM `think_customer` WHERE  `is_on` = 1 [ RunTime:0.000181s ]
[ sql ] [ SQL ] SHOW COLUMNS FROM `think_index_img` [ RunTime:0.000491s ]
[ sql ] [ SQL ] SELECT * FROM `think_index_img` WHERE  `is_on` = 1 [ RunTime:0.000124s ]
[ sql ] [ SQL ] SHOW COLUMNS FROM `think_news` [ RunTime:0.000540s ]
[ sql ] [ SQL ] SELECT * FROM `think_news` WHERE  `status` = 1 ORDER BY id desc LIMIT 2 [ RunTime:0.000144s ]
[ sql ] [ SQL ] SHOW COLUMNS FROM `think_cust_img` [ RunTime:0.000463s ]
[ sql ] [ SQL ] SELECT * FROM `think_cust_img` WHERE  `is_on` = 1 ORDER BY id desc [ RunTime:0.000132s ]
[ sql ] [ SQL ] SHOW COLUMNS FROM `think_solutions_cate` [ RunTime:0.000505s ]
[ sql ] [ SQL ] SELECT * FROM `think_solutions_cate` WHERE  `is_on` = 1 ORDER BY id desc [ RunTime:0.000189s ]
---------------------------------------------------------------
[ 2018-03-29T16:48:08+08:00 ] 172.26.33.75 101.132.108.37 GET /index/customer/info.html
[ info ] www.mo1120.com/index/customer/info.html [运行时间：0.038373s][吞吐率：26.06req/s] [内存消耗：2,975.65kb] [文件加载：75]
[ info ] [ LANG ] /www/wwwroot/ent.mo1120.com/thinkphp/lang/zh-cn.php
[ info ] [ ROUTE ] array (
  'type' => 'module',
  'module' => 
  array (
    0 => 'index',
    1 => 'customer',
    2 => 'info',
  ),
)
[ info ] [ HEADER ] array (
  'connection' => 'keep-alive',
  'accept' => 'text/html, image/gif, image/jpeg, *; q=.2, */*; q=.2',
  'host' => 'www.mo1120.com',
  'user-agent' => 'Mozilla/5.0 (X11; Ubuntu; Linux x86_64; rv:36.0) Gecko/20100101 Firefox/36.0',
  'content-type' => '',
  'content-length' => '',
)
[ info ] [ PARAM ] array (
)
[ info ] [ DB ] INIT mysql
[ info ] [ RUN ] app\index\controller\Customer->info[ /www/wwwroot/ent.mo1120.com/application/index/controller/Customer.php ]
[ info ] [ VIEW ] /www/wwwroot/ent.mo1120.com/public/../application/index/view/customer/info.html [ array (
  0 => 'config',
  1 => 'data',
  2 => 'menu',
) ]
[ info ] [ LOG ] INIT File
[ sql ] [ DB ] CONNECT:[ UseTime:0.000323s ] mysql:dbname=tp5;host=127.0.0.1;port=3306;charset=utf8
[ sql ] [ SQL ] SHOW COLUMNS FROM `think_config` [ RunTime:0.000687s ]
[ sql ] [ SQL ] SELECT * FROM `think_config` [ RunTime:0.000142s ]
[ sql ] [ SQL ] SHOW COLUMNS FROM `think_counts` [ RunTime:0.000446s ]
[ sql ] [ SQL ] SELECT * FROM `think_counts` WHERE  `ip` = '101.132.108.37'  AND `add_time` BETWEEN 1522252800 AND 1522339200 LIMIT 1 [ RunTime:0.000315s ]
[ sql ] [ SQL ] INSERT INTO `think_counts` (`ip` , `add_time`) VALUES ('101.132.108.37' , 1522313288) [ RunTime:0.000206s ]
[ sql ] [ SQL ] SHOW COLUMNS FROM `think_customer` [ RunTime:0.000496s ]
[ sql ] [ SQL ] SELECT * FROM `think_customer` WHERE  `is_on` = 1  AND `id` IS NULL LIMIT 1 [ RunTime:0.000145s ]
---------------------------------------------------------------
[ 2018-03-29T19:32:36+08:00 ] 172.26.33.75 220.181.125.138 GET /
[ info ] www.mo1120.com/ [运行时间：0.043737s][吞吐率：22.86req/s] [内存消耗：3,022.73kb] [文件加载：75]
[ info ] [ LANG ] /www/wwwroot/ent.mo1120.com/thinkphp/lang/zh-cn.php
[ info ] [ ROUTE ] array (
  'type' => 'module',
  'module' => 
  array (
    0 => '',
    1 => NULL,
    2 => NULL,
  ),
)
[ info ] [ HEADER ] array (
  'if-modified-since' => 'Thu, 15 Mar 2018 11:03:11 GMT',
  'connection' => 'close',
  'user-agent' => 'Sogou web spider/4.0(+http://www.sogou.com/docs/help/webmasters.htm#07)',
  'accept-encoding' => 'gzip,deflate',
  'accept-language' => 'zh-cn',
  'accept' => '*/*',
  'host' => 'www.mo1120.com',
  'content-type' => '',
  'content-length' => '',
)
[ info ] [ PARAM ] array (
)
[ info ] [ DB ] INIT mysql
[ info ] [ RUN ] app\index\controller\Index->index[ /www/wwwroot/ent.mo1120.com/application/index/controller/Index.php ]
[ info ] [ VIEW ] /www/wwwroot/ent.mo1120.com/public/../application/index/view/index/index.html [ array (
  0 => 'config',
  1 => 'a',
  2 => 'solu_cate ',
  3 => 'cust_img',
  4 => 'news',
  5 => 'img',
  6 => 'customer',
  7 => 'menu',
) ]
[ info ] [ LOG ] INIT File
[ sql ] [ DB ] CONNECT:[ UseTime:0.000334s ] mysql:dbname=tp5;host=127.0.0.1;port=3306;charset=utf8
[ sql ] [ SQL ] SHOW COLUMNS FROM `think_config` [ RunTime:0.000707s ]
[ sql ] [ SQL ] SELECT * FROM `think_config` [ RunTime:0.000146s ]
[ sql ] [ SQL ] SHOW COLUMNS FROM `think_counts` [ RunTime:0.000460s ]
[ sql ] [ SQL ] SELECT * FROM `think_counts` WHERE  `ip` = '220.181.125.138'  AND `add_time` BETWEEN 1522252800 AND 1522339200 LIMIT 1 [ RunTime:0.000338s ]
[ sql ] [ SQL ] SHOW COLUMNS FROM `think_customer` [ RunTime:0.000480s ]
[ sql ] [ SQL ] SELECT * FROM `think_customer` WHERE  `is_on` = 1 [ RunTime:0.000210s ]
[ sql ] [ SQL ] SHOW COLUMNS FROM `think_index_img` [ RunTime:0.000448s ]
[ sql ] [ SQL ] SELECT * FROM `think_index_img` WHERE  `is_on` = 1 [ RunTime:0.000129s ]
[ sql ] [ SQL ] SHOW COLUMNS FROM `think_news` [ RunTime:0.000498s ]
[ sql ] [ SQL ] SELECT * FROM `think_news` WHERE  `status` = 1 ORDER BY id desc LIMIT 2 [ RunTime:0.000149s ]
[ sql ] [ SQL ] SHOW COLUMNS FROM `think_cust_img` [ RunTime:0.000488s ]
[ sql ] [ SQL ] SELECT * FROM `think_cust_img` WHERE  `is_on` = 1 ORDER BY id desc [ RunTime:0.000135s ]
[ sql ] [ SQL ] SHOW COLUMNS FROM `think_solutions_cate` [ RunTime:0.000512s ]
[ sql ] [ SQL ] SELECT * FROM `think_solutions_cate` WHERE  `is_on` = 1 ORDER BY id desc [ RunTime:0.000158s ]
---------------------------------------------------------------
[ 2018-03-29T19:32:57+08:00 ] 172.26.33.75 220.181.125.138 GET /index/customer/info/id/11.html
[ info ] www.mo1120.com/index/customer/info/id/11.html [运行时间：0.038586s][吞吐率：25.92req/s] [内存消耗：2,979.23kb] [文件加载：75]
[ info ] [ LANG ] /www/wwwroot/ent.mo1120.com/thinkphp/lang/zh-cn.php
[ info ] [ ROUTE ] array (
  'type' => 'module',
  'module' => 
  array (
    0 => 'index',
    1 => 'customer',
    2 => 'info',
  ),
)
[ info ] [ HEADER ] array (
  'if-modified-since' => 'Fri, 16 Mar 2018 23:07:17 GMT',
  'connection' => 'close',
  'user-agent' => 'Sogou web spider/4.0(+http://www.sogou.com/docs/help/webmasters.htm#07)',
  'accept-encoding' => 'gzip,deflate',
  'accept-language' => 'zh-cn',
  'accept' => '*/*',
  'host' => 'www.mo1120.com',
  'content-type' => '',
  'content-length' => '',
)
[ info ] [ PARAM ] array (
  'id' => '11',
)
[ info ] [ DB ] INIT mysql
[ info ] [ RUN ] app\index\controller\Customer->info[ /www/wwwroot/ent.mo1120.com/application/index/controller/Customer.php ]
[ info ] [ VIEW ] /www/wwwroot/ent.mo1120.com/public/../application/index/view/customer/info.html [ array (
  0 => 'config',
  1 => 'data',
  2 => 'menu',
) ]
[ info ] [ LOG ] INIT File
[ sql ] [ DB ] CONNECT:[ UseTime:0.000324s ] mysql:dbname=tp5;host=127.0.0.1;port=3306;charset=utf8
[ sql ] [ SQL ] SHOW COLUMNS FROM `think_config` [ RunTime:0.000670s ]
[ sql ] [ SQL ] SELECT * FROM `think_config` [ RunTime:0.000153s ]
[ sql ] [ SQL ] SHOW COLUMNS FROM `think_counts` [ RunTime:0.000489s ]
[ sql ] [ SQL ] SELECT * FROM `think_counts` WHERE  `ip` = '220.181.125.138'  AND `add_time` BETWEEN 1522252800 AND 1522339200 LIMIT 1 [ RunTime:0.000183s ]
[ sql ] [ SQL ] SHOW COLUMNS FROM `think_customer` [ RunTime:0.000506s ]
[ sql ] [ SQL ] SELECT * FROM `think_customer` WHERE  `is_on` = 1  AND `id` = 11 LIMIT 1 [ RunTime:0.000160s ]
---------------------------------------------------------------
[ 2018-03-29T19:33:18+08:00 ] 172.26.33.75 220.181.125.138 GET /index/customer/info/id/7.html
[ info ] www.mo1120.com/index/customer/info/id/7.html [运行时间：0.037726s][吞吐率：26.51req/s] [内存消耗：2,979.23kb] [文件加载：75]
[ info ] [ LANG ] /www/wwwroot/ent.mo1120.com/thinkphp/lang/zh-cn.php
[ info ] [ ROUTE ] array (
  'type' => 'module',
  'module' => 
  array (
    0 => 'index',
    1 => 'customer',
    2 => 'info',
  ),
)
[ info ] [ HEADER ] array (
  'if-modified-since' => 'Fri, 16 Mar 2018 23:07:28 GMT',
  'connection' => 'close',
  'user-agent' => 'Sogou web spider/4.0(+http://www.sogou.com/docs/help/webmasters.htm#07)',
  'accept-encoding' => 'gzip,deflate',
  'accept-language' => 'zh-cn',
  'accept' => '*/*',
  'host' => 'www.mo1120.com',
  'content-type' => '',
  'content-length' => '',
)
[ info ] [ PARAM ] array (
  'id' => '7',
)
[ info ] [ DB ] INIT mysql
[ info ] [ RUN ] app\index\controller\Customer->info[ /www/wwwroot/ent.mo1120.com/application/index/controller/Customer.php ]
[ info ] [ VIEW ] /www/wwwroot/ent.mo1120.com/public/../application/index/view/customer/info.html [ array (
  0 => 'config',
  1 => 'data',
  2 => 'menu',
) ]
[ info ] [ LOG ] INIT File
[ sql ] [ DB ] CONNECT:[ UseTime:0.000321s ] mysql:dbname=tp5;host=127.0.0.1;port=3306;charset=utf8
[ sql ] [ SQL ] SHOW COLUMNS FROM `think_config` [ RunTime:0.000646s ]
[ sql ] [ SQL ] SELECT * FROM `think_config` [ RunTime:0.000179s ]
[ sql ] [ SQL ] SHOW COLUMNS FROM `think_counts` [ RunTime:0.000442s ]
[ sql ] [ SQL ] SELECT * FROM `think_counts` WHERE  `ip` = '220.181.125.138'  AND `add_time` BETWEEN 1522252800 AND 1522339200 LIMIT 1 [ RunTime:0.000188s ]
[ sql ] [ SQL ] SHOW COLUMNS FROM `think_customer` [ RunTime:0.000458s ]
[ sql ] [ SQL ] SELECT * FROM `think_customer` WHERE  `is_on` = 1  AND `id` = 7 LIMIT 1 [ RunTime:0.000175s ]
