---------------------------------------------------------------
[ 2018-01-07T00:47:16+08:00 ] 172.26.33.75 123.125.71.72 GET /
[ info ] www.mo1120.com/ [运行时间：0.026306s][吞吐率：38.01req/s] [内存消耗：2,259.11kb] [文件加载：47]
[ info ] [ LANG ] /www/wwwroot/ent.mo1120.com/thinkphp/lang/zh-cn.php
[ info ] [ ROUTE ] array (
  'type' => 'module',
  'module' => 
  array (
    0 => '',
    1 => NULL,
    2 => NULL,
  ),
)
[ info ] [ HEADER ] array (
  'accept' => '*/*',
  'accept-encoding' => 'gzip',
  'if-none-match' => '"@NULL@"',
  'accept-language' => 'zh-cn,zh-tw',
  'user-agent' => 'Mozilla/5.0 (compatible; Baiduspider/2.0; +http://www.baidu.com/search/spider.html)',
  'connection' => 'close',
  'host' => 'www.mo1120.com',
  'content-type' => '',
  'content-length' => '',
)
[ info ] [ PARAM ] array (
)
[ info ] [ DB ] INIT mysql
[ info ] [ RUN ] app\index\controller\Index->index[ /www/wwwroot/ent.mo1120.com/application/index/controller/Index.php ]
[ info ] [ VIEW ] /www/wwwroot/ent.mo1120.com/public/../application/index/view/index/index.html [ array (
  0 => 'config',
  1 => 'a',
  2 => 'solu_cate ',
  3 => 'cust_img',
  4 => 'news',
  5 => 'img',
  6 => 'customer',
  7 => 'menu',
) ]
[ info ] [ LOG ] INIT File
[ sql ] [ DB ] CONNECT:[ UseTime:0.000338s ] mysql:dbname=tp5;host=127.0.0.1;port=3306;charset=utf8
[ sql ] [ SQL ] SHOW COLUMNS FROM `think_config` [ RunTime:0.000660s ]
[ sql ] [ SQL ] SELECT * FROM `think_config` [ RunTime:0.000136s ]
[ sql ] [ SQL ] SHOW COLUMNS FROM `think_customer` [ RunTime:0.000490s ]
[ sql ] [ SQL ] SELECT * FROM `think_customer` WHERE  `is_on` = 1 [ RunTime:0.000152s ]
[ sql ] [ SQL ] SHOW COLUMNS FROM `think_index_img` [ RunTime:0.000444s ]
[ sql ] [ SQL ] SELECT * FROM `think_index_img` WHERE  `is_on` = 1 [ RunTime:0.000121s ]
[ sql ] [ SQL ] SHOW COLUMNS FROM `think_news` [ RunTime:0.000451s ]
[ sql ] [ SQL ] SELECT * FROM `think_news` WHERE  `status` = 1 ORDER BY id desc LIMIT 2 [ RunTime:0.000166s ]
[ sql ] [ SQL ] SHOW COLUMNS FROM `think_cust_img` [ RunTime:0.000420s ]
[ sql ] [ SQL ] SELECT * FROM `think_cust_img` WHERE  `is_on` = 1 ORDER BY id desc [ RunTime:0.000128s ]
[ sql ] [ SQL ] SHOW COLUMNS FROM `think_solutions_cate` [ RunTime:0.000453s ]
[ sql ] [ SQL ] SELECT * FROM `think_solutions_cate` WHERE  `is_on` = 1 ORDER BY id desc [ RunTime:0.000129s ]
---------------------------------------------------------------
[ 2018-01-07T06:32:09+08:00 ] 172.26.33.75 220.181.108.101 GET /uploads/images/20170911/ce939fa19be70b2c84386d4efc3d8db9.png
[ info ] www.mo1120.com/uploads/images/20170911/ce939fa19be70b2c84386d4efc3d8db9.png [运行时间：0.010286s][吞吐率：97.22req/s] [内存消耗：969.67kb] [文件加载：28]
[ info ] [ LANG ] /www/wwwroot/ent.mo1120.com/thinkphp/lang/zh-cn.php
[ info ] [ ROUTE ] array (
  'type' => 'module',
  'module' => 
  array (
    0 => '404',
    1 => NULL,
    2 => NULL,
  ),
)
[ info ] [ HEADER ] array (
  'referer' => 'http://image.baidu.com/i?ct=503316480&z=0&tn=baiduimagedetail',
  'accept' => '*/*',
  'accept-encoding' => 'gzip',
  'user-agent' => 'Baiduspider-image+(+http://www.baidu.com/search/spider.htm)',
  'connection' => 'close',
  'host' => 'www.mo1120.com',
  'content-type' => '',
  'content-length' => '',
)
[ info ] [ PARAM ] array (
)
[ info ] [ LOG ] INIT File
---------------------------------------------------------------
[ 2018-01-07T08:44:39+08:00 ] 172.26.33.75 220.181.108.167 GET /
[ info ] www.mo1120.com/ [运行时间：0.026752s][吞吐率：37.38req/s] [内存消耗：2,259.11kb] [文件加载：47]
[ info ] [ LANG ] /www/wwwroot/ent.mo1120.com/thinkphp/lang/zh-cn.php
[ info ] [ ROUTE ] array (
  'type' => 'module',
  'module' => 
  array (
    0 => '',
    1 => NULL,
    2 => NULL,
  ),
)
[ info ] [ HEADER ] array (
  'accept' => '*/*',
  'accept-encoding' => 'gzip',
  'if-none-match' => '"@NULL@"',
  'accept-language' => 'zh-cn,zh-tw',
  'user-agent' => 'Mozilla/5.0 (compatible; Baiduspider/2.0; +http://www.baidu.com/search/spider.html)',
  'connection' => 'close',
  'host' => 'www.mo1120.com',
  'content-type' => '',
  'content-length' => '',
)
[ info ] [ PARAM ] array (
)
[ info ] [ DB ] INIT mysql
[ info ] [ RUN ] app\index\controller\Index->index[ /www/wwwroot/ent.mo1120.com/application/index/controller/Index.php ]
[ info ] [ VIEW ] /www/wwwroot/ent.mo1120.com/public/../application/index/view/index/index.html [ array (
  0 => 'config',
  1 => 'a',
  2 => 'solu_cate ',
  3 => 'cust_img',
  4 => 'news',
  5 => 'img',
  6 => 'customer',
  7 => 'menu',
) ]
[ info ] [ LOG ] INIT File
[ sql ] [ DB ] CONNECT:[ UseTime:0.000306s ] mysql:dbname=tp5;host=127.0.0.1;port=3306;charset=utf8
[ sql ] [ SQL ] SHOW COLUMNS FROM `think_config` [ RunTime:0.000652s ]
[ sql ] [ SQL ] SELECT * FROM `think_config` [ RunTime:0.000137s ]
[ sql ] [ SQL ] SHOW COLUMNS FROM `think_customer` [ RunTime:0.000490s ]
[ sql ] [ SQL ] SELECT * FROM `think_customer` WHERE  `is_on` = 1 [ RunTime:0.000153s ]
[ sql ] [ SQL ] SHOW COLUMNS FROM `think_index_img` [ RunTime:0.000430s ]
[ sql ] [ SQL ] SELECT * FROM `think_index_img` WHERE  `is_on` = 1 [ RunTime:0.000125s ]
[ sql ] [ SQL ] SHOW COLUMNS FROM `think_news` [ RunTime:0.000454s ]
[ sql ] [ SQL ] SELECT * FROM `think_news` WHERE  `status` = 1 ORDER BY id desc LIMIT 2 [ RunTime:0.000140s ]
[ sql ] [ SQL ] SHOW COLUMNS FROM `think_cust_img` [ RunTime:0.000427s ]
[ sql ] [ SQL ] SELECT * FROM `think_cust_img` WHERE  `is_on` = 1 ORDER BY id desc [ RunTime:0.000132s ]
[ sql ] [ SQL ] SHOW COLUMNS FROM `think_solutions_cate` [ RunTime:0.000437s ]
[ sql ] [ SQL ] SELECT * FROM `think_solutions_cate` WHERE  `is_on` = 1 ORDER BY id desc [ RunTime:0.000131s ]
---------------------------------------------------------------
[ 2018-01-07T11:09:22+08:00 ] 172.26.33.75 123.125.67.146 GET /
[ info ] www.mo1120.com/ [运行时间：0.026574s][吞吐率：37.63req/s] [内存消耗：2,258.24kb] [文件加载：47]
[ info ] [ LANG ] /www/wwwroot/ent.mo1120.com/thinkphp/lang/zh-cn.php
[ info ] [ ROUTE ] array (
  'type' => 'module',
  'module' => 
  array (
    0 => '',
    1 => NULL,
    2 => NULL,
  ),
)
[ info ] [ HEADER ] array (
  'accept' => '*/*',
  'accept-language' => 'zh-cn,zh-tw',
  'user-agent' => 'Mozilla/5.0 (Windows NT 10.0; WOW64) AppleWebKit/537.36 (KHTML, like Gecko) Chrome/45.0.2454.93 Safari/537.36',
  'host' => 'www.mo1120.com',
  'content-type' => '',
  'content-length' => '',
)
[ info ] [ PARAM ] array (
)
[ info ] [ DB ] INIT mysql
[ info ] [ RUN ] app\index\controller\Index->index[ /www/wwwroot/ent.mo1120.com/application/index/controller/Index.php ]
[ info ] [ VIEW ] /www/wwwroot/ent.mo1120.com/public/../application/index/view/index/index.html [ array (
  0 => 'config',
  1 => 'a',
  2 => 'solu_cate ',
  3 => 'cust_img',
  4 => 'news',
  5 => 'img',
  6 => 'customer',
  7 => 'menu',
) ]
[ info ] [ LOG ] INIT File
[ sql ] [ DB ] CONNECT:[ UseTime:0.000285s ] mysql:dbname=tp5;host=127.0.0.1;port=3306;charset=utf8
[ sql ] [ SQL ] SHOW COLUMNS FROM `think_config` [ RunTime:0.000651s ]
[ sql ] [ SQL ] SELECT * FROM `think_config` [ RunTime:0.000138s ]
[ sql ] [ SQL ] SHOW COLUMNS FROM `think_customer` [ RunTime:0.000508s ]
[ sql ] [ SQL ] SELECT * FROM `think_customer` WHERE  `is_on` = 1 [ RunTime:0.000155s ]
[ sql ] [ SQL ] SHOW COLUMNS FROM `think_index_img` [ RunTime:0.000464s ]
[ sql ] [ SQL ] SELECT * FROM `think_index_img` WHERE  `is_on` = 1 [ RunTime:0.000122s ]
[ sql ] [ SQL ] SHOW COLUMNS FROM `think_news` [ RunTime:0.000489s ]
[ sql ] [ SQL ] SELECT * FROM `think_news` WHERE  `status` = 1 ORDER BY id desc LIMIT 2 [ RunTime:0.000139s ]
[ sql ] [ SQL ] SHOW COLUMNS FROM `think_cust_img` [ RunTime:0.000436s ]
[ sql ] [ SQL ] SELECT * FROM `think_cust_img` WHERE  `is_on` = 1 ORDER BY id desc [ RunTime:0.000132s ]
[ sql ] [ SQL ] SHOW COLUMNS FROM `think_solutions_cate` [ RunTime:0.000456s ]
[ sql ] [ SQL ] SELECT * FROM `think_solutions_cate` WHERE  `is_on` = 1 ORDER BY id desc [ RunTime:0.000142s ]
---------------------------------------------------------------
[ 2018-01-07T14:53:17+08:00 ] 172.26.33.75 13.56.229.65 GET /
[ info ] www.mo1120.com/ [运行时间：0.027458s][吞吐率：36.42req/s] [内存消耗：2,258.05kb] [文件加载：47]
[ info ] [ LANG ] /www/wwwroot/ent.mo1120.com/thinkphp/lang/zh-cn.php
[ info ] [ ROUTE ] array (
  'type' => 'module',
  'module' => 
  array (
    0 => '',
    1 => NULL,
    2 => NULL,
  ),
)
[ info ] [ HEADER ] array (
  'accept-encoding' => 'gzip',
  'user-agent' => 'Mozilla/5.0 (Macintosh; Intel Mac OS X 10_12_6) AppleWebKit/537.36 (KHTML, like Gecko) Chrome/61.0.3163.100 Safari/537.36',
  'host' => 'www.mo1120.com',
  'content-type' => '',
  'content-length' => '',
)
[ info ] [ PARAM ] array (
)
[ info ] [ DB ] INIT mysql
[ info ] [ RUN ] app\index\controller\Index->index[ /www/wwwroot/ent.mo1120.com/application/index/controller/Index.php ]
[ info ] [ VIEW ] /www/wwwroot/ent.mo1120.com/public/../application/index/view/index/index.html [ array (
  0 => 'config',
  1 => 'a',
  2 => 'solu_cate ',
  3 => 'cust_img',
  4 => 'news',
  5 => 'img',
  6 => 'customer',
  7 => 'menu',
) ]
[ info ] [ LOG ] INIT File
[ sql ] [ DB ] CONNECT:[ UseTime:0.000292s ] mysql:dbname=tp5;host=127.0.0.1;port=3306;charset=utf8
[ sql ] [ SQL ] SHOW COLUMNS FROM `think_config` [ RunTime:0.000651s ]
[ sql ] [ SQL ] SELECT * FROM `think_config` [ RunTime:0.000145s ]
[ sql ] [ SQL ] SHOW COLUMNS FROM `think_customer` [ RunTime:0.000516s ]
[ sql ] [ SQL ] SELECT * FROM `think_customer` WHERE  `is_on` = 1 [ RunTime:0.000158s ]
[ sql ] [ SQL ] SHOW COLUMNS FROM `think_index_img` [ RunTime:0.000467s ]
[ sql ] [ SQL ] SELECT * FROM `think_index_img` WHERE  `is_on` = 1 [ RunTime:0.000153s ]
[ sql ] [ SQL ] SHOW COLUMNS FROM `think_news` [ RunTime:0.000491s ]
[ sql ] [ SQL ] SELECT * FROM `think_news` WHERE  `status` = 1 ORDER BY id desc LIMIT 2 [ RunTime:0.000139s ]
[ sql ] [ SQL ] SHOW COLUMNS FROM `think_cust_img` [ RunTime:0.000466s ]
[ sql ] [ SQL ] SELECT * FROM `think_cust_img` WHERE  `is_on` = 1 ORDER BY id desc [ RunTime:0.000132s ]
[ sql ] [ SQL ] SHOW COLUMNS FROM `think_solutions_cate` [ RunTime:0.000469s ]
[ sql ] [ SQL ] SELECT * FROM `think_solutions_cate` WHERE  `is_on` = 1 ORDER BY id desc [ RunTime:0.000165s ]
---------------------------------------------------------------
[ 2018-01-07T15:38:23+08:00 ] 172.26.33.75 218.75.24.179 GET /
[ info ] www.mo1120.com/ [运行时间：0.026648s][吞吐率：37.53req/s] [内存消耗：2,258.42kb] [文件加载：47]
[ info ] [ LANG ] /www/wwwroot/ent.mo1120.com/thinkphp/lang/zh-cn.php
[ info ] [ ROUTE ] array (
  'type' => 'module',
  'module' => 
  array (
    0 => '',
    1 => NULL,
    2 => NULL,
  ),
)
[ info ] [ HEADER ] array (
  'connection' => 'Keep-Alive',
  'host' => 'www.mo1120.com',
  'user-agent' => 'Mozilla/5.0 (compatible; MSIE 9.0; Windows NT 6.1; Trident/5.0)',
  'content-type' => 'text/html',
  'accept' => 'text/html, application/xhtml+xml, */*',
  'content-length' => '',
)
[ info ] [ PARAM ] array (
)
[ info ] [ DB ] INIT mysql
[ info ] [ RUN ] app\index\controller\Index->index[ /www/wwwroot/ent.mo1120.com/application/index/controller/Index.php ]
[ info ] [ VIEW ] /www/wwwroot/ent.mo1120.com/public/../application/index/view/index/index.html [ array (
  0 => 'config',
  1 => 'a',
  2 => 'solu_cate ',
  3 => 'cust_img',
  4 => 'news',
  5 => 'img',
  6 => 'customer',
  7 => 'menu',
) ]
[ info ] [ LOG ] INIT File
[ sql ] [ DB ] CONNECT:[ UseTime:0.000283s ] mysql:dbname=tp5;host=127.0.0.1;port=3306;charset=utf8
[ sql ] [ SQL ] SHOW COLUMNS FROM `think_config` [ RunTime:0.000650s ]
[ sql ] [ SQL ] SELECT * FROM `think_config` [ RunTime:0.000135s ]
[ sql ] [ SQL ] SHOW COLUMNS FROM `think_customer` [ RunTime:0.000493s ]
[ sql ] [ SQL ] SELECT * FROM `think_customer` WHERE  `is_on` = 1 [ RunTime:0.000154s ]
[ sql ] [ SQL ] SHOW COLUMNS FROM `think_index_img` [ RunTime:0.000446s ]
[ sql ] [ SQL ] SELECT * FROM `think_index_img` WHERE  `is_on` = 1 [ RunTime:0.000124s ]
[ sql ] [ SQL ] SHOW COLUMNS FROM `think_news` [ RunTime:0.000452s ]
[ sql ] [ SQL ] SELECT * FROM `think_news` WHERE  `status` = 1 ORDER BY id desc LIMIT 2 [ RunTime:0.000165s ]
[ sql ] [ SQL ] SHOW COLUMNS FROM `think_cust_img` [ RunTime:0.000423s ]
[ sql ] [ SQL ] SELECT * FROM `think_cust_img` WHERE  `is_on` = 1 ORDER BY id desc [ RunTime:0.000130s ]
[ sql ] [ SQL ] SHOW COLUMNS FROM `think_solutions_cate` [ RunTime:0.000460s ]
[ sql ] [ SQL ] SELECT * FROM `think_solutions_cate` WHERE  `is_on` = 1 ORDER BY id desc [ RunTime:0.000130s ]
---------------------------------------------------------------
[ 2018-01-07T16:40:09+08:00 ] 172.26.33.75 123.125.71.116 GET /
[ info ] www.mo1120.com/ [运行时间：0.034179s][吞吐率：29.26req/s] [内存消耗：2,259.11kb] [文件加载：47]
[ info ] [ LANG ] /www/wwwroot/ent.mo1120.com/thinkphp/lang/zh-cn.php
[ info ] [ ROUTE ] array (
  'type' => 'module',
  'module' => 
  array (
    0 => '',
    1 => NULL,
    2 => NULL,
  ),
)
[ info ] [ HEADER ] array (
  'accept' => '*/*',
  'accept-encoding' => 'gzip',
  'if-none-match' => '"@NULL@"',
  'accept-language' => 'zh-cn,zh-tw',
  'user-agent' => 'Mozilla/5.0 (compatible; Baiduspider/2.0; +http://www.baidu.com/search/spider.html)',
  'connection' => 'close',
  'host' => 'www.mo1120.com',
  'content-type' => '',
  'content-length' => '',
)
[ info ] [ PARAM ] array (
)
[ info ] [ DB ] INIT mysql
[ info ] [ RUN ] app\index\controller\Index->index[ /www/wwwroot/ent.mo1120.com/application/index/controller/Index.php ]
[ info ] [ VIEW ] /www/wwwroot/ent.mo1120.com/public/../application/index/view/index/index.html [ array (
  0 => 'config',
  1 => 'a',
  2 => 'solu_cate ',
  3 => 'cust_img',
  4 => 'news',
  5 => 'img',
  6 => 'customer',
  7 => 'menu',
) ]
[ info ] [ LOG ] INIT File
[ sql ] [ DB ] CONNECT:[ UseTime:0.000435s ] mysql:dbname=tp5;host=127.0.0.1;port=3306;charset=utf8
[ sql ] [ SQL ] SHOW COLUMNS FROM `think_config` [ RunTime:0.000926s ]
[ sql ] [ SQL ] SELECT * FROM `think_config` [ RunTime:0.000249s ]
[ sql ] [ SQL ] SHOW COLUMNS FROM `think_customer` [ RunTime:0.000707s ]
[ sql ] [ SQL ] SELECT * FROM `think_customer` WHERE  `is_on` = 1 [ RunTime:0.000232s ]
[ sql ] [ SQL ] SHOW COLUMNS FROM `think_index_img` [ RunTime:0.000656s ]
[ sql ] [ SQL ] SELECT * FROM `think_index_img` WHERE  `is_on` = 1 [ RunTime:0.000190s ]
[ sql ] [ SQL ] SHOW COLUMNS FROM `think_news` [ RunTime:0.000720s ]
[ sql ] [ SQL ] SELECT * FROM `think_news` WHERE  `status` = 1 ORDER BY id desc LIMIT 2 [ RunTime:0.000198s ]
[ sql ] [ SQL ] SHOW COLUMNS FROM `think_cust_img` [ RunTime:0.000637s ]
[ sql ] [ SQL ] SELECT * FROM `think_cust_img` WHERE  `is_on` = 1 ORDER BY id desc [ RunTime:0.000245s ]
[ sql ] [ SQL ] SHOW COLUMNS FROM `think_solutions_cate` [ RunTime:0.000644s ]
[ sql ] [ SQL ] SELECT * FROM `think_solutions_cate` WHERE  `is_on` = 1 ORDER BY id desc [ RunTime:0.000215s ]
---------------------------------------------------------------
[ 2018-01-07T18:36:23+08:00 ] 172.26.33.75 106.15.14.129 GET /
[ info ] www.mo1120.com/ [运行时间：0.026803s][吞吐率：37.31req/s] [内存消耗：2,258.69kb] [文件加载：47]
[ info ] [ LANG ] /www/wwwroot/ent.mo1120.com/thinkphp/lang/zh-cn.php
[ info ] [ ROUTE ] array (
  'type' => 'module',
  'module' => 
  array (
    0 => '',
    1 => NULL,
    2 => NULL,
  ),
)
[ info ] [ HEADER ] array (
  'connection' => 'keep-alive',
  'accept' => 'text/html, image/gif, image/jpeg, *; q=.2, */*; q=.2',
  'host' => 'www.mo1120.com',
  'pragma' => 'no-cache',
  'cache-control' => 'no-cache',
  'user-agent' => 'Mozilla/5.0 (X11; Ubuntu; Linux x86_64; rv:36.0) Gecko/20100101 Firefox/36.0',
  'content-type' => '',
  'content-length' => '',
)
[ info ] [ PARAM ] array (
)
[ info ] [ DB ] INIT mysql
[ info ] [ RUN ] app\index\controller\Index->index[ /www/wwwroot/ent.mo1120.com/application/index/controller/Index.php ]
[ info ] [ VIEW ] /www/wwwroot/ent.mo1120.com/public/../application/index/view/index/index.html [ array (
  0 => 'config',
  1 => 'a',
  2 => 'solu_cate ',
  3 => 'cust_img',
  4 => 'news',
  5 => 'img',
  6 => 'customer',
  7 => 'menu',
) ]
[ info ] [ LOG ] INIT File
[ sql ] [ DB ] CONNECT:[ UseTime:0.000337s ] mysql:dbname=tp5;host=127.0.0.1;port=3306;charset=utf8
[ sql ] [ SQL ] SHOW COLUMNS FROM `think_config` [ RunTime:0.000645s ]
[ sql ] [ SQL ] SELECT * FROM `think_config` [ RunTime:0.000171s ]
[ sql ] [ SQL ] SHOW COLUMNS FROM `think_customer` [ RunTime:0.000474s ]
[ sql ] [ SQL ] SELECT * FROM `think_customer` WHERE  `is_on` = 1 [ RunTime:0.000175s ]
[ sql ] [ SQL ] SHOW COLUMNS FROM `think_index_img` [ RunTime:0.000485s ]
[ sql ] [ SQL ] SELECT * FROM `think_index_img` WHERE  `is_on` = 1 [ RunTime:0.000149s ]
[ sql ] [ SQL ] SHOW COLUMNS FROM `think_news` [ RunTime:0.000465s ]
[ sql ] [ SQL ] SELECT * FROM `think_news` WHERE  `status` = 1 ORDER BY id desc LIMIT 2 [ RunTime:0.000146s ]
[ sql ] [ SQL ] SHOW COLUMNS FROM `think_cust_img` [ RunTime:0.000457s ]
[ sql ] [ SQL ] SELECT * FROM `think_cust_img` WHERE  `is_on` = 1 ORDER BY id desc [ RunTime:0.000136s ]
[ sql ] [ SQL ] SHOW COLUMNS FROM `think_solutions_cate` [ RunTime:0.000469s ]
[ sql ] [ SQL ] SELECT * FROM `think_solutions_cate` WHERE  `is_on` = 1 ORDER BY id desc [ RunTime:0.000138s ]
