---------------------------------------------------------------
[ 2017-09-06T09:34:18+08:00 ] 127.0.0.1 127.0.0.1 GET /index/product/index.html
[ info ] www.entss.com/index/product/index.html [运行时间：0.026443s][吞吐率：37.82req/s] [内存消耗：1,328.47kb] [文件加载：33]
[ info ] [ LANG ] D:\phpStudy\WWW\entss\thinkphp\lang\zh-cn.php
[ info ] [ ROUTE ] array (
  'type' => 'module',
  'module' => 
  array (
    0 => 'index',
    1 => 'product',
    2 => 'index',
  ),
)
[ info ] [ HEADER ] array (
  'host' => 'www.entss.com',
  'user-agent' => 'Mozilla/5.0 (Windows NT 10.0; Win64; x64; rv:55.0) Gecko/20100101 Firefox/55.0',
  'accept' => 'text/html,application/xhtml+xml,application/xml;q=0.9,*/*;q=0.8',
  'accept-language' => 'zh-CN,zh;q=0.8,en-US;q=0.5,en;q=0.3',
  'accept-encoding' => 'gzip, deflate',
  'referer' => 'http://www.entss.com/index/solutions/index.html',
  'cookie' => '__utma=264378203.190932952.1504229567.1504229567.1504229567.1; __utmz=264378203.1504229567.1.1.utmcsr=(direct)|utmccn=(direct)|utmcmd=(none); pgv_pvi=6495702016; PHPSESSID=falmjodn631st1h3krnp0g5u34',
  'connection' => 'keep-alive',
  'upgrade-insecure-requests' => '1',
)
[ info ] [ PARAM ] array (
  '/index/product/index_html' => '',
)
[ info ] [ RUN ] app\index\controller\Product->index[ D:\phpStudy\WWW\entss\application\index\controller\Product.php ]
[ info ] [ VIEW ] D:\phpStudy\WWW\entss\public/../application/index\view\product\index.html [ array (
  0 => 'menu',
) ]
[ info ] [ LOG ] INIT File
---------------------------------------------------------------
[ 2017-09-06T09:34:27+08:00 ] 127.0.0.1 127.0.0.1 GET /index/customer/index.html
[ info ] www.entss.com/index/customer/index.html [运行时间：0.027116s][吞吐率：36.88req/s] [内存消耗：1,328.52kb] [文件加载：33]
[ info ] [ LANG ] D:\phpStudy\WWW\entss\thinkphp\lang\zh-cn.php
[ info ] [ ROUTE ] array (
  'type' => 'module',
  'module' => 
  array (
    0 => 'index',
    1 => 'customer',
    2 => 'index',
  ),
)
[ info ] [ HEADER ] array (
  'host' => 'www.entss.com',
  'user-agent' => 'Mozilla/5.0 (Windows NT 10.0; Win64; x64; rv:55.0) Gecko/20100101 Firefox/55.0',
  'accept' => 'text/html,application/xhtml+xml,application/xml;q=0.9,*/*;q=0.8',
  'accept-language' => 'zh-CN,zh;q=0.8,en-US;q=0.5,en;q=0.3',
  'accept-encoding' => 'gzip, deflate',
  'referer' => 'http://www.entss.com/index/product/index.html',
  'cookie' => '__utma=264378203.190932952.1504229567.1504229567.1504229567.1; __utmz=264378203.1504229567.1.1.utmcsr=(direct)|utmccn=(direct)|utmcmd=(none); pgv_pvi=6495702016; PHPSESSID=falmjodn631st1h3krnp0g5u34',
  'connection' => 'keep-alive',
  'upgrade-insecure-requests' => '1',
)
[ info ] [ PARAM ] array (
  '/index/customer/index_html' => '',
)
[ info ] [ RUN ] app\index\controller\Customer->index[ D:\phpStudy\WWW\entss\application\index\controller\Customer.php ]
[ info ] [ VIEW ] D:\phpStudy\WWW\entss\public/../application/index\view\customer\index.html [ array (
  0 => 'menu',
) ]
[ info ] [ LOG ] INIT File
---------------------------------------------------------------
[ 2017-09-06T09:34:39+08:00 ] 127.0.0.1 127.0.0.1 GET /index/server/index.html
[ info ] www.entss.com/index/server/index.html [运行时间：0.027572s][吞吐率：36.27req/s] [内存消耗：1,327.51kb] [文件加载：33]
[ info ] [ LANG ] D:\phpStudy\WWW\entss\thinkphp\lang\zh-cn.php
[ info ] [ ROUTE ] array (
  'type' => 'module',
  'module' => 
  array (
    0 => 'index',
    1 => 'server',
    2 => 'index',
  ),
)
[ info ] [ HEADER ] array (
  'host' => 'www.entss.com',
  'user-agent' => 'Mozilla/5.0 (Windows NT 10.0; Win64; x64; rv:55.0) Gecko/20100101 Firefox/55.0',
  'accept' => 'text/html,application/xhtml+xml,application/xml;q=0.9,*/*;q=0.8',
  'accept-language' => 'zh-CN,zh;q=0.8,en-US;q=0.5,en;q=0.3',
  'accept-encoding' => 'gzip, deflate',
  'referer' => 'http://www.entss.com/index/customer/index.html',
  'cookie' => '__utma=264378203.190932952.1504229567.1504229567.1504229567.1; __utmz=264378203.1504229567.1.1.utmcsr=(direct)|utmccn=(direct)|utmcmd=(none); pgv_pvi=6495702016; PHPSESSID=falmjodn631st1h3krnp0g5u34',
  'connection' => 'keep-alive',
  'upgrade-insecure-requests' => '1',
)
[ info ] [ PARAM ] array (
  '/index/server/index_html' => '',
)
[ info ] [ RUN ] app\index\controller\Server->index[ D:\phpStudy\WWW\entss\application\index\controller\Server.php ]
[ info ] [ VIEW ] D:\phpStudy\WWW\entss\public/../application/index\view\server\index.html [ array (
  0 => 'menu',
) ]
[ info ] [ LOG ] INIT File
---------------------------------------------------------------
[ 2017-09-06T09:34:44+08:00 ] 127.0.0.1 127.0.0.1 GET /index/news/index.html
[ info ] www.entss.com/index/news/index.html [运行时间：0.033061s][吞吐率：30.25req/s] [内存消耗：1,487.20kb] [文件加载：35]
[ info ] [ LANG ] D:\phpStudy\WWW\entss\thinkphp\lang\zh-cn.php
[ info ] [ ROUTE ] array (
  'type' => 'module',
  'module' => 
  array (
    0 => 'index',
    1 => 'news',
    2 => 'index',
  ),
)
[ info ] [ HEADER ] array (
  'host' => 'www.entss.com',
  'user-agent' => 'Mozilla/5.0 (Windows NT 10.0; Win64; x64; rv:55.0) Gecko/20100101 Firefox/55.0',
  'accept' => 'text/html,application/xhtml+xml,application/xml;q=0.9,*/*;q=0.8',
  'accept-language' => 'zh-CN,zh;q=0.8,en-US;q=0.5,en;q=0.3',
  'accept-encoding' => 'gzip, deflate',
  'referer' => 'http://www.entss.com/index/server/index.html',
  'cookie' => '__utma=264378203.190932952.1504229567.1504229567.1504229567.1; __utmz=264378203.1504229567.1.1.utmcsr=(direct)|utmccn=(direct)|utmcmd=(none); pgv_pvi=6495702016; PHPSESSID=falmjodn631st1h3krnp0g5u34',
  'connection' => 'keep-alive',
  'upgrade-insecure-requests' => '1',
)
[ info ] [ PARAM ] array (
  '/index/news/index_html' => '',
)
[ info ] [ RUN ] app\index\controller\News->index[ D:\phpStudy\WWW\entss\application\index\controller\News.php ]
[ info ] [ VIEW ] D:\phpStudy\WWW\entss\public/../application/index\view\news\index.html [ array (
  0 => 'menu',
) ]
[ info ] [ LOG ] INIT File
---------------------------------------------------------------
[ 2017-09-06T09:34:54+08:00 ] 127.0.0.1 127.0.0.1 GET /index/about/index.html
[ info ] www.entss.com/index/about/index.html [运行时间：0.025367s][吞吐率：39.42req/s] [内存消耗：1,327.54kb] [文件加载：33]
[ info ] [ LANG ] D:\phpStudy\WWW\entss\thinkphp\lang\zh-cn.php
[ info ] [ ROUTE ] array (
  'type' => 'module',
  'module' => 
  array (
    0 => 'index',
    1 => 'about',
    2 => 'index',
  ),
)
[ info ] [ HEADER ] array (
  'host' => 'www.entss.com',
  'user-agent' => 'Mozilla/5.0 (Windows NT 10.0; Win64; x64; rv:55.0) Gecko/20100101 Firefox/55.0',
  'accept' => 'text/html,application/xhtml+xml,application/xml;q=0.9,*/*;q=0.8',
  'accept-language' => 'zh-CN,zh;q=0.8,en-US;q=0.5,en;q=0.3',
  'accept-encoding' => 'gzip, deflate',
  'referer' => 'http://www.entss.com/index/news/index.html',
  'cookie' => '__utma=264378203.190932952.1504229567.1504229567.1504229567.1; __utmz=264378203.1504229567.1.1.utmcsr=(direct)|utmccn=(direct)|utmcmd=(none); pgv_pvi=6495702016; PHPSESSID=falmjodn631st1h3krnp0g5u34',
  'connection' => 'keep-alive',
  'upgrade-insecure-requests' => '1',
)
[ info ] [ PARAM ] array (
  '/index/about/index_html' => '',
)
[ info ] [ RUN ] app\index\controller\About->index[ D:\phpStudy\WWW\entss\application\index\controller\About.php ]
[ info ] [ VIEW ] D:\phpStudy\WWW\entss\public/../application/index\view\about\index.html [ array (
  0 => 'menu',
) ]
[ info ] [ LOG ] INIT File
---------------------------------------------------------------
[ 2017-09-06T09:35:00+08:00 ] 127.0.0.1 127.0.0.1 GET /index/recruit/index.html
[ info ] www.entss.com/index/recruit/index.html [运行时间：0.026485s][吞吐率：37.76req/s] [内存消耗：1,327.56kb] [文件加载：33]
[ info ] [ LANG ] D:\phpStudy\WWW\entss\thinkphp\lang\zh-cn.php
[ info ] [ ROUTE ] array (
  'type' => 'module',
  'module' => 
  array (
    0 => 'index',
    1 => 'recruit',
    2 => 'index',
  ),
)
[ info ] [ HEADER ] array (
  'host' => 'www.entss.com',
  'user-agent' => 'Mozilla/5.0 (Windows NT 10.0; Win64; x64; rv:55.0) Gecko/20100101 Firefox/55.0',
  'accept' => 'text/html,application/xhtml+xml,application/xml;q=0.9,*/*;q=0.8',
  'accept-language' => 'zh-CN,zh;q=0.8,en-US;q=0.5,en;q=0.3',
  'accept-encoding' => 'gzip, deflate',
  'referer' => 'http://www.entss.com/index/about/index.html',
  'cookie' => '__utma=264378203.190932952.1504229567.1504229567.1504229567.1; __utmz=264378203.1504229567.1.1.utmcsr=(direct)|utmccn=(direct)|utmcmd=(none); pgv_pvi=6495702016; PHPSESSID=falmjodn631st1h3krnp0g5u34',
  'connection' => 'keep-alive',
  'upgrade-insecure-requests' => '1',
)
[ info ] [ PARAM ] array (
  '/index/recruit/index_html' => '',
)
[ info ] [ RUN ] app\index\controller\Recruit->index[ D:\phpStudy\WWW\entss\application\index\controller\Recruit.php ]
[ info ] [ VIEW ] D:\phpStudy\WWW\entss\public/../application/index\view\recruit\index.html [ array (
  0 => 'menu',
) ]
[ info ] [ LOG ] INIT File
---------------------------------------------------------------
[ 2017-09-06T09:48:15+08:00 ] 127.0.0.1 127.0.0.1 GET /index/solutions/index.html
[ info ] www.entss.com/index/solutions/index.html [运行时间：0.031437s][吞吐率：31.81req/s] [内存消耗：1,328.67kb] [文件加载：33]
[ info ] [ LANG ] D:\phpStudy\WWW\entss\thinkphp\lang\zh-cn.php
[ info ] [ ROUTE ] array (
  'type' => 'module',
  'module' => 
  array (
    0 => 'index',
    1 => 'solutions',
    2 => 'index',
  ),
)
[ info ] [ HEADER ] array (
  'host' => 'www.entss.com',
  'user-agent' => 'Mozilla/5.0 (Windows NT 10.0; Win64; x64; rv:55.0) Gecko/20100101 Firefox/55.0',
  'accept' => 'text/html,application/xhtml+xml,application/xml;q=0.9,*/*;q=0.8',
  'accept-language' => 'zh-CN,zh;q=0.8,en-US;q=0.5,en;q=0.3',
  'accept-encoding' => 'gzip, deflate',
  'referer' => 'http://www.entss.com/index/recruit/index.html',
  'cookie' => '__utma=264378203.190932952.1504229567.1504229567.1504229567.1; __utmz=264378203.1504229567.1.1.utmcsr=(direct)|utmccn=(direct)|utmcmd=(none); pgv_pvi=6495702016; PHPSESSID=falmjodn631st1h3krnp0g5u34',
  'connection' => 'keep-alive',
  'upgrade-insecure-requests' => '1',
)
[ info ] [ PARAM ] array (
  '/index/solutions/index_html' => '',
)
[ info ] [ RUN ] app\index\controller\Solutions->index[ D:\phpStudy\WWW\entss\application\index\controller\Solutions.php ]
[ info ] [ VIEW ] D:\phpStudy\WWW\entss\public/../application/index\view\solutions\solutions.html [ array (
  0 => 'menu',
) ]
[ info ] [ LOG ] INIT File
---------------------------------------------------------------
[ 2017-09-06T09:48:38+08:00 ] 127.0.0.1 127.0.0.1 GET /admin/article/index_cate.html
[ info ] www.entss.com/admin/article/index_cate.html [运行时间：0.083783s][吞吐率：11.94req/s] [内存消耗：2,635.53kb] [文件加载：49]
[ info ] [ LANG ] D:\phpStudy\WWW\entss\thinkphp\lang\zh-cn.php
[ info ] [ ROUTE ] array (
  'type' => 'module',
  'module' => 
  array (
    0 => 'admin',
    1 => 'article',
    2 => 'index_cate',
  ),
)
[ info ] [ HEADER ] array (
  'host' => 'www.entss.com',
  'user-agent' => 'Mozilla/5.0 (Windows NT 10.0; Win64; x64; rv:55.0) Gecko/20100101 Firefox/55.0',
  'accept' => 'text/html,application/xhtml+xml,application/xml;q=0.9,*/*;q=0.8',
  'accept-language' => 'zh-CN,zh;q=0.8,en-US;q=0.5,en;q=0.3',
  'accept-encoding' => 'gzip, deflate',
  'referer' => 'http://www.entss.com/admin/index/index.html',
  'cookie' => '__utma=264378203.190932952.1504229567.1504229567.1504229567.1; __utmz=264378203.1504229567.1.1.utmcsr=(direct)|utmccn=(direct)|utmcmd=(none); pgv_pvi=6495702016; PHPSESSID=falmjodn631st1h3krnp0g5u34',
  'connection' => 'keep-alive',
  'upgrade-insecure-requests' => '1',
)
[ info ] [ PARAM ] array (
  '/admin/article/index_cate_html' => '',
)
[ info ] [ SESSION ] INIT array (
  'id' => '',
  'var_session_id' => '',
  'prefix' => 'think',
  'type' => '',
  'auto_start' => true,
)
[ info ] [ DB ] INIT mysql
[ info ] [ CACHE ] INIT file
[ info ] [ RUN ] app\admin\controller\Article->index_cate[ D:\phpStudy\WWW\entss\application\admin\controller\Article.php ]
[ info ] [ VIEW ] D:\phpStudy\WWW\entss\public/../application/admin\view\article\index_cate.html [ array (
  0 => 'username',
  1 => 'portrait',
  2 => 'rolename',
  3 => 'menu',
  4 => 'list',
) ]
[ info ] [ LOG ] INIT File
[ sql ] [ DB ] CONNECT:[ UseTime:0.002522s ] mysql:dbname=tp5;host=127.0.0.1;port=3306;charset=utf8
[ sql ] [ SQL ] SHOW COLUMNS FROM `think_auth_rule` [ RunTime:0.011337s ]
[ sql ] [ SQL ] SELECT * FROM `think_auth_rule` WHERE  (  status = 1 ) ORDER BY `sort` [ RunTime:0.001070s ]
[ sql ] [ SQL ] SHOW COLUMNS FROM `think_article_cate` [ RunTime:0.008150s ]
[ sql ] [ SQL ] SELECT * FROM `think_article_cate` ORDER BY id asc [ RunTime:0.000523s ]
---------------------------------------------------------------
[ 2017-09-06T09:51:06+08:00 ] 127.0.0.1 127.0.0.1 GET /admin/menu/index.html
[ info ] www.entss.com/admin/menu/index.html [运行时间：0.153902s][吞吐率：6.50req/s] [内存消耗：3,181.20kb] [文件加载：50]
[ info ] [ LANG ] D:\phpStudy\WWW\entss\thinkphp\lang\zh-cn.php
[ info ] [ ROUTE ] array (
  'type' => 'module',
  'module' => 
  array (
    0 => 'admin',
    1 => 'menu',
    2 => 'index',
  ),
)
[ info ] [ HEADER ] array (
  'host' => 'www.entss.com',
  'user-agent' => 'Mozilla/5.0 (Windows NT 10.0; Win64; x64; rv:55.0) Gecko/20100101 Firefox/55.0',
  'accept' => 'text/html,application/xhtml+xml,application/xml;q=0.9,*/*;q=0.8',
  'accept-language' => 'zh-CN,zh;q=0.8,en-US;q=0.5,en;q=0.3',
  'accept-encoding' => 'gzip, deflate',
  'referer' => 'http://www.entss.com/admin/index/index.html',
  'cookie' => '__utma=264378203.190932952.1504229567.1504229567.1504229567.1; __utmz=264378203.1504229567.1.1.utmcsr=(direct)|utmccn=(direct)|utmcmd=(none); pgv_pvi=6495702016; PHPSESSID=falmjodn631st1h3krnp0g5u34',
  'connection' => 'keep-alive',
  'upgrade-insecure-requests' => '1',
)
[ info ] [ PARAM ] array (
  '/admin/menu/index_html' => '',
)
[ info ] [ SESSION ] INIT array (
  'id' => '',
  'var_session_id' => '',
  'prefix' => 'think',
  'type' => '',
  'auto_start' => true,
)
[ info ] [ DB ] INIT mysql
[ info ] [ CACHE ] INIT file
[ info ] [ RUN ] app\admin\controller\Menu->index[ D:\phpStudy\WWW\entss\application\admin\controller\Menu.php ]
[ info ] [ VIEW ] D:\phpStudy\WWW\entss\public/../application/admin\view\menu\index.html [ array (
  0 => 'username',
  1 => 'portrait',
  2 => 'rolename',
  3 => 'menu',
  4 => 'admin_rule',
) ]
[ info ] [ LOG ] INIT File
[ sql ] [ DB ] CONNECT:[ UseTime:0.011673s ] mysql:dbname=tp5;host=127.0.0.1;port=3306;charset=utf8
[ sql ] [ SQL ] SHOW COLUMNS FROM `think_auth_rule` [ RunTime:0.010949s ]
[ sql ] [ SQL ] SELECT * FROM `think_auth_rule` WHERE  (  status = 1 ) ORDER BY `sort` [ RunTime:0.001106s ]
[ sql ] [ SQL ] SELECT * FROM `think_auth_rule` ORDER BY id asc [ RunTime:0.001073s ]
---------------------------------------------------------------
[ 2017-09-06T09:51:14+08:00 ] 127.0.0.1 127.0.0.1 GET /admin/menu/edit_rule/id/93.html
[ info ] www.entss.com/admin/menu/edit_rule/id/93.html [运行时间：0.063848s][吞吐率：15.66req/s] [内存消耗：2,562.24kb] [文件加载：49]
[ info ] [ LANG ] D:\phpStudy\WWW\entss\thinkphp\lang\zh-cn.php
[ info ] [ ROUTE ] array (
  'type' => 'module',
  'module' => 
  array (
    0 => 'admin',
    1 => 'menu',
    2 => 'edit_rule',
  ),
)
[ info ] [ HEADER ] array (
  'host' => 'www.entss.com',
  'user-agent' => 'Mozilla/5.0 (Windows NT 10.0; Win64; x64; rv:55.0) Gecko/20100101 Firefox/55.0',
  'accept' => 'text/html,application/xhtml+xml,application/xml;q=0.9,*/*;q=0.8',
  'accept-language' => 'zh-CN,zh;q=0.8,en-US;q=0.5,en;q=0.3',
  'accept-encoding' => 'gzip, deflate',
  'referer' => 'http://www.entss.com/admin/menu/index.html',
  'cookie' => '__utma=264378203.190932952.1504229567.1504229567.1504229567.1; __utmz=264378203.1504229567.1.1.utmcsr=(direct)|utmccn=(direct)|utmcmd=(none); pgv_pvi=6495702016; PHPSESSID=falmjodn631st1h3krnp0g5u34',
  'connection' => 'keep-alive',
  'upgrade-insecure-requests' => '1',
)
[ info ] [ PARAM ] array (
  '/admin/menu/edit_rule/id/93_html' => '',
  'id' => '93',
)
[ info ] [ SESSION ] INIT array (
  'id' => '',
  'var_session_id' => '',
  'prefix' => 'think',
  'type' => '',
  'auto_start' => true,
)
[ info ] [ DB ] INIT mysql
[ info ] [ CACHE ] INIT file
[ info ] [ RUN ] app\admin\controller\Menu->edit_rule[ D:\phpStudy\WWW\entss\application\admin\controller\Menu.php ]
[ info ] [ VIEW ] D:\phpStudy\WWW\entss\public/../application/admin\view\menu\edit_rule.html [ array (
  0 => 'username',
  1 => 'portrait',
  2 => 'rolename',
  3 => 'menu',
) ]
[ info ] [ LOG ] INIT File
[ sql ] [ DB ] CONNECT:[ UseTime:0.002320s ] mysql:dbname=tp5;host=127.0.0.1;port=3306;charset=utf8
[ sql ] [ SQL ] SHOW COLUMNS FROM `think_auth_rule` [ RunTime:0.009992s ]
[ sql ] [ SQL ] SELECT * FROM `think_auth_rule` WHERE  (  status = 1 ) ORDER BY `sort` [ RunTime:0.001142s ]
[ sql ] [ SQL ] SELECT * FROM `think_auth_rule` WHERE  `id` = 93 LIMIT 1 [ RunTime:0.000628s ]
---------------------------------------------------------------
[ 2017-09-06T09:51:47+08:00 ] 127.0.0.1 127.0.0.1 POST /admin/menu/edit_rule.html
[ info ] www.entss.com/admin/menu/edit_rule.html [运行时间：0.073108s][吞吐率：13.68req/s] [内存消耗：2,623.11kb] [文件加载：49]
[ info ] [ LANG ] D:\phpStudy\WWW\entss\thinkphp\lang\zh-cn.php
[ info ] [ ROUTE ] array (
  'type' => 'module',
  'module' => 
  array (
    0 => 'admin',
    1 => 'menu',
    2 => 'edit_rule',
  ),
)
[ info ] [ HEADER ] array (
  'host' => 'www.entss.com',
  'user-agent' => 'Mozilla/5.0 (Windows NT 10.0; Win64; x64; rv:55.0) Gecko/20100101 Firefox/55.0',
  'accept' => 'application/json, text/javascript, */*; q=0.01',
  'accept-language' => 'zh-CN,zh;q=0.8,en-US;q=0.5,en;q=0.3',
  'accept-encoding' => 'gzip, deflate',
  'content-type' => 'application/x-www-form-urlencoded; charset=UTF-8',
  'x-requested-with' => 'XMLHttpRequest',
  'referer' => 'http://www.entss.com/admin/menu/edit_rule/id/93.html',
  'content-length' => '105',
  'cookie' => '__utma=264378203.190932952.1504229567.1504229567.1504229567.1; __utmz=264378203.1504229567.1.1.utmcsr=(direct)|utmccn=(direct)|utmcmd=(none); pgv_pvi=6495702016; PHPSESSID=falmjodn631st1h3krnp0g5u34',
  'connection' => 'keep-alive',
)
[ info ] [ PARAM ] array (
  '/admin/menu/edit_rule_html' => '',
  'id' => '93',
  'title' => '方案分类',
  'name' => 'admin/solutions/solu_cate',
  'css' => '',
  'status' => '1',
  'sort' => '50',
)
[ info ] [ SESSION ] INIT array (
  'id' => '',
  'var_session_id' => '',
  'prefix' => 'think',
  'type' => '',
  'auto_start' => true,
)
[ info ] [ DB ] INIT mysql
[ info ] [ CACHE ] INIT file
[ info ] [ RUN ] app\admin\controller\Menu->edit_rule[ D:\phpStudy\WWW\entss\application\admin\controller\Menu.php ]
[ info ] [ LOG ] INIT File
[ sql ] [ DB ] CONNECT:[ UseTime:0.002031s ] mysql:dbname=tp5;host=127.0.0.1;port=3306;charset=utf8
[ sql ] [ SQL ] SHOW COLUMNS FROM `think_auth_rule` [ RunTime:0.006645s ]
[ sql ] [ SQL ] SELECT * FROM `think_auth_rule` WHERE  (  status = 1 ) ORDER BY `sort` [ RunTime:0.001323s ]
[ sql ] [ SQL ] UPDATE `think_auth_rule`  SET `title`='方案分类',`name`='admin/solutions/solu_cate',`css`='',`status`=1,`sort`=50,`update_time`=1504662707  WHERE  `id` = 93 [ RunTime:0.000514s ]
[ sql ] [ SQL ] SHOW COLUMNS FROM `think_log` [ RunTime:0.008039s ]
[ sql ] [ SQL ] INSERT INTO `think_log` (`admin_id` , `admin_name` , `description` , `status` , `ip` , `add_time`) VALUES (1 , 'admin' , '用户【admin】编辑菜单成功' , 1 , '127.0.0.1' , 1504662707) [ RunTime:0.000743s ]
---------------------------------------------------------------
[ 2017-09-06T09:51:49+08:00 ] 127.0.0.1 127.0.0.1 GET /admin/menu/index.html
[ info ] www.entss.com/admin/menu/index.html [运行时间：0.138745s][吞吐率：7.21req/s] [内存消耗：3,181.27kb] [文件加载：50]
[ info ] [ LANG ] D:\phpStudy\WWW\entss\thinkphp\lang\zh-cn.php
[ info ] [ ROUTE ] array (
  'type' => 'module',
  'module' => 
  array (
    0 => 'admin',
    1 => 'menu',
    2 => 'index',
  ),
)
[ info ] [ HEADER ] array (
  'host' => 'www.entss.com',
  'user-agent' => 'Mozilla/5.0 (Windows NT 10.0; Win64; x64; rv:55.0) Gecko/20100101 Firefox/55.0',
  'accept' => 'text/html,application/xhtml+xml,application/xml;q=0.9,*/*;q=0.8',
  'accept-language' => 'zh-CN,zh;q=0.8,en-US;q=0.5,en;q=0.3',
  'accept-encoding' => 'gzip, deflate',
  'referer' => 'http://www.entss.com/admin/menu/edit_rule/id/93.html',
  'cookie' => '__utma=264378203.190932952.1504229567.1504229567.1504229567.1; __utmz=264378203.1504229567.1.1.utmcsr=(direct)|utmccn=(direct)|utmcmd=(none); pgv_pvi=6495702016; PHPSESSID=falmjodn631st1h3krnp0g5u34',
  'connection' => 'keep-alive',
  'upgrade-insecure-requests' => '1',
)
[ info ] [ PARAM ] array (
  '/admin/menu/index_html' => '',
)
[ info ] [ SESSION ] INIT array (
  'id' => '',
  'var_session_id' => '',
  'prefix' => 'think',
  'type' => '',
  'auto_start' => true,
)
[ info ] [ DB ] INIT mysql
[ info ] [ CACHE ] INIT file
[ info ] [ RUN ] app\admin\controller\Menu->index[ D:\phpStudy\WWW\entss\application\admin\controller\Menu.php ]
[ info ] [ VIEW ] D:\phpStudy\WWW\entss\public/../application/admin\view\menu\index.html [ array (
  0 => 'username',
  1 => 'portrait',
  2 => 'rolename',
  3 => 'menu',
  4 => 'admin_rule',
) ]
[ info ] [ LOG ] INIT File
[ sql ] [ DB ] CONNECT:[ UseTime:0.002158s ] mysql:dbname=tp5;host=127.0.0.1;port=3306;charset=utf8
[ sql ] [ SQL ] SHOW COLUMNS FROM `think_auth_rule` [ RunTime:0.009938s ]
[ sql ] [ SQL ] SELECT * FROM `think_auth_rule` WHERE  (  status = 1 ) ORDER BY `sort` [ RunTime:0.000991s ]
[ sql ] [ SQL ] SELECT * FROM `think_auth_rule` ORDER BY id asc [ RunTime:0.001014s ]
---------------------------------------------------------------
[ 2017-09-06T09:51:49+08:00 ] 127.0.0.1 127.0.0.1 GET /admin/index/index.html
[ info ] www.entss.com/admin/index/index.html [运行时间：0.089913s][吞吐率：11.12req/s] [内存消耗：2,609.74kb] [文件加载：48]
[ info ] [ LANG ] D:\phpStudy\WWW\entss\thinkphp\lang\zh-cn.php
[ info ] [ ROUTE ] array (
  'type' => 'module',
  'module' => 
  array (
    0 => 'admin',
    1 => 'index',
    2 => 'index',
  ),
)
[ info ] [ HEADER ] array (
  'host' => 'www.entss.com',
  'user-agent' => 'Mozilla/5.0 (Windows NT 10.0; Win64; x64; rv:55.0) Gecko/20100101 Firefox/55.0',
  'accept' => 'text/html,application/xhtml+xml,application/xml;q=0.9,*/*;q=0.8',
  'accept-language' => 'zh-CN,zh;q=0.8,en-US;q=0.5,en;q=0.3',
  'accept-encoding' => 'gzip, deflate',
  'referer' => 'http://www.entss.com/admin/login/index.html',
  'cookie' => '__utma=264378203.190932952.1504229567.1504229567.1504229567.1; __utmz=264378203.1504229567.1.1.utmcsr=(direct)|utmccn=(direct)|utmcmd=(none); pgv_pvi=6495702016; PHPSESSID=falmjodn631st1h3krnp0g5u34',
  'connection' => 'keep-alive',
  'upgrade-insecure-requests' => '1',
  'cache-control' => 'max-age=0',
)
[ info ] [ PARAM ] array (
  '/admin/index/index_html' => '',
)
[ info ] [ SESSION ] INIT array (
  'id' => '',
  'var_session_id' => '',
  'prefix' => 'think',
  'type' => '',
  'auto_start' => true,
)
[ info ] [ DB ] INIT mysql
[ info ] [ CACHE ] INIT file
[ info ] [ RUN ] app\admin\controller\Index->index[ D:\phpStudy\WWW\entss\application\admin\controller\Index.php ]
[ info ] [ VIEW ] D:\phpStudy\WWW\entss\public/../application/admin\view\index.html [ array (
  0 => 'username',
  1 => 'portrait',
  2 => 'rolename',
  3 => 'menu',
) ]
[ info ] [ LOG ] INIT File
[ sql ] [ DB ] CONNECT:[ UseTime:0.001888s ] mysql:dbname=tp5;host=127.0.0.1;port=3306;charset=utf8
[ sql ] [ SQL ] SHOW COLUMNS FROM `think_auth_rule` [ RunTime:0.009209s ]
[ sql ] [ SQL ] SELECT * FROM `think_auth_rule` WHERE  (  status = 1 ) ORDER BY `sort` [ RunTime:0.000894s ]
---------------------------------------------------------------
[ 2017-09-06T09:51:49+08:00 ] 127.0.0.1 127.0.0.1 GET /admin/index/indexpage.html
[ info ] www.entss.com/admin/index/indexpage.html [运行时间：0.092052s][吞吐率：10.86req/s] [内存消耗：2,557.95kb] [文件加载：48]
[ info ] [ LANG ] D:\phpStudy\WWW\entss\thinkphp\lang\zh-cn.php
[ info ] [ ROUTE ] array (
  'type' => 'module',
  'module' => 
  array (
    0 => 'admin',
    1 => 'index',
    2 => 'indexpage',
  ),
)
[ info ] [ HEADER ] array (
  'host' => 'www.entss.com',
  'user-agent' => 'Mozilla/5.0 (Windows NT 10.0; Win64; x64; rv:55.0) Gecko/20100101 Firefox/55.0',
  'accept' => 'text/html,application/xhtml+xml,application/xml;q=0.9,*/*;q=0.8',
  'accept-language' => 'zh-CN,zh;q=0.8,en-US;q=0.5,en;q=0.3',
  'accept-encoding' => 'gzip, deflate',
  'referer' => 'http://www.entss.com/admin/index/index.html',
  'cookie' => '__utma=264378203.190932952.1504229567.1504229567.1504229567.1; __utmz=264378203.1504229567.1.1.utmcsr=(direct)|utmccn=(direct)|utmcmd=(none); pgv_pvi=6495702016; PHPSESSID=falmjodn631st1h3krnp0g5u34',
  'connection' => 'keep-alive',
  'upgrade-insecure-requests' => '1',
)
[ info ] [ PARAM ] array (
  '/admin/index/indexpage_html' => '',
)
[ info ] [ SESSION ] INIT array (
  'id' => '',
  'var_session_id' => '',
  'prefix' => 'think',
  'type' => '',
  'auto_start' => true,
)
[ info ] [ DB ] INIT mysql
[ info ] [ CACHE ] INIT file
[ info ] [ RUN ] app\admin\controller\Index->indexPage[ D:\phpStudy\WWW\entss\application\admin\controller\Index.php ]
[ info ] [ VIEW ] D:\phpStudy\WWW\entss\public/../application/admin\view\index\index.html [ array (
  0 => 'username',
  1 => 'portrait',
  2 => 'rolename',
  3 => 'menu',
  4 => 'member',
  5 => 'info',
) ]
[ info ] [ LOG ] INIT File
[ sql ] [ DB ] CONNECT:[ UseTime:0.006947s ] mysql:dbname=tp5;host=127.0.0.1;port=3306;charset=utf8
[ sql ] [ SQL ] SHOW COLUMNS FROM `think_auth_rule` [ RunTime:0.008107s ]
[ sql ] [ SQL ] SELECT * FROM `think_auth_rule` WHERE  (  status = 1 ) ORDER BY `sort` [ RunTime:0.001617s ]
[ sql ] [ SQL ] SHOW COLUMNS FROM `think_member` [ RunTime:0.009874s ]
[ sql ] [ SQL ] SELECT COUNT(*) AS tp_count FROM `think_member` WHERE  `create_time` >= 1504627200 LIMIT 1 [ RunTime:0.000679s ]
---------------------------------------------------------------
[ 2017-09-06T09:51:49+08:00 ] 127.0.0.1 127.0.0.1 GET /static/admin/js/layer/skin/extend/layer.ext.js,skin/moon/style.css
[ info ] www.entss.com/static/admin/js/layer/skin/extend/layer.ext.js,skin/moon/style.css [运行时间：0.027835s][吞吐率：35.93req/s] [内存消耗：1,021.55kb] [文件加载：25]
[ info ] [ LANG ] D:\phpStudy\WWW\entss\thinkphp\lang\zh-cn.php
[ info ] [ ROUTE ] array (
  'type' => 'module',
  'module' => 
  array (
    0 => 'static',
    1 => 'admin',
    2 => 'js',
  ),
)
[ info ] [ HEADER ] array (
  'host' => 'www.entss.com',
  'user-agent' => 'Mozilla/5.0 (Windows NT 10.0; Win64; x64; rv:55.0) Gecko/20100101 Firefox/55.0',
  'accept' => 'text/css,*/*;q=0.1',
  'accept-language' => 'zh-CN,zh;q=0.8,en-US;q=0.5,en;q=0.3',
  'accept-encoding' => 'gzip, deflate',
  'referer' => 'http://www.entss.com/admin/index/index.html',
  'cookie' => '__utma=264378203.190932952.1504229567.1504229567.1504229567.1; __utmz=264378203.1504229567.1.1.utmcsr=(direct)|utmccn=(direct)|utmcmd=(none); pgv_pvi=6495702016; PHPSESSID=falmjodn631st1h3krnp0g5u34',
  'connection' => 'keep-alive',
)
[ info ] [ PARAM ] array (
  '/static/admin/js/layer/skin/extend/layer_ext_js,skin/moon/style_css' => '',
  'layer' => 'skin',
  'extend' => 'layer.ext.js,skin',
  'moon' => 'style.css',
)
[ info ] [ LOG ] INIT File
---------------------------------------------------------------
[ 2017-09-06T11:27:20+08:00 ] 127.0.0.1 127.0.0.1 GET /admin/solutions/solu_cate.html
[ info ] www.entss.com/admin/solutions/solu_cate.html [运行时间：0.071114s][吞吐率：14.06req/s] [内存消耗：2,584.70kb] [文件加载：47]
[ info ] [ LANG ] D:\phpStudy\WWW\entss\thinkphp\lang\zh-cn.php
[ info ] [ ROUTE ] array (
  'type' => 'module',
  'module' => 
  array (
    0 => 'admin',
    1 => 'solutions',
    2 => 'solu_cate',
  ),
)
[ info ] [ HEADER ] array (
  'host' => 'www.entss.com',
  'user-agent' => 'Mozilla/5.0 (Windows NT 10.0; Win64; x64; rv:55.0) Gecko/20100101 Firefox/55.0',
  'accept' => 'text/html,application/xhtml+xml,application/xml;q=0.9,*/*;q=0.8',
  'accept-language' => 'zh-CN,zh;q=0.8,en-US;q=0.5,en;q=0.3',
  'accept-encoding' => 'gzip, deflate',
  'referer' => 'http://www.entss.com/admin/index/index.html',
  'cookie' => '__utma=264378203.190932952.1504229567.1504229567.1504229567.1; __utmz=264378203.1504229567.1.1.utmcsr=(direct)|utmccn=(direct)|utmcmd=(none); pgv_pvi=6495702016; PHPSESSID=falmjodn631st1h3krnp0g5u34',
  'connection' => 'keep-alive',
  'upgrade-insecure-requests' => '1',
)
[ info ] [ PARAM ] array (
  '/admin/solutions/solu_cate_html' => '',
)
[ info ] [ SESSION ] INIT array (
  'id' => '',
  'var_session_id' => '',
  'prefix' => 'think',
  'type' => '',
  'auto_start' => true,
)
[ info ] [ DB ] INIT mysql
[ info ] [ CACHE ] INIT file
[ info ] [ RUN ] app\admin\controller\Solutions->solu_cate[ D:\phpStudy\WWW\entss\application\admin\controller\Solutions.php ]
[ info ] [ LOG ] INIT File
[ sql ] [ DB ] CONNECT:[ UseTime:0.003361s ] mysql:dbname=tp5;host=127.0.0.1;port=3306;charset=utf8
[ sql ] [ SQL ] SHOW COLUMNS FROM `think_auth_rule` [ RunTime:0.011239s ]
[ sql ] [ SQL ] SELECT * FROM `think_auth_rule` WHERE  (  status = 1 ) ORDER BY `sort` [ RunTime:0.001211s ]
---------------------------------------------------------------
[ 2017-09-06T11:27:21+08:00 ] 127.0.0.1 127.0.0.1 GET /admin/solutions/sol_list.html
[ info ] www.entss.com/admin/solutions/sol_list.html [运行时间：0.062782s][吞吐率：15.93req/s] [内存消耗：2,584.70kb] [文件加载：47]
[ info ] [ LANG ] D:\phpStudy\WWW\entss\thinkphp\lang\zh-cn.php
[ info ] [ ROUTE ] array (
  'type' => 'module',
  'module' => 
  array (
    0 => 'admin',
    1 => 'solutions',
    2 => 'sol_list',
  ),
)
[ info ] [ HEADER ] array (
  'host' => 'www.entss.com',
  'user-agent' => 'Mozilla/5.0 (Windows NT 10.0; Win64; x64; rv:55.0) Gecko/20100101 Firefox/55.0',
  'accept' => 'text/html,application/xhtml+xml,application/xml;q=0.9,*/*;q=0.8',
  'accept-language' => 'zh-CN,zh;q=0.8,en-US;q=0.5,en;q=0.3',
  'accept-encoding' => 'gzip, deflate',
  'referer' => 'http://www.entss.com/admin/index/index.html',
  'cookie' => '__utma=264378203.190932952.1504229567.1504229567.1504229567.1; __utmz=264378203.1504229567.1.1.utmcsr=(direct)|utmccn=(direct)|utmcmd=(none); pgv_pvi=6495702016; PHPSESSID=falmjodn631st1h3krnp0g5u34',
  'connection' => 'keep-alive',
  'upgrade-insecure-requests' => '1',
)
[ info ] [ PARAM ] array (
  '/admin/solutions/sol_list_html' => '',
)
[ info ] [ SESSION ] INIT array (
  'id' => '',
  'var_session_id' => '',
  'prefix' => 'think',
  'type' => '',
  'auto_start' => true,
)
[ info ] [ DB ] INIT mysql
[ info ] [ CACHE ] INIT file
[ info ] [ RUN ] app\admin\controller\Solutions->sol_list[ D:\phpStudy\WWW\entss\application\admin\controller\Solutions.php ]
[ info ] [ LOG ] INIT File
[ sql ] [ DB ] CONNECT:[ UseTime:0.002058s ] mysql:dbname=tp5;host=127.0.0.1;port=3306;charset=utf8
[ sql ] [ SQL ] SHOW COLUMNS FROM `think_auth_rule` [ RunTime:0.013667s ]
[ sql ] [ SQL ] SELECT * FROM `think_auth_rule` WHERE  (  status = 1 ) ORDER BY `sort` [ RunTime:0.001060s ]
---------------------------------------------------------------
[ 2017-09-06T14:40:59+08:00 ] 127.0.0.1 127.0.0.1 GET /admin/solutions/sol_list.html
[ info ] www.entss.com/admin/solutions/sol_list.html [运行时间：0.083595s][吞吐率：11.96req/s] [内存消耗：2,612.45kb] [文件加载：51]
[ info ] [ LANG ] D:\phpStudy\WWW\entss\thinkphp\lang\zh-cn.php
[ info ] [ ROUTE ] array (
  'type' => 'module',
  'module' => 
  array (
    0 => 'admin',
    1 => 'solutions',
    2 => 'sol_list',
  ),
)
[ info ] [ HEADER ] array (
  'host' => 'www.entss.com',
  'user-agent' => 'Mozilla/5.0 (Windows NT 10.0; Win64; x64; rv:55.0) Gecko/20100101 Firefox/55.0',
  'accept' => 'text/html,application/xhtml+xml,application/xml;q=0.9,*/*;q=0.8',
  'accept-language' => 'zh-CN,zh;q=0.8,en-US;q=0.5,en;q=0.3',
  'accept-encoding' => 'gzip, deflate',
  'referer' => 'http://www.entss.com/admin/index/index.html',
  'cookie' => '__utma=264378203.190932952.1504229567.1504229567.1504229567.1; __utmz=264378203.1504229567.1.1.utmcsr=(direct)|utmccn=(direct)|utmcmd=(none); pgv_pvi=6495702016; PHPSESSID=falmjodn631st1h3krnp0g5u34',
  'connection' => 'keep-alive',
  'upgrade-insecure-requests' => '1',
)
[ info ] [ PARAM ] array (
  '/admin/solutions/sol_list_html' => '',
)
[ info ] [ SESSION ] INIT array (
  'id' => '',
  'var_session_id' => '',
  'prefix' => 'think',
  'type' => '',
  'auto_start' => true,
)
[ info ] [ DB ] INIT mysql
[ info ] [ CACHE ] INIT file
[ info ] [ RUN ] app\admin\controller\Solutions->sol_list[ D:\phpStudy\WWW\entss\application\admin\controller\Solutions.php ]
[ info ] [ LOG ] INIT File
[ sql ] [ DB ] CONNECT:[ UseTime:0.003777s ] mysql:dbname=tp5;host=127.0.0.1;port=3306;charset=utf8
[ sql ] [ SQL ] SHOW COLUMNS FROM `think_auth_rule` [ RunTime:0.012619s ]
[ sql ] [ SQL ] SELECT * FROM `think_auth_rule` WHERE  (  status = 1 ) ORDER BY `sort` [ RunTime:0.001178s ]
[ sql ] [ SQL ] SHOW COLUMNS FROM `think_article` [ RunTime:0.009352s ]
[ sql ] [ SQL ] SELECT COUNT(*) AS tp_count FROM `think_article` LIMIT 1 [ RunTime:0.000390s ]
[ error ] [1]Class 'app\admin\controller\ArticleModel' not found[D:\phpStudy\WWW\entss\application\admin\controller\Solutions.php:25]
---------------------------------------------------------------
[ 2017-09-06T17:39:28+08:00 ] 127.0.0.1 127.0.0.1 GET /index/solutions/info.html
[ info ] www.entss.com/index/solutions/info.html [运行时间：0.029786s][吞吐率：33.57req/s] [内存消耗：1,328.66kb] [文件加载：33]
[ info ] [ LANG ] D:\phpStudy\WWW\entss\thinkphp\lang\zh-cn.php
[ info ] [ ROUTE ] array (
  'type' => 'module',
  'module' => 
  array (
    0 => 'index',
    1 => 'solutions',
    2 => 'info',
  ),
)
[ info ] [ HEADER ] array (
  'host' => 'www.entss.com',
  'user-agent' => 'Mozilla/5.0 (Windows NT 10.0; Win64; x64; rv:55.0) Gecko/20100101 Firefox/55.0',
  'accept' => 'text/html,application/xhtml+xml,application/xml;q=0.9,*/*;q=0.8',
  'accept-language' => 'zh-CN,zh;q=0.8,en-US;q=0.5,en;q=0.3',
  'accept-encoding' => 'gzip, deflate',
  'referer' => 'http://www.entss.com/index/solutions/index.html',
  'cookie' => '__utma=264378203.190932952.1504229567.1504229567.1504229567.1; __utmz=264378203.1504229567.1.1.utmcsr=(direct)|utmccn=(direct)|utmcmd=(none); pgv_pvi=6495702016; PHPSESSID=falmjodn631st1h3krnp0g5u34',
  'connection' => 'keep-alive',
  'upgrade-insecure-requests' => '1',
)
[ info ] [ PARAM ] array (
  '/index/solutions/info_html' => '',
)
[ info ] [ RUN ] app\index\controller\Solutions->info[ D:\phpStudy\WWW\entss\application\index\controller\Solutions.php ]
[ info ] [ VIEW ] D:\phpStudy\WWW\entss\public/../application/index\view\solutions\info.html [ array (
  0 => 'menu',
) ]
[ info ] [ LOG ] INIT File
---------------------------------------------------------------
[ 2017-09-06T17:39:31+08:00 ] 127.0.0.1 127.0.0.1 GET /index/solutions/index.html
[ info ] www.entss.com/index/solutions/index.html [运行时间：0.022862s][吞吐率：43.74req/s] [内存消耗：1,328.67kb] [文件加载：33]
[ info ] [ LANG ] D:\phpStudy\WWW\entss\thinkphp\lang\zh-cn.php
[ info ] [ ROUTE ] array (
  'type' => 'module',
  'module' => 
  array (
    0 => 'index',
    1 => 'solutions',
    2 => 'index',
  ),
)
[ info ] [ HEADER ] array (
  'host' => 'www.entss.com',
  'user-agent' => 'Mozilla/5.0 (Windows NT 10.0; Win64; x64; rv:55.0) Gecko/20100101 Firefox/55.0',
  'accept' => 'text/html,application/xhtml+xml,application/xml;q=0.9,*/*;q=0.8',
  'accept-language' => 'zh-CN,zh;q=0.8,en-US;q=0.5,en;q=0.3',
  'accept-encoding' => 'gzip, deflate',
  'referer' => 'http://www.entss.com/index/recruit/index.html',
  'cookie' => '__utma=264378203.190932952.1504229567.1504229567.1504229567.1; __utmz=264378203.1504229567.1.1.utmcsr=(direct)|utmccn=(direct)|utmcmd=(none); pgv_pvi=6495702016; PHPSESSID=falmjodn631st1h3krnp0g5u34',
  'connection' => 'keep-alive',
  'upgrade-insecure-requests' => '1',
)
[ info ] [ PARAM ] array (
  '/index/solutions/index_html' => '',
)
[ info ] [ RUN ] app\index\controller\Solutions->index[ D:\phpStudy\WWW\entss\application\index\controller\Solutions.php ]
[ info ] [ VIEW ] D:\phpStudy\WWW\entss\public/../application/index\view\solutions\solutions.html [ array (
  0 => 'menu',
) ]
[ info ] [ LOG ] INIT File
---------------------------------------------------------------
[ 2017-09-06T20:49:17+08:00 ] 127.0.0.1 127.0.0.1 GET /index/product/index.html
[ info ] www.entss.com/index/product/index.html [运行时间：0.029022s][吞吐率：34.46req/s] [内存消耗：1,328.48kb] [文件加载：33]
[ info ] [ LANG ] D:\phpStudy\WWW\entss\thinkphp\lang\zh-cn.php
[ info ] [ ROUTE ] array (
  'type' => 'module',
  'module' => 
  array (
    0 => 'index',
    1 => 'product',
    2 => 'index',
  ),
)
[ info ] [ HEADER ] array (
  'host' => 'www.entss.com',
  'user-agent' => 'Mozilla/5.0 (Windows NT 10.0; Win64; x64; rv:55.0) Gecko/20100101 Firefox/55.0',
  'accept' => 'text/html,application/xhtml+xml,application/xml;q=0.9,*/*;q=0.8',
  'accept-language' => 'zh-CN,zh;q=0.8,en-US;q=0.5,en;q=0.3',
  'accept-encoding' => 'gzip, deflate',
  'referer' => 'http://www.entss.com/index/solutions/index.html',
  'cookie' => '__utma=264378203.190932952.1504229567.1504229567.1504229567.1; __utmz=264378203.1504229567.1.1.utmcsr=(direct)|utmccn=(direct)|utmcmd=(none); pgv_pvi=6495702016; PHPSESSID=falmjodn631st1h3krnp0g5u34',
  'connection' => 'keep-alive',
  'upgrade-insecure-requests' => '1',
)
[ info ] [ PARAM ] array (
  '/index/product/index_html' => '',
)
[ info ] [ RUN ] app\index\controller\Product->index[ D:\phpStudy\WWW\entss\application\index\controller\Product.php ]
[ info ] [ VIEW ] D:\phpStudy\WWW\entss\public/../application/index\view\product\index.html [ array (
  0 => 'menu',
) ]
[ info ] [ LOG ] INIT File
---------------------------------------------------------------
[ 2017-09-06T20:49:20+08:00 ] 127.0.0.1 127.0.0.1 GET /index/customer/index.html
[ info ] www.entss.com/index/customer/index.html [运行时间：0.024117s][吞吐率：41.46req/s] [内存消耗：1,328.52kb] [文件加载：33]
[ info ] [ LANG ] D:\phpStudy\WWW\entss\thinkphp\lang\zh-cn.php
[ info ] [ ROUTE ] array (
  'type' => 'module',
  'module' => 
  array (
    0 => 'index',
    1 => 'customer',
    2 => 'index',
  ),
)
[ info ] [ HEADER ] array (
  'host' => 'www.entss.com',
  'user-agent' => 'Mozilla/5.0 (Windows NT 10.0; Win64; x64; rv:55.0) Gecko/20100101 Firefox/55.0',
  'accept' => 'text/html,application/xhtml+xml,application/xml;q=0.9,*/*;q=0.8',
  'accept-language' => 'zh-CN,zh;q=0.8,en-US;q=0.5,en;q=0.3',
  'accept-encoding' => 'gzip, deflate',
  'referer' => 'http://www.entss.com/index/product/index.html',
  'cookie' => '__utma=264378203.190932952.1504229567.1504229567.1504229567.1; __utmz=264378203.1504229567.1.1.utmcsr=(direct)|utmccn=(direct)|utmcmd=(none); pgv_pvi=6495702016; PHPSESSID=falmjodn631st1h3krnp0g5u34',
  'connection' => 'keep-alive',
  'upgrade-insecure-requests' => '1',
)
[ info ] [ PARAM ] array (
  '/index/customer/index_html' => '',
)
[ info ] [ RUN ] app\index\controller\Customer->index[ D:\phpStudy\WWW\entss\application\index\controller\Customer.php ]
[ info ] [ VIEW ] D:\phpStudy\WWW\entss\public/../application/index\view\customer\index.html [ array (
  0 => 'menu',
) ]
[ info ] [ LOG ] INIT File
---------------------------------------------------------------
[ 2017-09-06T20:49:24+08:00 ] 127.0.0.1 127.0.0.1 GET /index/server/index.html
[ info ] www.entss.com/index/server/index.html [运行时间：0.021699s][吞吐率：46.09req/s] [内存消耗：1,327.51kb] [文件加载：33]
[ info ] [ LANG ] D:\phpStudy\WWW\entss\thinkphp\lang\zh-cn.php
[ info ] [ ROUTE ] array (
  'type' => 'module',
  'module' => 
  array (
    0 => 'index',
    1 => 'server',
    2 => 'index',
  ),
)
[ info ] [ HEADER ] array (
  'host' => 'www.entss.com',
  'user-agent' => 'Mozilla/5.0 (Windows NT 10.0; Win64; x64; rv:55.0) Gecko/20100101 Firefox/55.0',
  'accept' => 'text/html,application/xhtml+xml,application/xml;q=0.9,*/*;q=0.8',
  'accept-language' => 'zh-CN,zh;q=0.8,en-US;q=0.5,en;q=0.3',
  'accept-encoding' => 'gzip, deflate',
  'referer' => 'http://www.entss.com/index/customer/index.html',
  'cookie' => '__utma=264378203.190932952.1504229567.1504229567.1504229567.1; __utmz=264378203.1504229567.1.1.utmcsr=(direct)|utmccn=(direct)|utmcmd=(none); pgv_pvi=6495702016; PHPSESSID=falmjodn631st1h3krnp0g5u34',
  'connection' => 'keep-alive',
  'upgrade-insecure-requests' => '1',
)
[ info ] [ PARAM ] array (
  '/index/server/index_html' => '',
)
[ info ] [ RUN ] app\index\controller\Server->index[ D:\phpStudy\WWW\entss\application\index\controller\Server.php ]
[ info ] [ VIEW ] D:\phpStudy\WWW\entss\public/../application/index\view\server\index.html [ array (
  0 => 'menu',
) ]
[ info ] [ LOG ] INIT File
---------------------------------------------------------------
[ 2017-09-06T20:49:35+08:00 ] 127.0.0.1 127.0.0.1 GET /index/news/index.html
[ info ] www.entss.com/index/news/index.html [运行时间：0.022113s][吞吐率：45.22req/s] [内存消耗：1,327.48kb] [文件加载：33]
[ info ] [ LANG ] D:\phpStudy\WWW\entss\thinkphp\lang\zh-cn.php
[ info ] [ ROUTE ] array (
  'type' => 'module',
  'module' => 
  array (
    0 => 'index',
    1 => 'news',
    2 => 'index',
  ),
)
[ info ] [ HEADER ] array (
  'host' => 'www.entss.com',
  'user-agent' => 'Mozilla/5.0 (Windows NT 10.0; Win64; x64; rv:55.0) Gecko/20100101 Firefox/55.0',
  'accept' => 'text/html,application/xhtml+xml,application/xml;q=0.9,*/*;q=0.8',
  'accept-language' => 'zh-CN,zh;q=0.8,en-US;q=0.5,en;q=0.3',
  'accept-encoding' => 'gzip, deflate',
  'referer' => 'http://www.entss.com/index/server/index.html',
  'cookie' => '__utma=264378203.190932952.1504229567.1504229567.1504229567.1; __utmz=264378203.1504229567.1.1.utmcsr=(direct)|utmccn=(direct)|utmcmd=(none); pgv_pvi=6495702016; PHPSESSID=falmjodn631st1h3krnp0g5u34',
  'connection' => 'keep-alive',
  'upgrade-insecure-requests' => '1',
)
[ info ] [ PARAM ] array (
  '/index/news/index_html' => '',
)
[ info ] [ RUN ] app\index\controller\News->index[ D:\phpStudy\WWW\entss\application\index\controller\News.php ]
[ info ] [ VIEW ] D:\phpStudy\WWW\entss\public/../application/index\view\news\index.html [ array (
  0 => 'menu',
) ]
[ info ] [ LOG ] INIT File
---------------------------------------------------------------
[ 2017-09-06T20:49:51+08:00 ] 127.0.0.1 127.0.0.1 GET /index/about/index.html
[ info ] www.entss.com/index/about/index.html [运行时间：0.031244s][吞吐率：32.01req/s] [内存消耗：1,327.54kb] [文件加载：33]
[ info ] [ LANG ] D:\phpStudy\WWW\entss\thinkphp\lang\zh-cn.php
[ info ] [ ROUTE ] array (
  'type' => 'module',
  'module' => 
  array (
    0 => 'index',
    1 => 'about',
    2 => 'index',
  ),
)
[ info ] [ HEADER ] array (
  'host' => 'www.entss.com',
  'user-agent' => 'Mozilla/5.0 (Windows NT 10.0; Win64; x64; rv:55.0) Gecko/20100101 Firefox/55.0',
  'accept' => 'text/html,application/xhtml+xml,application/xml;q=0.9,*/*;q=0.8',
  'accept-language' => 'zh-CN,zh;q=0.8,en-US;q=0.5,en;q=0.3',
  'accept-encoding' => 'gzip, deflate',
  'referer' => 'http://www.entss.com/index/news/index.html',
  'cookie' => '__utma=264378203.190932952.1504229567.1504229567.1504229567.1; __utmz=264378203.1504229567.1.1.utmcsr=(direct)|utmccn=(direct)|utmcmd=(none); pgv_pvi=6495702016; PHPSESSID=falmjodn631st1h3krnp0g5u34',
  'connection' => 'keep-alive',
  'upgrade-insecure-requests' => '1',
)
[ info ] [ PARAM ] array (
  '/index/about/index_html' => '',
)
[ info ] [ RUN ] app\index\controller\About->index[ D:\phpStudy\WWW\entss\application\index\controller\About.php ]
[ info ] [ VIEW ] D:\phpStudy\WWW\entss\public/../application/index\view\about\index.html [ array (
  0 => 'menu',
) ]
[ info ] [ LOG ] INIT File
---------------------------------------------------------------
[ 2017-09-06T23:54:56+08:00 ] 127.0.0.1 127.0.0.1 GET /index/solutions/index.html
[ info ] www.entss.com/index/solutions/index.html [运行时间：0.025855s][吞吐率：38.68req/s] [内存消耗：1,328.67kb] [文件加载：33]
[ info ] [ LANG ] D:\phpStudy\WWW\entss\thinkphp\lang\zh-cn.php
[ info ] [ ROUTE ] array (
  'type' => 'module',
  'module' => 
  array (
    0 => 'index',
    1 => 'solutions',
    2 => 'index',
  ),
)
[ info ] [ HEADER ] array (
  'host' => 'www.entss.com',
  'user-agent' => 'Mozilla/5.0 (Windows NT 10.0; Win64; x64; rv:55.0) Gecko/20100101 Firefox/55.0',
  'accept' => 'text/html,application/xhtml+xml,application/xml;q=0.9,*/*;q=0.8',
  'accept-language' => 'zh-CN,zh;q=0.8,en-US;q=0.5,en;q=0.3',
  'accept-encoding' => 'gzip, deflate',
  'referer' => 'http://www.entss.com/index/about/index.html',
  'cookie' => '__utma=264378203.190932952.1504229567.1504229567.1504229567.1; __utmz=264378203.1504229567.1.1.utmcsr=(direct)|utmccn=(direct)|utmcmd=(none); pgv_pvi=6495702016; PHPSESSID=falmjodn631st1h3krnp0g5u34',
  'connection' => 'keep-alive',
  'upgrade-insecure-requests' => '1',
)
[ info ] [ PARAM ] array (
  '/index/solutions/index_html' => '',
)
[ info ] [ RUN ] app\index\controller\Solutions->index[ D:\phpStudy\WWW\entss\application\index\controller\Solutions.php ]
[ info ] [ VIEW ] D:\phpStudy\WWW\entss\public/../application/index\view\solutions\solutions.html [ array (
  0 => 'menu',
) ]
[ info ] [ LOG ] INIT File
---------------------------------------------------------------
[ 2017-09-06T23:56:43+08:00 ] 127.0.0.1 127.0.0.1 GET /admin/article/index.html
[ info ] www.entss.com/admin/article/index.html [运行时间：0.087069s][吞吐率：11.49req/s] [内存消耗：2,744.69kb] [文件加载：49]
[ info ] [ LANG ] D:\phpStudy\WWW\entss\thinkphp\lang\zh-cn.php
[ info ] [ ROUTE ] array (
  'type' => 'module',
  'module' => 
  array (
    0 => 'admin',
    1 => 'article',
    2 => 'index',
  ),
)
[ info ] [ HEADER ] array (
  'host' => 'www.entss.com',
  'user-agent' => 'Mozilla/5.0 (Windows NT 10.0; Win64; x64; rv:55.0) Gecko/20100101 Firefox/55.0',
  'accept' => 'text/html,application/xhtml+xml,application/xml;q=0.9,*/*;q=0.8',
  'accept-language' => 'zh-CN,zh;q=0.8,en-US;q=0.5,en;q=0.3',
  'accept-encoding' => 'gzip, deflate',
  'referer' => 'http://www.entss.com/admin/index/index.html',
  'cookie' => '__utma=264378203.190932952.1504229567.1504229567.1504229567.1; __utmz=264378203.1504229567.1.1.utmcsr=(direct)|utmccn=(direct)|utmcmd=(none); pgv_pvi=6495702016; PHPSESSID=falmjodn631st1h3krnp0g5u34',
  'connection' => 'keep-alive',
  'upgrade-insecure-requests' => '1',
)
[ info ] [ PARAM ] array (
  '/admin/article/index_html' => '',
)
[ info ] [ SESSION ] INIT array (
  'id' => '',
  'var_session_id' => '',
  'prefix' => 'think',
  'type' => '',
  'auto_start' => true,
)
[ info ] [ DB ] INIT mysql
[ info ] [ CACHE ] INIT file
[ info ] [ RUN ] app\admin\controller\Article->index[ D:\phpStudy\WWW\entss\application\admin\controller\Article.php ]
[ info ] [ VIEW ] D:\phpStudy\WWW\entss\public/../application/admin\view\article\index.html [ array (
  0 => 'username',
  1 => 'portrait',
  2 => 'rolename',
  3 => 'menu',
  4 => 'Nowpage',
  5 => 'allpage',
  6 => 'count',
  7 => 'val',
) ]
[ info ] [ LOG ] INIT File
[ sql ] [ DB ] CONNECT:[ UseTime:0.005063s ] mysql:dbname=tp5;host=127.0.0.1;port=3306;charset=utf8
[ sql ] [ SQL ] SHOW COLUMNS FROM `think_auth_rule` [ RunTime:0.010323s ]
[ sql ] [ SQL ] SELECT * FROM `think_auth_rule` WHERE  (  status = 1 ) ORDER BY `sort` [ RunTime:0.001537s ]
[ sql ] [ SQL ] SHOW COLUMNS FROM `think_article` [ RunTime:0.007994s ]
[ sql ] [ SQL ] SELECT COUNT(*) AS tp_count FROM `think_article` LIMIT 1 [ RunTime:0.000643s ]
[ sql ] [ SQL ] SELECT `think_article`.*,`name` FROM `think_article` INNER JOIN `think_article_cate` `think_article_cate` ON `think_article`.`cate_id`=`think_article_cate`.`id` ORDER BY id desc LIMIT 0,10 [ RunTime:0.002746s ]
---------------------------------------------------------------
[ 2017-09-06T23:56:43+08:00 ] 127.0.0.1 127.0.0.1 GET /admin/article/index.html?page=1&key=
[ info ] www.entss.com/admin/article/index.html?page=1&key= [运行时间：0.088110s][吞吐率：11.35req/s] [内存消耗：2,794.95kb] [文件加载：49]
[ info ] [ LANG ] D:\phpStudy\WWW\entss\thinkphp\lang\zh-cn.php
[ info ] [ ROUTE ] array (
  'type' => 'module',
  'module' => 
  array (
    0 => 'admin',
    1 => 'article',
    2 => 'index',
  ),
)
[ info ] [ HEADER ] array (
  'host' => 'www.entss.com',
  'user-agent' => 'Mozilla/5.0 (Windows NT 10.0; Win64; x64; rv:55.0) Gecko/20100101 Firefox/55.0',
  'accept' => 'application/json, text/javascript, */*; q=0.01',
  'accept-language' => 'zh-CN,zh;q=0.8,en-US;q=0.5,en;q=0.3',
  'accept-encoding' => 'gzip, deflate',
  'x-requested-with' => 'XMLHttpRequest',
  'referer' => 'http://www.entss.com/admin/article/index.html',
  'cookie' => '__utma=264378203.190932952.1504229567.1504229567.1504229567.1; __utmz=264378203.1504229567.1.1.utmcsr=(direct)|utmccn=(direct)|utmcmd=(none); pgv_pvi=6495702016; PHPSESSID=falmjodn631st1h3krnp0g5u34',
  'connection' => 'keep-alive',
)
[ info ] [ PARAM ] array (
  '/admin/article/index_html' => '',
  'page' => '1',
  'key' => '',
)
[ info ] [ SESSION ] INIT array (
  'id' => '',
  'var_session_id' => '',
  'prefix' => 'think',
  'type' => '',
  'auto_start' => true,
)
[ info ] [ DB ] INIT mysql
[ info ] [ CACHE ] INIT file
[ info ] [ RUN ] app\admin\controller\Article->index[ D:\phpStudy\WWW\entss\application\admin\controller\Article.php ]
[ info ] [ LOG ] INIT File
[ sql ] [ DB ] CONNECT:[ UseTime:0.002426s ] mysql:dbname=tp5;host=127.0.0.1;port=3306;charset=utf8
[ sql ] [ SQL ] SHOW COLUMNS FROM `think_auth_rule` [ RunTime:0.012077s ]
[ sql ] [ SQL ] SELECT * FROM `think_auth_rule` WHERE  (  status = 1 ) ORDER BY `sort` [ RunTime:0.001128s ]
[ sql ] [ SQL ] SHOW COLUMNS FROM `think_article` [ RunTime:0.008506s ]
[ sql ] [ SQL ] SELECT COUNT(*) AS tp_count FROM `think_article` LIMIT 1 [ RunTime:0.000390s ]
[ sql ] [ SQL ] SELECT `think_article`.*,`name` FROM `think_article` INNER JOIN `think_article_cate` `think_article_cate` ON `think_article`.`cate_id`=`think_article_cate`.`id` ORDER BY id desc LIMIT 0,10 [ RunTime:0.001171s ]
---------------------------------------------------------------
[ 2017-09-06T23:56:44+08:00 ] 127.0.0.1 127.0.0.1 GET /uploads/images/images/2016-01-04/5689cee8cf466.jpg
[ info ] www.entss.com/uploads/images/images/2016-01-04/5689cee8cf466.jpg [运行时间：0.026865s][吞吐率：37.22req/s] [内存消耗：1,020.92kb] [文件加载：25]
[ info ] [ LANG ] D:\phpStudy\WWW\entss\thinkphp\lang\zh-cn.php
[ info ] [ ROUTE ] array (
  'type' => 'module',
  'module' => 
  array (
    0 => 'uploads',
    1 => 'images',
    2 => 'images',
  ),
)
[ info ] [ HEADER ] array (
  'host' => 'www.entss.com',
  'user-agent' => 'Mozilla/5.0 (Windows NT 10.0; Win64; x64; rv:55.0) Gecko/20100101 Firefox/55.0',
  'accept' => '*/*',
  'accept-language' => 'zh-CN,zh;q=0.8,en-US;q=0.5,en;q=0.3',
  'accept-encoding' => 'gzip, deflate',
  'referer' => 'http://www.entss.com/admin/article/index.html',
  'cookie' => '__utma=264378203.190932952.1504229567.1504229567.1504229567.1; __utmz=264378203.1504229567.1.1.utmcsr=(direct)|utmccn=(direct)|utmcmd=(none); pgv_pvi=6495702016; PHPSESSID=falmjodn631st1h3krnp0g5u34',
  'connection' => 'keep-alive',
)
[ info ] [ PARAM ] array (
  '/uploads/images/images/2016-01-04/5689cee8cf466_jpg' => '',
  '04' => '5689cee8cf466.jpg',
)
[ info ] [ LOG ] INIT File
