---------------------------------------------------------------
[ 2017-10-10T04:21:40+08:00 ] 172.26.33.75 47.90.40.107 GET /
[ info ] www.mo1120.com/ [运行时间：0.029762s][吞吐率：33.60req/s] [内存消耗：2,180.64kb] [文件加载：44]
[ info ] [ LANG ] /www/wwwroot/ent.mo1120.com/thinkphp/lang/zh-cn.php
[ info ] [ ROUTE ] array (
  'type' => 'module',
  'module' => 
  array (
    0 => '',
    1 => NULL,
    2 => NULL,
  ),
)
[ info ] [ HEADER ] array (
  'host' => 'www.mo1120.com',
  'content-type' => 'text/html;charset=GBK',
  'cache-control' => 'max-age=0',
  'user-agent' => 'Mozilla/5.0 (Windows NT 6.1; Win64; x64) AppleWebKit/537.36 (KHTML, like Gecko) Chrome/55.0.2883.75',
  'connection' => 'keep-alive',
  'accept-language' => 'zh-CN,zh;q=0.8,en-US;q=0.5,en;q=0.3',
  'x-requested-with' => 'XMLHttpRequest',
  'accept-encoding' => 'gzip, deflate, sdch',
  'accept' => 'text/html,application/xhtml+xml,application/xml;q=0.9,image/webp,*/*;q=0.8',
  'content-length' => '',
)
[ info ] [ PARAM ] array (
)
[ info ] [ DB ] INIT mysql
[ info ] [ RUN ] app\index\controller\Index->index[ /www/wwwroot/ent.mo1120.com/application/index/controller/Index.php ]
[ info ] [ VIEW ] /www/wwwroot/ent.mo1120.com/public/../application/index/view/index/index.html [ array (
  0 => 'config',
  1 => 'a',
  2 => 'solu_cate ',
  3 => 'cust_img',
  4 => 'news',
  5 => 'img',
  6 => 'customer',
  7 => 'menu',
) ]
[ info ] [ LOG ] INIT File
[ sql ] [ DB ] CONNECT:[ UseTime:0.000326s ] mysql:dbname=tp5;host=127.0.0.1;port=3306;charset=utf8
[ sql ] [ SQL ] SHOW COLUMNS FROM `think_config` [ RunTime:0.000648s ]
[ sql ] [ SQL ] SELECT * FROM `think_config` [ RunTime:0.000145s ]
[ sql ] [ SQL ] SHOW COLUMNS FROM `think_customer` [ RunTime:0.000457s ]
[ sql ] [ SQL ] SELECT * FROM `think_customer` WHERE  `is_on` = 1 [ RunTime:0.000163s ]
[ sql ] [ SQL ] SHOW COLUMNS FROM `think_index_img` [ RunTime:0.000442s ]
[ sql ] [ SQL ] SELECT * FROM `think_index_img` WHERE  `is_on` = 1 [ RunTime:0.000120s ]
[ sql ] [ SQL ] SHOW COLUMNS FROM `think_news` [ RunTime:0.000474s ]
[ sql ] [ SQL ] SELECT * FROM `think_news` WHERE  `status` = 1 ORDER BY id desc LIMIT 2 [ RunTime:0.000135s ]
[ sql ] [ SQL ] SHOW COLUMNS FROM `think_cust_img` [ RunTime:0.000423s ]
[ sql ] [ SQL ] SELECT * FROM `think_cust_img` WHERE  `is_on` = 1 ORDER BY id desc [ RunTime:0.000126s ]
[ sql ] [ SQL ] SHOW COLUMNS FROM `think_solutions_cate` [ RunTime:0.000421s ]
[ sql ] [ SQL ] SELECT * FROM `think_solutions_cate` WHERE  `is_on` = 1 ORDER BY id desc [ RunTime:0.000128s ]
---------------------------------------------------------------
[ 2017-10-10T04:21:40+08:00 ] 172.26.33.75 47.90.40.107 GET /
[ info ] www.mo1120.com/ [运行时间：0.025954s][吞吐率：38.53req/s] [内存消耗：2,180.64kb] [文件加载：44]
[ info ] [ LANG ] /www/wwwroot/ent.mo1120.com/thinkphp/lang/zh-cn.php
[ info ] [ ROUTE ] array (
  'type' => 'module',
  'module' => 
  array (
    0 => '',
    1 => NULL,
    2 => NULL,
  ),
)
[ info ] [ HEADER ] array (
  'host' => 'www.mo1120.com',
  'content-type' => 'text/html;charset=UTF-8',
  'cache-control' => 'max-age=0',
  'user-agent' => 'Mozilla/5.0 (Windows NT 6.1; Win64; x64) AppleWebKit/537.36 (KHTML, like Gecko) Chrome/55.0.2883.75',
  'connection' => 'keep-alive',
  'accept-language' => 'zh-CN,zh;q=0.8,en-US;q=0.5,en;q=0.3',
  'x-requested-with' => 'XMLHttpRequest',
  'accept-encoding' => 'gzip, deflate, sdch',
  'accept' => 'text/html,application/xhtml+xml,application/xml;q=0.9,image/webp,*/*;q=0.8',
  'content-length' => '',
)
[ info ] [ PARAM ] array (
)
[ info ] [ DB ] INIT mysql
[ info ] [ RUN ] app\index\controller\Index->index[ /www/wwwroot/ent.mo1120.com/application/index/controller/Index.php ]
[ info ] [ VIEW ] /www/wwwroot/ent.mo1120.com/public/../application/index/view/index/index.html [ array (
  0 => 'config',
  1 => 'a',
  2 => 'solu_cate ',
  3 => 'cust_img',
  4 => 'news',
  5 => 'img',
  6 => 'customer',
  7 => 'menu',
) ]
[ info ] [ LOG ] INIT File
[ sql ] [ DB ] CONNECT:[ UseTime:0.000310s ] mysql:dbname=tp5;host=127.0.0.1;port=3306;charset=utf8
[ sql ] [ SQL ] SHOW COLUMNS FROM `think_config` [ RunTime:0.000632s ]
[ sql ] [ SQL ] SELECT * FROM `think_config` [ RunTime:0.000149s ]
[ sql ] [ SQL ] SHOW COLUMNS FROM `think_customer` [ RunTime:0.000466s ]
[ sql ] [ SQL ] SELECT * FROM `think_customer` WHERE  `is_on` = 1 [ RunTime:0.000167s ]
[ sql ] [ SQL ] SHOW COLUMNS FROM `think_index_img` [ RunTime:0.000419s ]
[ sql ] [ SQL ] SELECT * FROM `think_index_img` WHERE  `is_on` = 1 [ RunTime:0.000121s ]
[ sql ] [ SQL ] SHOW COLUMNS FROM `think_news` [ RunTime:0.000458s ]
[ sql ] [ SQL ] SELECT * FROM `think_news` WHERE  `status` = 1 ORDER BY id desc LIMIT 2 [ RunTime:0.000134s ]
[ sql ] [ SQL ] SHOW COLUMNS FROM `think_cust_img` [ RunTime:0.000430s ]
[ sql ] [ SQL ] SELECT * FROM `think_cust_img` WHERE  `is_on` = 1 ORDER BY id desc [ RunTime:0.000124s ]
[ sql ] [ SQL ] SHOW COLUMNS FROM `think_solutions_cate` [ RunTime:0.000436s ]
[ sql ] [ SQL ] SELECT * FROM `think_solutions_cate` WHERE  `is_on` = 1 ORDER BY id desc [ RunTime:0.000127s ]
---------------------------------------------------------------
[ 2017-10-10T08:36:58+08:00 ] 172.26.33.75 168.1.128.50 GET /
[ info ] www.mo1120.com/ [运行时间：0.039328s][吞吐率：25.43req/s] [内存消耗：2,171.87kb] [文件加载：43]
[ info ] [ LANG ] /www/wwwroot/ent.mo1120.com/thinkphp/lang/zh-cn.php
[ info ] [ ROUTE ] array (
  'type' => 'module',
  'module' => 
  array (
    0 => '',
    1 => NULL,
    2 => NULL,
  ),
)
[ info ] [ HEADER ] array (
  'host' => 'www.mo1120.com',
  'content-type' => '',
  'content-length' => '',
)
[ info ] [ PARAM ] array (
)
[ info ] [ DB ] INIT mysql
[ info ] [ RUN ] app\index\controller\Index->index[ /www/wwwroot/ent.mo1120.com/application/index/controller/Index.php ]
[ info ] [ VIEW ] /www/wwwroot/ent.mo1120.com/public/../application/index/view/index/index.html [ array (
  0 => 'config',
  1 => 'a',
  2 => 'solu_cate ',
  3 => 'cust_img',
  4 => 'news',
  5 => 'img',
  6 => 'customer',
  7 => 'menu',
) ]
[ info ] [ LOG ] INIT File
[ sql ] [ DB ] CONNECT:[ UseTime:0.000454s ] mysql:dbname=tp5;host=127.0.0.1;port=3306;charset=utf8
[ sql ] [ SQL ] SHOW COLUMNS FROM `think_config` [ RunTime:0.000898s ]
[ sql ] [ SQL ] SELECT * FROM `think_config` [ RunTime:0.000188s ]
[ sql ] [ SQL ] SHOW COLUMNS FROM `think_customer` [ RunTime:0.000688s ]
[ sql ] [ SQL ] SELECT * FROM `think_customer` WHERE  `is_on` = 1 [ RunTime:0.000210s ]
[ sql ] [ SQL ] SHOW COLUMNS FROM `think_index_img` [ RunTime:0.000647s ]
[ sql ] [ SQL ] SELECT * FROM `think_index_img` WHERE  `is_on` = 1 [ RunTime:0.000164s ]
[ sql ] [ SQL ] SHOW COLUMNS FROM `think_news` [ RunTime:0.000691s ]
[ sql ] [ SQL ] SELECT * FROM `think_news` WHERE  `status` = 1 ORDER BY id desc LIMIT 2 [ RunTime:0.000205s ]
[ sql ] [ SQL ] SHOW COLUMNS FROM `think_cust_img` [ RunTime:0.000626s ]
[ sql ] [ SQL ] SELECT * FROM `think_cust_img` WHERE  `is_on` = 1 ORDER BY id desc [ RunTime:0.000217s ]
[ sql ] [ SQL ] SHOW COLUMNS FROM `think_solutions_cate` [ RunTime:0.000646s ]
[ sql ] [ SQL ] SELECT * FROM `think_solutions_cate` WHERE  `is_on` = 1 ORDER BY id desc [ RunTime:0.000218s ]
---------------------------------------------------------------
[ 2017-10-10T11:49:49+08:00 ] 172.26.33.75 202.173.11.239 GET /
[ info ] www.mo1120.com/ [运行时间：0.026272s][吞吐率：38.06req/s] [内存消耗：2,176.09kb] [文件加载：43]
[ info ] [ LANG ] /www/wwwroot/ent.mo1120.com/thinkphp/lang/zh-cn.php
[ info ] [ ROUTE ] array (
  'type' => 'module',
  'module' => 
  array (
    0 => '',
    1 => NULL,
    2 => NULL,
  ),
)
[ info ] [ HEADER ] array (
  'pragma' => 'no-cache',
  'cache-control' => 'no-cache',
  'dnt' => '1',
  'connection' => 'keep-alive',
  'accept-encoding' => 'gzip, deflate',
  'accept-language' => 'zh-CN,zh;q=0.8',
  'accept' => '*/*',
  'user-agent' => 'Mozilla/5.0 (Windows NT 10.0; Win64; x64) AppleWebKit/537.36 (KHTML, like Gecko) Chrome/56.0.2924.87 Safari/537.36',
  'host' => 'www.mo1120.com',
  'content-type' => '',
  'content-length' => '',
)
[ info ] [ PARAM ] array (
)
[ info ] [ DB ] INIT mysql
[ info ] [ RUN ] app\index\controller\Index->index[ /www/wwwroot/ent.mo1120.com/application/index/controller/Index.php ]
[ info ] [ VIEW ] /www/wwwroot/ent.mo1120.com/public/../application/index/view/index/index.html [ array (
  0 => 'config',
  1 => 'a',
  2 => 'solu_cate ',
  3 => 'cust_img',
  4 => 'news',
  5 => 'img',
  6 => 'customer',
  7 => 'menu',
) ]
[ info ] [ LOG ] INIT File
[ sql ] [ DB ] CONNECT:[ UseTime:0.000335s ] mysql:dbname=tp5;host=127.0.0.1;port=3306;charset=utf8
[ sql ] [ SQL ] SHOW COLUMNS FROM `think_config` [ RunTime:0.000656s ]
[ sql ] [ SQL ] SELECT * FROM `think_config` [ RunTime:0.000133s ]
[ sql ] [ SQL ] SHOW COLUMNS FROM `think_customer` [ RunTime:0.000465s ]
[ sql ] [ SQL ] SELECT * FROM `think_customer` WHERE  `is_on` = 1 [ RunTime:0.000148s ]
[ sql ] [ SQL ] SHOW COLUMNS FROM `think_index_img` [ RunTime:0.000447s ]
[ sql ] [ SQL ] SELECT * FROM `think_index_img` WHERE  `is_on` = 1 [ RunTime:0.000141s ]
[ sql ] [ SQL ] SHOW COLUMNS FROM `think_news` [ RunTime:0.000465s ]
[ sql ] [ SQL ] SELECT * FROM `think_news` WHERE  `status` = 1 ORDER BY id desc LIMIT 2 [ RunTime:0.000133s ]
[ sql ] [ SQL ] SHOW COLUMNS FROM `think_cust_img` [ RunTime:0.000409s ]
[ sql ] [ SQL ] SELECT * FROM `think_cust_img` WHERE  `is_on` = 1 ORDER BY id desc [ RunTime:0.000141s ]
[ sql ] [ SQL ] SHOW COLUMNS FROM `think_solutions_cate` [ RunTime:0.000421s ]
[ sql ] [ SQL ] SELECT * FROM `think_solutions_cate` WHERE  `is_on` = 1 ORDER BY id desc [ RunTime:0.000142s ]
---------------------------------------------------------------
[ 2017-10-10T12:56:10+08:00 ] 172.26.33.75 89.145.95.75 GET /
[ info ] www.mo1120.com/ [运行时间：0.028472s][吞吐率：35.12req/s] [内存消耗：2,173.77kb] [文件加载：43]
[ info ] [ LANG ] /www/wwwroot/ent.mo1120.com/thinkphp/lang/zh-cn.php
[ info ] [ ROUTE ] array (
  'type' => 'module',
  'module' => 
  array (
    0 => '',
    1 => NULL,
    2 => NULL,
  ),
)
[ info ] [ HEADER ] array (
  'accept-charset' => 'utf-8,iso-8859-1;q=0.7,*;q=0.6',
  'accept' => 'text/html,application/xhtml+xml,application/xml;q=0.9,*/*;q=0.8',
  'accept-encoding' => 'deflate, gzip',
  'user-agent' => 'Mozilla/5.0 (compatible; GrapeshotCrawler/2.0; +http://www.grapeshot.co.uk/crawler.php)',
  'host' => 'www.mo1120.com',
  'content-type' => '',
  'content-length' => '',
)
[ info ] [ PARAM ] array (
)
[ info ] [ DB ] INIT mysql
[ info ] [ RUN ] app\index\controller\Index->index[ /www/wwwroot/ent.mo1120.com/application/index/controller/Index.php ]
[ info ] [ VIEW ] /www/wwwroot/ent.mo1120.com/public/../application/index/view/index/index.html [ array (
  0 => 'config',
  1 => 'a',
  2 => 'solu_cate ',
  3 => 'cust_img',
  4 => 'news',
  5 => 'img',
  6 => 'customer',
  7 => 'menu',
) ]
[ info ] [ LOG ] INIT File
[ sql ] [ DB ] CONNECT:[ UseTime:0.000300s ] mysql:dbname=tp5;host=127.0.0.1;port=3306;charset=utf8
[ sql ] [ SQL ] SHOW COLUMNS FROM `think_config` [ RunTime:0.000790s ]
[ sql ] [ SQL ] SELECT * FROM `think_config` [ RunTime:0.000190s ]
[ sql ] [ SQL ] SHOW COLUMNS FROM `think_customer` [ RunTime:0.000686s ]
[ sql ] [ SQL ] SELECT * FROM `think_customer` WHERE  `is_on` = 1 [ RunTime:0.000256s ]
[ sql ] [ SQL ] SHOW COLUMNS FROM `think_index_img` [ RunTime:0.000642s ]
[ sql ] [ SQL ] SELECT * FROM `think_index_img` WHERE  `is_on` = 1 [ RunTime:0.000165s ]
[ sql ] [ SQL ] SHOW COLUMNS FROM `think_news` [ RunTime:0.000677s ]
[ sql ] [ SQL ] SELECT * FROM `think_news` WHERE  `status` = 1 ORDER BY id desc LIMIT 2 [ RunTime:0.000210s ]
[ sql ] [ SQL ] SHOW COLUMNS FROM `think_cust_img` [ RunTime:0.000624s ]
[ sql ] [ SQL ] SELECT * FROM `think_cust_img` WHERE  `is_on` = 1 ORDER BY id desc [ RunTime:0.000204s ]
[ sql ] [ SQL ] SHOW COLUMNS FROM `think_solutions_cate` [ RunTime:0.000639s ]
[ sql ] [ SQL ] SELECT * FROM `think_solutions_cate` WHERE  `is_on` = 1 ORDER BY id desc [ RunTime:0.000194s ]
---------------------------------------------------------------
[ 2017-10-10T14:45:25+08:00 ] 172.26.33.75 171.106.34.28 GET /index/index/indexs.html
[ info ] www.mo1120.com/index/index/indexs.html [运行时间：0.023836s][吞吐率：41.95req/s] [内存消耗：2,145.34kb] [文件加载：43]
[ info ] [ LANG ] /www/wwwroot/ent.mo1120.com/thinkphp/lang/zh-cn.php
[ info ] [ ROUTE ] array (
  'type' => 'module',
  'module' => 
  array (
    0 => 'index',
    1 => 'index',
    2 => 'indexs',
  ),
)
[ info ] [ HEADER ] array (
  'upgrade-insecure-requests' => '1',
  'connection' => 'keep-alive',
  'cookie' => 'serverType=nginx; order=id%20desc; memRealUsed=224; mem-before=224/996%20%28MB%29; memSize=996; Path=/www/wwwroot/ent.mo1120.com/public/static/index/img; uploadSize=1073741824; rank=a; BatchPaste=4; backup_path=/www/backup; BT_PANEL=d40344553be792ef6b7da0ba4f256e27b7b2b2a0; vcodesum=11; PHPSESSID=7pm23hmnvqs77c0fr9g516dukk',
  'accept-encoding' => 'gzip, deflate',
  'accept-language' => 'zh-CN,zh;q=0.8,en-US;q=0.5,en;q=0.3',
  'accept' => 'text/html,application/xhtml+xml,application/xml;q=0.9,*/*;q=0.8',
  'user-agent' => 'Mozilla/5.0 (Windows NT 10.0; Win64; x64; rv:56.0) Gecko/20100101 Firefox/56.0',
  'host' => 'www.mo1120.com',
  'content-type' => '',
  'content-length' => '',
)
[ info ] [ PARAM ] array (
)
[ info ] [ DB ] INIT mysql
[ info ] [ LOG ] INIT File
[ sql ] [ DB ] CONNECT:[ UseTime:0.000312s ] mysql:dbname=tp5;host=127.0.0.1;port=3306;charset=utf8
[ sql ] [ SQL ] SHOW COLUMNS FROM `think_config` [ RunTime:0.000652s ]
[ sql ] [ SQL ] SELECT * FROM `think_config` [ RunTime:0.000130s ]
---------------------------------------------------------------
[ 2017-10-10T14:45:25+08:00 ] 172.26.33.75 171.106.34.28 GET /index/index/indexs.html
[ info ] www.mo1120.com/index/index/indexs.html [运行时间：0.010433s][吞吐率：95.85req/s] [内存消耗：964.34kb] [文件加载：24]
[ info ] [ LANG ] /www/wwwroot/ent.mo1120.com/thinkphp/lang/zh-cn.php
[ info ] [ ROUTE ] array (
  'type' => 'module',
  'module' => 
  array (
    0 => '404',
    1 => NULL,
    2 => NULL,
  ),
)
[ info ] [ HEADER ] array (
  'upgrade-insecure-requests' => '1',
  'connection' => 'keep-alive',
  'cookie' => 'serverType=nginx; order=id%20desc; memRealUsed=224; mem-before=224/996%20%28MB%29; memSize=996; Path=/www/wwwroot/ent.mo1120.com/public/static/index/img; uploadSize=1073741824; rank=a; BatchPaste=4; backup_path=/www/backup; BT_PANEL=d40344553be792ef6b7da0ba4f256e27b7b2b2a0; vcodesum=11; PHPSESSID=7pm23hmnvqs77c0fr9g516dukk',
  'accept-encoding' => 'gzip, deflate',
  'accept-language' => 'zh-CN,zh;q=0.8,en-US;q=0.5,en;q=0.3',
  'accept' => 'text/html,application/xhtml+xml,application/xml;q=0.9,*/*;q=0.8',
  'user-agent' => 'Mozilla/5.0 (Windows NT 10.0; Win64; x64; rv:56.0) Gecko/20100101 Firefox/56.0',
  'host' => 'www.mo1120.com',
  'content-type' => '',
  'content-length' => '',
)
[ info ] [ PARAM ] array (
)
[ info ] [ LOG ] INIT File
---------------------------------------------------------------
[ 2017-10-10T14:59:54+08:00 ] 172.26.33.75 171.106.34.28 GET /index/index/indexs.html
[ sql ] [ DB ] CONNECT:[ UseTime:0.000582s ] mysql:dbname=tp5;host=127.0.0.1;port=3306;charset=utf8
[ sql ] [ SQL ] SHOW COLUMNS FROM `think_config` [ RunTime:0.000680s ]
[ sql ] [ SQL ] SELECT * FROM `think_config` [ RunTime:0.000145s ]
---------------------------------------------------------------
[ 2017-10-10T14:59:54+08:00 ] 172.26.33.75 171.106.34.28 GET /index/index/indexs.html
[ sql ] [ DB ] CONNECT:[ UseTime:0.000557s ] mysql:dbname=tp5;host=127.0.0.1;port=3306;charset=utf8
[ sql ] [ SQL ] SHOW COLUMNS FROM `think_config` [ RunTime:0.000658s ]
[ sql ] [ SQL ] SELECT * FROM `think_config` [ RunTime:0.000137s ]
---------------------------------------------------------------
[ 2017-10-10T15:00:01+08:00 ] 172.26.33.75 171.106.34.28 GET /index/index/index.html
[ sql ] [ DB ] CONNECT:[ UseTime:0.000578s ] mysql:dbname=tp5;host=127.0.0.1;port=3306;charset=utf8
[ sql ] [ SQL ] SHOW COLUMNS FROM `think_config` [ RunTime:0.000678s ]
[ sql ] [ SQL ] SELECT * FROM `think_config` [ RunTime:0.000158s ]
[ sql ] [ SQL ] SHOW COLUMNS FROM `think_customer` [ RunTime:0.000495s ]
[ sql ] [ SQL ] SELECT * FROM `think_customer` WHERE  `is_on` = 1 [ RunTime:0.000191s ]
[ sql ] [ SQL ] SHOW COLUMNS FROM `think_index_img` [ RunTime:0.000457s ]
[ sql ] [ SQL ] SELECT * FROM `think_index_img` WHERE  `is_on` = 1 [ RunTime:0.000132s ]
[ sql ] [ SQL ] SHOW COLUMNS FROM `think_news` [ RunTime:0.000502s ]
[ sql ] [ SQL ] SELECT * FROM `think_news` WHERE  `status` = 1 ORDER BY id desc LIMIT 2 [ RunTime:0.000147s ]
[ sql ] [ SQL ] SHOW COLUMNS FROM `think_cust_img` [ RunTime:0.000463s ]
[ sql ] [ SQL ] SELECT * FROM `think_cust_img` WHERE  `is_on` = 1 ORDER BY id desc [ RunTime:0.000149s ]
[ sql ] [ SQL ] SHOW COLUMNS FROM `think_solutions_cate` [ RunTime:0.000476s ]
[ sql ] [ SQL ] SELECT * FROM `think_solutions_cate` WHERE  `is_on` = 1 ORDER BY id desc [ RunTime:0.000139s ]
---------------------------------------------------------------
[ 2017-10-10T15:00:42+08:00 ] 172.26.33.75 171.106.34.28 GET /index/index/index.html
[ error ] [0]语法解析错误: syntax error, unexpected '$this' (T_VARIABLE)
---------------------------------------------------------------
[ 2017-10-10T15:02:12+08:00 ] 172.26.33.75 171.106.34.28 GET /index/index/index.html
[ error ] [0]语法解析错误: syntax error, unexpected '$this' (T_VARIABLE)
---------------------------------------------------------------
[ 2017-10-10T15:03:26+08:00 ] 172.26.33.75 171.106.34.28 GET /index/index/index.html
[ sql ] [ DB ] CONNECT:[ UseTime:0.000537s ] mysql:dbname=tp5;host=127.0.0.1;port=3306;charset=utf8
[ sql ] [ SQL ] SHOW COLUMNS FROM `think_config` [ RunTime:0.000642s ]
[ sql ] [ SQL ] SELECT * FROM `think_config` [ RunTime:0.000138s ]
[ sql ] [ SQL ] SHOW COLUMNS FROM `think_customer` [ RunTime:0.000478s ]
[ sql ] [ SQL ] SELECT * FROM `think_customer` WHERE  `is_on` = 1 [ RunTime:0.000154s ]
[ sql ] [ SQL ] SHOW COLUMNS FROM `think_index_img` [ RunTime:0.000448s ]
[ sql ] [ SQL ] SELECT * FROM `think_index_img` WHERE  `is_on` = 1 [ RunTime:0.000124s ]
[ sql ] [ SQL ] SHOW COLUMNS FROM `think_news` [ RunTime:0.000471s ]
[ sql ] [ SQL ] SELECT * FROM `think_news` WHERE  `status` = 1 ORDER BY id desc LIMIT 2 [ RunTime:0.000150s ]
[ sql ] [ SQL ] SHOW COLUMNS FROM `think_cust_img` [ RunTime:0.000445s ]
[ sql ] [ SQL ] SELECT * FROM `think_cust_img` WHERE  `is_on` = 1 ORDER BY id desc [ RunTime:0.000128s ]
[ sql ] [ SQL ] SHOW COLUMNS FROM `think_solutions_cate` [ RunTime:0.000444s ]
[ sql ] [ SQL ] SELECT * FROM `think_solutions_cate` WHERE  `is_on` = 1 ORDER BY id desc [ RunTime:0.000134s ]
---------------------------------------------------------------
[ 2017-10-10T15:03:56+08:00 ] 172.26.33.75 171.106.34.28 GET /index/index/index.html
[ error ] [0]语法解析错误: syntax error, unexpected '$this' (T_VARIABLE)
---------------------------------------------------------------
[ 2017-10-10T15:11:00+08:00 ] 172.26.33.75 171.106.34.28 GET /
[ sql ] [ DB ] CONNECT:[ UseTime:0.000556s ] mysql:dbname=tp5;host=127.0.0.1;port=3306;charset=utf8
[ sql ] [ SQL ] SHOW COLUMNS FROM `think_config` [ RunTime:0.000632s ]
[ sql ] [ SQL ] SELECT * FROM `think_config` [ RunTime:0.000131s ]
[ sql ] [ SQL ] SHOW COLUMNS FROM `think_customer` [ RunTime:0.000497s ]
[ sql ] [ SQL ] SELECT * FROM `think_customer` WHERE  `is_on` = 1 [ RunTime:0.000149s ]
[ sql ] [ SQL ] SHOW COLUMNS FROM `think_index_img` [ RunTime:0.000437s ]
[ sql ] [ SQL ] SELECT * FROM `think_index_img` WHERE  `is_on` = 1 [ RunTime:0.000119s ]
[ sql ] [ SQL ] SHOW COLUMNS FROM `think_news` [ RunTime:0.000519s ]
[ sql ] [ SQL ] SELECT * FROM `think_news` WHERE  `status` = 1 ORDER BY id desc LIMIT 2 [ RunTime:0.000131s ]
[ sql ] [ SQL ] SHOW COLUMNS FROM `think_cust_img` [ RunTime:0.000423s ]
[ sql ] [ SQL ] SELECT * FROM `think_cust_img` WHERE  `is_on` = 1 ORDER BY id desc [ RunTime:0.000142s ]
[ sql ] [ SQL ] SHOW COLUMNS FROM `think_solutions_cate` [ RunTime:0.000464s ]
[ sql ] [ SQL ] SELECT * FROM `think_solutions_cate` WHERE  `is_on` = 1 ORDER BY id desc [ RunTime:0.000126s ]
---------------------------------------------------------------
[ 2017-10-10T15:14:12+08:00 ] 172.26.33.75 171.106.34.28 GET /index/index/index.html
[ sql ] [ DB ] CONNECT:[ UseTime:0.000579s ] mysql:dbname=tp5;host=127.0.0.1;port=3306;charset=utf8
[ sql ] [ SQL ] SHOW COLUMNS FROM `think_config` [ RunTime:0.000659s ]
[ sql ] [ SQL ] SELECT * FROM `think_config` [ RunTime:0.000148s ]
[ sql ] [ SQL ] SHOW COLUMNS FROM `think_customer` [ RunTime:0.000452s ]
[ sql ] [ SQL ] SELECT * FROM `think_customer` WHERE  `is_on` = 1 [ RunTime:0.000165s ]
[ sql ] [ SQL ] SHOW COLUMNS FROM `think_index_img` [ RunTime:0.000433s ]
[ sql ] [ SQL ] SELECT * FROM `think_index_img` WHERE  `is_on` = 1 [ RunTime:0.000148s ]
[ sql ] [ SQL ] SHOW COLUMNS FROM `think_news` [ RunTime:0.000465s ]
[ sql ] [ SQL ] SELECT * FROM `think_news` WHERE  `status` = 1 ORDER BY id desc LIMIT 2 [ RunTime:0.000147s ]
[ sql ] [ SQL ] SHOW COLUMNS FROM `think_cust_img` [ RunTime:0.000439s ]
[ sql ] [ SQL ] SELECT * FROM `think_cust_img` WHERE  `is_on` = 1 ORDER BY id desc [ RunTime:0.000122s ]
[ sql ] [ SQL ] SHOW COLUMNS FROM `think_solutions_cate` [ RunTime:0.000458s ]
[ sql ] [ SQL ] SELECT * FROM `think_solutions_cate` WHERE  `is_on` = 1 ORDER BY id desc [ RunTime:0.000144s ]
---------------------------------------------------------------
[ 2017-10-10T15:14:14+08:00 ] 172.26.33.75 171.106.34.28 GET /index/news/index.html
[ sql ] [ DB ] CONNECT:[ UseTime:0.000600s ] mysql:dbname=tp5;host=127.0.0.1;port=3306;charset=utf8
[ sql ] [ SQL ] SHOW COLUMNS FROM `think_config` [ RunTime:0.000699s ]
[ sql ] [ SQL ] SELECT * FROM `think_config` [ RunTime:0.000136s ]
[ sql ] [ SQL ] SHOW COLUMNS FROM `think_news` [ RunTime:0.000523s ]
[ sql ] [ SQL ] SELECT COUNT(*) AS tp_count FROM `think_news` INNER JOIN `think_news_cate` `think_news_cate` ON `think_news`.`cate_id`=`think_news_cate`.`id` WHERE  `think_news`.`status` = 1 LIMIT 1 [ RunTime:0.000139s ]
[ sql ] [ SQL ] SELECT `think_news`.*,`name` FROM `think_news` INNER JOIN `think_news_cate` `think_news_cate` ON `think_news`.`cate_id`=`think_news_cate`.`id` WHERE  `think_news`.`status` = 1 ORDER BY id desc LIMIT 0,6 [ RunTime:0.000159s ]
[ sql ] [ SQL ] SELECT * FROM `think_news` ORDER BY views desc LIMIT 5 [ RunTime:0.000130s ]
---------------------------------------------------------------
[ 2017-10-10T15:14:29+08:00 ] 172.26.33.75 171.106.34.28 GET /index/about/index.html
[ sql ] [ DB ] CONNECT:[ UseTime:0.000582s ] mysql:dbname=tp5;host=127.0.0.1;port=3306;charset=utf8
[ sql ] [ SQL ] SHOW COLUMNS FROM `think_config` [ RunTime:0.000671s ]
[ sql ] [ SQL ] SELECT * FROM `think_config` [ RunTime:0.000136s ]
[ sql ] [ SQL ] SHOW COLUMNS FROM `think_office` [ RunTime:0.000444s ]
[ sql ] [ SQL ] SELECT * FROM `think_office` WHERE  `status` = 1 [ RunTime:0.000140s ]
[ sql ] [ SQL ] SELECT * FROM `think_office` WHERE  `status` = 0 LIMIT 1 [ RunTime:0.000144s ]
---------------------------------------------------------------
[ 2017-10-10T16:11:31+08:00 ] 172.26.33.75 171.106.34.28 GET /index/about/indexs.html
[ sql ] [ DB ] CONNECT:[ UseTime:0.000805s ] mysql:dbname=tp5;host=127.0.0.1;port=3306;charset=utf8
[ sql ] [ SQL ] SHOW COLUMNS FROM `think_config` [ RunTime:0.000931s ]
[ sql ] [ SQL ] SELECT * FROM `think_config` [ RunTime:0.000185s ]
[ error ] [1]Uncaught think\exception\TemplateNotFoundException: template not exists:/www/wwwroot/ent.mo1120.com/public/../application/404.html in /www/wwwroot/ent.mo1120.com/thinkphp/library/think/view/driver/Think.php:80
Stack trace:
#0 /www/wwwroot/ent.mo1120.com/thinkphp/library/think/View.php(159): think\view\driver\Think->fetch('/www/wwwroot/en...', Array, Array)
#1 /www/wwwroot/ent.mo1120.com/thinkphp/library/think/response/View.php(36): think\View->fetch('/www/wwwroot/en...', Array, Array)
#2 /www/wwwroot/ent.mo1120.com/thinkphp/library/think/Response.php(309): think\response\View->output('/www/wwwroot/en...')
#3 /www/wwwroot/ent.mo1120.com/thinkphp/library/think/Response.php(94): think\Response->getContent()
#4 /www/wwwroot/ent.mo1120.com/thinkphp/library/think/Error.php(47): think\Response->send()
#5 [internal function]: think\Error::appException(Object(think\exception\HttpException))
#6 {main}
  thrown
---------------------------------------------------------------
[ 2017-10-10T16:12:42+08:00 ] 172.26.33.75 171.106.34.28 GET /index/about/indexs.html
[ sql ] [ DB ] CONNECT:[ UseTime:0.000546s ] mysql:dbname=tp5;host=127.0.0.1;port=3306;charset=utf8
[ sql ] [ SQL ] SHOW COLUMNS FROM `think_config` [ RunTime:0.000670s ]
[ sql ] [ SQL ] SELECT * FROM `think_config` [ RunTime:0.000155s ]
[ error ] [1]Uncaught think\exception\TemplateNotFoundException: template not exists:/www/wwwroot/ent.mo1120.com/public/../application/404.html in /www/wwwroot/ent.mo1120.com/thinkphp/library/think/view/driver/Think.php:80
Stack trace:
#0 /www/wwwroot/ent.mo1120.com/thinkphp/library/think/View.php(159): think\view\driver\Think->fetch('/www/wwwroot/en...', Array, Array)
#1 /www/wwwroot/ent.mo1120.com/thinkphp/library/think/response/View.php(36): think\View->fetch('/www/wwwroot/en...', Array, Array)
#2 /www/wwwroot/ent.mo1120.com/thinkphp/library/think/Response.php(309): think\response\View->output('/www/wwwroot/en...')
#3 /www/wwwroot/ent.mo1120.com/thinkphp/library/think/Response.php(94): think\Response->getContent()
#4 /www/wwwroot/ent.mo1120.com/thinkphp/library/think/Error.php(47): think\Response->send()
#5 [internal function]: think\Error::appException(Object(think\exception\HttpException))
#6 {main}
  thrown
---------------------------------------------------------------
[ 2017-10-10T16:12:42+08:00 ] 172.26.33.75 171.106.34.28 GET /index/about/indexs.html
[ sql ] [ DB ] CONNECT:[ UseTime:0.000520s ] mysql:dbname=tp5;host=127.0.0.1;port=3306;charset=utf8
[ sql ] [ SQL ] SHOW COLUMNS FROM `think_config` [ RunTime:0.000623s ]
[ sql ] [ SQL ] SELECT * FROM `think_config` [ RunTime:0.000132s ]
[ error ] [1]Uncaught think\exception\TemplateNotFoundException: template not exists:/www/wwwroot/ent.mo1120.com/public/../application/404.html in /www/wwwroot/ent.mo1120.com/thinkphp/library/think/view/driver/Think.php:80
Stack trace:
#0 /www/wwwroot/ent.mo1120.com/thinkphp/library/think/View.php(159): think\view\driver\Think->fetch('/www/wwwroot/en...', Array, Array)
#1 /www/wwwroot/ent.mo1120.com/thinkphp/library/think/response/View.php(36): think\View->fetch('/www/wwwroot/en...', Array, Array)
#2 /www/wwwroot/ent.mo1120.com/thinkphp/library/think/Response.php(309): think\response\View->output('/www/wwwroot/en...')
#3 /www/wwwroot/ent.mo1120.com/thinkphp/library/think/Response.php(94): think\Response->getContent()
#4 /www/wwwroot/ent.mo1120.com/thinkphp/library/think/Error.php(47): think\Response->send()
#5 [internal function]: think\Error::appException(Object(think\exception\HttpException))
#6 {main}
  thrown
---------------------------------------------------------------
[ 2017-10-10T16:14:44+08:00 ] 172.26.33.75 171.106.34.28 GET /index/about/indexs.html
[ sql ] [ DB ] CONNECT:[ UseTime:0.000559s ] mysql:dbname=tp5;host=127.0.0.1;port=3306;charset=utf8
[ sql ] [ SQL ] SHOW COLUMNS FROM `think_config` [ RunTime:0.000707s ]
[ sql ] [ SQL ] SELECT * FROM `think_config` [ RunTime:0.000151s ]
[ error ] [1]Uncaught think\exception\TemplateNotFoundException: template not exists:/www/wwwroot/ent.mo1120.com/public/../application/404.html in /www/wwwroot/ent.mo1120.com/thinkphp/library/think/view/driver/Think.php:80
Stack trace:
#0 /www/wwwroot/ent.mo1120.com/thinkphp/library/think/View.php(159): think\view\driver\Think->fetch('/www/wwwroot/en...', Array, Array)
#1 /www/wwwroot/ent.mo1120.com/thinkphp/library/think/response/View.php(36): think\View->fetch('/www/wwwroot/en...', Array, Array)
#2 /www/wwwroot/ent.mo1120.com/thinkphp/library/think/Response.php(309): think\response\View->output('/www/wwwroot/en...')
#3 /www/wwwroot/ent.mo1120.com/thinkphp/library/think/Response.php(94): think\Response->getContent()
#4 /www/wwwroot/ent.mo1120.com/thinkphp/library/think/Error.php(47): think\Response->send()
#5 [internal function]: think\Error::appException(Object(think\exception\HttpException))
#6 {main}
  thrown
---------------------------------------------------------------
[ 2017-10-10T16:14:45+08:00 ] 172.26.33.75 171.106.34.28 GET /index/about/indexs.html
[ sql ] [ DB ] CONNECT:[ UseTime:0.000541s ] mysql:dbname=tp5;host=127.0.0.1;port=3306;charset=utf8
[ sql ] [ SQL ] SHOW COLUMNS FROM `think_config` [ RunTime:0.000665s ]
[ sql ] [ SQL ] SELECT * FROM `think_config` [ RunTime:0.000136s ]
[ error ] [1]Uncaught think\exception\TemplateNotFoundException: template not exists:/www/wwwroot/ent.mo1120.com/public/../application/404.html in /www/wwwroot/ent.mo1120.com/thinkphp/library/think/view/driver/Think.php:80
Stack trace:
#0 /www/wwwroot/ent.mo1120.com/thinkphp/library/think/View.php(159): think\view\driver\Think->fetch('/www/wwwroot/en...', Array, Array)
#1 /www/wwwroot/ent.mo1120.com/thinkphp/library/think/response/View.php(36): think\View->fetch('/www/wwwroot/en...', Array, Array)
#2 /www/wwwroot/ent.mo1120.com/thinkphp/library/think/Response.php(309): think\response\View->output('/www/wwwroot/en...')
#3 /www/wwwroot/ent.mo1120.com/thinkphp/library/think/Response.php(94): think\Response->getContent()
#4 /www/wwwroot/ent.mo1120.com/thinkphp/library/think/Error.php(47): think\Response->send()
#5 [internal function]: think\Error::appException(Object(think\exception\HttpException))
#6 {main}
  thrown
---------------------------------------------------------------
[ 2017-10-10T16:14:47+08:00 ] 172.26.33.75 171.106.34.28 GET /index/about/indexs.html
[ sql ] [ DB ] CONNECT:[ UseTime:0.000908s ] mysql:dbname=tp5;host=127.0.0.1;port=3306;charset=utf8
[ sql ] [ SQL ] SHOW COLUMNS FROM `think_config` [ RunTime:0.000909s ]
[ sql ] [ SQL ] SELECT * FROM `think_config` [ RunTime:0.000215s ]
[ error ] [1]Uncaught think\exception\TemplateNotFoundException: template not exists:/www/wwwroot/ent.mo1120.com/public/../application/404.html in /www/wwwroot/ent.mo1120.com/thinkphp/library/think/view/driver/Think.php:80
Stack trace:
#0 /www/wwwroot/ent.mo1120.com/thinkphp/library/think/View.php(159): think\view\driver\Think->fetch('/www/wwwroot/en...', Array, Array)
#1 /www/wwwroot/ent.mo1120.com/thinkphp/library/think/response/View.php(36): think\View->fetch('/www/wwwroot/en...', Array, Array)
#2 /www/wwwroot/ent.mo1120.com/thinkphp/library/think/Response.php(309): think\response\View->output('/www/wwwroot/en...')
#3 /www/wwwroot/ent.mo1120.com/thinkphp/library/think/Response.php(94): think\Response->getContent()
#4 /www/wwwroot/ent.mo1120.com/thinkphp/library/think/Error.php(47): think\Response->send()
#5 [internal function]: think\Error::appException(Object(think\exception\HttpException))
#6 {main}
  thrown
---------------------------------------------------------------
[ 2017-10-10T16:49:18+08:00 ] 172.26.33.75 47.90.40.107 GET /
[ sql ] [ DB ] CONNECT:[ UseTime:0.000617s ] mysql:dbname=tp5;host=127.0.0.1;port=3306;charset=utf8
[ sql ] [ SQL ] SHOW COLUMNS FROM `think_config` [ RunTime:0.000704s ]
[ sql ] [ SQL ] SELECT * FROM `think_config` [ RunTime:0.000152s ]
[ sql ] [ SQL ] SHOW COLUMNS FROM `think_customer` [ RunTime:0.000471s ]
[ sql ] [ SQL ] SELECT * FROM `think_customer` WHERE  `is_on` = 1 [ RunTime:0.000149s ]
[ sql ] [ SQL ] SHOW COLUMNS FROM `think_index_img` [ RunTime:0.000442s ]
[ sql ] [ SQL ] SELECT * FROM `think_index_img` WHERE  `is_on` = 1 [ RunTime:0.000119s ]
[ sql ] [ SQL ] SHOW COLUMNS FROM `think_news` [ RunTime:0.000467s ]
[ sql ] [ SQL ] SELECT * FROM `think_news` WHERE  `status` = 1 ORDER BY id desc LIMIT 2 [ RunTime:0.000152s ]
[ sql ] [ SQL ] SHOW COLUMNS FROM `think_cust_img` [ RunTime:0.000411s ]
[ sql ] [ SQL ] SELECT * FROM `think_cust_img` WHERE  `is_on` = 1 ORDER BY id desc [ RunTime:0.000124s ]
[ sql ] [ SQL ] SHOW COLUMNS FROM `think_solutions_cate` [ RunTime:0.000460s ]
[ sql ] [ SQL ] SELECT * FROM `think_solutions_cate` WHERE  `is_on` = 1 ORDER BY id desc [ RunTime:0.000138s ]
---------------------------------------------------------------
[ 2017-10-10T16:49:18+08:00 ] 172.26.33.75 47.90.40.107 GET /
[ sql ] [ DB ] CONNECT:[ UseTime:0.000580s ] mysql:dbname=tp5;host=127.0.0.1;port=3306;charset=utf8
[ sql ] [ SQL ] SHOW COLUMNS FROM `think_config` [ RunTime:0.000692s ]
[ sql ] [ SQL ] SELECT * FROM `think_config` [ RunTime:0.000137s ]
[ sql ] [ SQL ] SHOW COLUMNS FROM `think_customer` [ RunTime:0.000470s ]
[ sql ] [ SQL ] SELECT * FROM `think_customer` WHERE  `is_on` = 1 [ RunTime:0.000155s ]
[ sql ] [ SQL ] SHOW COLUMNS FROM `think_index_img` [ RunTime:0.000453s ]
[ sql ] [ SQL ] SELECT * FROM `think_index_img` WHERE  `is_on` = 1 [ RunTime:0.000137s ]
[ sql ] [ SQL ] SHOW COLUMNS FROM `think_news` [ RunTime:0.000478s ]
[ sql ] [ SQL ] SELECT * FROM `think_news` WHERE  `status` = 1 ORDER BY id desc LIMIT 2 [ RunTime:0.000138s ]
[ sql ] [ SQL ] SHOW COLUMNS FROM `think_cust_img` [ RunTime:0.000436s ]
[ sql ] [ SQL ] SELECT * FROM `think_cust_img` WHERE  `is_on` = 1 ORDER BY id desc [ RunTime:0.000130s ]
[ sql ] [ SQL ] SHOW COLUMNS FROM `think_solutions_cate` [ RunTime:0.000449s ]
[ sql ] [ SQL ] SELECT * FROM `think_solutions_cate` WHERE  `is_on` = 1 ORDER BY id desc [ RunTime:0.000151s ]
---------------------------------------------------------------
[ 2017-10-10T21:09:51+08:00 ] 172.26.33.75 171.106.34.28 GET /index/about/index.html
[ sql ] [ DB ] CONNECT:[ UseTime:0.000610s ] mysql:dbname=tp5;host=127.0.0.1;port=3306;charset=utf8
[ sql ] [ SQL ] SHOW COLUMNS FROM `think_config` [ RunTime:0.000648s ]
[ sql ] [ SQL ] SELECT * FROM `think_config` [ RunTime:0.000145s ]
[ sql ] [ SQL ] SHOW COLUMNS FROM `think_office` [ RunTime:0.000454s ]
[ sql ] [ SQL ] SELECT * FROM `think_office` WHERE  `status` = 1 [ RunTime:0.000159s ]
[ sql ] [ SQL ] SELECT * FROM `think_office` WHERE  `status` = 0 LIMIT 1 [ RunTime:0.000126s ]
