---------------------------------------------------------------
[ 2018-02-12T00:48:17+08:00 ] 172.26.33.75 123.125.71.72 GET /
[ info ] www.mo1120.com/ [运行时间：0.031359s][吞吐率：31.89req/s] [内存消耗：2,259.11kb] [文件加载：47]
[ info ] [ LANG ] /www/wwwroot/ent.mo1120.com/thinkphp/lang/zh-cn.php
[ info ] [ ROUTE ] array (
  'type' => 'module',
  'module' => 
  array (
    0 => '',
    1 => NULL,
    2 => NULL,
  ),
)
[ info ] [ HEADER ] array (
  'accept' => '*/*',
  'accept-encoding' => 'gzip',
  'if-none-match' => '"@NULL@"',
  'accept-language' => 'zh-cn,zh-tw',
  'user-agent' => 'Mozilla/5.0 (compatible; Baiduspider/2.0; +http://www.baidu.com/search/spider.html)',
  'connection' => 'close',
  'host' => 'www.mo1120.com',
  'content-type' => '',
  'content-length' => '',
)
[ info ] [ PARAM ] array (
)
[ info ] [ DB ] INIT mysql
[ info ] [ RUN ] app\index\controller\Index->index[ /www/wwwroot/ent.mo1120.com/application/index/controller/Index.php ]
[ info ] [ VIEW ] /www/wwwroot/ent.mo1120.com/public/../application/index/view/index/index.html [ array (
  0 => 'config',
  1 => 'a',
  2 => 'solu_cate ',
  3 => 'cust_img',
  4 => 'news',
  5 => 'img',
  6 => 'customer',
  7 => 'menu',
) ]
[ info ] [ LOG ] INIT File
[ sql ] [ DB ] CONNECT:[ UseTime:0.000301s ] mysql:dbname=tp5;host=127.0.0.1;port=3306;charset=utf8
[ sql ] [ SQL ] SHOW COLUMNS FROM `think_config` [ RunTime:0.000692s ]
[ sql ] [ SQL ] SELECT * FROM `think_config` [ RunTime:0.000147s ]
[ sql ] [ SQL ] SHOW COLUMNS FROM `think_customer` [ RunTime:0.000511s ]
[ sql ] [ SQL ] SELECT * FROM `think_customer` WHERE  `is_on` = 1 [ RunTime:0.000163s ]
[ sql ] [ SQL ] SHOW COLUMNS FROM `think_index_img` [ RunTime:0.000454s ]
[ sql ] [ SQL ] SELECT * FROM `think_index_img` WHERE  `is_on` = 1 [ RunTime:0.000132s ]
[ sql ] [ SQL ] SHOW COLUMNS FROM `think_news` [ RunTime:0.000480s ]
[ sql ] [ SQL ] SELECT * FROM `think_news` WHERE  `status` = 1 ORDER BY id desc LIMIT 2 [ RunTime:0.000150s ]
[ sql ] [ SQL ] SHOW COLUMNS FROM `think_cust_img` [ RunTime:0.000467s ]
[ sql ] [ SQL ] SELECT * FROM `think_cust_img` WHERE  `is_on` = 1 ORDER BY id desc [ RunTime:0.000162s ]
[ sql ] [ SQL ] SHOW COLUMNS FROM `think_solutions_cate` [ RunTime:0.000535s ]
[ sql ] [ SQL ] SELECT * FROM `think_solutions_cate` WHERE  `is_on` = 1 ORDER BY id desc [ RunTime:0.000166s ]
---------------------------------------------------------------
[ 2018-02-12T03:24:20+08:00 ] 172.26.33.75 115.216.115.44 HEAD /gbook/?1_1.html
[ info ] www.mo1120.com/gbook/?1_1.html [运行时间：0.015316s][吞吐率：65.29req/s] [内存消耗：968.26kb] [文件加载：29]
[ info ] [ LANG ] /www/wwwroot/ent.mo1120.com/thinkphp/lang/zh-cn.php
[ info ] [ ROUTE ] array (
  'type' => 'module',
  'module' => 
  array (
    0 => 'gbook',
    1 => NULL,
    2 => NULL,
  ),
)
[ info ] [ HEADER ] array (
  'connection' => 'Keep-Alive',
  'host' => 'www.mo1120.com',
  'content-type' => '',
  'content-length' => '',
)
[ info ] [ PARAM ] array (
  '1_1_html' => '',
)
[ info ] [ LOG ] INIT File
---------------------------------------------------------------
[ 2018-02-12T03:24:20+08:00 ] 172.26.33.75 115.216.115.44 HEAD /gbook/?1_1.html
[ info ] www.mo1120.com/gbook/?1_1.html [运行时间：0.013069s][吞吐率：76.52req/s] [内存消耗：967.92kb] [文件加载：29]
[ info ] [ LANG ] /www/wwwroot/ent.mo1120.com/thinkphp/lang/zh-cn.php
[ info ] [ ROUTE ] array (
  'type' => 'module',
  'module' => 
  array (
    0 => '404',
    1 => NULL,
    2 => NULL,
  ),
)
[ info ] [ HEADER ] array (
  'connection' => 'Keep-Alive',
  'host' => 'www.mo1120.com',
  'content-type' => '',
  'content-length' => '',
)
[ info ] [ PARAM ] array (
)
[ info ] [ LOG ] INIT File
---------------------------------------------------------------
[ 2018-02-12T08:48:10+08:00 ] 172.26.33.75 123.125.71.54 GET /
[ info ] www.mo1120.com/ [运行时间：0.033879s][吞吐率：29.52req/s] [内存消耗：2,259.11kb] [文件加载：47]
[ info ] [ LANG ] /www/wwwroot/ent.mo1120.com/thinkphp/lang/zh-cn.php
[ info ] [ ROUTE ] array (
  'type' => 'module',
  'module' => 
  array (
    0 => '',
    1 => NULL,
    2 => NULL,
  ),
)
[ info ] [ HEADER ] array (
  'accept' => '*/*',
  'accept-encoding' => 'gzip',
  'if-none-match' => '"@NULL@"',
  'accept-language' => 'zh-cn,zh-tw',
  'user-agent' => 'Mozilla/5.0 (compatible; Baiduspider/2.0; +http://www.baidu.com/search/spider.html)',
  'connection' => 'close',
  'host' => 'www.mo1120.com',
  'content-type' => '',
  'content-length' => '',
)
[ info ] [ PARAM ] array (
)
[ info ] [ DB ] INIT mysql
[ info ] [ RUN ] app\index\controller\Index->index[ /www/wwwroot/ent.mo1120.com/application/index/controller/Index.php ]
[ info ] [ VIEW ] /www/wwwroot/ent.mo1120.com/public/../application/index/view/index/index.html [ array (
  0 => 'config',
  1 => 'a',
  2 => 'solu_cate ',
  3 => 'cust_img',
  4 => 'news',
  5 => 'img',
  6 => 'customer',
  7 => 'menu',
) ]
[ info ] [ LOG ] INIT File
[ sql ] [ DB ] CONNECT:[ UseTime:0.000354s ] mysql:dbname=tp5;host=127.0.0.1;port=3306;charset=utf8
[ sql ] [ SQL ] SHOW COLUMNS FROM `think_config` [ RunTime:0.000659s ]
[ sql ] [ SQL ] SELECT * FROM `think_config` [ RunTime:0.000159s ]
[ sql ] [ SQL ] SHOW COLUMNS FROM `think_customer` [ RunTime:0.000510s ]
[ sql ] [ SQL ] SELECT * FROM `think_customer` WHERE  `is_on` = 1 [ RunTime:0.000182s ]
[ sql ] [ SQL ] SHOW COLUMNS FROM `think_index_img` [ RunTime:0.000466s ]
[ sql ] [ SQL ] SELECT * FROM `think_index_img` WHERE  `is_on` = 1 [ RunTime:0.000125s ]
[ sql ] [ SQL ] SHOW COLUMNS FROM `think_news` [ RunTime:0.000504s ]
[ sql ] [ SQL ] SELECT * FROM `think_news` WHERE  `status` = 1 ORDER BY id desc LIMIT 2 [ RunTime:0.000144s ]
[ sql ] [ SQL ] SHOW COLUMNS FROM `think_cust_img` [ RunTime:0.000440s ]
[ sql ] [ SQL ] SELECT * FROM `think_cust_img` WHERE  `is_on` = 1 ORDER BY id desc [ RunTime:0.000166s ]
[ sql ] [ SQL ] SHOW COLUMNS FROM `think_solutions_cate` [ RunTime:0.000454s ]
[ sql ] [ SQL ] SELECT * FROM `think_solutions_cate` WHERE  `is_on` = 1 ORDER BY id desc [ RunTime:0.000132s ]
---------------------------------------------------------------
[ 2018-02-12T16:43:15+08:00 ] 172.26.33.75 220.181.108.93 GET /
[ info ] www.mo1120.com/ [运行时间：0.031776s][吞吐率：31.47req/s] [内存消耗：2,259.11kb] [文件加载：47]
[ info ] [ LANG ] /www/wwwroot/ent.mo1120.com/thinkphp/lang/zh-cn.php
[ info ] [ ROUTE ] array (
  'type' => 'module',
  'module' => 
  array (
    0 => '',
    1 => NULL,
    2 => NULL,
  ),
)
[ info ] [ HEADER ] array (
  'accept' => '*/*',
  'accept-encoding' => 'gzip',
  'if-none-match' => '"@NULL@"',
  'accept-language' => 'zh-cn,zh-tw',
  'user-agent' => 'Mozilla/5.0 (compatible; Baiduspider/2.0; +http://www.baidu.com/search/spider.html)',
  'connection' => 'close',
  'host' => 'www.mo1120.com',
  'content-type' => '',
  'content-length' => '',
)
[ info ] [ PARAM ] array (
)
[ info ] [ DB ] INIT mysql
[ info ] [ RUN ] app\index\controller\Index->index[ /www/wwwroot/ent.mo1120.com/application/index/controller/Index.php ]
[ info ] [ VIEW ] /www/wwwroot/ent.mo1120.com/public/../application/index/view/index/index.html [ array (
  0 => 'config',
  1 => 'a',
  2 => 'solu_cate ',
  3 => 'cust_img',
  4 => 'news',
  5 => 'img',
  6 => 'customer',
  7 => 'menu',
) ]
[ info ] [ LOG ] INIT File
[ sql ] [ DB ] CONNECT:[ UseTime:0.000327s ] mysql:dbname=tp5;host=127.0.0.1;port=3306;charset=utf8
[ sql ] [ SQL ] SHOW COLUMNS FROM `think_config` [ RunTime:0.000673s ]
[ sql ] [ SQL ] SELECT * FROM `think_config` [ RunTime:0.000179s ]
[ sql ] [ SQL ] SHOW COLUMNS FROM `think_customer` [ RunTime:0.000483s ]
[ sql ] [ SQL ] SELECT * FROM `think_customer` WHERE  `is_on` = 1 [ RunTime:0.000159s ]
[ sql ] [ SQL ] SHOW COLUMNS FROM `think_index_img` [ RunTime:0.000435s ]
[ sql ] [ SQL ] SELECT * FROM `think_index_img` WHERE  `is_on` = 1 [ RunTime:0.000159s ]
[ sql ] [ SQL ] SHOW COLUMNS FROM `think_news` [ RunTime:0.000492s ]
[ sql ] [ SQL ] SELECT * FROM `think_news` WHERE  `status` = 1 ORDER BY id desc LIMIT 2 [ RunTime:0.000163s ]
[ sql ] [ SQL ] SHOW COLUMNS FROM `think_cust_img` [ RunTime:0.000471s ]
[ sql ] [ SQL ] SELECT * FROM `think_cust_img` WHERE  `is_on` = 1 ORDER BY id desc [ RunTime:0.000132s ]
[ sql ] [ SQL ] SHOW COLUMNS FROM `think_solutions_cate` [ RunTime:0.000499s ]
[ sql ] [ SQL ] SELECT * FROM `think_solutions_cate` WHERE  `is_on` = 1 ORDER BY id desc [ RunTime:0.000131s ]
