---------------------------------------------------------------
[ 2018-02-14T00:50:48+08:00 ] 172.26.33.75 123.125.71.117 GET /
[ info ] www.mo1120.com/ [运行时间：0.032250s][吞吐率：31.01req/s] [内存消耗：2,259.11kb] [文件加载：47]
[ info ] [ LANG ] /www/wwwroot/ent.mo1120.com/thinkphp/lang/zh-cn.php
[ info ] [ ROUTE ] array (
  'type' => 'module',
  'module' => 
  array (
    0 => '',
    1 => NULL,
    2 => NULL,
  ),
)
[ info ] [ HEADER ] array (
  'accept' => '*/*',
  'accept-encoding' => 'gzip',
  'if-none-match' => '"@NULL@"',
  'accept-language' => 'zh-cn,zh-tw',
  'user-agent' => 'Mozilla/5.0 (compatible; Baiduspider/2.0; +http://www.baidu.com/search/spider.html)',
  'connection' => 'close',
  'host' => 'www.mo1120.com',
  'content-type' => '',
  'content-length' => '',
)
[ info ] [ PARAM ] array (
)
[ info ] [ DB ] INIT mysql
[ info ] [ RUN ] app\index\controller\Index->index[ /www/wwwroot/ent.mo1120.com/application/index/controller/Index.php ]
[ info ] [ VIEW ] /www/wwwroot/ent.mo1120.com/public/../application/index/view/index/index.html [ array (
  0 => 'config',
  1 => 'a',
  2 => 'solu_cate ',
  3 => 'cust_img',
  4 => 'news',
  5 => 'img',
  6 => 'customer',
  7 => 'menu',
) ]
[ info ] [ LOG ] INIT File
[ sql ] [ DB ] CONNECT:[ UseTime:0.000342s ] mysql:dbname=tp5;host=127.0.0.1;port=3306;charset=utf8
[ sql ] [ SQL ] SHOW COLUMNS FROM `think_config` [ RunTime:0.000720s ]
[ sql ] [ SQL ] SELECT * FROM `think_config` [ RunTime:0.000149s ]
[ sql ] [ SQL ] SHOW COLUMNS FROM `think_customer` [ RunTime:0.000537s ]
[ sql ] [ SQL ] SELECT * FROM `think_customer` WHERE  `is_on` = 1 [ RunTime:0.000197s ]
[ sql ] [ SQL ] SHOW COLUMNS FROM `think_index_img` [ RunTime:0.000491s ]
[ sql ] [ SQL ] SELECT * FROM `think_index_img` WHERE  `is_on` = 1 [ RunTime:0.000130s ]
[ sql ] [ SQL ] SHOW COLUMNS FROM `think_news` [ RunTime:0.000522s ]
[ sql ] [ SQL ] SELECT * FROM `think_news` WHERE  `status` = 1 ORDER BY id desc LIMIT 2 [ RunTime:0.000149s ]
[ sql ] [ SQL ] SHOW COLUMNS FROM `think_cust_img` [ RunTime:0.000484s ]
[ sql ] [ SQL ] SELECT * FROM `think_cust_img` WHERE  `is_on` = 1 ORDER BY id desc [ RunTime:0.000140s ]
[ sql ] [ SQL ] SHOW COLUMNS FROM `think_solutions_cate` [ RunTime:0.000485s ]
[ sql ] [ SQL ] SELECT * FROM `think_solutions_cate` WHERE  `is_on` = 1 ORDER BY id desc [ RunTime:0.000144s ]
---------------------------------------------------------------
[ 2018-02-14T07:46:20+08:00 ] 172.26.33.75 220.181.108.114 GET /index/about/customer-case.html
[ info ] www.mo1120.com/index/about/customer-case.html [运行时间：0.055230s][吞吐率：18.11req/s] [内存消耗：2,148.42kb] [文件加载：47]
[ info ] [ LANG ] /www/wwwroot/ent.mo1120.com/thinkphp/lang/zh-cn.php
[ info ] [ ROUTE ] array (
  'type' => 'module',
  'module' => 
  array (
    0 => 'index',
    1 => 'about',
    2 => 'customer-case',
  ),
)
[ info ] [ HEADER ] array (
  'accept' => '*/*',
  'accept-language' => 'zh-cn,zh-tw',
  'accept-encoding' => 'gzip',
  'user-agent' => 'Mozilla/5.0 (compatible; Baiduspider/2.0; +http://www.baidu.com/search/spider.html)',
  'connection' => 'close',
  'host' => 'www.mo1120.com',
  'content-type' => '',
  'content-length' => '',
)
[ info ] [ PARAM ] array (
)
[ info ] [ DB ] INIT mysql
[ info ] [ LOG ] INIT File
[ sql ] [ DB ] CONNECT:[ UseTime:0.000333s ] mysql:dbname=tp5;host=127.0.0.1;port=3306;charset=utf8
[ sql ] [ SQL ] SHOW COLUMNS FROM `think_config` [ RunTime:0.000734s ]
[ sql ] [ SQL ] SELECT * FROM `think_config` [ RunTime:0.000163s ]
---------------------------------------------------------------
[ 2018-02-14T07:46:20+08:00 ] 172.26.33.75 220.181.108.114 GET /index/about/customer-case.html
[ info ] www.mo1120.com/index/about/customer-case.html [运行时间：0.013106s][吞吐率：76.30req/s] [内存消耗：969.51kb] [文件加载：28]
[ info ] [ LANG ] /www/wwwroot/ent.mo1120.com/thinkphp/lang/zh-cn.php
[ info ] [ ROUTE ] array (
  'type' => 'module',
  'module' => 
  array (
    0 => '404',
    1 => NULL,
    2 => NULL,
  ),
)
[ info ] [ HEADER ] array (
  'accept' => '*/*',
  'accept-language' => 'zh-cn,zh-tw',
  'accept-encoding' => 'gzip',
  'user-agent' => 'Mozilla/5.0 (compatible; Baiduspider/2.0; +http://www.baidu.com/search/spider.html)',
  'connection' => 'close',
  'host' => 'www.mo1120.com',
  'content-type' => '',
  'content-length' => '',
)
[ info ] [ PARAM ] array (
)
[ info ] [ LOG ] INIT File
---------------------------------------------------------------
[ 2018-02-14T08:53:00+08:00 ] 172.26.33.75 123.125.71.94 GET /
[ info ] www.mo1120.com/ [运行时间：0.039331s][吞吐率：25.43req/s] [内存消耗：2,259.11kb] [文件加载：47]
[ info ] [ LANG ] /www/wwwroot/ent.mo1120.com/thinkphp/lang/zh-cn.php
[ info ] [ ROUTE ] array (
  'type' => 'module',
  'module' => 
  array (
    0 => '',
    1 => NULL,
    2 => NULL,
  ),
)
[ info ] [ HEADER ] array (
  'accept' => '*/*',
  'accept-encoding' => 'gzip',
  'if-none-match' => '"@NULL@"',
  'accept-language' => 'zh-cn,zh-tw',
  'user-agent' => 'Mozilla/5.0 (compatible; Baiduspider/2.0; +http://www.baidu.com/search/spider.html)',
  'connection' => 'close',
  'host' => 'www.mo1120.com',
  'content-type' => '',
  'content-length' => '',
)
[ info ] [ PARAM ] array (
)
[ info ] [ DB ] INIT mysql
[ info ] [ RUN ] app\index\controller\Index->index[ /www/wwwroot/ent.mo1120.com/application/index/controller/Index.php ]
[ info ] [ VIEW ] /www/wwwroot/ent.mo1120.com/public/../application/index/view/index/index.html [ array (
  0 => 'config',
  1 => 'a',
  2 => 'solu_cate ',
  3 => 'cust_img',
  4 => 'news',
  5 => 'img',
  6 => 'customer',
  7 => 'menu',
) ]
[ info ] [ LOG ] INIT File
[ sql ] [ DB ] CONNECT:[ UseTime:0.000350s ] mysql:dbname=tp5;host=127.0.0.1;port=3306;charset=utf8
[ sql ] [ SQL ] SHOW COLUMNS FROM `think_config` [ RunTime:0.000678s ]
[ sql ] [ SQL ] SELECT * FROM `think_config` [ RunTime:0.000164s ]
[ sql ] [ SQL ] SHOW COLUMNS FROM `think_customer` [ RunTime:0.000509s ]
[ sql ] [ SQL ] SELECT * FROM `think_customer` WHERE  `is_on` = 1 [ RunTime:0.000158s ]
[ sql ] [ SQL ] SHOW COLUMNS FROM `think_index_img` [ RunTime:0.000482s ]
[ sql ] [ SQL ] SELECT * FROM `think_index_img` WHERE  `is_on` = 1 [ RunTime:0.000151s ]
[ sql ] [ SQL ] SHOW COLUMNS FROM `think_news` [ RunTime:0.000474s ]
[ sql ] [ SQL ] SELECT * FROM `think_news` WHERE  `status` = 1 ORDER BY id desc LIMIT 2 [ RunTime:0.000169s ]
[ sql ] [ SQL ] SHOW COLUMNS FROM `think_cust_img` [ RunTime:0.000455s ]
[ sql ] [ SQL ] SELECT * FROM `think_cust_img` WHERE  `is_on` = 1 ORDER BY id desc [ RunTime:0.000133s ]
[ sql ] [ SQL ] SHOW COLUMNS FROM `think_solutions_cate` [ RunTime:0.000466s ]
[ sql ] [ SQL ] SELECT * FROM `think_solutions_cate` WHERE  `is_on` = 1 ORDER BY id desc [ RunTime:0.000166s ]
---------------------------------------------------------------
[ 2018-02-14T16:45:07+08:00 ] 172.26.33.75 123.125.71.34 GET /
[ info ] www.mo1120.com/ [运行时间：0.031957s][吞吐率：31.29req/s] [内存消耗：2,259.11kb] [文件加载：47]
[ info ] [ LANG ] /www/wwwroot/ent.mo1120.com/thinkphp/lang/zh-cn.php
[ info ] [ ROUTE ] array (
  'type' => 'module',
  'module' => 
  array (
    0 => '',
    1 => NULL,
    2 => NULL,
  ),
)
[ info ] [ HEADER ] array (
  'accept' => '*/*',
  'accept-encoding' => 'gzip',
  'if-none-match' => '"@NULL@"',
  'accept-language' => 'zh-cn,zh-tw',
  'user-agent' => 'Mozilla/5.0 (compatible; Baiduspider/2.0; +http://www.baidu.com/search/spider.html)',
  'connection' => 'close',
  'host' => 'www.mo1120.com',
  'content-type' => '',
  'content-length' => '',
)
[ info ] [ PARAM ] array (
)
[ info ] [ DB ] INIT mysql
[ info ] [ RUN ] app\index\controller\Index->index[ /www/wwwroot/ent.mo1120.com/application/index/controller/Index.php ]
[ info ] [ VIEW ] /www/wwwroot/ent.mo1120.com/public/../application/index/view/index/index.html [ array (
  0 => 'config',
  1 => 'a',
  2 => 'solu_cate ',
  3 => 'cust_img',
  4 => 'news',
  5 => 'img',
  6 => 'customer',
  7 => 'menu',
) ]
[ info ] [ LOG ] INIT File
[ sql ] [ DB ] CONNECT:[ UseTime:0.000334s ] mysql:dbname=tp5;host=127.0.0.1;port=3306;charset=utf8
[ sql ] [ SQL ] SHOW COLUMNS FROM `think_config` [ RunTime:0.000741s ]
[ sql ] [ SQL ] SELECT * FROM `think_config` [ RunTime:0.000149s ]
[ sql ] [ SQL ] SHOW COLUMNS FROM `think_customer` [ RunTime:0.000519s ]
[ sql ] [ SQL ] SELECT * FROM `think_customer` WHERE  `is_on` = 1 [ RunTime:0.000167s ]
[ sql ] [ SQL ] SHOW COLUMNS FROM `think_index_img` [ RunTime:0.000507s ]
[ sql ] [ SQL ] SELECT * FROM `think_index_img` WHERE  `is_on` = 1 [ RunTime:0.000134s ]
[ sql ] [ SQL ] SHOW COLUMNS FROM `think_news` [ RunTime:0.000603s ]
[ sql ] [ SQL ] SELECT * FROM `think_news` WHERE  `status` = 1 ORDER BY id desc LIMIT 2 [ RunTime:0.000150s ]
[ sql ] [ SQL ] SHOW COLUMNS FROM `think_cust_img` [ RunTime:0.000501s ]
[ sql ] [ SQL ] SELECT * FROM `think_cust_img` WHERE  `is_on` = 1 ORDER BY id desc [ RunTime:0.000141s ]
[ sql ] [ SQL ] SHOW COLUMNS FROM `think_solutions_cate` [ RunTime:0.000493s ]
[ sql ] [ SQL ] SELECT * FROM `think_solutions_cate` WHERE  `is_on` = 1 ORDER BY id desc [ RunTime:0.000165s ]
---------------------------------------------------------------
[ 2018-02-14T22:39:22+08:00 ] 172.26.33.75 39.106.197.192 GET /index/index/index.html
[ info ] www.mo1120.com/index/index/index.html [运行时间：0.015859s][吞吐率：63.06req/s] [内存消耗：966.78kb] [文件加载：28]
[ info ] [ LANG ] /www/wwwroot/ent.mo1120.com/thinkphp/lang/zh-cn.php
[ info ] [ LOG ] INIT File
---------------------------------------------------------------
[ 2018-02-14T22:39:22+08:00 ] 172.26.33.75 39.106.197.192 GET /index/index/index.html
[ info ] www.mo1120.com/index/index/index.html [运行时间：0.012947s][吞吐率：77.24req/s] [内存消耗：969.91kb] [文件加载：28]
[ info ] [ LANG ] /www/wwwroot/ent.mo1120.com/thinkphp/lang/zh-cn.php
[ info ] [ ROUTE ] array (
  'type' => 'module',
  'module' => 
  array (
    0 => '404',
    1 => NULL,
    2 => NULL,
  ),
)
[ info ] [ HEADER ] array (
  'connection' => 'keep-alive',
  'host' => 'www.mo1120.com',
  'referer' => 'http://www.mo1120.com/index/index/index.html',
  'user-agent' => 'Mozilla/5.0 (X11; U; Linux i686 (x86_64); zh-TW; rv:1.8.0.6) Gecko/20060728 Firefox/1.5.0.6',
  'accept-encoding' => 'gzip, deflate',
  'accept' => '*/*',
  'content-type' => '',
  'content-length' => '',
)
[ info ] [ PARAM ] array (
)
[ info ] [ LOG ] INIT File
