---------------------------------------------------------------
[ 2018-02-26T00:49:35+08:00 ] 172.26.33.75 123.125.71.70 GET /
[ info ] www.mo1120.com/ [运行时间：0.031289s][吞吐率：31.96req/s] [内存消耗：2,259.11kb] [文件加载：47]
[ info ] [ LANG ] /www/wwwroot/ent.mo1120.com/thinkphp/lang/zh-cn.php
[ info ] [ ROUTE ] array (
  'type' => 'module',
  'module' => 
  array (
    0 => '',
    1 => NULL,
    2 => NULL,
  ),
)
[ info ] [ HEADER ] array (
  'accept' => '*/*',
  'accept-encoding' => 'gzip',
  'if-none-match' => '"@NULL@"',
  'accept-language' => 'zh-cn,zh-tw',
  'user-agent' => 'Mozilla/5.0 (compatible; Baiduspider/2.0; +http://www.baidu.com/search/spider.html)',
  'connection' => 'close',
  'host' => 'www.mo1120.com',
  'content-type' => '',
  'content-length' => '',
)
[ info ] [ PARAM ] array (
)
[ info ] [ DB ] INIT mysql
[ info ] [ RUN ] app\index\controller\Index->index[ /www/wwwroot/ent.mo1120.com/application/index/controller/Index.php ]
[ info ] [ VIEW ] /www/wwwroot/ent.mo1120.com/public/../application/index/view/index/index.html [ array (
  0 => 'config',
  1 => 'a',
  2 => 'solu_cate ',
  3 => 'cust_img',
  4 => 'news',
  5 => 'img',
  6 => 'customer',
  7 => 'menu',
) ]
[ info ] [ LOG ] INIT File
[ sql ] [ DB ] CONNECT:[ UseTime:0.000307s ] mysql:dbname=tp5;host=127.0.0.1;port=3306;charset=utf8
[ sql ] [ SQL ] SHOW COLUMNS FROM `think_config` [ RunTime:0.000682s ]
[ sql ] [ SQL ] SELECT * FROM `think_config` [ RunTime:0.000171s ]
[ sql ] [ SQL ] SHOW COLUMNS FROM `think_customer` [ RunTime:0.000514s ]
[ sql ] [ SQL ] SELECT * FROM `think_customer` WHERE  `is_on` = 1 [ RunTime:0.000172s ]
[ sql ] [ SQL ] SHOW COLUMNS FROM `think_index_img` [ RunTime:0.000482s ]
[ sql ] [ SQL ] SELECT * FROM `think_index_img` WHERE  `is_on` = 1 [ RunTime:0.000156s ]
[ sql ] [ SQL ] SHOW COLUMNS FROM `think_news` [ RunTime:0.000501s ]
[ sql ] [ SQL ] SELECT * FROM `think_news` WHERE  `status` = 1 ORDER BY id desc LIMIT 2 [ RunTime:0.000148s ]
[ sql ] [ SQL ] SHOW COLUMNS FROM `think_cust_img` [ RunTime:0.000445s ]
[ sql ] [ SQL ] SELECT * FROM `think_cust_img` WHERE  `is_on` = 1 ORDER BY id desc [ RunTime:0.000139s ]
[ sql ] [ SQL ] SHOW COLUMNS FROM `think_solutions_cate` [ RunTime:0.000472s ]
[ sql ] [ SQL ] SELECT * FROM `think_solutions_cate` WHERE  `is_on` = 1 ORDER BY id desc [ RunTime:0.000173s ]
---------------------------------------------------------------
[ 2018-02-26T08:48:59+08:00 ] 172.26.33.75 123.125.71.23 GET /
[ info ] www.mo1120.com/ [运行时间：0.031695s][吞吐率：31.55req/s] [内存消耗：2,259.11kb] [文件加载：47]
[ info ] [ LANG ] /www/wwwroot/ent.mo1120.com/thinkphp/lang/zh-cn.php
[ info ] [ ROUTE ] array (
  'type' => 'module',
  'module' => 
  array (
    0 => '',
    1 => NULL,
    2 => NULL,
  ),
)
[ info ] [ HEADER ] array (
  'accept' => '*/*',
  'accept-encoding' => 'gzip',
  'if-none-match' => '"@NULL@"',
  'accept-language' => 'zh-cn,zh-tw',
  'user-agent' => 'Mozilla/5.0 (compatible; Baiduspider/2.0; +http://www.baidu.com/search/spider.html)',
  'connection' => 'close',
  'host' => 'www.mo1120.com',
  'content-type' => '',
  'content-length' => '',
)
[ info ] [ PARAM ] array (
)
[ info ] [ DB ] INIT mysql
[ info ] [ RUN ] app\index\controller\Index->index[ /www/wwwroot/ent.mo1120.com/application/index/controller/Index.php ]
[ info ] [ VIEW ] /www/wwwroot/ent.mo1120.com/public/../application/index/view/index/index.html [ array (
  0 => 'config',
  1 => 'a',
  2 => 'solu_cate ',
  3 => 'cust_img',
  4 => 'news',
  5 => 'img',
  6 => 'customer',
  7 => 'menu',
) ]
[ info ] [ LOG ] INIT File
[ sql ] [ DB ] CONNECT:[ UseTime:0.000330s ] mysql:dbname=tp5;host=127.0.0.1;port=3306;charset=utf8
[ sql ] [ SQL ] SHOW COLUMNS FROM `think_config` [ RunTime:0.000675s ]
[ sql ] [ SQL ] SELECT * FROM `think_config` [ RunTime:0.000143s ]
[ sql ] [ SQL ] SHOW COLUMNS FROM `think_customer` [ RunTime:0.000509s ]
[ sql ] [ SQL ] SELECT * FROM `think_customer` WHERE  `is_on` = 1 [ RunTime:0.000184s ]
[ sql ] [ SQL ] SHOW COLUMNS FROM `think_index_img` [ RunTime:0.000437s ]
[ sql ] [ SQL ] SELECT * FROM `think_index_img` WHERE  `is_on` = 1 [ RunTime:0.000127s ]
[ sql ] [ SQL ] SHOW COLUMNS FROM `think_news` [ RunTime:0.000478s ]
[ sql ] [ SQL ] SELECT * FROM `think_news` WHERE  `status` = 1 ORDER BY id desc LIMIT 2 [ RunTime:0.000154s ]
[ sql ] [ SQL ] SHOW COLUMNS FROM `think_cust_img` [ RunTime:0.000454s ]
[ sql ] [ SQL ] SELECT * FROM `think_cust_img` WHERE  `is_on` = 1 ORDER BY id desc [ RunTime:0.000133s ]
[ sql ] [ SQL ] SHOW COLUMNS FROM `think_solutions_cate` [ RunTime:0.000465s ]
[ sql ] [ SQL ] SELECT * FROM `think_solutions_cate` WHERE  `is_on` = 1 ORDER BY id desc [ RunTime:0.000134s ]
---------------------------------------------------------------
[ 2018-02-26T16:04:16+08:00 ] 172.26.33.75 202.100.57.40 GET /
[ info ] www.mo1120.com/ [运行时间：0.031644s][吞吐率：31.60req/s] [内存消耗：2,261.47kb] [文件加载：47]
[ info ] [ LANG ] /www/wwwroot/ent.mo1120.com/thinkphp/lang/zh-cn.php
[ info ] [ ROUTE ] array (
  'type' => 'module',
  'module' => 
  array (
    0 => '',
    1 => NULL,
    2 => NULL,
  ),
)
[ info ] [ HEADER ] array (
  'accept-language' => 'zh-CN,zh;q=0.8',
  'accept-encoding' => 'gzip, deflate, sdch',
  'referer' => 'https://www.baidu.com/link?url=bn1d0B74PIg-k1LPGlk2ECkESQ2dKDRBg-odG7mXHQ_&wd=&eqid=a730875b000119c2000000035a93bf7c',
  'user-agent' => 'Mozilla/5.0 (Windows NT 6.1; WOW64) AppleWebKit/537.36 (KHTML, like Gecko) Chrome/49.0.2623.221 Safari/537.36 SE 2.X MetaSr 1.0',
  'upgrade-insecure-requests' => '1',
  'accept' => 'text/html,application/xhtml+xml,application/xml;q=0.9,image/webp,*/*;q=0.8',
  'connection' => 'keep-alive',
  'host' => 'www.mo1120.com',
  'content-type' => '',
  'content-length' => '',
)
[ info ] [ PARAM ] array (
)
[ info ] [ DB ] INIT mysql
[ info ] [ RUN ] app\index\controller\Index->index[ /www/wwwroot/ent.mo1120.com/application/index/controller/Index.php ]
[ info ] [ VIEW ] /www/wwwroot/ent.mo1120.com/public/../application/index/view/index/index.html [ array (
  0 => 'config',
  1 => 'a',
  2 => 'solu_cate ',
  3 => 'cust_img',
  4 => 'news',
  5 => 'img',
  6 => 'customer',
  7 => 'menu',
) ]
[ info ] [ LOG ] INIT File
[ sql ] [ DB ] CONNECT:[ UseTime:0.000304s ] mysql:dbname=tp5;host=127.0.0.1;port=3306;charset=utf8
[ sql ] [ SQL ] SHOW COLUMNS FROM `think_config` [ RunTime:0.000749s ]
[ sql ] [ SQL ] SELECT * FROM `think_config` [ RunTime:0.000141s ]
[ sql ] [ SQL ] SHOW COLUMNS FROM `think_customer` [ RunTime:0.000493s ]
[ sql ] [ SQL ] SELECT * FROM `think_customer` WHERE  `is_on` = 1 [ RunTime:0.000159s ]
[ sql ] [ SQL ] SHOW COLUMNS FROM `think_index_img` [ RunTime:0.000465s ]
[ sql ] [ SQL ] SELECT * FROM `think_index_img` WHERE  `is_on` = 1 [ RunTime:0.000127s ]
[ sql ] [ SQL ] SHOW COLUMNS FROM `think_news` [ RunTime:0.000515s ]
[ sql ] [ SQL ] SELECT * FROM `think_news` WHERE  `status` = 1 ORDER BY id desc LIMIT 2 [ RunTime:0.000147s ]
[ sql ] [ SQL ] SHOW COLUMNS FROM `think_cust_img` [ RunTime:0.000464s ]
[ sql ] [ SQL ] SELECT * FROM `think_cust_img` WHERE  `is_on` = 1 ORDER BY id desc [ RunTime:0.000132s ]
[ sql ] [ SQL ] SHOW COLUMNS FROM `think_solutions_cate` [ RunTime:0.000468s ]
[ sql ] [ SQL ] SELECT * FROM `think_solutions_cate` WHERE  `is_on` = 1 ORDER BY id desc [ RunTime:0.000135s ]
---------------------------------------------------------------
[ 2018-02-26T16:04:45+08:00 ] 172.26.33.75 202.100.57.40 GET /index/about/index.html
[ info ] www.mo1120.com/index/about/index.html [运行时间：0.028102s][吞吐率：35.58req/s] [内存消耗：2,221.27kb] [文件加载：47]
[ info ] [ LANG ] /www/wwwroot/ent.mo1120.com/thinkphp/lang/zh-cn.php
[ info ] [ ROUTE ] array (
  'type' => 'module',
  'module' => 
  array (
    0 => 'index',
    1 => 'about',
    2 => 'index',
  ),
)
[ info ] [ HEADER ] array (
  'accept-language' => 'zh-CN,zh;q=0.8',
  'accept-encoding' => 'gzip, deflate, sdch',
  'referer' => 'http://www.mo1120.com/',
  'user-agent' => 'Mozilla/5.0 (Windows NT 6.1; WOW64) AppleWebKit/537.36 (KHTML, like Gecko) Chrome/49.0.2623.221 Safari/537.36 SE 2.X MetaSr 1.0',
  'upgrade-insecure-requests' => '1',
  'accept' => 'text/html,application/xhtml+xml,application/xml;q=0.9,image/webp,*/*;q=0.8',
  'connection' => 'keep-alive',
  'host' => 'www.mo1120.com',
  'content-type' => '',
  'content-length' => '',
)
[ info ] [ PARAM ] array (
)
[ info ] [ DB ] INIT mysql
[ info ] [ RUN ] app\index\controller\About->index[ /www/wwwroot/ent.mo1120.com/application/index/controller/About.php ]
[ info ] [ VIEW ] /www/wwwroot/ent.mo1120.com/public/../application/index/view/about/index.html [ array (
  0 => 'config',
  1 => 'img',
  2 => 'data',
  3 => 'menu',
) ]
[ info ] [ LOG ] INIT File
[ sql ] [ DB ] CONNECT:[ UseTime:0.000336s ] mysql:dbname=tp5;host=127.0.0.1;port=3306;charset=utf8
[ sql ] [ SQL ] SHOW COLUMNS FROM `think_config` [ RunTime:0.000676s ]
[ sql ] [ SQL ] SELECT * FROM `think_config` [ RunTime:0.000145s ]
[ sql ] [ SQL ] SHOW COLUMNS FROM `think_office` [ RunTime:0.000498s ]
[ sql ] [ SQL ] SELECT * FROM `think_office` WHERE  `status` = 1 [ RunTime:0.000188s ]
[ sql ] [ SQL ] SELECT * FROM `think_office` WHERE  `status` = 0 LIMIT 1 [ RunTime:0.000139s ]
---------------------------------------------------------------
[ 2018-02-26T16:05:16+08:00 ] 172.26.33.75 120.204.17.67 GET /
[ info ] www.mo1120.com/ [运行时间：0.041002s][吞吐率：24.39req/s] [内存消耗：2,258.95kb] [文件加载：47]
[ info ] [ LANG ] /www/wwwroot/ent.mo1120.com/thinkphp/lang/zh-cn.php
[ info ] [ ROUTE ] array (
  'type' => 'module',
  'module' => 
  array (
    0 => '',
    1 => NULL,
    2 => NULL,
  ),
)
[ info ] [ HEADER ] array (
  'connection' => 'keep-alive',
  'host' => 'www.mo1120.com',
  'accept-language' => 'zh-CN,zh;q=0.8,en-US;q=0.6,en;q=0.4',
  'referer' => '00B961302971892453202.100.57.40',
  'accept' => '*/*',
  'user-agent' => 'Mozilla/5.0 (Windows NT 6.1; WOW64) AppleWebKit/537.36 (KHTML, like Gecko) Chrome/53.0.2785.104 Safari/537.36 Core/1.53.2141.400 QQBrowser/9.5.10219.400',
  'content-type' => '',
  'content-length' => '',
)
[ info ] [ PARAM ] array (
)
[ info ] [ DB ] INIT mysql
[ info ] [ RUN ] app\index\controller\Index->index[ /www/wwwroot/ent.mo1120.com/application/index/controller/Index.php ]
[ info ] [ VIEW ] /www/wwwroot/ent.mo1120.com/public/../application/index/view/index/index.html [ array (
  0 => 'config',
  1 => 'a',
  2 => 'solu_cate ',
  3 => 'cust_img',
  4 => 'news',
  5 => 'img',
  6 => 'customer',
  7 => 'menu',
) ]
[ info ] [ LOG ] INIT File
[ sql ] [ DB ] CONNECT:[ UseTime:0.000430s ] mysql:dbname=tp5;host=127.0.0.1;port=3306;charset=utf8
[ sql ] [ SQL ] SHOW COLUMNS FROM `think_config` [ RunTime:0.000951s ]
[ sql ] [ SQL ] SELECT * FROM `think_config` [ RunTime:0.000199s ]
[ sql ] [ SQL ] SHOW COLUMNS FROM `think_customer` [ RunTime:0.000576s ]
[ sql ] [ SQL ] SELECT * FROM `think_customer` WHERE  `is_on` = 1 [ RunTime:0.000192s ]
[ sql ] [ SQL ] SHOW COLUMNS FROM `think_index_img` [ RunTime:0.000482s ]
[ sql ] [ SQL ] SELECT * FROM `think_index_img` WHERE  `is_on` = 1 [ RunTime:0.000125s ]
[ sql ] [ SQL ] SHOW COLUMNS FROM `think_news` [ RunTime:0.000605s ]
[ sql ] [ SQL ] SELECT * FROM `think_news` WHERE  `status` = 1 ORDER BY id desc LIMIT 2 [ RunTime:0.000238s ]
[ sql ] [ SQL ] SHOW COLUMNS FROM `think_cust_img` [ RunTime:0.000655s ]
[ sql ] [ SQL ] SELECT * FROM `think_cust_img` WHERE  `is_on` = 1 ORDER BY id desc [ RunTime:0.000190s ]
[ sql ] [ SQL ] SHOW COLUMNS FROM `think_solutions_cate` [ RunTime:0.000698s ]
[ sql ] [ SQL ] SELECT * FROM `think_solutions_cate` WHERE  `is_on` = 1 ORDER BY id desc [ RunTime:0.000216s ]
---------------------------------------------------------------
[ 2018-02-26T16:45:58+08:00 ] 172.26.33.75 220.181.108.178 GET /
[ info ] www.mo1120.com/ [运行时间：0.031516s][吞吐率：31.73req/s] [内存消耗：2,259.11kb] [文件加载：47]
[ info ] [ LANG ] /www/wwwroot/ent.mo1120.com/thinkphp/lang/zh-cn.php
[ info ] [ ROUTE ] array (
  'type' => 'module',
  'module' => 
  array (
    0 => '',
    1 => NULL,
    2 => NULL,
  ),
)
[ info ] [ HEADER ] array (
  'accept' => '*/*',
  'accept-encoding' => 'gzip',
  'if-none-match' => '"@NULL@"',
  'accept-language' => 'zh-cn,zh-tw',
  'user-agent' => 'Mozilla/5.0 (compatible; Baiduspider/2.0; +http://www.baidu.com/search/spider.html)',
  'connection' => 'close',
  'host' => 'www.mo1120.com',
  'content-type' => '',
  'content-length' => '',
)
[ info ] [ PARAM ] array (
)
[ info ] [ DB ] INIT mysql
[ info ] [ RUN ] app\index\controller\Index->index[ /www/wwwroot/ent.mo1120.com/application/index/controller/Index.php ]
[ info ] [ VIEW ] /www/wwwroot/ent.mo1120.com/public/../application/index/view/index/index.html [ array (
  0 => 'config',
  1 => 'a',
  2 => 'solu_cate ',
  3 => 'cust_img',
  4 => 'news',
  5 => 'img',
  6 => 'customer',
  7 => 'menu',
) ]
[ info ] [ LOG ] INIT File
[ sql ] [ DB ] CONNECT:[ UseTime:0.000328s ] mysql:dbname=tp5;host=127.0.0.1;port=3306;charset=utf8
[ sql ] [ SQL ] SHOW COLUMNS FROM `think_config` [ RunTime:0.000705s ]
[ sql ] [ SQL ] SELECT * FROM `think_config` [ RunTime:0.000142s ]
[ sql ] [ SQL ] SHOW COLUMNS FROM `think_customer` [ RunTime:0.000518s ]
[ sql ] [ SQL ] SELECT * FROM `think_customer` WHERE  `is_on` = 1 [ RunTime:0.000182s ]
[ sql ] [ SQL ] SHOW COLUMNS FROM `think_index_img` [ RunTime:0.000480s ]
[ sql ] [ SQL ] SELECT * FROM `think_index_img` WHERE  `is_on` = 1 [ RunTime:0.000125s ]
[ sql ] [ SQL ] SHOW COLUMNS FROM `think_news` [ RunTime:0.000525s ]
[ sql ] [ SQL ] SELECT * FROM `think_news` WHERE  `status` = 1 ORDER BY id desc LIMIT 2 [ RunTime:0.000143s ]
[ sql ] [ SQL ] SHOW COLUMNS FROM `think_cust_img` [ RunTime:0.000488s ]
[ sql ] [ SQL ] SELECT * FROM `think_cust_img` WHERE  `is_on` = 1 ORDER BY id desc [ RunTime:0.000144s ]
[ sql ] [ SQL ] SHOW COLUMNS FROM `think_solutions_cate` [ RunTime:0.000488s ]
[ sql ] [ SQL ] SELECT * FROM `think_solutions_cate` WHERE  `is_on` = 1 ORDER BY id desc [ RunTime:0.000145s ]
