---------------------------------------------------------------
[ 2017-12-06T02:51:20+08:00 ] 172.26.33.75 38.100.21.63 GET /
[ info ] www.mo1120.com/ [运行时间：0.026343s][吞吐率：37.96req/s] [内存消耗：2,257.34kb] [文件加载：47]
[ info ] [ LANG ] /www/wwwroot/ent.mo1120.com/thinkphp/lang/zh-cn.php
[ info ] [ ROUTE ] array (
  'type' => 'module',
  'module' => 
  array (
    0 => '',
    1 => NULL,
    2 => NULL,
  ),
)
[ info ] [ HEADER ] array (
  'user-agent' => 'Mozilla/4.0 (compatible; MSIE 7.0; Windows NT 5.2)',
  'connection' => 'Keep-Alive',
  'host' => 'www.mo1120.com',
  'content-type' => '',
  'content-length' => '',
)
[ info ] [ PARAM ] array (
)
[ info ] [ DB ] INIT mysql
[ info ] [ RUN ] app\index\controller\Index->index[ /www/wwwroot/ent.mo1120.com/application/index/controller/Index.php ]
[ info ] [ VIEW ] /www/wwwroot/ent.mo1120.com/public/../application/index/view/index/index.html [ array (
  0 => 'config',
  1 => 'a',
  2 => 'solu_cate ',
  3 => 'cust_img',
  4 => 'news',
  5 => 'img',
  6 => 'customer',
  7 => 'menu',
) ]
[ info ] [ LOG ] INIT File
[ sql ] [ DB ] CONNECT:[ UseTime:0.000335s ] mysql:dbname=tp5;host=127.0.0.1;port=3306;charset=utf8
[ sql ] [ SQL ] SHOW COLUMNS FROM `think_config` [ RunTime:0.000635s ]
[ sql ] [ SQL ] SELECT * FROM `think_config` [ RunTime:0.000147s ]
[ sql ] [ SQL ] SHOW COLUMNS FROM `think_customer` [ RunTime:0.000460s ]
[ sql ] [ SQL ] SELECT * FROM `think_customer` WHERE  `is_on` = 1 [ RunTime:0.000166s ]
[ sql ] [ SQL ] SHOW COLUMNS FROM `think_index_img` [ RunTime:0.000414s ]
[ sql ] [ SQL ] SELECT * FROM `think_index_img` WHERE  `is_on` = 1 [ RunTime:0.000118s ]
[ sql ] [ SQL ] SHOW COLUMNS FROM `think_news` [ RunTime:0.000453s ]
[ sql ] [ SQL ] SELECT * FROM `think_news` WHERE  `status` = 1 ORDER BY id desc LIMIT 2 [ RunTime:0.000134s ]
[ sql ] [ SQL ] SHOW COLUMNS FROM `think_cust_img` [ RunTime:0.000428s ]
[ sql ] [ SQL ] SELECT * FROM `think_cust_img` WHERE  `is_on` = 1 ORDER BY id desc [ RunTime:0.000124s ]
[ sql ] [ SQL ] SHOW COLUMNS FROM `think_solutions_cate` [ RunTime:0.000477s ]
[ sql ] [ SQL ] SELECT * FROM `think_solutions_cate` WHERE  `is_on` = 1 ORDER BY id desc [ RunTime:0.000125s ]
---------------------------------------------------------------
[ 2017-12-06T02:51:21+08:00 ] 172.26.33.75 38.100.21.63 GET /index/product/index.html
[ info ] www.mo1120.com/index/product/index.html [运行时间：0.052966s][吞吐率：18.88req/s] [内存消耗：2,223.54kb] [文件加载：47]
[ info ] [ LANG ] /www/wwwroot/ent.mo1120.com/thinkphp/lang/zh-cn.php
[ info ] [ ROUTE ] array (
  'type' => 'module',
  'module' => 
  array (
    0 => 'index',
    1 => 'product',
    2 => 'index',
  ),
)
[ info ] [ HEADER ] array (
  'user-agent' => 'Mozilla/4.0 (compatible; MSIE 7.0; Windows NT 5.2)',
  'connection' => 'Keep-Alive',
  'host' => 'www.mo1120.com',
  'content-type' => '',
  'content-length' => '',
)
[ info ] [ PARAM ] array (
)
[ info ] [ DB ] INIT mysql
[ info ] [ RUN ] app\index\controller\Product->index[ /www/wwwroot/ent.mo1120.com/application/index/controller/Product.php ]
[ info ] [ VIEW ] /www/wwwroot/ent.mo1120.com/public/../application/index/view/product/index.html [ array (
  0 => 'config',
  1 => 'data',
  2 => 'menu',
) ]
[ info ] [ LOG ] INIT File
[ sql ] [ DB ] CONNECT:[ UseTime:0.000397s ] mysql:dbname=tp5;host=127.0.0.1;port=3306;charset=utf8
[ sql ] [ SQL ] SHOW COLUMNS FROM `think_config` [ RunTime:0.000921s ]
[ sql ] [ SQL ] SELECT * FROM `think_config` [ RunTime:0.000193s ]
[ sql ] [ SQL ] SHOW COLUMNS FROM `think_product` [ RunTime:0.000718s ]
[ sql ] [ SQL ] SELECT * FROM `think_product` INNER JOIN `think_product_cate` `think_product_cate` ON `think_product`.`cate_id`=`think_product_cate`.`id` WHERE  `think_product`.`is_on` = '1' [ RunTime:0.000267s ]
---------------------------------------------------------------
[ 2017-12-06T02:51:21+08:00 ] 172.26.33.75 38.100.21.63 GET /index/customer/info/id/8.html
[ info ] www.mo1120.com/index/customer/info/id/8.html [运行时间：0.022902s][吞吐率：43.66req/s] [内存消耗：2,217.63kb] [文件加载：47]
[ info ] [ LANG ] /www/wwwroot/ent.mo1120.com/thinkphp/lang/zh-cn.php
[ info ] [ ROUTE ] array (
  'type' => 'module',
  'module' => 
  array (
    0 => 'index',
    1 => 'customer',
    2 => 'info',
  ),
)
[ info ] [ HEADER ] array (
  'user-agent' => 'Mozilla/4.0 (compatible; MSIE 7.0; Windows NT 5.2)',
  'connection' => 'Keep-Alive',
  'host' => 'www.mo1120.com',
  'content-type' => '',
  'content-length' => '',
)
[ info ] [ PARAM ] array (
  'id' => '8',
)
[ info ] [ DB ] INIT mysql
[ info ] [ RUN ] app\index\controller\Customer->info[ /www/wwwroot/ent.mo1120.com/application/index/controller/Customer.php ]
[ info ] [ VIEW ] /www/wwwroot/ent.mo1120.com/public/../application/index/view/customer/info.html [ array (
  0 => 'config',
  1 => 'data',
  2 => 'menu',
) ]
[ info ] [ LOG ] INIT File
[ sql ] [ DB ] CONNECT:[ UseTime:0.000305s ] mysql:dbname=tp5;host=127.0.0.1;port=3306;charset=utf8
[ sql ] [ SQL ] SHOW COLUMNS FROM `think_config` [ RunTime:0.000625s ]
[ sql ] [ SQL ] SELECT * FROM `think_config` [ RunTime:0.000151s ]
[ sql ] [ SQL ] SHOW COLUMNS FROM `think_customer` [ RunTime:0.000459s ]
[ sql ] [ SQL ] SELECT * FROM `think_customer` WHERE  `is_on` = 1  AND `id` = 8 LIMIT 1 [ RunTime:0.000179s ]
---------------------------------------------------------------
[ 2017-12-06T02:51:22+08:00 ] 172.26.33.75 38.100.21.63 GET /index/recruit/index.html
[ info ] www.mo1120.com/index/recruit/index.html [运行时间：0.023508s][吞吐率：42.54req/s] [内存消耗：2,222.50kb] [文件加载：47]
[ info ] [ LANG ] /www/wwwroot/ent.mo1120.com/thinkphp/lang/zh-cn.php
[ info ] [ ROUTE ] array (
  'type' => 'module',
  'module' => 
  array (
    0 => 'index',
    1 => 'recruit',
    2 => 'index',
  ),
)
[ info ] [ HEADER ] array (
  'user-agent' => 'Mozilla/4.0 (compatible; MSIE 7.0; Windows NT 5.2)',
  'connection' => 'Keep-Alive',
  'host' => 'www.mo1120.com',
  'content-type' => '',
  'content-length' => '',
)
[ info ] [ PARAM ] array (
)
[ info ] [ DB ] INIT mysql
[ info ] [ RUN ] app\index\controller\Recruit->index[ /www/wwwroot/ent.mo1120.com/application/index/controller/Recruit.php ]
[ info ] [ VIEW ] /www/wwwroot/ent.mo1120.com/public/../application/index/view/recruit/index.html [ array (
  0 => 'config',
  1 => 'data',
  2 => 'menu',
) ]
[ info ] [ LOG ] INIT File
[ sql ] [ DB ] CONNECT:[ UseTime:0.000323s ] mysql:dbname=tp5;host=127.0.0.1;port=3306;charset=utf8
[ sql ] [ SQL ] SHOW COLUMNS FROM `think_config` [ RunTime:0.000637s ]
[ sql ] [ SQL ] SELECT * FROM `think_config` [ RunTime:0.000163s ]
[ sql ] [ SQL ] SHOW COLUMNS FROM `think_recruit` [ RunTime:0.000470s ]
[ sql ] [ SQL ] SELECT * FROM `think_recruit` WHERE  `status` = 1 ORDER BY id desc [ RunTime:0.000177s ]
---------------------------------------------------------------
[ 2017-12-06T02:51:23+08:00 ] 172.26.33.75 38.100.21.63 GET /index/news/index.html
[ info ] www.mo1120.com/index/news/index.html [运行时间：0.025593s][吞吐率：39.07req/s] [内存消耗：2,291.35kb] [文件加载：50]
[ info ] [ LANG ] /www/wwwroot/ent.mo1120.com/thinkphp/lang/zh-cn.php
[ info ] [ ROUTE ] array (
  'type' => 'module',
  'module' => 
  array (
    0 => 'index',
    1 => 'news',
    2 => 'index',
  ),
)
[ info ] [ HEADER ] array (
  'user-agent' => 'Mozilla/4.0 (compatible; MSIE 7.0; Windows NT 5.2)',
  'connection' => 'Keep-Alive',
  'host' => 'www.mo1120.com',
  'content-type' => '',
  'content-length' => '',
)
[ info ] [ PARAM ] array (
)
[ info ] [ DB ] INIT mysql
[ info ] [ RUN ] app\index\controller\News->index[ /www/wwwroot/ent.mo1120.com/application/index/controller/News.php ]
[ info ] [ VIEW ] /www/wwwroot/ent.mo1120.com/public/../application/index/view/news/index.html [ array (
  0 => 'config',
  1 => 'hot',
  2 => 'data',
  3 => 'menu',
) ]
[ info ] [ LOG ] INIT File
[ sql ] [ DB ] CONNECT:[ UseTime:0.000343s ] mysql:dbname=tp5;host=127.0.0.1;port=3306;charset=utf8
[ sql ] [ SQL ] SHOW COLUMNS FROM `think_config` [ RunTime:0.000641s ]
[ sql ] [ SQL ] SELECT * FROM `think_config` [ RunTime:0.000140s ]
[ sql ] [ SQL ] SHOW COLUMNS FROM `think_news` [ RunTime:0.000515s ]
[ sql ] [ SQL ] SELECT COUNT(*) AS tp_count FROM `think_news` INNER JOIN `think_news_cate` `think_news_cate` ON `think_news`.`cate_id`=`think_news_cate`.`id` WHERE  `think_news`.`status` = 1 LIMIT 1 [ RunTime:0.000145s ]
[ sql ] [ SQL ] SELECT `think_news`.*,`name` FROM `think_news` INNER JOIN `think_news_cate` `think_news_cate` ON `think_news`.`cate_id`=`think_news_cate`.`id` WHERE  `think_news`.`status` = 1 ORDER BY id desc LIMIT 0,6 [ RunTime:0.000156s ]
[ sql ] [ SQL ] SELECT * FROM `think_news` ORDER BY views desc LIMIT 5 [ RunTime:0.000132s ]
---------------------------------------------------------------
[ 2017-12-06T02:51:23+08:00 ] 172.26.33.75 38.100.21.63 GET /index/customer/index.html
[ info ] www.mo1120.com/index/customer/index.html [运行时间：0.024902s][吞吐率：40.16req/s] [内存消耗：2,234.27kb] [文件加载：47]
[ info ] [ LANG ] /www/wwwroot/ent.mo1120.com/thinkphp/lang/zh-cn.php
[ info ] [ ROUTE ] array (
  'type' => 'module',
  'module' => 
  array (
    0 => 'index',
    1 => 'customer',
    2 => 'index',
  ),
)
[ info ] [ HEADER ] array (
  'user-agent' => 'Mozilla/4.0 (compatible; MSIE 7.0; Windows NT 5.2)',
  'connection' => 'Keep-Alive',
  'host' => 'www.mo1120.com',
  'content-type' => '',
  'content-length' => '',
)
[ info ] [ PARAM ] array (
)
[ info ] [ DB ] INIT mysql
[ info ] [ RUN ] app\index\controller\Customer->index[ /www/wwwroot/ent.mo1120.com/application/index/controller/Customer.php ]
[ info ] [ VIEW ] /www/wwwroot/ent.mo1120.com/public/../application/index/view/customer/index.html [ array (
  0 => 'config',
  1 => 'cust_img',
  2 => 'data',
  3 => 'menu',
) ]
[ info ] [ LOG ] INIT File
[ sql ] [ DB ] CONNECT:[ UseTime:0.000332s ] mysql:dbname=tp5;host=127.0.0.1;port=3306;charset=utf8
[ sql ] [ SQL ] SHOW COLUMNS FROM `think_config` [ RunTime:0.000673s ]
[ sql ] [ SQL ] SELECT * FROM `think_config` [ RunTime:0.000149s ]
[ sql ] [ SQL ] SHOW COLUMNS FROM `think_customer` [ RunTime:0.000543s ]
[ sql ] [ SQL ] SELECT * FROM `think_customer` WHERE  `is_on` = 1 [ RunTime:0.000184s ]
[ sql ] [ SQL ] SHOW COLUMNS FROM `think_cust_img` [ RunTime:0.000457s ]
[ sql ] [ SQL ] SELECT * FROM `think_cust_img` WHERE  `is_on` = 1 ORDER BY id desc [ RunTime:0.000134s ]
---------------------------------------------------------------
[ 2017-12-06T02:51:24+08:00 ] 172.26.33.75 38.100.21.63 GET /index/customer/info/id/5.html
[ info ] www.mo1120.com/index/customer/info/id/5.html [运行时间：0.022710s][吞吐率：44.03req/s] [内存消耗：2,220.10kb] [文件加载：47]
[ info ] [ LANG ] /www/wwwroot/ent.mo1120.com/thinkphp/lang/zh-cn.php
[ info ] [ ROUTE ] array (
  'type' => 'module',
  'module' => 
  array (
    0 => 'index',
    1 => 'customer',
    2 => 'info',
  ),
)
[ info ] [ HEADER ] array (
  'user-agent' => 'Mozilla/4.0 (compatible; MSIE 7.0; Windows NT 5.2)',
  'connection' => 'Keep-Alive',
  'host' => 'www.mo1120.com',
  'content-type' => '',
  'content-length' => '',
)
[ info ] [ PARAM ] array (
  'id' => '5',
)
[ info ] [ DB ] INIT mysql
[ info ] [ RUN ] app\index\controller\Customer->info[ /www/wwwroot/ent.mo1120.com/application/index/controller/Customer.php ]
[ info ] [ VIEW ] /www/wwwroot/ent.mo1120.com/public/../application/index/view/customer/info.html [ array (
  0 => 'config',
  1 => 'data',
  2 => 'menu',
) ]
[ info ] [ LOG ] INIT File
[ sql ] [ DB ] CONNECT:[ UseTime:0.000321s ] mysql:dbname=tp5;host=127.0.0.1;port=3306;charset=utf8
[ sql ] [ SQL ] SHOW COLUMNS FROM `think_config` [ RunTime:0.000628s ]
[ sql ] [ SQL ] SELECT * FROM `think_config` [ RunTime:0.000131s ]
[ sql ] [ SQL ] SHOW COLUMNS FROM `think_customer` [ RunTime:0.000478s ]
[ sql ] [ SQL ] SELECT * FROM `think_customer` WHERE  `is_on` = 1  AND `id` = 5 LIMIT 1 [ RunTime:0.000174s ]
---------------------------------------------------------------
[ 2017-12-06T02:51:24+08:00 ] 172.26.33.75 38.100.21.63 GET /index/customer/info/id/11.html
[ info ] www.mo1120.com/index/customer/info/id/11.html [运行时间：0.023759s][吞吐率：42.09req/s] [内存消耗：2,217.63kb] [文件加载：47]
[ info ] [ LANG ] /www/wwwroot/ent.mo1120.com/thinkphp/lang/zh-cn.php
[ info ] [ ROUTE ] array (
  'type' => 'module',
  'module' => 
  array (
    0 => 'index',
    1 => 'customer',
    2 => 'info',
  ),
)
[ info ] [ HEADER ] array (
  'user-agent' => 'Mozilla/4.0 (compatible; MSIE 7.0; Windows NT 5.2)',
  'connection' => 'Keep-Alive',
  'host' => 'www.mo1120.com',
  'content-type' => '',
  'content-length' => '',
)
[ info ] [ PARAM ] array (
  'id' => '11',
)
[ info ] [ DB ] INIT mysql
[ info ] [ RUN ] app\index\controller\Customer->info[ /www/wwwroot/ent.mo1120.com/application/index/controller/Customer.php ]
[ info ] [ VIEW ] /www/wwwroot/ent.mo1120.com/public/../application/index/view/customer/info.html [ array (
  0 => 'config',
  1 => 'data',
  2 => 'menu',
) ]
[ info ] [ LOG ] INIT File
[ sql ] [ DB ] CONNECT:[ UseTime:0.000324s ] mysql:dbname=tp5;host=127.0.0.1;port=3306;charset=utf8
[ sql ] [ SQL ] SHOW COLUMNS FROM `think_config` [ RunTime:0.000639s ]
[ sql ] [ SQL ] SELECT * FROM `think_config` [ RunTime:0.000162s ]
[ sql ] [ SQL ] SHOW COLUMNS FROM `think_customer` [ RunTime:0.000496s ]
[ sql ] [ SQL ] SELECT * FROM `think_customer` WHERE  `is_on` = 1  AND `id` = 11 LIMIT 1 [ RunTime:0.000205s ]
---------------------------------------------------------------
[ 2017-12-06T02:51:26+08:00 ] 172.26.33.75 38.100.21.63 GET /index/server/index.html
[ info ] www.mo1120.com/index/server/index.html [运行时间：0.023722s][吞吐率：42.16req/s] [内存消耗：2,220.50kb] [文件加载：47]
[ info ] [ LANG ] /www/wwwroot/ent.mo1120.com/thinkphp/lang/zh-cn.php
[ info ] [ ROUTE ] array (
  'type' => 'module',
  'module' => 
  array (
    0 => 'index',
    1 => 'server',
    2 => 'index',
  ),
)
[ info ] [ HEADER ] array (
  'user-agent' => 'Mozilla/4.0 (compatible; MSIE 7.0; Windows NT 5.2)',
  'connection' => 'Keep-Alive',
  'host' => 'www.mo1120.com',
  'content-type' => '',
  'content-length' => '',
)
[ info ] [ PARAM ] array (
)
[ info ] [ DB ] INIT mysql
[ info ] [ RUN ] app\index\controller\Server->index[ /www/wwwroot/ent.mo1120.com/application/index/controller/Server.php ]
[ info ] [ VIEW ] /www/wwwroot/ent.mo1120.com/public/../application/index/view/server/index.html [ array (
  0 => 'config',
  1 => 'data',
  2 => 'menu',
) ]
[ info ] [ LOG ] INIT File
[ sql ] [ DB ] CONNECT:[ UseTime:0.000280s ] mysql:dbname=tp5;host=127.0.0.1;port=3306;charset=utf8
[ sql ] [ SQL ] SHOW COLUMNS FROM `think_config` [ RunTime:0.000625s ]
[ sql ] [ SQL ] SELECT * FROM `think_config` [ RunTime:0.000141s ]
[ sql ] [ SQL ] SHOW COLUMNS FROM `think_server` [ RunTime:0.000469s ]
[ sql ] [ SQL ] SELECT * FROM `think_server` WHERE  `is_on` = 1 [ RunTime:0.000157s ]
---------------------------------------------------------------
[ 2017-12-06T05:31:10+08:00 ] 172.26.33.75 202.108.211.56 GET /
[ info ] www.mo1120.com/ [运行时间：0.026452s][吞吐率：37.80req/s] [内存消耗：2,261.30kb] [文件加载：47]
[ info ] [ LANG ] /www/wwwroot/ent.mo1120.com/thinkphp/lang/zh-cn.php
[ info ] [ ROUTE ] array (
  'type' => 'module',
  'module' => 
  array (
    0 => '',
    1 => NULL,
    2 => NULL,
  ),
)
[ info ] [ HEADER ] array (
  'connection' => 'keep-alive',
  'host' => 'www.mo1120.com',
  'upgrade-insecure-requests' => '1',
  'pragma' => 'no-cache',
  'cache-control' => 'no-cache',
  'accept-language' => 'zh-CN,zh;q=0.8,en-US;q=0.6,en;q=0.4',
  'accept-encoding' => 'gzip, deflate, sdch',
  'accept' => 'text/html,application/xhtml+xml,application/xml;q=0.9,image/webp,*/*;q=0.8',
  'user-agent' => 'Mozilla/5.0 (X11; Linux x86_64) AppleWebKit/535.21 (KHTML, like Gecko) Chrome/19.0.1042.0 Safari/535.21',
  'content-type' => '',
  'content-length' => '',
)
[ info ] [ PARAM ] array (
)
[ info ] [ DB ] INIT mysql
[ info ] [ RUN ] app\index\controller\Index->index[ /www/wwwroot/ent.mo1120.com/application/index/controller/Index.php ]
[ info ] [ VIEW ] /www/wwwroot/ent.mo1120.com/public/../application/index/view/index/index.html [ array (
  0 => 'config',
  1 => 'a',
  2 => 'solu_cate ',
  3 => 'cust_img',
  4 => 'news',
  5 => 'img',
  6 => 'customer',
  7 => 'menu',
) ]
[ info ] [ LOG ] INIT File
[ sql ] [ DB ] CONNECT:[ UseTime:0.000333s ] mysql:dbname=tp5;host=127.0.0.1;port=3306;charset=utf8
[ sql ] [ SQL ] SHOW COLUMNS FROM `think_config` [ RunTime:0.000630s ]
[ sql ] [ SQL ] SELECT * FROM `think_config` [ RunTime:0.000159s ]
[ sql ] [ SQL ] SHOW COLUMNS FROM `think_customer` [ RunTime:0.000450s ]
[ sql ] [ SQL ] SELECT * FROM `think_customer` WHERE  `is_on` = 1 [ RunTime:0.000175s ]
[ sql ] [ SQL ] SHOW COLUMNS FROM `think_index_img` [ RunTime:0.000417s ]
[ sql ] [ SQL ] SELECT * FROM `think_index_img` WHERE  `is_on` = 1 [ RunTime:0.000118s ]
[ sql ] [ SQL ] SHOW COLUMNS FROM `think_news` [ RunTime:0.000468s ]
[ sql ] [ SQL ] SELECT * FROM `think_news` WHERE  `status` = 1 ORDER BY id desc LIMIT 2 [ RunTime:0.000134s ]
[ sql ] [ SQL ] SHOW COLUMNS FROM `think_cust_img` [ RunTime:0.000436s ]
[ sql ] [ SQL ] SELECT * FROM `think_cust_img` WHERE  `is_on` = 1 ORDER BY id desc [ RunTime:0.000125s ]
[ sql ] [ SQL ] SHOW COLUMNS FROM `think_solutions_cate` [ RunTime:0.000417s ]
[ sql ] [ SQL ] SELECT * FROM `think_solutions_cate` WHERE  `is_on` = 1 ORDER BY id desc [ RunTime:0.000143s ]
---------------------------------------------------------------
[ 2017-12-06T09:27:01+08:00 ] 172.26.33.75 196.52.43.51 GET /
[ info ] www.mo1120.com/ [运行时间：0.027441s][吞吐率：36.44req/s] [内存消耗：2,256.74kb] [文件加载：47]
[ info ] [ LANG ] /www/wwwroot/ent.mo1120.com/thinkphp/lang/zh-cn.php
[ info ] [ ROUTE ] array (
  'type' => 'module',
  'module' => 
  array (
    0 => '',
    1 => NULL,
    2 => NULL,
  ),
)
[ info ] [ HEADER ] array (
  'host' => 'www.mo1120.com',
  'content-type' => '',
  'content-length' => '',
)
[ info ] [ PARAM ] array (
)
[ info ] [ DB ] INIT mysql
[ info ] [ RUN ] app\index\controller\Index->index[ /www/wwwroot/ent.mo1120.com/application/index/controller/Index.php ]
[ info ] [ VIEW ] /www/wwwroot/ent.mo1120.com/public/../application/index/view/index/index.html [ array (
  0 => 'config',
  1 => 'a',
  2 => 'solu_cate ',
  3 => 'cust_img',
  4 => 'news',
  5 => 'img',
  6 => 'customer',
  7 => 'menu',
) ]
[ info ] [ LOG ] INIT File
[ sql ] [ DB ] CONNECT:[ UseTime:0.000393s ] mysql:dbname=tp5;host=127.0.0.1;port=3306;charset=utf8
[ sql ] [ SQL ] SHOW COLUMNS FROM `think_config` [ RunTime:0.000733s ]
[ sql ] [ SQL ] SELECT * FROM `think_config` [ RunTime:0.000136s ]
[ sql ] [ SQL ] SHOW COLUMNS FROM `think_customer` [ RunTime:0.000544s ]
[ sql ] [ SQL ] SELECT * FROM `think_customer` WHERE  `is_on` = 1 [ RunTime:0.000157s ]
[ sql ] [ SQL ] SHOW COLUMNS FROM `think_index_img` [ RunTime:0.000450s ]
[ sql ] [ SQL ] SELECT * FROM `think_index_img` WHERE  `is_on` = 1 [ RunTime:0.000118s ]
[ sql ] [ SQL ] SHOW COLUMNS FROM `think_news` [ RunTime:0.000458s ]
[ sql ] [ SQL ] SELECT * FROM `think_news` WHERE  `status` = 1 ORDER BY id desc LIMIT 2 [ RunTime:0.000135s ]
[ sql ] [ SQL ] SHOW COLUMNS FROM `think_cust_img` [ RunTime:0.000411s ]
[ sql ] [ SQL ] SELECT * FROM `think_cust_img` WHERE  `is_on` = 1 ORDER BY id desc [ RunTime:0.000143s ]
[ sql ] [ SQL ] SHOW COLUMNS FROM `think_solutions_cate` [ RunTime:0.000419s ]
[ sql ] [ SQL ] SELECT * FROM `think_solutions_cate` WHERE  `is_on` = 1 ORDER BY id desc [ RunTime:0.000170s ]
---------------------------------------------------------------
[ 2017-12-06T14:53:59+08:00 ] 172.26.33.75 47.52.211.86 GET /
[ info ] www.mo1120.com/ [运行时间：0.033551s][吞吐率：29.81req/s] [内存消耗：2,265.52kb] [文件加载：48]
[ info ] [ LANG ] /www/wwwroot/ent.mo1120.com/thinkphp/lang/zh-cn.php
[ info ] [ ROUTE ] array (
  'type' => 'module',
  'module' => 
  array (
    0 => '',
    1 => NULL,
    2 => NULL,
  ),
)
[ info ] [ HEADER ] array (
  'host' => 'www.mo1120.com',
  'content-type' => 'text/html;charset=GBK',
  'cache-control' => 'max-age=0',
  'user-agent' => 'Mozilla/5.0 (Windows NT 6.1; Win64; x64) AppleWebKit/537.36 (KHTML, like Gecko) Chrome/55.0.2883.75',
  'connection' => 'keep-alive',
  'accept-language' => 'zh-CN,zh;q=0.8,en-US;q=0.5,en;q=0.3',
  'x-requested-with' => 'XMLHttpRequest',
  'accept-encoding' => 'gzip, deflate, sdch',
  'accept' => 'text/html,application/xhtml+xml,application/xml;q=0.9,image/webp,*/*;q=0.8',
  'content-length' => '',
)
[ info ] [ PARAM ] array (
)
[ info ] [ DB ] INIT mysql
[ info ] [ RUN ] app\index\controller\Index->index[ /www/wwwroot/ent.mo1120.com/application/index/controller/Index.php ]
[ info ] [ VIEW ] /www/wwwroot/ent.mo1120.com/public/../application/index/view/index/index.html [ array (
  0 => 'config',
  1 => 'a',
  2 => 'solu_cate ',
  3 => 'cust_img',
  4 => 'news',
  5 => 'img',
  6 => 'customer',
  7 => 'menu',
) ]
[ info ] [ LOG ] INIT File
[ sql ] [ DB ] CONNECT:[ UseTime:0.000316s ] mysql:dbname=tp5;host=127.0.0.1;port=3306;charset=utf8
[ sql ] [ SQL ] SHOW COLUMNS FROM `think_config` [ RunTime:0.000655s ]
[ sql ] [ SQL ] SELECT * FROM `think_config` [ RunTime:0.000155s ]
[ sql ] [ SQL ] SHOW COLUMNS FROM `think_customer` [ RunTime:0.000485s ]
[ sql ] [ SQL ] SELECT * FROM `think_customer` WHERE  `is_on` = 1 [ RunTime:0.000170s ]
[ sql ] [ SQL ] SHOW COLUMNS FROM `think_index_img` [ RunTime:0.000452s ]
[ sql ] [ SQL ] SELECT * FROM `think_index_img` WHERE  `is_on` = 1 [ RunTime:0.000122s ]
[ sql ] [ SQL ] SHOW COLUMNS FROM `think_news` [ RunTime:0.000475s ]
[ sql ] [ SQL ] SELECT * FROM `think_news` WHERE  `status` = 1 ORDER BY id desc LIMIT 2 [ RunTime:0.000139s ]
[ sql ] [ SQL ] SHOW COLUMNS FROM `think_cust_img` [ RunTime:0.000440s ]
[ sql ] [ SQL ] SELECT * FROM `think_cust_img` WHERE  `is_on` = 1 ORDER BY id desc [ RunTime:0.000135s ]
[ sql ] [ SQL ] SHOW COLUMNS FROM `think_solutions_cate` [ RunTime:0.000448s ]
[ sql ] [ SQL ] SELECT * FROM `think_solutions_cate` WHERE  `is_on` = 1 ORDER BY id desc [ RunTime:0.000129s ]
---------------------------------------------------------------
[ 2017-12-06T14:53:59+08:00 ] 172.26.33.75 47.52.211.86 GET /
[ info ] www.mo1120.com/ [运行时间：0.037704s][吞吐率：26.52req/s] [内存消耗：2,265.52kb] [文件加载：48]
[ info ] [ LANG ] /www/wwwroot/ent.mo1120.com/thinkphp/lang/zh-cn.php
[ info ] [ ROUTE ] array (
  'type' => 'module',
  'module' => 
  array (
    0 => '',
    1 => NULL,
    2 => NULL,
  ),
)
[ info ] [ HEADER ] array (
  'host' => 'www.mo1120.com',
  'content-type' => 'text/html;charset=UTF-8',
  'cache-control' => 'max-age=0',
  'user-agent' => 'Mozilla/5.0 (Windows NT 6.1; Win64; x64) AppleWebKit/537.36 (KHTML, like Gecko) Chrome/55.0.2883.75',
  'connection' => 'keep-alive',
  'accept-language' => 'zh-CN,zh;q=0.8,en-US;q=0.5,en;q=0.3',
  'x-requested-with' => 'XMLHttpRequest',
  'accept-encoding' => 'gzip, deflate, sdch',
  'accept' => 'text/html,application/xhtml+xml,application/xml;q=0.9,image/webp,*/*;q=0.8',
  'content-length' => '',
)
[ info ] [ PARAM ] array (
)
[ info ] [ DB ] INIT mysql
[ info ] [ RUN ] app\index\controller\Index->index[ /www/wwwroot/ent.mo1120.com/application/index/controller/Index.php ]
[ info ] [ VIEW ] /www/wwwroot/ent.mo1120.com/public/../application/index/view/index/index.html [ array (
  0 => 'config',
  1 => 'a',
  2 => 'solu_cate ',
  3 => 'cust_img',
  4 => 'news',
  5 => 'img',
  6 => 'customer',
  7 => 'menu',
) ]
[ info ] [ LOG ] INIT File
[ sql ] [ DB ] CONNECT:[ UseTime:0.000403s ] mysql:dbname=tp5;host=127.0.0.1;port=3306;charset=utf8
[ sql ] [ SQL ] SHOW COLUMNS FROM `think_config` [ RunTime:0.000889s ]
[ sql ] [ SQL ] SELECT * FROM `think_config` [ RunTime:0.000216s ]
[ sql ] [ SQL ] SHOW COLUMNS FROM `think_customer` [ RunTime:0.000659s ]
[ sql ] [ SQL ] SELECT * FROM `think_customer` WHERE  `is_on` = 1 [ RunTime:0.000218s ]
[ sql ] [ SQL ] SHOW COLUMNS FROM `think_index_img` [ RunTime:0.000606s ]
[ sql ] [ SQL ] SELECT * FROM `think_index_img` WHERE  `is_on` = 1 [ RunTime:0.000167s ]
[ sql ] [ SQL ] SHOW COLUMNS FROM `think_news` [ RunTime:0.000657s ]
[ sql ] [ SQL ] SELECT * FROM `think_news` WHERE  `status` = 1 ORDER BY id desc LIMIT 2 [ RunTime:0.000188s ]
[ sql ] [ SQL ] SHOW COLUMNS FROM `think_cust_img` [ RunTime:0.000614s ]
[ sql ] [ SQL ] SELECT * FROM `think_cust_img` WHERE  `is_on` = 1 ORDER BY id desc [ RunTime:0.000206s ]
[ sql ] [ SQL ] SHOW COLUMNS FROM `think_solutions_cate` [ RunTime:0.000633s ]
[ sql ] [ SQL ] SELECT * FROM `think_solutions_cate` WHERE  `is_on` = 1 ORDER BY id desc [ RunTime:0.000201s ]
---------------------------------------------------------------
[ 2017-12-06T16:35:47+08:00 ] 172.26.33.75 123.125.71.69 GET /
[ info ] www.mo1120.com/ [运行时间：0.026990s][吞吐率：37.05req/s] [内存消耗：2,259.11kb] [文件加载：47]
[ info ] [ LANG ] /www/wwwroot/ent.mo1120.com/thinkphp/lang/zh-cn.php
[ info ] [ ROUTE ] array (
  'type' => 'module',
  'module' => 
  array (
    0 => '',
    1 => NULL,
    2 => NULL,
  ),
)
[ info ] [ HEADER ] array (
  'accept' => '*/*',
  'accept-encoding' => 'gzip',
  'if-none-match' => '"@NULL@"',
  'accept-language' => 'zh-cn,zh-tw',
  'user-agent' => 'Mozilla/5.0 (compatible; Baiduspider/2.0; +http://www.baidu.com/search/spider.html)',
  'connection' => 'close',
  'host' => 'www.mo1120.com',
  'content-type' => '',
  'content-length' => '',
)
[ info ] [ PARAM ] array (
)
[ info ] [ DB ] INIT mysql
[ info ] [ RUN ] app\index\controller\Index->index[ /www/wwwroot/ent.mo1120.com/application/index/controller/Index.php ]
[ info ] [ VIEW ] /www/wwwroot/ent.mo1120.com/public/../application/index/view/index/index.html [ array (
  0 => 'config',
  1 => 'a',
  2 => 'solu_cate ',
  3 => 'cust_img',
  4 => 'news',
  5 => 'img',
  6 => 'customer',
  7 => 'menu',
) ]
[ info ] [ LOG ] INIT File
[ sql ] [ DB ] CONNECT:[ UseTime:0.000319s ] mysql:dbname=tp5;host=127.0.0.1;port=3306;charset=utf8
[ sql ] [ SQL ] SHOW COLUMNS FROM `think_config` [ RunTime:0.000648s ]
[ sql ] [ SQL ] SELECT * FROM `think_config` [ RunTime:0.000154s ]
[ sql ] [ SQL ] SHOW COLUMNS FROM `think_customer` [ RunTime:0.000478s ]
[ sql ] [ SQL ] SELECT * FROM `think_customer` WHERE  `is_on` = 1 [ RunTime:0.000172s ]
[ sql ] [ SQL ] SHOW COLUMNS FROM `think_index_img` [ RunTime:0.000439s ]
[ sql ] [ SQL ] SELECT * FROM `think_index_img` WHERE  `is_on` = 1 [ RunTime:0.000122s ]
[ sql ] [ SQL ] SHOW COLUMNS FROM `think_news` [ RunTime:0.000478s ]
[ sql ] [ SQL ] SELECT * FROM `think_news` WHERE  `status` = 1 ORDER BY id desc LIMIT 2 [ RunTime:0.000137s ]
[ sql ] [ SQL ] SHOW COLUMNS FROM `think_cust_img` [ RunTime:0.000440s ]
[ sql ] [ SQL ] SELECT * FROM `think_cust_img` WHERE  `is_on` = 1 ORDER BY id desc [ RunTime:0.000138s ]
[ sql ] [ SQL ] SHOW COLUMNS FROM `think_solutions_cate` [ RunTime:0.000431s ]
[ sql ] [ SQL ] SELECT * FROM `think_solutions_cate` WHERE  `is_on` = 1 ORDER BY id desc [ RunTime:0.000130s ]
---------------------------------------------------------------
[ 2017-12-06T17:09:07+08:00 ] 172.26.33.75 220.181.108.101 GET /index/news/index.html
[ info ] www.mo1120.com/index/news/index.html [运行时间：0.101586s][吞吐率：9.84req/s] [内存消耗：2,292.35kb] [文件加载：50]
[ info ] [ LANG ] /www/wwwroot/ent.mo1120.com/thinkphp/lang/zh-cn.php
[ info ] [ ROUTE ] array (
  'type' => 'module',
  'module' => 
  array (
    0 => 'index',
    1 => 'news',
    2 => 'index',
  ),
)
[ info ] [ HEADER ] array (
  'accept' => '*/*',
  'accept-language' => 'zh-cn,zh-tw',
  'accept-encoding' => 'gzip',
  'user-agent' => 'Mozilla/5.0 (compatible; Baiduspider/2.0; +http://www.baidu.com/search/spider.html)',
  'connection' => 'close',
  'host' => 'www.mo1120.com',
  'content-type' => '',
  'content-length' => '',
)
[ info ] [ PARAM ] array (
)
[ info ] [ DB ] INIT mysql
[ info ] [ RUN ] app\index\controller\News->index[ /www/wwwroot/ent.mo1120.com/application/index/controller/News.php ]
[ info ] [ VIEW ] /www/wwwroot/ent.mo1120.com/public/../application/index/view/news/index.html [ array (
  0 => 'config',
  1 => 'hot',
  2 => 'data',
  3 => 'menu',
) ]
[ info ] [ LOG ] INIT File
[ sql ] [ DB ] CONNECT:[ UseTime:0.000373s ] mysql:dbname=tp5;host=127.0.0.1;port=3306;charset=utf8
[ sql ] [ SQL ] SHOW COLUMNS FROM `think_config` [ RunTime:0.000727s ]
[ sql ] [ SQL ] SELECT * FROM `think_config` [ RunTime:0.000157s ]
[ sql ] [ SQL ] SHOW COLUMNS FROM `think_news` [ RunTime:0.000938s ]
[ sql ] [ SQL ] SELECT COUNT(*) AS tp_count FROM `think_news` INNER JOIN `think_news_cate` `think_news_cate` ON `think_news`.`cate_id`=`think_news_cate`.`id` WHERE  `think_news`.`status` = 1 LIMIT 1 [ RunTime:0.000207s ]
[ sql ] [ SQL ] SELECT `think_news`.*,`name` FROM `think_news` INNER JOIN `think_news_cate` `think_news_cate` ON `think_news`.`cate_id`=`think_news_cate`.`id` WHERE  `think_news`.`status` = 1 ORDER BY id desc LIMIT 0,6 [ RunTime:0.000220s ]
[ sql ] [ SQL ] SELECT * FROM `think_news` ORDER BY views desc LIMIT 5 [ RunTime:0.000193s ]
---------------------------------------------------------------
[ 2017-12-06T17:09:07+08:00 ] 172.26.33.75 220.181.108.158 GET /index/news/
[ info ] www.mo1120.com/index/news/ [运行时间：0.026508s][吞吐率：37.72req/s] [内存消耗：2,291.50kb] [文件加载：50]
[ info ] [ LANG ] /www/wwwroot/ent.mo1120.com/thinkphp/lang/zh-cn.php
[ info ] [ ROUTE ] array (
  'type' => 'module',
  'module' => 
  array (
    0 => 'index',
    1 => 'news',
    2 => NULL,
  ),
)
[ info ] [ HEADER ] array (
  'accept-encoding' => 'gzip',
  'user-agent' => 'Mozilla/5.0 (compatible; Baiduspider/2.0; +http://www.baidu.com/search/spider.html)',
  'accept-language' => 'zh-cn,zh-tw',
  'connection' => 'close',
  'host' => 'www.mo1120.com',
  'content-type' => '',
  'content-length' => '',
)
[ info ] [ PARAM ] array (
)
[ info ] [ DB ] INIT mysql
[ info ] [ RUN ] app\index\controller\News->index[ /www/wwwroot/ent.mo1120.com/application/index/controller/News.php ]
[ info ] [ VIEW ] /www/wwwroot/ent.mo1120.com/public/../application/index/view/news/index.html [ array (
  0 => 'config',
  1 => 'hot',
  2 => 'data',
  3 => 'menu',
) ]
[ info ] [ LOG ] INIT File
[ sql ] [ DB ] CONNECT:[ UseTime:0.000330s ] mysql:dbname=tp5;host=127.0.0.1;port=3306;charset=utf8
[ sql ] [ SQL ] SHOW COLUMNS FROM `think_config` [ RunTime:0.000664s ]
[ sql ] [ SQL ] SELECT * FROM `think_config` [ RunTime:0.000143s ]
[ sql ] [ SQL ] SHOW COLUMNS FROM `think_news` [ RunTime:0.000528s ]
[ sql ] [ SQL ] SELECT COUNT(*) AS tp_count FROM `think_news` INNER JOIN `think_news_cate` `think_news_cate` ON `think_news`.`cate_id`=`think_news_cate`.`id` WHERE  `think_news`.`status` = 1 LIMIT 1 [ RunTime:0.000147s ]
[ sql ] [ SQL ] SELECT `think_news`.*,`name` FROM `think_news` INNER JOIN `think_news_cate` `think_news_cate` ON `think_news`.`cate_id`=`think_news_cate`.`id` WHERE  `think_news`.`status` = 1 ORDER BY id desc LIMIT 0,6 [ RunTime:0.000157s ]
[ sql ] [ SQL ] SELECT * FROM `think_news` ORDER BY views desc LIMIT 5 [ RunTime:0.000138s ]
---------------------------------------------------------------
[ 2017-12-06T21:57:11+08:00 ] 172.26.33.75 123.125.71.58 GET /index/server/index.html
[ info ] www.mo1120.com/index/server/index.html [运行时间：0.130157s][吞吐率：7.68req/s] [内存消耗：2,221.50kb] [文件加载：47]
[ info ] [ LANG ] /www/wwwroot/ent.mo1120.com/thinkphp/lang/zh-cn.php
[ info ] [ ROUTE ] array (
  'type' => 'module',
  'module' => 
  array (
    0 => 'index',
    1 => 'server',
    2 => 'index',
  ),
)
[ info ] [ HEADER ] array (
  'accept' => '*/*',
  'accept-language' => 'zh-cn,zh-tw',
  'accept-encoding' => 'gzip',
  'user-agent' => 'Mozilla/5.0 (compatible; Baiduspider/2.0; +http://www.baidu.com/search/spider.html)',
  'connection' => 'close',
  'host' => 'www.mo1120.com',
  'content-type' => '',
  'content-length' => '',
)
[ info ] [ PARAM ] array (
)
[ info ] [ DB ] INIT mysql
[ info ] [ RUN ] app\index\controller\Server->index[ /www/wwwroot/ent.mo1120.com/application/index/controller/Server.php ]
[ info ] [ VIEW ] /www/wwwroot/ent.mo1120.com/public/../application/index/view/server/index.html [ array (
  0 => 'config',
  1 => 'data',
  2 => 'menu',
) ]
[ info ] [ LOG ] INIT File
[ sql ] [ DB ] CONNECT:[ UseTime:0.000341s ] mysql:dbname=tp5;host=127.0.0.1;port=3306;charset=utf8
[ sql ] [ SQL ] SHOW COLUMNS FROM `think_config` [ RunTime:0.001138s ]
[ sql ] [ SQL ] SELECT * FROM `think_config` [ RunTime:0.000167s ]
[ sql ] [ SQL ] SHOW COLUMNS FROM `think_server` [ RunTime:0.000730s ]
[ sql ] [ SQL ] SELECT * FROM `think_server` WHERE  `is_on` = 1 [ RunTime:0.000153s ]
---------------------------------------------------------------
[ 2017-12-06T21:57:11+08:00 ] 172.26.33.75 123.125.71.113 GET /index/server/
[ info ] www.mo1120.com/index/server/ [运行时间：0.034735s][吞吐率：28.79req/s] [内存消耗：2,220.86kb] [文件加载：47]
[ info ] [ LANG ] /www/wwwroot/ent.mo1120.com/thinkphp/lang/zh-cn.php
[ info ] [ ROUTE ] array (
  'type' => 'module',
  'module' => 
  array (
    0 => 'index',
    1 => 'server',
    2 => NULL,
  ),
)
[ info ] [ HEADER ] array (
  'accept-encoding' => 'gzip',
  'user-agent' => 'Mozilla/5.0 (compatible; Baiduspider/2.0; +http://www.baidu.com/search/spider.html)',
  'accept-language' => 'zh-cn,zh-tw',
  'connection' => 'close',
  'host' => 'www.mo1120.com',
  'content-type' => '',
  'content-length' => '',
)
[ info ] [ PARAM ] array (
)
[ info ] [ DB ] INIT mysql
[ info ] [ RUN ] app\index\controller\Server->index[ /www/wwwroot/ent.mo1120.com/application/index/controller/Server.php ]
[ info ] [ VIEW ] /www/wwwroot/ent.mo1120.com/public/../application/index/view/server/index.html [ array (
  0 => 'config',
  1 => 'data',
  2 => 'menu',
) ]
[ info ] [ LOG ] INIT File
[ sql ] [ DB ] CONNECT:[ UseTime:0.000346s ] mysql:dbname=tp5;host=127.0.0.1;port=3306;charset=utf8
[ sql ] [ SQL ] SHOW COLUMNS FROM `think_config` [ RunTime:0.000900s ]
[ sql ] [ SQL ] SELECT * FROM `think_config` [ RunTime:0.000233s ]
[ sql ] [ SQL ] SHOW COLUMNS FROM `think_server` [ RunTime:0.000735s ]
[ sql ] [ SQL ] SELECT * FROM `think_server` WHERE  `is_on` = 1 [ RunTime:0.000239s ]
